2019-10-01 00:00:13,1208.42
2019-10-01 00:05:06,1208.44,245.73,0.02
2019-10-01 00:10:17,1208.46,231.51,0.04
2019-10-01 00:15:05,1208.47,125.00,0.05
2019-10-01 00:20:11,1208.49,235.29,0.0699999999999
2019-10-01 00:25:09,1208.51,241.61,0.0899999999999
2019-10-01 00:30:07,1208.53,241.61,0.11
2019-10-01 00:35:13,1208.56,352.94,0.14
2019-10-01 00:40:04,1208.58,247.42,0.16
2019-10-01 00:45:07,1208.60,237.62,0.18
2019-10-01 00:50:05,1208.61,120.81,0.19
2019-10-01 00:55:05,1208.63,240.00,0.21
2019-10-01 01:00:09,1208.65,236.84,0.23
2019-10-01 01:05:06,1208.66,121.21,0.24
2019-10-01 01:10:08,1208.68,238.41,0.26
2019-10-01 01:15:06,1208.70,241.61,0.28
2019-10-01 01:20:20,1208.73,343.95,0.31
2019-10-01 01:25:07,1208.75,250.87,0.33
2019-10-01 01:30:07,1208.76,120.00,0.34
2019-10-01 01:35:06,1208.78,240.80,0.36
2019-10-01 01:40:04,1208.80,241.61,0.38
2019-10-01 01:45:11,1208.81,117.26,0.39
2019-10-01 01:50:09,1208.83,240.80,0.41
2019-10-01 01:55:05,1208.86,364.86,0.44
2019-10-01 02:00:14,1208.88,233.01,0.46
2019-10-01 02:05:07,1208.90,244.90,0.48
2019-10-01 02:10:07,1208.91,120.00,0.49
2019-10-01 02:15:06,1208.93,240.80,0.51
2019-10-01 02:20:05,1208.94,120.40,0.52
2019-10-01 02:25:10,1208.96,236.07,0.54
2019-10-01 02:30:05,1208.99,366.10,0.57
2019-10-01 02:35:06,1209.01,239.20,0.59
2019-10-01 02:40:19,1209.04,345.05,0.62
2019-10-01 02:45:08,1209.06,249.13,0.64
2019-10-01 02:50:06,1209.07,120.81,0.65
2019-10-01 02:55:21,1209.09,228.57,0.67
2019-10-01 03:00:07,1209.10,125.87,0.68
2019-10-01 03:05:05,1209.12,241.61,0.7
2019-10-01 03:10:17,1209.14,230.77,0.72
2019-10-01 03:15:08,1209.16,247.42,0.74
2019-10-01 03:20:05,1209.18,242.42,0.76
2019-10-01 03:25:19,1209.20,229.30,0.78
2019-10-01 03:30:09,1209.22,248.28,0.8
2019-10-01 03:35:08,1209.24,240.80,0.82
2019-10-01 03:40:06,1209.25,120.81,0.83
2019-10-01 03:45:05,1209.27,240.80,0.85
2019-10-01 03:50:10,1209.29,235.29,0.87
2019-10-01 03:55:04,1209.31,244.90,0.89
2019-10-01 04:00:06,1209.33,238.41,0.91
2019-10-01 04:05:20,1209.35,229.30,0.93
2019-10-01 04:10:07,1209.37,250.87,0.95
2019-10-01 04:15:06,1209.38,120.40,0.96
2019-10-01 04:20:08,1209.40,238.41,0.98
2019-10-01 04:25:06,1209.42,241.61,1.0
2019-10-01 04:30:16,1209.44,232.26,1.02
2019-10-01 04:35:05,1209.47,373.70,1.05
2019-10-01 04:40:04,1209.49,240.00,1.07
2019-10-01 04:45:18,1209.51,229.30,1.09
2019-10-01 04:50:15,1209.53,242.42,1.11
2019-10-01 04:55:04,1209.54,124.57,1.12
2019-10-01 05:00:13,1209.56,233.01,1.14
2019-10-01 05:05:05,1209.58,246.58,1.16
2019-10-01 05:10:04,1209.59,120.00,1.17
2019-10-01 05:15:16,1209.62,346.15,1.2
2019-10-01 05:20:05,1209.64,249.13,1.22
2019-10-01 05:25:05,1209.69,600.00,1.27
2019-10-01 05:30:20,1209.72,342.86,1.3
2019-10-01 05:35:06,1209.74,251.75,1.32
2019-10-01 05:40:07,1209.77,358.80,1.35
2019-10-01 05:45:09,1209.82,596.03,1.4
2019-10-01 05:50:06,1209.86,483.22,1.44
2019-10-01 05:55:16,1209.90,464.52,1.48
2019-10-01 06:00:06,1209.94,496.55,1.52
2019-10-01 06:05:06,1209.98,480.00,1.56
2019-10-01 06:10:05,1210.02,481.61,1.6
2019-10-01 06:15:08,1210.05,356.44,1.63
2019-10-01 06:20:12,1210.09,473.68,1.67
2019-10-01 06:25:11,1210.12,361.20,1.7
2019-10-01 06:30:05,1210.16,489.80,1.74
2019-10-01 06:35:15,1210.21,580.65,1.79
2019-10-01 06:40:07,1210.25,491.47,1.83
2019-10-01 06:45:06,1210.30,602.01,1.88
2019-10-01 06:50:10,1210.34,473.68,1.92
2019-10-01 06:55:08,1210.42,966.44,2.0
2019-10-01 07:00:08,1210.51,1080.00,2.09
2019-10-01 07:05:13,1210.58,826.23,2.16
2019-10-01 07:10:12,1210.64,722.41,2.22
2019-10-01 07:15:04,1210.70,737.20,2.28
2019-10-01 07:20:17,1210.75,575.08,2.33
2019-10-01 07:25:15,1210.86,1324.41,2.44
2019-10-01 07:30:05,1211.02,1986.21,2.6
2019-10-01 07:35:05,1211.08,717.61,2.66
2019-10-01 07:40:06,1211.13,598.01,2.71
2019-10-01 07:45:13,1211.18,586.32,2.76
2019-10-01 07:50:11,1211.22,483.22,2.8
2019-10-01 07:55:06,1211.27,610.17,2.85
2019-10-01 08:00:15,1211.33,699.03,2.91
2019-10-01 08:05:06,1211.43,1237.11,3.01
2019-10-01 08:10:09,1211.51,950.50,3.09
2019-10-01 08:15:07,1211.55,483.22,3.13
2019-10-01 08:20:06,1211.59,481.61,3.17
2019-10-01 08:25:11,1211.63,472.13,3.21
2019-10-01 08:30:08,1211.66,363.64,3.24
2019-10-01 08:35:10,1211.69,357.62,3.27
2019-10-01 08:40:07,1211.72,363.64,3.3
2019-10-01 08:45:05,1211.75,362.42,3.33
2019-10-01 08:50:06,1211.78,357.62,3.36
2019-10-01 08:55:09,1211.80,237.62,3.38
2019-10-01 09:00:05,1211.82,243.24,3.4
2019-10-01 09:05:06,1211.83,119.60,3.41
2019-10-01 09:10:14,1211.84,116.88,3.42
2019-10-01 09:15:08,1211.87,367.35,3.45
2019-10-01 09:20:05,1211.89,242.42,3.47
2019-10-01 09:25:16,1211.90,115.76,3.48
2019-10-01 09:30:04,1211.92,250.00,3.5
2019-10-01 09:35:10,1211.97,588.24,3.55
2019-10-01 09:40:05,1212.03,732.20,3.61
2019-10-01 09:45:06,1212.09,717.61,3.67
2019-10-01 09:50:12,1212.14,588.24,3.72
2019-10-01 09:55:07,1212.18,488.14,3.76
2019-10-01 10:00:06,1212.21,361.20,3.79
2019-10-01 10:05:21,1212.26,569.62,3.84
2019-10-01 10:10:10,1212.31,620.69,3.89
2019-10-01 10:15:08,1212.34,362.42,3.92
2019-10-01 10:20:05,1212.37,363.64,3.95
2019-10-01 10:25:07,1212.40,357.62,3.98
2019-10-01 10:30:05,1212.44,483.22,4.02
2019-10-01 10:35:19,1212.48,458.60,4.06
2019-10-01 10:40:05,1212.52,501.74,4.1
2019-10-01 10:45:06,1212.59,837.21,4.17
2019-10-01 10:50:05,1212.63,481.61,4.21
2019-10-01 10:55:05,1212.66,360.00,4.24
2019-10-01 11:00:11,1212.68,235.29,4.26
2019-10-01 11:05:05,1212.72,489.80,4.3
2019-10-01 11:10:04,1212.74,240.80,4.32
2019-10-01 11:15:13,1212.72,-233.01,4.3
2019-10-01 11:20:06,1212.67,-614.33,4.25
2019-10-01 11:25:06,1212.65,-240.00,4.23
2019-10-01 11:30:22,1212.64,-113.92,4.22
2019-10-01 11:35:05,1212.64,0.00,4.22
2019-10-01 11:40:09,1212.76,1421.05,4.34
2019-10-01 11:45:05,1212.94,2189.19,4.52
2019-10-01 11:50:05,1213.01,840.00,4.59
2019-10-01 11:55:18,1212.93,-920.13,4.51
2019-10-01 12:00:07,1212.91,-249.13,4.49
2019-10-01 12:05:07,1212.94,360.00,4.52
2019-10-01 12:10:21,1213.00,687.90,4.58
2019-10-01 12:15:06,1213.04,505.26,4.62
2019-10-01 12:20:06,1213.14,1200.00,4.72
2019-10-01 12:25:16,1213.17,348.39,4.75
2019-10-01 12:30:07,1213.21,494.85,4.79
2019-10-01 12:35:05,1213.27,724.83,4.85
2019-10-01 12:40:18,1213.32,575.08,4.9
2019-10-01 12:45:08,1213.33,124.14,4.91
2019-10-01 12:50:07,1213.32,-120.40,4.9
2019-10-01 12:55:05,1213.23,-1087.25,4.81
2019-10-01 13:00:08,1213.15,-950.50,4.73
2019-10-01 13:05:09,1213.07,-956.81,4.65
2019-10-01 13:10:04,1213.07,0.00,4.65
2019-10-01 13:15:05,1213.06,-119.60,4.64
2019-10-01 13:20:19,1213.07,114.65,4.65
2019-10-01 13:25:06,1213.11,501.74,4.69
2019-10-01 13:30:05,1213.15,481.61,4.73
2019-10-01 13:35:06,1213.14,-119.60,4.72
2019-10-01 13:40:04,1213.08,-722.41,4.66
2019-10-01 13:45:14,1212.96,-1389.07,4.54
2019-10-01 13:50:05,1212.81,-1849.32,4.39
2019-10-01 13:55:05,1212.67,-1680.00,4.25
2019-10-01 14:00:17,1212.55,-1384.62,4.13
2019-10-01 14:05:10,1212.51,-491.47,4.09
2019-10-01 14:10:06,1212.48,-364.86,4.06
2019-10-01 14:15:12,1212.34,-1647.06,3.92
2019-10-01 14:20:04,1212.23,-1351.54,3.81
2019-10-01 14:25:06,1212.05,-2145.70,3.63
2019-10-01 14:30:15,1211.99,-699.03,3.57
2019-10-01 14:35:04,1211.90,-1121.11,3.48
2019-10-01 14:40:05,1211.77,-1554.82,3.35
2019-10-01 14:45:05,1211.65,-1435.22,3.23
2019-10-01 14:50:05,1211.53,-1440.00,3.11
2019-10-01 14:55:06,1211.48,-598.01,3.06
2019-10-01 15:00:06,1211.45,-360.00,3.03
2019-10-01 15:05:05,1211.42,-361.20,3.0
2019-10-01 15:10:15,1211.40,-232.26,2.98
2019-10-01 15:15:05,1211.40,0.00,2.98
2019-10-01 15:20:05,1211.40,0.00,2.98
2019-10-01 15:25:08,1211.40,0.00,2.98
2019-10-01 15:30:07,1211.39,-120.40,2.97
2019-10-01 15:35:11,1211.40,118.42,2.98
2019-10-01 15:40:06,1211.41,122.03,2.99
2019-10-01 15:45:05,1211.41,0.00,2.99
2019-10-01 15:50:14,1211.41,0.00,2.99
2019-10-01 15:55:06,1211.41,0.00,2.99
2019-10-01 16:00:05,1211.40,-120.40,2.98
2019-10-01 16:05:09,1211.41,118.42,2.99
2019-10-01 16:10:05,1211.40,-121.62,2.98
2019-10-01 16:15:07,1211.41,119.21,2.99
2019-10-01 16:20:12,1211.42,118.03,3.0
2019-10-01 16:25:08,1211.42,0.00,3.0
2019-10-01 16:30:05,1211.42,0.00,3.0
2019-10-01 16:35:16,1211.43,115.76,3.01
2019-10-01 16:40:10,1211.43,0.00,3.01
2019-10-01 16:45:04,1211.43,0.00,3.01
2019-10-01 16:50:18,1211.45,229.30,3.03
2019-10-01 16:55:06,1211.46,125.00,3.04
2019-10-01 17:00:12,1211.47,117.65,3.05
2019-10-01 17:05:08,1211.48,121.62,3.06
2019-10-01 17:10:05,1211.47,-121.21,3.05
2019-10-01 17:15:14,1211.48,116.50,3.06
2019-10-01 17:20:05,1211.47,-123.71,3.05
2019-10-01 17:25:08,1211.47,0.00,3.05
2019-10-01 17:30:06,1211.47,0.00,3.05
2019-10-01 17:35:05,1211.48,120.40,3.06
2019-10-01 17:40:10,1211.49,118.03,3.07
2019-10-01 17:45:07,1211.50,121.21,3.08
2019-10-01 17:50:09,1211.60,1192.05,3.18
2019-10-01 17:55:06,1211.81,2545.45,3.39
2019-10-01 18:00:21,1212.01,2285.71,3.59
2019-10-01 18:05:05,1212.16,1901.41,3.74
2019-10-01 18:10:08,1212.26,1188.12,3.84
2019-10-01 18:15:07,1212.36,1204.01,3.94
2019-10-01 18:20:05,1212.45,1087.25,4.03
2019-10-01 18:25:13,1212.51,701.30,4.09
2019-10-01 18:30:07,1212.56,612.24,4.14
2019-10-01 18:35:06,1212.61,602.01,4.19
2019-10-01 18:40:15,1212.66,582.52,4.24
2019-10-01 18:45:09,1212.72,734.69,4.3
2019-10-01 18:50:09,1212.78,720.00,4.36
2019-10-01 18:55:04,1212.88,1220.34,4.46
2019-10-01 19:00:05,1212.95,837.21,4.53
2019-10-01 19:05:11,1213.12,2000.00,4.7
2019-10-01 19:10:06,1213.24,1464.41,4.82
2019-10-01 19:15:07,1213.35,1315.61,4.93
2019-10-01 19:20:20,1213.46,1265.18,5.04
2019-10-01 19:25:09,1213.51,620.69,5.09
2019-10-01 19:30:07,1213.56,604.03,5.14
2019-10-01 19:35:23,1213.64,911.39,5.22
2019-10-01 19:40:06,1213.72,1017.67,5.3
2019-10-01 19:45:07,1213.76,478.41,5.34
2019-10-01 19:50:18,1213.87,1273.31,5.45
2019-10-01 19:55:09,1213.98,1360.82,5.56
2019-10-01 20:00:06,1214.06,969.70,5.64
2019-10-01 20:05:20,1214.15,1031.85,5.73
2019-10-01 20:10:04,1214.24,1140.85,5.82
2019-10-01 20:15:09,1214.31,826.23,5.89
2019-10-01 20:20:07,1214.38,842.81,5.96
2019-10-01 20:25:04,1214.46,966.44,6.04
2019-10-01 20:30:12,1214.50,467.53,6.08
2019-10-01 20:35:05,1214.55,614.33,6.13
2019-10-01 20:40:05,1214.60,600.00,6.18
2019-10-01 20:45:21,1214.65,569.62,6.23
2019-10-01 20:50:08,1214.69,501.74,6.27
2019-10-01 20:55:08,1214.73,480.00,6.31
2019-10-01 21:00:08,1214.77,478.41,6.35
2019-10-01 21:05:04,1214.81,486.49,6.39
2019-10-01 21:10:17,1214.84,345.05,6.42
2019-10-01 21:15:06,1214.89,622.84,6.47
2019-10-01 21:20:06,1214.93,480.00,6.51
2019-10-01 21:25:19,1214.99,690.10,6.57
2019-10-01 21:30:05,1215.05,755.24,6.63
2019-10-01 21:35:05,1215.10,600.00,6.68
2019-10-01 21:40:14,1215.14,464.52,6.72
2019-10-01 21:45:06,1215.18,493.15,6.76
2019-10-01 21:50:06,1215.22,480.00,6.8
2019-10-01 21:55:17,1215.26,463.02,6.84
2019-10-01 22:00:07,1215.29,372.41,6.87
2019-10-01 22:05:06,1215.32,361.20,6.9
2019-10-01 22:10:04,1215.36,483.22,6.94
2019-10-01 22:15:07,1215.39,355.26,6.97
2019-10-01 22:20:08,1215.43,478.41,7.01
2019-10-01 22:25:08,1215.47,480.00,7.05
2019-10-01 22:30:05,1215.51,484.85,7.09
2019-10-01 22:35:18,1215.54,345.05,7.12
2019-10-01 22:40:05,1215.58,501.74,7.16
2019-10-01 22:45:07,1215.61,357.62,7.19
2019-10-01 22:50:05,1215.65,483.22,7.23
2019-10-01 22:55:05,1215.70,600.00,7.28
2019-10-01 23:00:13,1215.74,466.02,7.32
2019-10-01 23:05:04,1215.78,493.15,7.36
2019-10-01 23:10:06,1215.80,238.41,7.38
2019-10-01 23:15:16,1215.83,348.39,7.41
2019-10-01 23:20:09,1215.85,245.73,7.43
2019-10-01 23:25:05,1215.87,243.24,7.45
2019-10-01 23:30:11,1215.89,235.29,7.47
2019-10-01 23:35:07,1215.92,364.86,7.5
2019-10-01 23:40:05,1215.95,362.42,7.53
2019-10-01 23:45:14,1215.97,233.01,7.55
2019-10-01 23:50:05,1216.00,371.13,7.58
2019-10-01 23:55:06,1216.02,239.20,7.6
2019-10-02 00:00:18,1216.04,230.77,7.62
2019-10-02 00:05:04,1216.06,251.75,7.64
2019-10-02 00:10:05,1216.08,239.20,7.66
2019-10-02 00:15:05,1216.10,240.00,7.68
2019-10-02 00:20:07,1216.12,238.41,7.7
2019-10-02 00:25:15,1216.14,233.77,7.72
2019-10-02 00:30:10,1216.15,122.03,7.73
2019-10-02 00:35:05,1216.18,366.10,7.76
2019-10-02 00:40:17,1216.20,230.77,7.78
2019-10-02 00:45:06,1216.23,373.70,7.81
2019-10-02 00:50:10,1216.24,118.42,7.82
2019-10-02 00:55:08,1216.26,241.61,7.84
2019-10-02 01:00:05,1216.27,121.21,7.85
2019-10-02 01:05:12,1216.29,234.53,7.87
2019-10-02 01:10:05,1216.30,122.87,7.88
2019-10-02 01:15:05,1216.32,240.00,7.9
2019-10-02 01:20:08,1216.34,237.62,7.92
2019-10-02 01:25:06,1216.36,241.61,7.94
2019-10-02 01:30:06,1216.38,240.00,7.96
2019-10-02 01:35:10,1216.39,118.42,7.97
2019-10-02 01:40:07,1216.41,242.42,7.99
2019-10-02 01:45:05,1216.42,120.81,8.0
2019-10-02 01:50:15,1216.44,232.26,8.02
2019-10-02 01:55:09,1216.46,244.07,8.04
2019-10-02 02:00:04,1216.48,244.07,8.06
2019-10-02 02:05:17,1216.50,229.30,8.08
2019-10-02 02:10:05,1216.52,250.00,8.1
2019-10-02 02:15:11,1216.54,235.29,8.12
2019-10-02 02:20:07,1216.56,243.24,8.14
2019-10-02 02:25:04,1216.58,242.42,8.16
2019-10-02 02:30:13,1216.60,233.01,8.18
2019-10-02 02:35:04,1216.62,247.42,8.2
2019-10-02 02:40:07,1216.63,118.81,8.21
2019-10-02 02:45:05,1216.65,241.61,8.23
2019-10-02 02:50:05,1216.66,120.00,8.24
2019-10-02 02:55:09,1216.68,236.84,8.26
2019-10-02 03:00:06,1216.70,242.42,8.28
2019-10-02 03:05:08,1216.72,238.41,8.3
2019-10-02 03:10:05,1216.74,242.42,8.32
2019-10-02 03:15:20,1216.75,114.29,8.33
2019-10-02 03:20:07,1216.77,250.87,8.35
2019-10-02 03:25:07,1216.78,120.00,8.36
2019-10-02 03:30:06,1216.80,240.80,8.38
2019-10-02 03:35:06,1216.82,239.20,8.4
2019-10-02 03:40:12,1216.84,235.29,8.42
2019-10-02 03:45:06,1216.86,244.90,8.44
2019-10-02 03:50:05,1216.89,361.20,8.47
2019-10-02 03:55:14,1216.92,349.51,8.5
2019-10-02 04:00:08,1216.95,367.35,8.53
2019-10-02 04:05:08,1216.99,480.00,8.57
2019-10-02 04:10:06,1217.02,362.42,8.6
2019-10-02 04:15:05,1217.04,240.80,8.62
2019-10-02 04:20:10,1217.07,354.10,8.65
2019-10-02 04:25:05,1217.09,244.07,8.67
2019-10-02 04:30:06,1217.12,358.80,8.7
2019-10-02 04:35:20,1217.15,343.95,8.73
2019-10-02 04:40:08,1217.18,375.00,8.76
2019-10-02 04:45:06,1217.21,362.42,8.79
2019-10-02 04:50:21,1217.24,342.86,8.82
2019-10-02 04:55:05,1217.26,253.52,8.84
2019-10-02 05:00:05,1217.29,358.80,8.87
2019-10-02 05:05:17,1217.32,346.15,8.9
2019-10-02 05:10:08,1217.34,247.42,8.92
2019-10-02 05:15:05,1217.37,363.64,8.95
2019-10-02 05:20:19,1217.40,343.95,8.98
2019-10-02 05:25:09,1217.43,372.41,9.01
2019-10-02 05:30:08,1217.47,481.61,9.05
2019-10-02 05:35:06,1217.54,845.64,9.12
2019-10-02 05:40:05,1217.59,602.01,9.17
2019-10-02 05:45:11,1217.65,705.88,9.23
2019-10-02 05:50:05,1217.70,610.17,9.28
2019-10-02 05:55:04,1217.74,481.61,9.32
2019-10-02 06:00:20,1217.78,455.70,9.36
2019-10-02 06:05:07,1217.81,375.00,9.39
2019-10-02 06:10:07,1217.84,360.00,9.42
2019-10-02 06:15:07,1217.88,478.41,9.46
2019-10-02 06:20:06,1217.90,240.80,9.48
2019-10-02 06:25:16,1217.93,348.39,9.51
2019-10-02 06:30:05,1217.96,373.70,9.54
2019-10-02 06:35:06,1217.99,358.80,9.57
2019-10-02 06:40:18,1218.01,230.77,9.59
2019-10-02 06:45:11,1218.04,368.60,9.62
2019-10-02 06:50:06,1218.06,244.07,9.64
2019-10-02 06:55:14,1218.09,350.65,9.67
2019-10-02 07:00:05,1218.12,371.13,9.7
2019-10-02 07:05:05,1218.18,720.00,9.76
2019-10-02 07:10:16,1218.23,578.78,9.81
2019-10-02 07:15:05,1218.26,372.41,9.84
2019-10-02 07:20:05,1218.29,360.00,9.87
2019-10-02 07:25:20,1218.34,569.62,9.92
2019-10-02 07:30:06,1218.37,376.31,9.95
2019-10-02 07:35:07,1218.42,598.01,10.0
2019-10-02 07:40:07,1218.54,1440.00,10.12
2019-10-02 07:45:07,1218.72,2160.00,10.3
2019-10-02 07:50:17,1218.80,929.03,10.38
2019-10-02 07:55:06,1218.84,498.27,10.42
2019-10-02 08:00:06,1218.91,840.00,10.49
2019-10-02 08:05:05,1218.93,240.80,10.51
2019-10-02 08:10:08,1218.96,356.44,10.54
2019-10-02 08:15:12,1219.01,592.11,10.59
2019-10-02 08:20:07,1219.06,610.17,10.64
2019-10-02 08:25:05,1219.05,-120.81,10.63
2019-10-02 08:30:15,1219.00,-580.65,10.58
2019-10-02 08:35:08,1218.98,-245.73,10.56
2019-10-02 08:40:06,1218.96,-241.61,10.54
2019-10-02 08:45:10,1218.95,-118.42,10.53
2019-10-02 08:50:06,1218.93,-243.24,10.51
2019-10-02 08:55:05,1218.93,0.00,10.51
2019-10-02 09:00:13,1218.94,116.88,10.52
2019-10-02 09:05:04,1218.93,-123.71,10.51
2019-10-02 09:10:05,1218.92,-119.60,10.5
2019-10-02 09:15:17,1218.86,-690.10,10.44
2019-10-02 09:20:12,1218.82,-488.14,10.4
2019-10-02 09:25:05,1218.83,122.87,10.41
2019-10-02 09:30:06,1218.85,239.20,10.43
2019-10-02 09:35:06,1218.86,120.00,10.44
2019-10-02 09:40:13,1218.86,0.00,10.44
2019-10-02 09:45:09,1218.87,121.62,10.45
2019-10-02 09:50:07,1218.87,0.00,10.45
2019-10-02 09:55:06,1218.87,0.00,10.45
2019-10-02 10:00:05,1218.86,-120.40,10.44
2019-10-02 10:05:09,1218.84,-236.84,10.42
2019-10-02 10:10:07,1218.82,-241.61,10.4
2019-10-02 10:15:04,1218.81,-121.21,10.39
2019-10-02 10:20:11,1218.79,-233.77,10.37
2019-10-02 10:25:04,1218.75,-491.47,10.33
2019-10-02 10:30:04,1218.72,-358.80,10.3
2019-10-02 10:35:07,1218.68,-475.25,10.26
2019-10-02 10:40:05,1218.64,-483.22,10.22
2019-10-02 10:45:07,1218.60,-476.82,10.18
2019-10-02 10:50:09,1218.59,-119.21,10.17
2019-10-02 10:55:05,1218.58,-121.21,10.16
2019-10-02 11:00:05,1218.58,0.00,10.16
2019-10-02 11:05:14,1218.57,-116.50,10.15
2019-10-02 11:10:08,1218.55,-244.07,10.13
2019-10-02 11:15:05,1218.52,-363.64,10.1
2019-10-02 11:20:08,1218.49,-356.44,10.07
2019-10-02 11:25:04,1218.46,-364.86,10.04
2019-10-02 11:30:10,1218.44,-235.29,10.02
2019-10-02 11:35:06,1218.42,-243.24,10.0
2019-10-02 11:40:06,1218.40,-240.00,9.98
2019-10-02 11:45:12,1218.37,-351.79,9.95
2019-10-02 11:50:04,1218.34,-369.86,9.92
2019-10-02 11:55:06,1218.31,-357.62,9.89
2019-10-02 12:00:09,1218.28,-356.44,9.86
2019-10-02 12:05:11,1218.28,0.00,9.86
2019-10-02 12:10:08,1218.28,0.00,9.86
2019-10-02 12:15:05,1218.26,-242.42,9.84
2019-10-02 12:20:07,1218.24,-238.41,9.82
2019-10-02 12:25:05,1218.24,0.00,9.82
2019-10-02 12:30:07,1218.23,-119.21,9.81
2019-10-02 12:35:06,1218.23,0.00,9.81
2019-10-02 12:40:06,1218.23,0.00,9.81
2019-10-02 12:45:05,1218.20,-361.20,9.78
2019-10-02 12:50:05,1218.18,-239.20,9.76
2019-10-02 12:55:11,1218.16,-235.29,9.74
2019-10-02 13:00:05,1218.16,0.00,9.74
2019-10-02 13:05:06,1218.16,0.00,9.74
2019-10-02 13:10:05,1218.17,120.40,9.75
2019-10-02 13:15:06,1218.19,238.41,9.77
2019-10-02 13:20:07,1218.20,119.60,9.78
2019-10-02 13:25:05,1218.21,120.81,9.79
2019-10-02 13:30:05,1218.22,120.00,9.8
2019-10-02 13:35:09,1218.21,-118.42,9.79
2019-10-02 13:40:05,1218.21,0.00,9.79
2019-10-02 13:45:05,1218.20,-120.00,9.78
2019-10-02 13:50:18,1218.20,0.00,9.78
2019-10-02 13:55:07,1218.20,0.00,9.78
2019-10-02 14:00:05,1218.20,0.00,9.78
2019-10-02 14:05:20,1218.22,228.57,9.8
2019-10-02 14:10:06,1218.24,251.75,9.82
2019-10-02 14:15:07,1218.23,-119.60,9.81
2019-10-02 14:20:16,1218.20,-349.51,9.78
2019-10-02 14:25:07,1218.20,0.00,9.78
2019-10-02 14:30:05,1218.20,0.00,9.78
2019-10-02 14:35:05,1218.20,0.00,9.78
2019-10-02 14:40:08,1218.21,118.81,9.79
2019-10-02 14:45:07,1218.23,240.80,9.81
2019-10-02 14:50:05,1218.23,0.00,9.81
2019-10-02 14:55:04,1218.24,120.40,9.82
2019-10-02 15:00:10,1218.24,0.00,9.82
2019-10-02 15:05:04,1218.26,244.07,9.84
2019-10-02 15:10:05,1218.28,239.20,9.86
2019-10-02 15:15:19,1218.30,229.30,9.88
2019-10-02 15:20:06,1218.32,250.00,9.9
2019-10-02 15:25:06,1218.34,240.00,9.92
2019-10-02 15:30:06,1218.35,119.60,9.93
2019-10-02 15:35:05,1218.35,0.00,9.93
2019-10-02 15:40:15,1218.36,116.13,9.94
2019-10-02 15:45:06,1218.36,0.00,9.94
2019-10-02 15:50:05,1218.36,0.00,9.94
2019-10-02 15:55:17,1218.37,115.38,9.95
2019-10-02 16:00:10,1218.39,245.73,9.97
2019-10-02 16:05:05,1218.40,122.03,9.98
2019-10-02 16:10:12,1218.41,116.88,9.99
2019-10-02 16:15:05,1218.43,245.73,10.01
2019-10-02 16:20:06,1218.46,358.80,10.04
2019-10-02 16:25:15,1218.48,233.01,10.06
2019-10-02 16:30:05,1218.49,124.14,10.07
2019-10-02 16:35:05,1218.52,360.00,10.1
2019-10-02 16:40:20,1218.55,342.86,10.13
2019-10-02 16:45:05,1218.57,251.75,10.15
2019-10-02 16:50:06,1218.59,239.20,10.17
2019-10-02 16:55:06,1218.61,240.00,10.19
2019-10-02 17:00:06,1218.63,240.00,10.21
2019-10-02 17:05:15,1218.66,349.51,10.24
2019-10-02 17:10:05,1218.67,124.14,10.25
2019-10-02 17:15:05,1218.68,119.60,10.26
2019-10-02 17:20:18,1218.69,115.02,10.27
2019-10-02 17:25:07,1218.69,0.00,10.27
2019-10-02 17:30:12,1218.70,118.03,10.28
2019-10-02 17:35:06,1218.72,244.90,10.3
2019-10-02 17:40:05,1218.73,120.40,10.31
2019-10-02 17:45:14,1218.75,233.01,10.33
2019-10-02 17:50:07,1218.78,368.60,10.36
2019-10-02 17:55:05,1218.80,240.80,10.38
2019-10-02 18:00:09,1218.82,236.84,10.4
2019-10-02 18:05:05,1218.84,243.24,10.42
2019-10-02 18:10:07,1218.85,119.21,10.43
2019-10-02 18:15:12,1218.87,236.07,10.45
2019-10-02 18:20:08,1218.92,608.11,10.5
2019-10-02 18:25:05,1218.95,363.64,10.53
2019-10-02 18:30:16,1218.99,463.02,10.57
2019-10-02 18:35:11,1219.04,610.17,10.62
2019-10-02 18:40:06,1219.14,1220.34,10.72
2019-10-02 18:45:05,1219.23,1083.61,10.81
2019-10-02 18:50:05,1219.31,960.00,10.89
2019-10-02 18:55:12,1219.43,1407.17,11.01
2019-10-02 19:00:08,1219.48,608.11,11.06
2019-10-02 19:05:05,1219.56,966.44,11.14
2019-10-02 19:10:15,1219.67,1277.42,11.25
2019-10-02 19:15:06,1219.74,865.98,11.32
2019-10-02 19:20:08,1219.81,834.44,11.39
2019-10-02 19:25:06,1219.87,724.83,11.45
2019-10-02 19:30:05,1219.91,481.61,11.49
2019-10-02 19:35:10,1219.96,588.24,11.54
2019-10-02 19:40:07,1220.01,604.03,11.59
2019-10-02 19:45:10,1220.05,475.25,11.63
2019-10-02 19:50:06,1220.10,608.11,11.68
2019-10-02 19:55:21,1220.16,685.71,11.74
2019-10-02 20:00:06,1220.21,631.58,11.79
2019-10-02 20:05:08,1220.26,596.03,11.84
2019-10-02 20:10:05,1220.30,484.85,11.88
2019-10-02 20:15:05,1220.34,480.00,11.92
2019-10-02 20:20:13,1220.38,467.53,11.96
2019-10-02 20:25:07,1220.42,488.14,12.0
2019-10-02 20:30:04,1220.46,484.85,12.04
2019-10-02 20:35:15,1220.49,347.27,12.07
2019-10-02 20:40:09,1220.52,367.35,12.1
2019-10-02 20:45:09,1220.56,480.00,12.14
2019-10-02 20:50:05,1220.59,364.86,12.17
2019-10-02 20:55:05,1220.62,358.80,12.2
2019-10-02 21:00:11,1220.69,820.85,12.27
2019-10-02 21:05:07,1220.72,364.86,12.3
2019-10-02 21:10:05,1220.76,483.22,12.34
2019-10-02 21:15:20,1220.81,571.43,12.39
2019-10-02 21:20:10,1220.85,496.55,12.43
2019-10-02 21:25:07,1220.89,484.85,12.47
2019-10-02 21:30:23,1220.93,455.70,12.51
2019-10-02 21:35:06,1220.97,508.83,12.55
2019-10-02 21:40:04,1221.00,361.20,12.58
2019-10-02 21:45:19,1221.04,457.14,12.62
2019-10-02 21:50:05,1221.07,377.62,12.65
2019-10-02 21:55:05,1221.10,360.00,12.68
2019-10-02 22:00:21,1221.14,455.70,12.72
2019-10-02 22:05:04,1221.17,380.28,12.75
2019-10-02 22:10:09,1221.18,117.65,12.76
2019-10-02 22:15:04,1221.20,244.07,12.78
2019-10-02 22:20:07,1221.21,118.81,12.79
2019-10-02 22:25:12,1221.23,236.07,12.81
2019-10-02 22:30:06,1221.24,122.45,12.82
2019-10-02 22:35:06,1221.26,240.00,12.84
2019-10-02 22:40:22,1221.29,341.77,12.87
2019-10-02 22:45:09,1221.31,250.87,12.89
2019-10-02 22:50:08,1221.33,240.80,12.91
2019-10-02 22:55:09,1221.34,119.60,12.92
2019-10-02 23:00:05,1221.36,243.24,12.94
2019-10-02 23:05:17,1221.38,230.77,12.96
2019-10-02 23:10:06,1221.40,248.28,12.98
2019-10-02 23:15:06,1221.42,240.00,13.0
2019-10-02 23:20:19,1221.45,345.05,13.03
2019-10-02 23:25:05,1221.46,125.87,13.04
2019-10-02 23:30:06,1221.48,239.20,13.06
2019-10-02 23:35:15,1221.49,116.50,13.07
2019-10-02 23:40:06,1221.51,247.42,13.09
2019-10-02 23:45:06,1221.52,120.00,13.1
2019-10-02 23:50:17,1221.54,230.77,13.12
2019-10-02 23:55:07,1221.56,248.28,13.14
2019-10-03 00:00:06,1221.59,361.20,13.17
2019-10-03 00:05:05,1221.60,120.40,13.18
2019-10-03 00:10:08,1221.62,237.62,13.2
2019-10-03 00:15:09,1221.63,119.60,13.21
2019-10-03 00:20:08,1221.65,240.80,13.23
2019-10-03 00:25:05,1221.66,121.21,13.24
2019-10-03 00:30:18,1221.68,230.03,13.26
2019-10-03 00:35:05,1221.71,375.00,13.29
2019-10-03 00:40:05,1221.73,240.00,13.31
2019-10-03 00:45:06,1221.75,239.20,13.33
2019-10-03 00:50:06,1221.78,360.00,13.36
2019-10-03 00:55:14,1221.81,350.65,13.39
2019-10-03 01:00:05,1221.84,371.13,13.42
2019-10-03 01:05:07,1221.90,715.23,13.48
2019-10-03 01:10:16,1221.96,699.03,13.54
2019-10-03 01:15:13,1222.02,727.27,13.6
2019-10-03 01:20:05,1222.05,369.86,13.63
2019-10-03 01:25:12,1222.09,469.06,13.67
2019-10-03 01:30:10,1222.12,362.42,13.7
2019-10-03 01:35:05,1222.16,488.14,13.74
2019-10-03 01:40:14,1222.19,349.51,13.77
2019-10-03 01:45:05,1222.22,369.86,13.8
2019-10-03 01:50:04,1222.25,361.20,13.83
2019-10-03 01:55:19,1222.28,342.86,13.86
2019-10-03 02:00:05,1222.30,251.75,13.88
2019-10-03 02:05:05,1222.33,360.00,13.91
2019-10-03 02:10:07,1222.36,357.62,13.94
2019-10-03 02:15:05,1222.40,483.22,13.98
2019-10-03 02:20:15,1222.43,348.39,14.01
2019-10-03 02:25:04,1222.47,498.27,14.05
2019-10-03 02:30:06,1222.49,238.41,14.07
2019-10-03 02:35:17,1222.52,347.27,14.1
2019-10-03 02:40:06,1222.55,373.70,14.13
2019-10-03 02:45:10,1222.57,236.07,14.15
2019-10-03 02:50:09,1222.60,361.20,14.18
2019-10-03 02:55:06,1222.62,242.42,14.2
2019-10-03 03:00:13,1222.64,234.53,14.22
2019-10-03 03:05:10,1222.66,242.42,14.24
2019-10-03 03:10:05,1222.68,244.07,14.26
2019-10-03 03:15:08,1222.69,118.81,14.27
2019-10-03 03:20:04,1222.71,243.24,14.29
2019-10-03 03:25:06,1222.72,119.21,14.3
2019-10-03 03:30:11,1222.74,236.07,14.32
2019-10-03 03:35:10,1222.77,361.20,14.35
2019-10-03 03:40:04,1222.79,244.90,14.37
2019-10-03 03:45:15,1222.80,115.76,14.38
2019-10-03 03:50:13,1222.82,241.61,14.4
2019-10-03 03:55:05,1222.83,123.29,14.41
2019-10-03 04:00:18,1222.85,230.03,14.43
2019-10-03 04:05:06,1222.87,250.00,14.45
2019-10-03 04:10:11,1222.89,235.29,14.47
2019-10-03 04:15:09,1222.92,361.20,14.5
2019-10-03 04:20:05,1222.94,243.24,14.52
2019-10-03 04:25:13,1222.95,116.50,14.53
2019-10-03 04:30:05,1222.97,246.58,14.55
2019-10-03 04:35:07,1222.98,119.21,14.56
2019-10-03 04:40:05,1223.00,240.80,14.58
2019-10-03 04:45:04,1223.01,120.40,14.59
2019-10-03 04:50:09,1223.03,235.29,14.61
2019-10-03 04:55:07,1223.06,362.42,14.64
2019-10-03 05:00:09,1223.07,119.21,14.65
2019-10-03 05:05:05,1223.09,243.24,14.67
2019-10-03 05:10:20,1223.10,113.92,14.68
2019-10-03 05:15:05,1223.12,252.63,14.7
2019-10-03 05:20:07,1223.14,238.41,14.72
2019-10-03 05:25:07,1223.18,480.00,14.76
2019-10-03 05:30:05,1223.22,483.22,14.8
2019-10-03 05:35:12,1223.24,234.53,14.82
2019-10-03 05:40:10,1223.27,362.42,14.85
2019-10-03 05:45:06,1223.31,486.49,14.89
2019-10-03 05:50:14,1223.34,349.51,14.92
2019-10-03 05:55:08,1223.38,489.80,14.96
2019-10-03 06:00:08,1223.42,480.00,15.0
2019-10-03 06:05:06,1223.46,483.22,15.04
2019-10-03 06:10:04,1223.50,481.61,15.08
2019-10-03 06:15:10,1223.55,588.24,15.13
2019-10-03 06:20:06,1223.58,364.86,15.16
2019-10-03 06:25:06,1223.62,480.00,15.2
2019-10-03 06:30:19,1223.65,345.05,15.23
2019-10-03 06:35:09,1223.69,496.55,15.27
2019-10-03 06:40:06,1223.72,363.64,15.3
2019-10-03 06:45:22,1223.76,455.70,15.34
2019-10-03 06:50:05,1223.80,508.83,15.38
2019-10-03 06:55:06,1223.84,478.41,15.42
2019-10-03 07:00:17,1223.88,463.02,15.46
2019-10-03 07:05:08,1223.91,371.13,15.49
2019-10-03 07:10:06,1223.95,483.22,15.53
2019-10-03 07:15:20,1223.98,343.95,15.56
2019-10-03 07:20:09,1224.03,622.84,15.61
2019-10-03 07:25:09,1224.09,720.00,15.67
2019-10-03 07:30:07,1224.20,1328.86,15.78
2019-10-03 07:35:06,1224.28,963.21,15.86
2019-10-03 07:40:11,1224.35,826.23,15.93
2019-10-03 07:45:06,1224.41,732.20,15.99
2019-10-03 07:50:05,1224.45,481.61,16.03
2019-10-03 07:55:20,1224.49,457.14,16.07
2019-10-03 08:00:08,1224.51,250.00,16.09
2019-10-03 08:05:07,1224.54,361.20,16.12
2019-10-03 08:10:09,1224.59,596.03,16.17
2019-10-03 08:15:06,1224.83,2909.09,16.41
2019-10-03 08:20:16,1225.06,2670.97,16.64
2019-10-03 08:25:05,1225.17,1365.52,16.75
2019-10-03 08:30:05,1225.23,720.00,16.81
2019-10-03 08:35:18,1225.28,575.08,16.86
2019-10-03 08:40:16,1225.31,362.42,16.89
2019-10-03 08:45:05,1225.34,373.70,16.92
2019-10-03 08:50:14,1225.39,582.52,16.97
2019-10-03 08:55:05,1225.43,494.85,17.01
2019-10-03 09:00:05,1225.47,480.00,17.05
2019-10-03 09:05:16,1225.49,231.51,17.07
2019-10-03 09:10:06,1225.46,-372.41,17.04
2019-10-03 09:15:05,1225.43,-361.20,17.01
2019-10-03 09:20:22,1225.41,-227.13,16.99
2019-10-03 09:25:07,1225.39,-252.63,16.97
2019-10-03 09:30:08,1225.40,119.60,16.98
2019-10-03 09:35:09,1225.40,0.00,16.98
2019-10-03 09:40:05,1225.43,364.86,17.01
2019-10-03 09:45:17,1225.46,346.15,17.04
2019-10-03 09:50:04,1225.46,0.00,17.04
2019-10-03 09:55:06,1225.45,-119.21,17.03
2019-10-03 10:00:05,1225.47,240.80,17.05
2019-10-03 10:05:08,1225.50,356.44,17.08
2019-10-03 10:10:13,1225.53,354.10,17.11
2019-10-03 10:15:11,1225.42,-1328.86,17.0
2019-10-03 10:20:06,1225.30,-1464.41,16.88
2019-10-03 10:25:15,1225.17,-1514.56,16.75
2019-10-03 10:30:08,1225.02,-1843.00,16.6
2019-10-03 10:35:07,1225.01,-120.40,16.59
2019-10-03 10:40:11,1224.96,-592.11,16.54
2019-10-03 10:45:06,1224.93,-364.86,16.51
2019-10-03 10:50:04,1224.90,-362.42,16.48
2019-10-03 10:55:13,1224.84,-699.03,16.42
2019-10-03 11:00:04,1224.81,-369.86,16.39
2019-10-03 11:05:05,1224.72,-1076.41,16.3
2019-10-03 11:10:18,1224.64,-920.13,16.22
2019-10-03 11:15:12,1224.54,-1220.34,16.12
2019-10-03 11:20:04,1224.35,-2334.47,15.93
2019-10-03 11:25:04,1224.13,-2640.00,15.71
2019-10-03 11:30:06,1223.95,-2145.70,15.53
2019-10-03 11:35:14,1223.88,-818.18,15.46
2019-10-03 11:40:09,1223.55,-4027.12,15.13
2019-10-03 11:45:07,1223.42,-1570.47,15.0
2019-10-03 11:50:16,1223.35,-815.53,14.93
2019-10-03 11:55:05,1223.30,-622.84,14.88
2019-10-03 12:00:10,1223.23,-826.23,14.81
2019-10-03 12:05:04,1223.18,-612.24,14.76
2019-10-03 12:10:05,1223.19,119.60,14.77
2019-10-03 12:15:12,1223.13,-703.58,14.71
2019-10-03 12:20:05,1223.10,-368.60,14.68
2019-10-03 12:25:05,1223.07,-360.00,14.65
2019-10-03 12:30:07,1223.07,0.00,14.65
2019-10-03 12:35:05,1223.07,0.00,14.65
2019-10-03 12:40:05,1223.03,-480.00,14.61
2019-10-03 12:45:10,1222.97,-708.20,14.55
2019-10-03 12:50:06,1222.93,-486.49,14.51
2019-10-03 12:55:05,1222.90,-361.20,14.48
2019-10-03 13:00:14,1222.86,-466.02,14.44
2019-10-03 13:05:09,1222.81,-610.17,14.39
2019-10-03 13:10:05,1222.80,-121.62,14.38
2019-10-03 13:15:17,1222.78,-230.77,14.36
2019-10-03 13:20:05,1222.78,0.00,14.36
2019-10-03 13:25:10,1222.79,117.65,14.37
2019-10-03 13:30:06,1222.78,-121.62,14.36
2019-10-03 13:35:07,1222.76,-239.20,14.34
2019-10-03 13:40:13,1222.69,-823.53,14.27
2019-10-03 13:45:05,1222.63,-739.73,14.21
2019-10-03 13:50:06,1222.54,-1076.41,14.12
2019-10-03 13:55:22,1222.44,-1139.24,14.02
2019-10-03 14:00:11,1222.34,-1245.67,13.92
2019-10-03 14:05:09,1222.24,-1208.05,13.82
2019-10-03 14:10:06,1222.17,-848.48,13.75
2019-10-03 14:15:07,1222.32,1788.08,13.9
2019-10-03 14:20:06,1222.61,3491.64,14.19
2019-10-03 14:25:20,1222.86,2866.24,14.44
2019-10-03 14:30:06,1223.07,2643.36,14.65
2019-10-03 14:35:06,1223.31,2880.00,14.89
2019-10-03 14:40:06,1223.57,3120.00,15.15
2019-10-03 14:45:06,1223.82,3000.00,15.4
2019-10-03 14:50:11,1224.02,2360.66,15.6
2019-10-03 14:55:05,1224.20,2196.61,15.78
2019-10-03 15:00:05,1224.39,2280.00,15.97
2019-10-03 15:05:13,1224.60,2454.55,16.18
2019-10-03 15:10:07,1224.82,2693.88,16.4
2019-10-03 15:15:07,1225.05,2760.00,16.63
2019-10-03 15:20:05,1225.28,2778.52,16.86
2019-10-03 15:25:06,1225.51,2750.83,17.09
2019-10-03 15:30:09,1225.74,2732.67,17.32
2019-10-03 15:35:05,1225.96,2675.68,17.54
2019-10-03 15:40:05,1226.18,2640.00,17.76
2019-10-03 15:45:18,1226.43,2875.40,18.01
2019-10-03 15:50:08,1226.52,1117.24,18.1
2019-10-03 15:55:05,1226.55,363.64,18.13
2019-10-03 16:00:21,1226.80,2848.10,18.38
2019-10-03 16:05:07,1226.89,1132.87,18.47
2019-10-03 16:10:05,1226.93,483.22,18.51
2019-10-03 16:15:16,1226.97,463.02,18.55
2019-10-03 16:20:07,1227.01,493.15,18.59
2019-10-03 16:25:05,1227.27,3140.94,18.85
2019-10-03 16:30:19,1227.50,2636.94,19.08
2019-10-03 16:35:08,1227.68,2242.21,19.26
2019-10-03 16:40:08,1227.82,1680.00,19.4
2019-10-03 16:45:06,1228.08,3140.94,19.66
2019-10-03 16:50:05,1228.29,2528.43,19.87
2019-10-03 16:55:10,1228.51,2596.72,20.09
2019-10-03 17:00:05,1228.74,2806.78,20.32
2019-10-03 17:05:06,1228.97,2750.83,20.55
2019-10-03 17:10:19,1229.09,1380.19,20.67
2019-10-03 17:15:07,1229.15,750.00,20.73
2019-10-03 17:20:06,1229.19,481.61,20.77
2019-10-03 17:25:08,1229.22,357.62,20.8
2019-10-03 17:30:05,1229.25,363.64,20.83
2019-10-03 17:35:15,1229.27,232.26,20.85
2019-10-03 17:40:05,1229.29,248.28,20.87
2019-10-03 17:45:06,1229.32,358.80,20.9
2019-10-03 17:50:18,1229.36,461.54,20.94
2019-10-03 17:55:15,1229.46,1212.12,21.04
2019-10-03 18:00:05,1229.53,868.97,21.11
2019-10-03 18:05:13,1229.58,584.42,21.16
2019-10-03 18:10:05,1229.92,4191.78,21.5
2019-10-03 18:15:06,1230.23,3707.64,21.81
2019-10-03 18:20:15,1230.56,3844.66,22.14
2019-10-03 18:25:05,1230.84,3475.86,22.42
2019-10-03 18:30:05,1231.25,4903.65,22.83
2019-10-03 18:35:20,1231.65,4571.43,23.23
2019-10-03 18:40:06,1232.05,5034.97,23.63
2019-10-03 18:45:07,1232.43,4544.85,24.01
2019-10-03 18:50:08,1232.76,3946.84,24.34
2019-10-03 18:55:06,1233.05,3503.36,24.63
2019-10-03 19:00:16,1233.35,3483.87,24.93
2019-10-03 19:05:06,1233.63,3475.86,25.21
2019-10-03 19:10:05,1233.81,2167.22,25.39
2019-10-03 19:15:18,1234.11,3450.48,25.69
2019-10-03 19:20:07,1234.24,1619.38,25.82
2019-10-03 19:25:12,1234.34,1180.33,25.92
2019-10-03 19:30:10,1234.43,1087.25,26.01
2019-10-03 19:35:05,1234.49,732.20,26.07
2019-10-03 19:40:14,1234.55,699.03,26.13
2019-10-03 19:45:11,1234.61,727.27,26.19
2019-10-03 19:50:06,1234.64,366.10,26.22
2019-10-03 19:55:10,1234.68,473.68,26.26
2019-10-03 20:00:08,1234.72,483.22,26.3
2019-10-03 20:05:07,1234.74,240.80,26.32
2019-10-03 20:10:12,1234.76,236.07,26.34
2019-10-03 20:15:11,1234.79,361.20,26.37
2019-10-03 20:20:04,1234.83,491.47,26.41
2019-10-03 20:25:17,1234.86,345.05,26.44
2019-10-03 20:30:15,1234.89,362.42,26.47
2019-10-03 20:35:05,1234.92,372.41,26.5
2019-10-03 20:40:05,1234.94,240.00,26.52
2019-10-03 20:45:05,1234.96,240.00,26.54
2019-10-03 20:50:12,1235.00,469.06,26.58
2019-10-03 20:55:11,1235.03,361.20,26.61
2019-10-03 21:00:06,1235.07,488.14,26.65
2019-10-03 21:05:15,1235.12,582.52,26.7
2019-10-03 21:10:06,1235.16,494.85,26.74
2019-10-03 21:15:08,1235.20,476.82,26.78
2019-10-03 21:20:07,1235.23,361.20,26.81
2019-10-03 21:25:06,1235.27,481.61,26.85
2019-10-03 21:30:11,1235.31,472.13,26.89
2019-10-03 21:35:08,1235.34,363.64,26.92
2019-10-03 21:40:04,1235.38,486.49,26.96
2019-10-03 21:45:06,1235.43,596.03,27.01
2019-10-03 21:50:22,1235.47,455.70,27.05
2019-10-03 21:55:06,1235.51,507.04,27.09
2019-10-03 22:00:09,1235.56,594.06,27.14
2019-10-03 22:05:08,1235.60,481.61,27.18
2019-10-03 22:10:05,1235.68,969.70,27.26
2019-10-03 22:15:13,1235.77,1051.95,27.35
2019-10-03 22:20:11,1235.81,481.61,27.39
2019-10-03 22:25:04,1235.83,245.73,27.41
2019-10-03 22:30:16,1235.86,346.15,27.44
2019-10-03 22:35:09,1235.90,491.47,27.48
2019-10-03 22:40:09,1235.93,360.00,27.51
2019-10-03 22:45:07,1235.95,241.61,27.53
2019-10-03 22:50:06,1235.98,361.20,27.56
2019-10-03 22:55:12,1236.01,352.94,27.59
2019-10-03 23:00:07,1236.03,244.07,27.61
2019-10-03 23:05:05,1236.06,362.42,27.64
2019-10-03 23:10:21,1236.09,341.77,27.67
2019-10-03 23:15:10,1236.13,498.27,27.71
2019-10-03 23:20:08,1236.15,241.61,27.73
2019-10-03 23:25:05,1236.18,363.64,27.76
2019-10-03 23:30:06,1236.21,357.62,27.79
2019-10-03 23:35:05,1236.24,361.20,27.82
2019-10-03 23:40:18,1236.27,345.05,27.85
2019-10-03 23:45:05,1236.30,376.31,27.88
2019-10-03 23:50:05,1236.33,360.00,27.91
2019-10-03 23:55:21,1236.35,227.85,27.93
2019-10-04 00:00:05,1236.38,380.28,27.96
2019-10-04 00:05:10,1236.40,236.07,27.98
2019-10-04 00:10:08,1236.43,362.42,28.01
2019-10-04 00:15:05,1236.46,363.64,28.04
2019-10-04 00:20:12,1236.49,351.79,28.07
2019-10-04 00:25:06,1236.52,367.35,28.1
2019-10-04 00:30:06,1236.54,240.00,28.12
2019-10-04 00:35:21,1236.57,342.86,28.15
2019-10-04 00:40:04,1236.59,253.52,28.17
2019-10-04 00:45:08,1236.61,236.84,28.19
2019-10-04 00:50:10,1236.63,238.41,28.21
2019-10-04 00:55:05,1236.65,244.07,28.23
2019-10-04 01:00:18,1236.67,230.03,28.25
2019-10-04 01:05:07,1236.69,249.13,28.27
2019-10-04 01:10:06,1236.70,120.40,28.28
2019-10-04 01:15:20,1236.72,229.30,28.3
2019-10-04 01:20:05,1236.74,252.63,28.32
2019-10-04 01:25:06,1236.77,358.80,28.35
2019-10-04 01:30:15,1236.78,116.50,28.36
2019-10-04 01:35:06,1236.80,247.42,28.38
2019-10-04 01:40:04,1236.81,120.40,28.39
2019-10-04 01:45:18,1236.83,229.30,28.41
2019-10-04 01:50:07,1236.84,124.57,28.42
2019-10-04 01:55:06,1236.86,240.00,28.44
2019-10-04 02:00:05,1236.88,240.80,28.46
2019-10-04 02:05:08,1236.90,237.62,28.48
2019-10-04 02:10:09,1236.92,239.20,28.5
2019-10-04 02:15:11,1236.93,119.21,28.51
2019-10-04 02:20:04,1236.94,122.87,28.52
2019-10-04 02:25:18,1236.96,229.30,28.54
2019-10-04 02:30:06,1236.97,125.00,28.55
2019-10-04 02:35:05,1236.99,240.80,28.57
2019-10-04 02:40:06,1237.02,358.80,28.6
2019-10-04 02:45:06,1237.03,120.00,28.61
2019-10-04 02:50:14,1237.05,233.77,28.63
2019-10-04 02:55:05,1237.06,123.71,28.64
2019-10-04 03:00:07,1237.08,238.41,28.66
2019-10-04 03:05:16,1237.10,233.01,28.68
2019-10-04 03:10:13,1237.13,363.64,28.71
2019-10-04 03:15:05,1237.15,246.58,28.73
2019-10-04 03:20:12,1237.16,117.26,28.74
2019-10-04 03:25:08,1237.18,243.24,28.76
2019-10-04 03:30:05,1237.19,121.21,28.77
2019-10-04 03:35:14,1237.20,116.50,28.78
2019-10-04 03:40:06,1237.22,246.58,28.8
2019-10-04 03:45:04,1237.23,120.81,28.81
2019-10-04 03:50:19,1237.26,342.86,28.84
2019-10-04 03:55:05,1237.28,251.75,28.86
2019-10-04 04:00:06,1237.29,119.60,28.87
2019-10-04 04:05:05,1237.31,240.80,28.89
2019-10-04 04:10:05,1237.32,120.00,28.9
2019-10-04 04:15:15,1237.34,232.26,28.92
2019-10-04 04:20:04,1237.35,124.14,28.93
2019-10-04 04:25:05,1237.37,239.20,28.95
2019-10-04 04:30:17,1237.40,345.05,28.98
2019-10-04 04:35:06,1237.41,124.57,28.99
2019-10-04 04:40:11,1237.43,236.07,29.01
2019-10-04 04:45:05,1237.44,122.45,29.02
2019-10-04 04:50:06,1237.45,119.60,29.03
2019-10-04 04:55:13,1237.48,351.79,29.06
2019-10-04 05:00:06,1237.50,245.73,29.08
2019-10-04 05:05:05,1237.52,240.80,29.1
2019-10-04 05:10:08,1237.54,237.62,29.12
2019-10-04 05:15:04,1237.55,121.62,29.13
2019-10-04 05:20:06,1237.57,238.41,29.15
2019-10-04 05:25:11,1237.62,590.16,29.2
2019-10-04 05:30:07,1237.64,243.24,29.22
2019-10-04 05:35:05,1237.66,241.61,29.24
2019-10-04 05:40:16,1237.70,463.02,29.28
2019-10-04 05:45:14,1237.73,362.42,29.31
2019-10-04 05:50:05,1237.76,371.13,29.34
2019-10-04 05:55:18,1237.78,230.03,29.36
2019-10-04 06:00:06,1237.80,250.00,29.38
2019-10-04 06:05:11,1237.83,354.10,29.41
2019-10-04 06:10:10,1237.85,240.80,29.43
2019-10-04 06:15:05,1237.87,244.07,29.45
2019-10-04 06:20:14,1237.91,466.02,29.49
2019-10-04 06:25:05,1237.95,494.85,29.53
2019-10-04 06:30:07,1237.98,357.62,29.56
2019-10-04 06:35:06,1238.02,481.61,29.6
2019-10-04 06:40:05,1238.06,481.61,29.64
2019-10-04 06:45:10,1238.12,708.20,29.7
2019-10-04 06:50:07,1238.16,484.85,29.74
2019-10-04 06:55:08,1238.18,238.41,29.76
2019-10-04 07:00:05,1238.22,484.85,29.8
2019-10-04 07:05:21,1238.25,341.77,29.83
2019-10-04 07:10:05,1238.29,507.04,29.87
2019-10-04 07:15:07,1238.34,594.06,29.92
2019-10-04 07:20:07,1238.40,720.00,29.98
2019-10-04 07:25:05,1238.44,483.22,30.02
2019-10-04 07:30:12,1238.54,1172.64,30.12
2019-10-04 07:35:07,1238.63,1098.31,30.21
2019-10-04 07:40:06,1238.67,481.61,30.25
2019-10-04 07:45:14,1238.74,818.18,30.32
2019-10-04 07:50:08,1238.79,612.24,30.37
2019-10-04 07:55:08,1238.83,480.00,30.41
2019-10-04 08:00:06,1238.87,483.22,30.45
2019-10-04 08:05:05,1238.96,1080.00,30.54
2019-10-04 08:10:10,1238.97,118.03,30.55
2019-10-04 08:15:06,1238.97,0.00,30.55
2019-10-04 08:20:06,1238.99,240.00,30.57
2019-10-04 08:25:19,1239.00,114.65,30.58
2019-10-04 08:30:09,1239.00,0.00,30.58
2019-10-04 08:35:06,1238.99,-121.21,30.57
2019-10-04 08:40:22,1238.94,-569.62,30.52
2019-10-04 08:45:05,1238.90,-508.83,30.48
2019-10-04 08:50:06,1238.87,-358.80,30.45
2019-10-04 08:55:18,1238.86,-115.38,30.44
2019-10-04 09:00:08,1238.87,123.71,30.45
2019-10-04 09:05:04,1238.89,243.24,30.47
2019-10-04 09:10:20,1238.90,113.92,30.48
2019-10-04 09:15:09,1238.91,124.57,30.49
2019-10-04 09:20:09,1238.93,240.00,30.51
2019-10-04 09:25:07,1238.94,120.81,30.52
2019-10-04 09:30:06,1238.94,0.00,30.52
2019-10-04 09:35:11,1238.95,118.03,30.53
2019-10-04 09:40:05,1238.95,0.00,30.53
2019-10-04 09:45:05,1238.94,-120.00,30.52
2019-10-04 09:50:20,1238.92,-228.57,30.5
2019-10-04 09:55:08,1238.89,-375.00,30.47
2019-10-04 10:00:07,1238.81,-963.21,30.39
2019-10-04 10:05:08,1238.67,-1674.42,30.25
2019-10-04 10:10:04,1238.51,-1945.95,30.09
2019-10-04 10:15:16,1238.31,-2300.32,29.89
2019-10-04 10:20:06,1238.11,-2482.76,29.69
2019-10-04 10:25:05,1237.88,-2769.23,29.46
2019-10-04 10:30:19,1237.63,-2866.24,29.21
2019-10-04 10:35:04,1237.42,-2643.36,29.0
2019-10-04 10:40:05,1237.19,-2750.83,28.77
2019-10-04 10:45:14,1236.98,-2446.60,28.56
2019-10-04 10:50:05,1236.91,-865.98,28.49
2019-10-04 10:55:05,1236.88,-360.00,28.46
2019-10-04 11:00:16,1236.86,-231.51,28.44
2019-10-04 11:05:06,1236.78,-993.10,28.36
2019-10-04 11:10:05,1236.62,-1920.00,28.2
2019-10-04 11:15:21,1236.57,-569.62,28.15
2019-10-04 11:20:07,1236.54,-377.62,28.12
2019-10-04 11:25:08,1236.54,0.00,28.12
2019-10-04 11:30:07,1236.53,-120.00,28.11
2019-10-04 11:35:04,1236.52,-121.21,28.1
2019-10-04 11:40:17,1236.50,-230.03,28.08
2019-10-04 11:45:05,1236.47,-375.00,28.05
2019-10-04 11:50:06,1236.44,-358.80,28.02
2019-10-04 11:55:05,1236.44,0.00,28.02
2019-10-04 12:00:08,1236.45,118.42,28.03
2019-10-04 12:05:13,1236.44,-118.03,28.02
2019-10-04 12:10:07,1236.43,-122.03,28.01
2019-10-04 12:15:06,1236.41,-240.80,27.99
2019-10-04 12:20:15,1236.38,-348.39,27.96
2019-10-04 12:25:08,1236.30,-982.94,27.88
2019-10-04 12:30:07,1236.21,-1083.61,27.79
2019-10-04 12:35:11,1236.10,-1302.63,27.68
2019-10-04 12:40:06,1236.03,-851.35,27.61
2019-10-04 12:45:04,1236.01,-241.61,27.59
2019-10-04 12:50:13,1235.95,-699.03,27.53
2019-10-04 12:55:04,1235.81,-1726.03,27.39
2019-10-04 13:00:05,1235.94,1554.82,27.52
2019-10-04 13:05:18,1236.04,1150.16,27.62
2019-10-04 13:10:04,1236.01,-377.62,27.59
2019-10-04 13:15:05,1235.79,-2631.23,27.37
2019-10-04 13:20:04,1235.60,-2287.63,27.18
2019-10-04 13:25:06,1235.59,-119.21,27.17
2019-10-04 13:30:14,1235.55,-467.53,27.13
2019-10-04 13:35:09,1235.56,122.03,27.14
2019-10-04 13:40:05,1235.65,1094.59,27.23
2019-10-04 13:45:16,1235.72,810.29,27.3
2019-10-04 13:50:05,1235.77,622.84,27.35
2019-10-04 13:55:09,1235.84,826.23,27.42
2019-10-04 14:00:04,1235.87,366.10,27.45
2019-10-04 14:05:07,1235.88,118.81,27.46
2019-10-04 14:10:12,1235.89,118.03,27.47
2019-10-04 14:15:05,1235.87,-245.73,27.45
2019-10-04 14:20:05,1235.81,-720.00,27.39
2019-10-04 14:25:07,1235.73,-953.64,27.31
2019-10-04 14:30:05,1235.64,-1083.61,27.22
2019-10-04 14:35:05,1235.48,-1920.00,27.06
2019-10-04 14:40:10,1235.33,-1770.49,26.91
2019-10-04 14:45:06,1235.13,-2432.43,26.71
2019-10-04 14:50:05,1235.09,-481.61,26.67
2019-10-04 14:55:14,1234.94,-1747.57,26.52
2019-10-04 15:00:09,1234.80,-1708.47,26.38
2019-10-04 15:05:05,1234.61,-2303.03,26.19
2019-10-04 15:10:17,1234.41,-2307.69,25.99
2019-10-04 15:15:05,1234.28,-1625.00,25.86
2019-10-04 15:20:10,1234.16,-1416.39,25.74
2019-10-04 15:25:06,1234.05,-1337.84,25.63
2019-10-04 15:30:07,1233.93,-1435.22,25.51
2019-10-04 15:35:13,1233.81,-1411.76,25.39
2019-10-04 15:40:05,1233.72,-1109.59,25.3
2019-10-04 15:45:06,1233.64,-956.81,25.22
2019-10-04 15:50:22,1233.55,-1025.32,25.13
2019-10-04 15:55:04,1233.50,-638.30,25.08
2019-10-04 16:00:09,1233.46,-472.13,25.04
2019-10-04 16:05:06,1233.44,-242.42,25.02
2019-10-04 16:10:08,1233.42,-238.41,25.0
2019-10-04 16:15:06,1233.39,-362.42,24.97
2019-10-04 16:20:20,1233.37,-229.30,24.95
2019-10-04 16:25:06,1233.36,-125.87,24.94
2019-10-04 16:30:06,1233.35,-120.00,24.93
2019-10-04 16:35:06,1233.34,-120.00,24.92
2019-10-04 16:40:06,1233.33,-120.00,24.91
2019-10-04 16:45:11,1233.32,-118.03,24.9
2019-10-04 16:50:06,1233.31,-122.03,24.89
2019-10-04 16:55:05,1233.31,0.00,24.89
2019-10-04 17:00:13,1233.31,0.00,24.89
2019-10-04 17:05:07,1233.32,122.45,24.9
2019-10-04 17:10:07,1233.33,120.00,24.91
2019-10-04 17:15:05,1233.33,0.00,24.91
2019-10-04 17:20:06,1233.34,119.60,24.92
2019-10-04 17:25:09,1233.34,0.00,24.92
2019-10-04 17:30:05,1233.35,121.62,24.93
2019-10-04 17:35:05,1233.35,0.00,24.93
2019-10-04 17:40:18,1233.37,229.30,24.95
2019-10-04 17:45:08,1233.38,124.14,24.96
2019-10-04 17:50:05,1233.40,242.42,24.98
2019-10-04 17:55:21,1233.41,113.92,24.99
2019-10-04 18:00:07,1233.42,125.87,25.0
2019-10-04 18:05:05,1233.45,362.42,25.03
2019-10-04 18:10:16,1233.47,231.51,25.05
2019-10-04 18:15:07,1233.49,247.42,25.07
2019-10-04 18:20:05,1233.50,120.81,25.08
2019-10-04 18:25:18,1233.52,230.03,25.1
2019-10-04 18:30:08,1233.53,124.14,25.11
2019-10-04 18:35:08,1233.55,240.00,25.13
2019-10-04 18:40:06,1233.56,120.81,25.14
2019-10-04 18:45:05,1233.58,240.80,25.16
2019-10-04 18:50:10,1233.60,236.07,25.18
2019-10-04 18:55:05,1233.62,244.07,25.2
2019-10-04 19:00:06,1233.64,239.20,25.22
2019-10-04 19:05:19,1233.65,115.02,25.23
2019-10-04 19:10:07,1233.66,125.00,25.24
2019-10-04 19:15:06,1233.68,240.80,25.26
2019-10-04 19:20:08,1233.69,119.21,25.27
2019-10-04 19:25:05,1233.71,242.42,25.29
2019-10-04 19:30:15,1233.74,348.39,25.32
2019-10-04 19:35:06,1233.75,123.71,25.33
2019-10-04 19:40:04,1233.77,241.61,25.35
2019-10-04 19:45:17,1233.78,115.02,25.36
2019-10-04 19:50:14,1233.81,363.64,25.39
2019-10-04 19:55:05,1233.83,247.42,25.41
2019-10-04 20:00:13,1233.85,233.77,25.43
2019-10-04 20:05:05,1233.86,123.29,25.44
2019-10-04 20:10:04,1233.88,240.80,25.46
2019-10-04 20:15:15,1233.89,115.38,25.47
2019-10-04 20:20:05,1233.92,372.41,25.5
2019-10-04 20:25:06,1233.94,239.20,25.52
2019-10-04 20:30:20,1233.97,343.95,25.55
2019-10-04 20:35:06,1234.00,377.62,25.58
2019-10-04 20:40:07,1234.02,239.20,25.6
2019-10-04 20:45:08,1234.04,239.20,25.62
2019-10-04 20:50:06,1234.07,362.42,25.65
2019-10-04 20:55:16,1234.09,232.26,25.67
2019-10-04 21:00:06,1234.12,372.41,25.7
2019-10-04 21:05:05,1234.15,361.20,25.73
2019-10-04 21:10:04,1234.18,361.20,25.76
2019-10-04 21:15:07,1234.21,356.44,25.79
2019-10-04 21:20:12,1234.24,354.10,25.82
2019-10-04 21:25:10,1234.27,362.42,25.85
2019-10-04 21:30:05,1234.28,122.03,25.86
2019-10-04 21:35:14,1234.31,349.51,25.89
2019-10-04 21:40:11,1234.33,242.42,25.91
2019-10-04 21:45:06,1234.36,366.10,25.94
2019-10-04 21:50:10,1234.38,236.84,25.96
2019-10-04 21:55:08,1234.39,120.81,25.97
2019-10-04 22:00:07,1234.41,240.80,25.99
2019-10-04 22:05:12,1234.43,236.07,26.01
2019-10-04 22:10:11,1234.44,120.40,26.02
2019-10-04 22:15:06,1234.47,366.10,26.05
2019-10-04 22:20:17,1234.50,347.27,26.08
2019-10-04 22:25:15,1234.54,483.22,26.12
2019-10-04 22:30:04,1234.57,373.70,26.15
2019-10-04 22:35:05,1234.60,358.80,26.18
2019-10-04 22:40:05,1234.62,240.00,26.2
2019-10-04 22:45:13,1234.65,350.65,26.23
2019-10-04 22:50:11,1234.68,362.42,26.26
2019-10-04 22:55:06,1234.73,610.17,26.31
2019-10-04 23:00:15,1234.76,349.51,26.34
2019-10-04 23:05:06,1234.79,371.13,26.37
2019-10-04 23:10:09,1234.82,356.44,26.4
2019-10-04 23:15:07,1234.84,241.61,26.42
2019-10-04 23:20:06,1234.87,361.20,26.45
2019-10-04 23:25:11,1234.91,472.13,26.49
2019-10-04 23:30:08,1234.94,363.64,26.52
2019-10-04 23:35:10,1234.97,357.62,26.55
2019-10-04 23:40:06,1234.99,243.24,26.57
2019-10-04 23:45:22,1235.02,341.77,26.6
2019-10-04 23:50:06,1235.04,253.52,26.62
2019-10-04 23:55:09,1235.07,356.44,26.65
2019-10-05 00:00:08,1235.09,240.80,26.67
2019-10-05 00:05:05,1235.12,363.64,26.7
2019-10-05 00:10:13,1235.16,467.53,26.74
2019-10-05 00:15:11,1235.19,361.20,26.77
2019-10-05 00:20:04,1235.21,245.73,26.79
2019-10-05 00:25:15,1235.23,231.51,26.81
2019-10-05 00:30:09,1235.25,244.90,26.83
2019-10-05 00:35:09,1235.26,120.00,26.84
2019-10-05 00:40:07,1235.28,241.61,26.86
2019-10-05 00:45:06,1235.30,240.80,26.88
2019-10-05 00:50:11,1235.33,354.10,26.91
2019-10-05 00:55:07,1235.34,121.62,26.92
2019-10-05 01:00:05,1235.35,120.81,26.93
2019-10-05 01:05:21,1235.37,227.85,26.95
2019-10-05 01:10:10,1235.38,124.57,26.96
2019-10-05 01:15:07,1235.40,241.61,26.98
2019-10-05 01:20:04,1235.41,120.81,26.99
2019-10-05 01:25:06,1235.44,356.44,27.02
2019-10-05 01:30:05,1235.46,240.80,27.04
2019-10-05 01:35:19,1235.48,229.30,27.06
2019-10-05 01:40:05,1235.50,251.75,27.08
2019-10-05 01:45:05,1235.52,240.00,27.1
2019-10-05 01:50:21,1235.53,113.92,27.11
2019-10-05 01:55:05,1235.55,253.52,27.13
2019-10-05 02:00:10,1235.56,118.03,27.14
2019-10-05 02:05:08,1235.58,241.61,27.16
2019-10-05 02:10:05,1235.59,121.21,27.17
2019-10-05 02:15:12,1235.62,351.79,27.2
2019-10-05 02:20:06,1235.63,122.45,27.21
2019-10-05 02:25:06,1235.65,240.00,27.23
2019-10-05 02:30:21,1235.66,114.29,27.24
2019-10-05 02:35:09,1235.68,250.00,27.26
2019-10-05 02:40:08,1235.69,120.40,27.27
2019-10-05 02:45:24,1235.71,227.85,27.29
2019-10-05 02:50:05,1235.73,256.23,27.31
2019-10-05 02:55:17,1235.75,230.77,27.33
2019-10-05 03:00:07,1235.77,248.28,27.35
2019-10-05 03:05:06,1235.78,120.40,27.36
2019-10-05 03:10:19,1235.80,229.30,27.38
2019-10-05 03:15:05,1235.81,125.44,27.39
2019-10-05 03:20:06,1235.82,119.60,27.4
2019-10-05 03:25:15,1235.84,233.01,27.42
2019-10-05 03:30:06,1235.86,247.42,27.44
2019-10-05 03:35:06,1235.88,240.00,27.46
2019-10-05 03:40:18,1235.90,230.77,27.48
2019-10-05 03:45:07,1235.91,124.57,27.49
2019-10-05 03:50:06,1235.93,240.00,27.51
2019-10-05 03:55:23,1235.94,113.56,27.52
2019-10-05 04:00:08,1235.96,252.63,27.54
2019-10-05 04:05:09,1235.97,119.60,27.55
2019-10-05 04:10:24,1235.99,228.57,27.57
2019-10-05 04:15:05,1236.01,256.23,27.59
2019-10-05 04:20:18,1236.04,345.05,27.62
2019-10-05 04:25:06,1236.06,250.00,27.64
2019-10-05 04:30:05,1236.07,120.40,27.65
2019-10-05 04:35:20,1236.09,228.57,27.67
2019-10-05 04:40:06,1236.10,125.87,27.68
2019-10-05 04:45:14,1236.11,116.88,27.69
2019-10-05 04:50:05,1236.13,247.42,27.71
2019-10-05 04:55:07,1236.15,238.41,27.73
2019-10-05 05:00:17,1236.17,232.26,27.75
2019-10-05 05:05:32,1236.19,228.57,27.77
2019-10-05 05:10:05,1236.20,131.87,27.78
2019-10-05 05:15:12,1236.22,234.53,27.8
2019-10-05 05:20:28,1236.23,113.92,27.81
2019-10-05 05:25:05,1236.24,129.96,27.82
2019-10-05 05:30:14,1236.26,233.01,27.84
2019-10-05 05:35:06,1236.28,246.58,27.86
2019-10-05 05:40:06,1236.30,240.00,27.88
2019-10-05 05:45:19,1236.32,230.03,27.9
2019-10-05 05:50:05,1236.33,125.87,27.91
2019-10-05 05:55:06,1236.35,239.20,27.93
2019-10-05 06:00:22,1236.36,113.92,27.94
2019-10-05 06:05:05,1236.38,254.42,27.96
2019-10-05 06:10:15,1236.39,116.13,27.97
2019-10-05 06:15:04,1236.41,248.28,27.99
2019-10-05 06:20:05,1236.43,239.20,28.01
2019-10-05 06:25:18,1236.45,230.03,28.03
2019-10-05 06:30:06,1236.47,250.00,28.05
2019-10-05 06:35:11,1236.48,118.03,28.06
2019-10-05 06:40:26,1236.50,228.57,28.08
2019-10-05 06:45:06,1236.53,385.71,28.11
2019-10-05 06:50:13,1236.55,234.53,28.13
2019-10-05 06:55:28,1236.58,341.77,28.16
2019-10-05 07:00:05,1236.62,519.86,28.2
2019-10-05 07:05:08,1236.68,710.53,28.26
2019-10-05 07:10:24,1236.77,1025.32,28.35
2019-10-05 07:15:06,1236.83,765.96,28.41
2019-10-05 07:20:11,1236.88,590.16,28.46
2019-10-05 07:25:26,1236.92,457.14,28.5
2019-10-05 07:30:04,1236.94,258.06,28.52
2019-10-05 07:35:15,1236.97,346.15,28.55
2019-10-05 07:40:31,1237.00,341.77,28.58
2019-10-05 07:45:05,1237.18,2364.96,28.76
2019-10-05 07:50:18,1237.53,4025.56,29.11
2019-10-05 07:55:06,1237.65,1500.00,29.23
2019-10-05 08:00:11,1237.69,470.59,29.27
2019-10-05 08:05:09,1237.90,2528.43,29.48
2019-10-05 08:10:05,1237.99,1094.59,29.57
2019-10-05 08:15:14,1238.04,582.52,29.62
2019-10-05 08:20:05,1238.08,494.85,29.66
2019-10-05 08:25:07,1238.15,831.68,29.73
2019-10-05 08:30:05,1238.19,481.61,29.77
2019-10-05 08:35:04,1238.20,120.40,29.78
2019-10-05 08:40:10,1238.20,0.00,29.78
2019-10-05 08:45:07,1238.20,0.00,29.78
2019-10-05 08:50:09,1238.20,0.00,29.78
2019-10-05 08:55:05,1238.20,0.00,29.78
2019-10-05 09:00:21,1238.21,113.92,29.79
2019-10-05 09:05:05,1238.22,126.76,29.8
2019-10-05 09:10:07,1238.24,237.62,29.82
2019-10-05 09:15:07,1238.24,0.00,29.82
2019-10-05 09:20:05,1238.25,120.81,29.83
2019-10-05 09:25:12,1238.25,0.00,29.83
2019-10-05 09:30:10,1238.25,0.00,29.83
2019-10-05 09:35:06,1238.24,-121.62,29.82
2019-10-05 09:40:14,1238.23,-116.88,29.81
2019-10-05 09:45:08,1238.21,-244.90,29.79
2019-10-05 09:50:08,1238.19,-240.00,29.77
2019-10-05 09:55:06,1238.13,-724.83,29.71
2019-10-05 10:00:05,1238.02,-1320.00,29.6
2019-10-05 10:05:10,1237.87,-1764.71,29.45
2019-10-05 10:10:06,1237.67,-2432.43,29.25
2019-10-05 10:15:06,1237.46,-2520.00,29.04
2019-10-05 10:20:19,1237.22,-2760.38,28.8
2019-10-05 10:25:09,1236.96,-3227.59,28.54
2019-10-05 10:30:06,1236.67,-3515.15,28.25
2019-10-05 10:35:22,1236.36,-3531.65,27.94
2019-10-05 10:40:05,1236.04,-4070.67,27.62
2019-10-05 10:45:06,1235.68,-4305.65,27.26
2019-10-05 10:50:17,1235.30,-4398.71,26.88
2019-10-05 10:55:08,1234.94,-4453.61,26.52
2019-10-05 11:00:05,1234.54,-4832.21,26.12
2019-10-05 11:05:19,1234.11,-4914.29,25.69
2019-10-05 11:10:09,1233.70,-5089.66,25.28
2019-10-05 11:15:09,1233.29,-4920.00,24.87
2019-10-05 11:20:07,1232.87,-5073.83,24.45
2019-10-05 11:25:06,1232.45,-5056.86,24.03
2019-10-05 11:30:11,1232.02,-5075.41,23.6
2019-10-05 11:35:06,1231.61,-5003.39,23.19
2019-10-05 11:40:05,1231.18,-5177.26,22.76
2019-10-05 11:45:20,1230.73,-5142.86,22.31
2019-10-05 11:50:08,1230.32,-5125.00,21.9
2019-10-05 11:55:07,1229.88,-5297.66,21.46
2019-10-05 12:00:08,1229.46,-5023.26,21.04
2019-10-05 12:05:06,1229.06,-4832.21,20.64
2019-10-05 12:10:16,1228.64,-4877.42,20.22
2019-10-05 12:15:06,1228.26,-4717.24,19.84
2019-10-05 12:20:05,1227.87,-4695.65,19.45
2019-10-05 12:25:18,1227.47,-4585.99,19.05
2019-10-05 12:30:04,1227.11,-4531.47,18.69
2019-10-05 12:35:06,1226.76,-4172.19,18.34
2019-10-05 12:40:14,1226.41,-4090.91,17.99
2019-10-05 12:45:05,1226.09,-3958.76,17.67
2019-10-05 12:50:05,1225.77,-3840.00,17.35
2019-10-05 12:55:16,1225.47,-3472.67,17.05
2019-10-05 13:00:06,1225.21,-3227.59,16.79
2019-10-05 13:05:05,1224.97,-2889.63,16.55
2019-10-05 13:10:21,1225.09,1367.09,16.67
2019-10-05 13:15:07,1224.99,-1258.74,16.57
2019-10-05 13:20:08,1224.85,-1674.42,16.43
2019-10-05 13:25:07,1224.81,-480.00,16.39
2019-10-05 13:30:04,1224.66,-1818.18,16.24
2019-10-05 13:35:17,1224.53,-1495.21,16.11
2019-10-05 13:40:05,1224.40,-1625.00,15.98
2019-10-05 13:45:06,1224.27,-1554.82,15.85
2019-10-05 13:50:05,1224.15,-1444.82,15.73
2019-10-05 13:55:08,1224.03,-1425.74,15.61
2019-10-05 14:00:13,1224.00,-354.10,15.58
2019-10-05 14:05:07,1223.96,-488.14,15.54
2019-10-05 14:10:06,1223.93,-361.20,15.51
2019-10-05 14:15:16,1223.90,-348.39,15.48
2019-10-05 14:20:08,1223.89,-123.29,15.47
2019-10-05 14:25:07,1223.84,-602.01,15.42
2019-10-05 14:30:10,1223.75,-1065.79,15.33
2019-10-05 14:35:06,1223.66,-1090.91,15.24
2019-10-05 14:40:05,1223.52,-1685.62,15.1
2019-10-05 14:45:13,1223.42,-1168.83,15.0
2019-10-05 14:50:04,1223.29,-1602.74,14.87
2019-10-05 14:55:05,1223.22,-837.21,14.8
2019-10-05 15:00:17,1223.16,-692.31,14.74
2019-10-05 15:05:04,1223.09,-878.05,14.67
2019-10-05 15:10:04,1223.02,-840.00,14.6
2019-10-05 15:15:04,1222.93,-1080.00,14.51
2019-10-05 15:20:06,1222.85,-953.64,14.43
2019-10-05 15:25:14,1222.76,-1051.95,14.34
2019-10-05 15:30:09,1222.69,-854.24,14.27
2019-10-05 15:35:07,1222.67,-241.61,14.25
2019-10-05 15:40:16,1222.63,-466.02,14.21
2019-10-05 15:45:05,1222.60,-373.70,14.18
2019-10-05 15:50:10,1222.58,-236.07,14.16
2019-10-05 15:55:04,1222.58,0.00,14.16
2019-10-05 16:00:07,1222.58,0.00,14.16
2019-10-05 16:05:12,1222.59,118.03,14.17
2019-10-05 16:10:09,1222.61,242.42,14.19
2019-10-05 16:15:05,1222.76,1824.32,14.34
2019-10-05 16:20:07,1223.13,4410.60,14.71
2019-10-05 16:25:06,1223.45,3852.84,15.03
2019-10-05 16:30:05,1223.75,3612.04,15.33
2019-10-05 16:35:10,1224.05,3540.98,15.63
2019-10-05 16:40:06,1224.34,3527.03,15.92
2019-10-05 16:45:05,1224.64,3612.04,16.22
2019-10-05 16:50:15,1224.95,3600.00,16.53
2019-10-05 16:55:09,1225.26,3795.92,16.84
2019-10-05 17:00:05,1225.57,3770.27,17.15
2019-10-05 17:05:17,1225.86,3346.15,17.44
2019-10-05 17:10:10,1226.16,3686.01,17.74
2019-10-05 17:15:10,1226.44,3360.00,18.02
2019-10-05 17:20:06,1226.72,3405.41,18.3
2019-10-05 17:25:07,1227.04,3827.24,18.62
2019-10-05 17:30:12,1227.35,3647.06,18.93
2019-10-05 17:35:05,1227.52,2088.74,19.1
2019-10-05 17:40:06,1227.64,1435.22,19.22
2019-10-05 17:45:22,1227.97,3759.49,19.55
2019-10-05 17:50:04,1228.06,1148.94,19.64
2019-10-05 17:55:09,1228.14,944.26,19.72
2019-10-05 18:00:06,1228.18,484.85,19.76
2019-10-05 18:05:07,1228.23,596.03,19.81
2019-10-05 18:10:06,1228.27,481.61,19.85
2019-10-05 18:15:19,1228.33,690.10,19.91
2019-10-05 18:20:06,1228.42,1128.92,20.0
2019-10-05 18:25:06,1228.51,1080.00,20.09
2019-10-05 18:30:06,1228.61,1200.00,20.19
2019-10-05 18:35:06,1228.66,600.00,20.24
2019-10-05 18:40:11,1228.70,472.13,20.28
2019-10-05 18:45:09,1228.74,483.22,20.32
2019-10-05 18:50:06,1228.78,484.85,20.36
2019-10-05 18:55:13,1228.83,586.32,20.41
2019-10-05 19:00:07,1229.06,2816.33,20.64
2019-10-05 19:05:07,1229.40,4080.00,20.98
2019-10-05 19:10:05,1229.71,3744.97,21.29
2019-10-05 19:15:06,1230.07,4305.65,21.65
2019-10-05 19:20:09,1230.40,3920.79,21.98
2019-10-05 19:25:05,1230.75,4256.76,22.33
2019-10-05 19:30:05,1231.05,3600.00,22.63
2019-10-05 19:35:18,1231.38,3795.53,22.96
2019-10-05 19:40:08,1231.66,3475.86,23.24
2019-10-05 19:45:05,1231.92,3151.52,23.5
2019-10-05 19:50:21,1232.23,3531.65,23.81
2019-10-05 19:55:06,1232.49,3272.73,24.07
2019-10-05 20:00:05,1232.75,3130.43,24.33
2019-10-05 20:05:16,1233.02,3125.40,24.6
2019-10-05 20:10:07,1233.27,3082.19,24.85
2019-10-05 20:15:04,1233.38,1328.86,24.96
2019-10-05 20:20:18,1233.45,802.55,25.03
2019-10-05 20:25:08,1233.81,4468.97,25.39
2019-10-05 20:30:08,1233.99,2160.00,25.57
2019-10-05 20:35:06,1234.04,604.03,25.62
2019-10-05 20:40:09,1234.09,594.06,25.67
2019-10-05 20:45:10,1234.12,358.80,25.7
2019-10-05 20:50:05,1234.14,244.07,25.72
2019-10-05 20:55:06,1234.16,239.20,25.74
2019-10-05 21:00:19,1234.18,230.03,25.76
2019-10-05 21:05:07,1234.20,250.00,25.78
2019-10-05 21:10:06,1234.23,361.20,25.81
2019-10-05 21:15:08,1234.26,357.62,25.84
2019-10-05 21:20:05,1234.29,363.64,25.87
2019-10-05 21:25:15,1234.31,232.26,25.89
2019-10-05 21:30:06,1234.34,371.13,25.92
2019-10-05 21:35:05,1234.37,360.00,25.95
2019-10-05 21:40:17,1234.40,346.15,25.98
2019-10-05 21:45:15,1234.44,483.22,26.02
2019-10-05 21:50:05,1234.47,372.41,26.05
2019-10-05 21:55:13,1234.51,467.53,26.09
2019-10-05 22:00:05,1234.54,369.86,26.12
2019-10-05 22:05:06,1234.58,478.41,26.16
2019-10-05 22:10:15,1234.62,466.02,26.2
2019-10-05 22:15:07,1234.66,493.15,26.24
2019-10-05 22:20:05,1234.70,481.61,26.28
2019-10-05 22:25:20,1234.74,457.14,26.32
2019-10-05 22:30:06,1234.77,377.62,26.35
2019-10-05 22:35:07,1234.81,478.41,26.39
2019-10-05 22:40:08,1234.84,358.80,26.42
2019-10-05 22:45:06,1234.86,241.61,26.44
2019-10-05 22:50:16,1234.88,232.26,26.46
2019-10-05 22:55:06,1234.91,372.41,26.49
2019-10-05 23:00:05,1234.94,361.20,26.52
2019-10-05 23:05:18,1234.96,230.03,26.54
2019-10-05 23:10:07,1234.98,249.13,26.56
2019-10-05 23:15:12,1235.00,236.07,26.58
2019-10-05 23:20:10,1235.02,241.61,26.6
2019-10-05 23:25:05,1235.03,122.03,26.61
2019-10-05 23:30:14,1235.05,233.01,26.63
2019-10-05 23:35:11,1235.07,242.42,26.65
2019-10-05 23:40:06,1235.09,244.07,26.67
2019-10-05 23:45:09,1235.11,236.84,26.69
2019-10-05 23:50:08,1235.12,120.40,26.7
2019-10-05 23:55:07,1235.14,240.80,26.72
2019-10-06 00:00:12,1235.15,118.03,26.73
2019-10-06 00:05:11,1235.17,240.80,26.75
2019-10-06 00:10:06,1235.18,122.03,26.76
2019-10-06 00:15:17,1235.20,231.51,26.78
2019-10-06 00:20:15,1235.22,241.61,26.8
2019-10-06 00:25:05,1235.25,372.41,26.83
2019-10-06 00:30:05,1235.27,240.00,26.85
2019-10-06 00:35:05,1235.29,240.00,26.87
2019-10-06 00:40:12,1235.30,116.88,26.88
2019-10-06 00:45:11,1235.32,240.80,26.9
2019-10-06 00:50:06,1235.33,122.03,26.91
2019-10-06 00:55:15,1235.35,233.01,26.93
2019-10-06 01:00:06,1235.36,123.71,26.94
2019-10-06 01:05:08,1235.38,237.62,26.96
2019-10-06 01:10:07,1235.41,361.20,26.99
2019-10-06 01:15:06,1235.42,120.40,27.0
2019-10-06 01:20:11,1235.44,236.07,27.02
2019-10-06 01:25:08,1235.45,121.21,27.03
2019-10-06 01:30:10,1235.47,238.41,27.05
2019-10-06 01:35:06,1235.48,121.62,27.06
2019-10-06 01:40:04,1235.50,241.61,27.08
2019-10-06 01:45:06,1235.52,238.41,27.1
2019-10-06 01:50:08,1235.54,237.62,27.12
2019-10-06 01:55:08,1235.56,240.00,27.14
2019-10-06 02:00:05,1235.57,121.21,27.15
2019-10-06 02:05:13,1235.59,233.77,27.17
2019-10-06 02:10:11,1235.60,120.81,27.18
2019-10-06 02:15:04,1235.62,245.73,27.2
2019-10-06 02:20:15,1235.63,115.76,27.21
2019-10-06 02:25:09,1235.65,244.90,27.23
2019-10-06 02:30:09,1235.67,240.00,27.25
2019-10-06 02:35:07,1235.69,241.61,27.27
2019-10-06 02:40:06,1235.71,240.80,27.29
2019-10-06 02:45:12,1235.72,117.65,27.3
2019-10-06 02:50:07,1235.74,244.07,27.32
2019-10-06 02:55:05,1235.75,120.81,27.33
2019-10-06 03:00:21,1235.77,227.85,27.35
2019-10-06 03:05:10,1235.78,124.57,27.36
2019-10-06 03:10:07,1235.80,242.42,27.38
2019-10-06 03:15:04,1235.82,241.61,27.4
2019-10-06 03:20:06,1235.84,238.41,27.42
2019-10-06 03:25:07,1235.85,119.60,27.43
2019-10-06 03:30:18,1235.87,231.51,27.45
2019-10-06 03:35:05,1235.90,376.31,27.48
2019-10-06 03:40:05,1235.92,240.00,27.5
2019-10-06 03:45:21,1235.93,113.92,27.51
2019-10-06 03:50:05,1235.95,253.52,27.53
2019-10-06 03:55:10,1235.96,118.03,27.54
2019-10-06 04:00:08,1235.98,241.61,27.56
2019-10-06 04:05:05,1235.99,121.21,27.57
2019-10-06 04:10:12,1236.00,117.26,27.58
2019-10-06 04:15:06,1236.02,244.90,27.6
2019-10-06 04:20:06,1236.05,360.00,27.63
2019-10-06 04:25:22,1236.06,113.92,27.64
2019-10-06 04:30:09,1236.08,250.87,27.66
2019-10-06 04:35:08,1236.09,120.40,27.67
2019-10-06 04:40:04,1236.11,243.24,27.69
2019-10-06 04:45:05,1236.12,119.60,27.7
2019-10-06 04:50:17,1236.14,230.77,27.72
2019-10-06 04:55:07,1236.16,248.28,27.74
2019-10-06 05:00:06,1236.18,240.80,27.76
2019-10-06 05:05:19,1236.20,230.03,27.78
2019-10-06 05:10:05,1236.21,125.87,27.79
2019-10-06 05:15:06,1236.22,119.60,27.8
2019-10-06 05:20:15,1236.24,233.01,27.82
2019-10-06 05:25:06,1236.25,123.71,27.83
2019-10-06 05:30:06,1236.27,240.00,27.85
2019-10-06 05:35:17,1236.29,231.51,27.87
2019-10-06 05:40:07,1236.31,248.28,27.89
2019-10-06 05:45:06,1236.33,240.80,27.91
2019-10-06 05:50:23,1236.34,113.56,27.92
2019-10-06 05:55:08,1236.35,126.32,27.93
2019-10-06 06:00:09,1236.37,238.41,27.95
2019-10-06 06:05:24,1236.38,114.29,27.96
2019-10-06 06:10:04,1236.40,257.14,27.98
2019-10-06 06:15:18,1236.41,114.65,27.99
2019-10-06 06:20:06,1236.43,250.00,28.01
2019-10-06 06:25:05,1236.46,361.20,28.04
2019-10-06 06:30:20,1236.48,228.57,28.06
2019-10-06 06:35:06,1236.50,251.75,28.08
2019-10-06 06:40:14,1236.51,116.88,28.09
2019-10-06 06:45:05,1236.53,247.42,28.11
2019-10-06 06:50:07,1236.54,119.21,28.12
2019-10-06 06:55:16,1236.56,233.01,28.14
2019-10-06 07:00:32,1236.57,113.92,28.15
2019-10-06 07:05:05,1236.59,263.74,28.17
2019-10-06 07:10:12,1236.61,234.53,28.19
2019-10-06 07:15:27,1236.62,114.29,28.2
2019-10-06 07:20:05,1236.65,388.49,28.23
2019-10-06 07:25:14,1236.70,582.52,28.28
2019-10-06 07:30:05,1236.76,739.73,28.34
2019-10-06 07:35:04,1236.82,722.41,28.4
2019-10-06 07:40:18,1236.89,800.00,28.47
2019-10-06 07:45:05,1237.17,3512.20,28.75
2019-10-06 07:50:05,1237.51,4066.45,29.09
2019-10-06 07:55:07,1237.76,2980.13,29.34
2019-10-06 08:00:05,1238.03,3261.74,29.61
2019-10-06 08:05:14,1238.26,2670.97,29.84
2019-10-06 08:10:13,1238.46,2408.03,30.04
2019-10-06 08:15:06,1238.67,2580.20,30.25
2019-10-06 08:20:17,1238.86,2199.36,30.44
2019-10-06 08:25:06,1238.91,622.84,30.49
2019-10-06 08:30:11,1238.96,590.16,30.54
2019-10-06 08:35:09,1238.99,362.42,30.57
2019-10-06 08:40:05,1239.03,484.85,30.61
2019-10-06 08:45:13,1239.10,818.18,30.68
2019-10-06 08:50:10,1239.14,484.85,30.72
2019-10-06 08:55:04,1239.18,488.14,30.76
2019-10-06 09:00:08,1239.25,828.95,30.83
2019-10-06 09:05:07,1239.34,1083.61,30.92
2019-10-06 09:10:06,1239.40,722.41,30.98
2019-10-06 09:15:11,1239.45,590.16,31.03
2019-10-06 09:20:10,1239.51,722.41,31.09
2019-10-06 09:25:05,1239.56,610.17,31.14
2019-10-06 09:30:15,1239.66,1161.29,31.24
2019-10-06 09:35:13,1239.75,1087.25,31.33
2019-10-06 09:40:05,1239.83,986.30,31.41
2019-10-06 09:45:17,1239.90,805.11,31.48
2019-10-06 09:50:04,1239.95,627.18,31.53
2019-10-06 09:55:11,1239.97,234.53,31.55
2019-10-06 10:00:07,1239.88,-1094.59,31.46
2019-10-06 10:05:05,1239.74,-1691.28,31.32
2019-10-06 10:10:14,1239.57,-1980.58,31.15
2019-10-06 10:15:05,1239.53,-494.85,31.11
2019-10-06 10:20:07,1239.39,-1668.87,30.97
2019-10-06 10:25:05,1239.24,-1806.02,30.82
2019-10-06 10:30:04,1239.21,-361.20,30.79
2019-10-06 10:35:10,1239.11,-1176.47,30.69
2019-10-06 10:40:07,1238.96,-1818.18,30.54
2019-10-06 10:45:09,1238.83,-1549.67,30.41
2019-10-06 10:50:05,1238.70,-1581.08,30.28
2019-10-06 10:55:21,1238.54,-1822.78,30.12
2019-10-06 11:00:05,1238.50,-507.04,30.08
2019-10-06 11:05:07,1238.42,-953.64,30.0
2019-10-06 11:10:07,1238.35,-840.00,29.93
2019-10-06 11:15:05,1238.29,-724.83,29.87
2019-10-06 11:20:12,1238.24,-586.32,29.82
2019-10-06 11:25:07,1238.16,-976.27,29.74
2019-10-06 11:30:06,1238.10,-722.41,29.68
2019-10-06 11:35:14,1238.00,-1168.83,29.58
2019-10-06 11:40:08,1237.74,-3183.67,29.32
2019-10-06 11:45:08,1237.56,-2160.00,29.14
2019-10-06 11:50:06,1237.30,-3140.94,28.88
2019-10-06 11:55:05,1237.10,-2408.03,28.68
2019-10-06 12:00:10,1236.80,-3540.98,28.38
2019-10-06 12:05:06,1236.48,-3891.89,28.06
2019-10-06 12:10:06,1236.22,-3120.00,27.8
2019-10-06 12:15:20,1235.88,-3898.09,27.46
2019-10-06 12:20:09,1235.63,-3114.19,27.21
2019-10-06 12:25:06,1235.43,-2424.24,27.01
2019-10-06 12:30:22,1235.14,-3303.80,26.72
2019-10-06 12:35:05,1234.94,-2544.17,26.52
2019-10-06 12:40:06,1234.80,-1674.42,26.38
2019-10-06 12:45:05,1234.72,-963.21,26.3
2019-10-06 12:50:08,1234.67,-592.11,26.25
2019-10-06 12:55:04,1234.61,-729.73,26.19
2019-10-06 13:00:19,1234.54,-797.47,26.12
2019-10-06 13:05:09,1234.46,-993.10,26.04
2019-10-06 13:10:09,1234.40,-720.00,25.98
2019-10-06 13:15:07,1234.34,-724.83,25.92
2019-10-06 13:20:06,1234.30,-481.61,25.88
2019-10-06 13:25:11,1234.28,-236.07,25.86
2019-10-06 13:30:06,1234.26,-244.07,25.84
2019-10-06 13:35:05,1234.24,-240.80,25.82
2019-10-06 13:40:20,1234.20,-457.14,25.78
2019-10-06 13:45:08,1234.13,-875.00,25.71
2019-10-06 13:50:07,1234.04,-1083.61,25.62
2019-10-06 13:55:08,1233.91,-1554.82,25.49
2019-10-06 14:00:06,1233.81,-1208.05,25.39
2019-10-06 14:05:16,1233.72,-1045.16,25.3
2019-10-06 14:10:05,1233.68,-496.55,25.26
2019-10-06 14:15:05,1233.64,-480.00,25.22
2019-10-06 14:20:19,1233.59,-573.25,25.17
2019-10-06 14:25:04,1233.55,-505.26,25.13
2019-10-06 14:30:06,1233.51,-476.82,25.09
2019-10-06 14:35:14,1233.47,-467.53,25.05
2019-10-06 14:40:05,1233.43,-494.85,25.01
2019-10-06 14:45:05,1233.40,-360.00,24.98
2019-10-06 14:50:17,1233.31,-1038.46,24.89
2019-10-06 14:55:06,1233.21,-1245.67,24.79
2019-10-06 15:00:05,1233.17,-481.61,24.75
2019-10-06 15:05:21,1233.15,-227.13,24.73
2019-10-06 15:10:07,1233.10,-629.37,24.68
2019-10-06 15:15:08,1233.06,-478.41,24.64
2019-10-06 15:20:07,1233.01,-602.01,24.59
2019-10-06 15:25:04,1232.93,-969.70,24.51
2019-10-06 15:30:17,1232.88,-575.08,24.46
2019-10-06 15:35:04,1232.81,-875.00,24.39
2019-10-06 15:40:06,1232.79,-238.41,24.37
2019-10-06 15:45:05,1232.76,-361.20,24.34
2019-10-06 15:50:08,1232.74,-237.62,24.32
2019-10-06 15:55:13,1232.75,118.03,24.33
2019-10-06 16:00:07,1232.76,122.45,24.34
2019-10-06 16:05:06,1232.77,120.40,24.35
2019-10-06 16:10:15,1232.82,582.52,24.4
2019-10-06 16:15:08,1232.85,368.60,24.43
2019-10-06 16:20:07,1232.88,361.20,24.46
2019-10-06 16:25:11,1232.92,473.68,24.5
2019-10-06 16:30:06,1232.98,729.73,24.56
2019-10-06 16:35:04,1233.03,604.03,24.61
2019-10-06 16:40:13,1233.08,582.52,24.66
2019-10-06 16:45:05,1233.11,369.86,24.69
2019-10-06 16:50:05,1233.14,360.00,24.72
2019-10-06 16:55:18,1233.17,345.05,24.75
2019-10-06 17:00:12,1233.20,366.10,24.78
2019-10-06 17:05:04,1233.27,860.07,24.85
2019-10-06 17:10:06,1233.38,1311.26,24.96
2019-10-06 17:15:06,1233.46,960.00,25.04
2019-10-06 17:20:14,1233.53,818.18,25.11
2019-10-06 17:25:09,1233.60,854.24,25.18
2019-10-06 17:30:05,1233.68,972.97,25.26
2019-10-06 17:35:16,1233.75,810.29,25.33
2019-10-06 17:40:05,1233.81,747.40,25.39
2019-10-06 17:45:10,1233.86,590.16,25.44
2019-10-06 17:50:08,1233.93,845.64,25.51
2019-10-06 17:55:05,1234.06,1575.76,25.64
2019-10-06 18:00:12,1234.15,1055.37,25.73
2019-10-06 18:05:05,1234.21,737.20,25.79
2019-10-06 18:10:05,1234.28,840.00,25.86
2019-10-06 18:15:07,1234.44,1907.28,26.02
2019-10-06 18:20:06,1234.60,1926.42,26.18
2019-10-06 18:25:05,1234.73,1565.22,26.31
2019-10-06 18:30:10,1234.87,1652.46,26.45
2019-10-06 18:35:06,1235.01,1702.70,26.59
2019-10-06 18:40:04,1235.14,1570.47,26.72
2019-10-06 18:45:14,1235.28,1625.81,26.86
2019-10-06 18:50:09,1235.42,1708.47,27.0
2019-10-06 18:55:05,1235.56,1696.97,27.14
2019-10-06 19:00:17,1235.71,1730.77,27.29
2019-10-06 19:05:05,1235.84,1625.00,27.42
2019-10-06 19:10:10,1235.98,1652.46,27.56
2019-10-06 19:15:06,1236.11,1581.08,27.69
2019-10-06 19:20:07,1236.16,598.01,27.74
2019-10-06 19:25:13,1236.21,588.24,27.79
2019-10-06 19:30:05,1236.25,493.15,27.83
2019-10-06 19:35:06,1236.32,837.21,27.9
2019-10-06 19:40:04,1236.37,602.01,27.95
2019-10-06 19:45:04,1236.41,480.00,27.99
2019-10-06 19:50:09,1236.45,472.13,28.03
2019-10-06 19:55:06,1236.49,484.85,28.07
2019-10-06 20:00:07,1236.52,357.62,28.1
2019-10-06 20:05:04,1236.57,606.06,28.15
2019-10-06 20:10:20,1236.61,455.70,28.19
2019-10-06 20:15:06,1236.65,503.50,28.23
2019-10-06 20:20:06,1236.68,358.80,28.26
2019-10-06 20:25:06,1236.71,360.00,28.29
2019-10-06 20:30:06,1236.74,360.00,28.32
2019-10-06 20:35:11,1236.77,354.10,28.35
2019-10-06 20:40:06,1236.81,488.14,28.39
2019-10-06 20:45:05,1236.84,361.20,28.42
2019-10-06 20:50:13,1236.89,584.42,28.47
2019-10-06 20:55:07,1236.94,612.24,28.52
2019-10-06 21:00:07,1236.98,480.00,28.56
2019-10-06 21:05:05,1237.03,604.03,28.61
2019-10-06 21:10:04,1237.06,360.00,28.64
2019-10-06 21:15:09,1237.10,472.13,28.68
2019-10-06 21:20:05,1237.12,243.24,28.7
2019-10-06 21:25:05,1237.14,240.00,28.72
2019-10-06 21:30:18,1237.16,229.30,28.74
2019-10-06 21:35:08,1237.18,248.28,28.76
2019-10-06 21:40:05,1237.21,363.64,28.79
2019-10-06 21:45:21,1237.24,341.77,28.82
2019-10-06 21:50:07,1237.26,251.75,28.84
2019-10-06 21:55:05,1237.29,362.42,28.87
2019-10-06 22:00:17,1237.31,230.77,28.89
2019-10-06 22:05:07,1237.33,247.42,28.91
2019-10-06 22:10:05,1237.35,241.61,28.93
2019-10-06 22:15:19,1237.38,343.95,28.96
2019-10-06 22:20:08,1237.41,373.70,28.99
2019-10-06 22:25:08,1237.44,360.00,29.02
2019-10-06 22:30:06,1237.47,362.42,29.05
2019-10-06 22:35:05,1237.49,240.80,29.07
2019-10-06 22:40:10,1237.51,236.07,29.09
2019-10-06 22:45:05,1237.67,1952.54,29.25
2019-10-06 22:50:06,1238.02,4186.05,29.6
2019-10-06 22:55:19,1238.36,3898.09,29.94
2019-10-06 23:00:07,1238.63,3375.00,30.21
2019-10-06 23:05:06,1238.92,3491.64,30.5
2019-10-06 23:10:07,1239.22,3588.04,30.8
2019-10-06 23:15:05,1239.50,3382.55,31.08
2019-10-06 23:20:15,1239.79,3367.74,31.37
2019-10-06 23:25:06,1240.05,3216.49,31.63
2019-10-06 23:30:06,1240.32,3240.00,31.9
2019-10-06 23:35:18,1240.60,3230.77,32.18
2019-10-06 23:40:10,1240.85,3082.19,32.43
2019-10-06 23:45:05,1241.13,3416.95,32.71
2019-10-06 23:50:13,1241.39,3038.96,32.97
2019-10-06 23:55:05,1241.65,3205.48,33.23
2019-10-07 00:00:06,1241.90,2990.03,33.48
2019-10-07 00:05:15,1242.07,1980.58,33.65
2019-10-07 00:10:05,1242.11,496.55,33.69
2019-10-07 00:15:06,1242.36,2990.03,33.94
2019-10-07 00:20:20,1242.46,1146.50,34.04
2019-10-07 00:25:06,1242.50,503.50,34.08
2019-10-07 00:30:07,1242.73,2750.83,34.31
2019-10-07 00:35:07,1242.82,1080.00,34.4
2019-10-07 00:40:06,1242.85,361.20,34.43
2019-10-07 00:45:16,1242.86,116.13,34.44
2019-10-07 00:50:06,1242.88,248.28,34.46
2019-10-07 00:55:05,1242.90,240.80,34.48
2019-10-07 01:00:19,1242.92,229.30,34.5
2019-10-07 01:05:08,1242.94,249.13,34.52
2019-10-07 01:10:12,1242.96,236.84,34.54
2019-10-07 01:15:07,1242.97,122.03,34.55
2019-10-07 01:20:05,1242.98,120.81,34.56
2019-10-07 01:25:14,1243.00,233.01,34.58
2019-10-07 01:30:07,1243.01,122.87,34.59
2019-10-07 01:35:06,1243.04,361.20,34.62
2019-10-07 01:40:10,1243.06,236.84,34.64
2019-10-07 01:45:06,1243.08,243.24,34.66
2019-10-07 01:50:04,1243.09,120.81,34.67
2019-10-07 01:55:12,1243.11,233.77,34.69
2019-10-07 02:00:08,1243.12,121.21,34.7
2019-10-07 02:05:04,1243.13,121.62,34.71
2019-10-07 02:10:17,1243.15,230.03,34.73
2019-10-07 02:15:11,1243.17,244.07,34.75
2019-10-07 02:20:04,1243.19,244.90,34.77
2019-10-07 02:25:05,1243.21,239.20,34.79
2019-10-07 02:30:05,1243.23,240.00,34.81
2019-10-07 02:35:13,1243.24,116.88,34.82
2019-10-07 02:40:08,1243.26,243.24,34.84
2019-10-07 02:45:06,1243.27,120.81,34.85
2019-10-07 02:50:15,1243.28,116.50,34.86
2019-10-07 02:55:06,1243.30,247.42,34.88
2019-10-07 03:00:09,1243.33,356.44,34.91
2019-10-07 03:05:07,1243.35,241.61,34.93
2019-10-07 03:10:06,1243.37,240.80,34.95
2019-10-07 03:15:11,1243.38,118.03,34.96
2019-10-07 03:20:08,1243.40,242.42,34.98
2019-10-07 03:25:10,1243.41,119.21,34.99
2019-10-07 03:30:06,1243.43,242.42,35.01
2019-10-07 03:35:05,1243.44,120.40,35.02
2019-10-07 03:40:06,1243.46,239.20,35.04
2019-10-07 03:45:09,1243.48,237.62,35.06
2019-10-07 03:50:05,1243.50,243.24,35.08
2019-10-07 03:55:06,1243.52,239.20,35.1
2019-10-07 04:00:13,1243.53,116.88,35.11
2019-10-07 04:05:08,1243.54,122.03,35.12
2019-10-07 04:10:05,1243.56,242.42,35.14
2019-10-07 04:15:16,1243.57,115.76,35.15
2019-10-07 04:20:10,1243.59,244.90,35.17
2019-10-07 04:25:09,1243.61,240.00,35.19
2019-10-07 04:30:05,1243.63,243.24,35.21
2019-10-07 04:35:06,1243.65,239.20,35.23
2019-10-07 04:40:12,1243.66,117.65,35.24
2019-10-07 04:45:07,1243.69,366.10,35.27
2019-10-07 04:50:05,1243.72,362.42,35.3
2019-10-07 04:55:21,1243.74,227.85,35.32
2019-10-07 05:00:10,1243.77,373.70,35.35
2019-10-07 05:05:08,1243.80,362.42,35.38
2019-10-07 05:10:05,1243.83,363.64,35.41
2019-10-07 05:15:07,1243.86,357.62,35.44
2019-10-07 05:20:05,1243.89,362.42,35.47
2019-10-07 05:25:07,1243.91,238.41,35.49
2019-10-07 05:30:05,1243.94,362.42,35.52
2019-10-07 05:35:05,1243.97,358.80,35.55
2019-10-07 05:40:05,1244.04,840.00,35.62
2019-10-07 05:45:05,1244.10,720.00,35.68
2019-10-07 05:50:10,1244.16,708.20,35.74
2019-10-07 05:55:08,1244.19,362.42,35.77
2019-10-07 06:00:05,1244.22,363.64,35.8
2019-10-07 06:05:13,1244.24,233.77,35.82
2019-10-07 06:10:06,1244.27,368.60,35.85
2019-10-07 06:15:06,1244.29,240.00,35.87
2019-10-07 06:20:22,1244.32,341.77,35.9
2019-10-07 06:25:05,1244.35,381.63,35.93
2019-10-07 06:30:08,1244.38,355.26,35.96
2019-10-07 06:35:05,1244.41,363.64,35.99
2019-10-07 06:40:05,1244.43,240.00,36.01
2019-10-07 06:45:18,1244.46,345.05,36.04
2019-10-07 06:50:07,1244.49,373.70,36.07
2019-10-07 06:55:06,1244.51,240.00,36.09
2019-10-07 07:00:20,1244.53,229.30,36.11
2019-10-07 07:05:06,1244.56,377.62,36.14
2019-10-07 07:10:06,1244.59,360.00,36.17
2019-10-07 07:15:15,1244.62,349.51,36.2
2019-10-07 07:20:07,1244.67,616.44,36.25
2019-10-07 07:25:05,1244.75,966.44,36.33
2019-10-07 07:30:18,1244.79,460.06,36.37
2019-10-07 07:35:07,1244.81,248.28,36.39
2019-10-07 07:40:07,1244.85,480.00,36.43
2019-10-07 07:45:05,1244.88,362.42,36.46
2019-10-07 07:50:08,1244.92,475.25,36.5
2019-10-07 07:55:09,1244.96,478.41,36.54
2019-10-07 08:00:09,1244.98,240.00,36.56
2019-10-07 08:05:05,1245.08,1216.22,36.66
2019-10-07 08:10:05,1245.15,840.00,36.73
2019-10-07 08:15:06,1245.23,956.81,36.81
2019-10-07 08:20:05,1245.25,240.80,36.83
2019-10-07 08:25:06,1245.28,358.80,36.86
2019-10-07 08:30:06,1245.29,120.00,36.87
2019-10-07 08:35:14,1245.28,-116.50,36.86
2019-10-07 08:40:05,1245.26,-247.42,36.84
2019-10-07 08:45:07,1245.23,-357.62,36.81
2019-10-07 08:50:17,1245.19,-464.52,36.77
2019-10-07 08:55:10,1245.18,-122.87,36.76
2019-10-07 09:00:04,1245.21,366.10,36.79
2019-10-07 09:05:12,1245.17,-466.02,36.75
2019-10-07 09:10:08,1245.17,0.00,36.75
2019-10-07 09:15:06,1245.20,362.42,36.78
2019-10-07 09:20:15,1245.21,116.50,36.79
2019-10-07 09:25:06,1245.23,247.42,36.81
2019-10-07 09:30:05,1245.21,-240.80,36.79
2019-10-07 09:35:05,1245.16,-598.01,36.74
2019-10-07 09:40:05,1245.12,-480.00,36.7
2019-10-07 09:45:06,1245.06,-717.61,36.64
2019-10-07 09:50:06,1245.01,-600.00,36.59
2019-10-07 09:55:05,1244.96,-602.01,36.54
2019-10-07 10:00:15,1244.89,-812.90,36.47
2019-10-07 10:05:05,1244.81,-993.10,36.39
2019-10-07 10:10:05,1244.72,-1080.00,36.3
2019-10-07 10:15:08,1244.63,-1069.31,36.21
2019-10-07 10:20:07,1244.55,-963.21,36.13
2019-10-07 10:25:11,1244.49,-710.53,36.07
2019-10-07 10:30:06,1244.39,-1220.34,35.97
2019-10-07 10:35:05,1244.20,-2287.63,35.78
2019-10-07 10:40:14,1244.02,-2097.09,35.6
2019-10-07 10:45:06,1243.87,-1849.32,35.45
2019-10-07 10:50:05,1243.67,-2408.03,35.25
2019-10-07 10:55:09,1243.45,-2605.26,35.03
2019-10-07 11:00:05,1243.29,-1945.95,34.87
2019-10-07 11:05:07,1243.10,-2264.90,34.68
2019-10-07 11:10:11,1242.84,-3078.95,34.42
2019-10-07 11:15:08,1242.67,-2060.61,34.25
2019-10-07 11:20:05,1242.51,-1939.39,34.09
2019-10-07 11:25:16,1242.40,-1273.31,33.98
2019-10-07 11:30:10,1242.27,-1591.84,33.85
2019-10-07 11:35:05,1242.05,-2684.75,33.63
2019-10-07 11:40:04,1241.77,-3371.24,33.35
2019-10-07 11:45:06,1241.40,-4410.60,32.98
2019-10-07 11:50:12,1241.20,-2352.94,32.78
2019-10-07 11:55:07,1241.02,-2189.19,32.6
2019-10-07 12:00:05,1240.80,-2657.72,32.38
2019-10-07 12:05:14,1240.66,-1631.07,32.24
2019-10-07 12:10:05,1240.53,-1608.25,32.11
2019-10-07 12:15:08,1240.43,-1188.12,32.01
2019-10-07 12:20:06,1240.35,-966.44,31.93
2019-10-07 12:25:05,1240.30,-602.01,31.88
2019-10-07 12:30:10,1240.28,-236.07,31.86
2019-10-07 12:35:07,1240.23,-606.06,31.81
2019-10-07 12:40:09,1240.19,-476.82,31.77
2019-10-07 12:45:06,1240.25,727.27,31.83
2019-10-07 12:50:09,1240.31,712.87,31.89
2019-10-07 12:55:05,1240.36,606.06,31.94
2019-10-07 13:00:08,1240.37,118.81,31.95
2019-10-07 13:05:07,1240.34,-361.20,31.92
2019-10-07 13:10:05,1240.29,-604.03,31.87
2019-10-07 13:15:13,1240.22,-818.18,31.8
2019-10-07 13:20:07,1240.18,-489.80,31.76
2019-10-07 13:25:06,1240.16,-240.80,31.74
2019-10-07 13:30:07,1240.14,-239.20,31.72
2019-10-07 13:35:09,1240.12,-238.41,31.7
2019-10-07 13:40:09,1240.08,-480.00,31.66
2019-10-07 13:45:04,1240.05,-366.10,31.63
2019-10-07 13:50:05,1240.04,-119.60,31.62
2019-10-07 13:55:11,1240.00,-470.59,31.58
2019-10-07 14:00:06,1239.97,-366.10,31.55
2019-10-07 14:05:07,1239.92,-598.01,31.5
2019-10-07 14:10:07,1239.88,-478.41,31.46
2019-10-07 14:15:10,1239.79,-1069.31,31.37
2019-10-07 14:20:07,1239.73,-727.27,31.31
2019-10-07 14:25:07,1239.66,-840.00,31.24
2019-10-07 14:30:06,1239.64,-240.80,31.22
2019-10-07 14:35:07,1239.63,-119.60,31.21
2019-10-07 14:40:06,1239.61,-240.80,31.19
2019-10-07 14:45:04,1239.52,-1083.61,31.1
2019-10-07 14:50:05,1239.41,-1315.61,30.99
2019-10-07 14:55:07,1239.33,-953.64,30.91
2019-10-07 15:00:04,1239.29,-484.85,30.87
2019-10-07 15:05:09,1239.22,-826.23,30.8
2019-10-07 15:10:07,1239.13,-1083.61,30.71
2019-10-07 15:15:05,1239.04,-1087.25,30.62
2019-10-07 15:20:08,1238.99,-594.06,30.57
2019-10-07 15:25:05,1238.98,-121.21,30.56
2019-10-07 15:30:05,1238.93,-600.00,30.51
2019-10-07 15:35:07,1238.90,-356.44,30.48
2019-10-07 15:40:09,1238.88,-238.41,30.46
2019-10-07 15:45:08,1238.86,-240.80,30.44
2019-10-07 15:50:09,1238.83,-358.80,30.41
2019-10-07 15:55:04,1238.86,366.10,30.44
2019-10-07 16:00:04,1238.85,-120.00,30.43
2019-10-07 16:05:06,1238.85,0.00,30.43
2019-10-07 16:10:06,1238.86,120.00,30.44
2019-10-07 16:15:19,1238.88,229.30,30.46
2019-10-07 16:20:05,1238.93,629.37,30.51
2019-10-07 16:25:05,1239.10,2040.00,30.68
2019-10-07 16:30:15,1239.48,4412.90,31.06
2019-10-07 16:35:06,1239.83,4329.90,31.41
2019-10-07 16:40:06,1240.11,3360.00,31.69
2019-10-07 16:45:17,1240.39,3241.16,31.97
2019-10-07 16:50:07,1240.43,496.55,32.01
2019-10-07 16:55:06,1240.48,602.01,32.06
2019-10-07 17:00:08,1240.52,476.82,32.1
2019-10-07 17:05:08,1240.55,360.00,32.13
2019-10-07 17:10:08,1240.58,358.80,32.16
2019-10-07 17:15:08,1240.63,600.00,32.21
2019-10-07 17:20:04,1240.68,608.11,32.26
2019-10-07 17:25:18,1240.71,343.95,32.29
2019-10-07 17:30:05,1240.75,501.74,32.33
2019-10-07 17:35:07,1240.78,357.62,32.36
2019-10-07 17:40:05,1240.82,483.22,32.4
2019-10-07 17:45:05,1240.85,360.00,32.43
2019-10-07 17:50:14,1240.89,466.02,32.47
2019-10-07 17:55:05,1240.92,371.13,32.5
2019-10-07 18:00:06,1240.96,478.41,32.54
2019-10-07 18:05:16,1241.02,696.77,32.6
2019-10-07 18:10:09,1241.06,491.47,32.64
2019-10-07 18:15:05,1241.10,486.49,32.68
2019-10-07 18:20:11,1241.13,351.79,32.71
2019-10-07 18:25:07,1241.17,486.49,32.75
2019-10-07 18:30:05,1241.20,362.42,32.78
2019-10-07 18:35:14,1241.25,582.52,32.83
2019-10-07 18:40:05,1241.29,494.85,32.87
2019-10-07 18:45:06,1241.33,478.41,32.91
2019-10-07 18:50:04,1241.37,481.61,32.95
2019-10-07 18:55:04,1241.40,360.00,32.98
2019-10-07 19:00:05,1241.43,358.80,33.01
2019-10-07 19:05:05,1241.45,240.00,33.03
2019-10-07 19:10:07,1241.48,357.62,33.06
2019-10-07 19:15:14,1241.50,234.53,33.08
2019-10-07 19:20:04,1241.53,372.41,33.11
2019-10-07 19:25:05,1241.57,478.41,33.15
2019-10-07 19:30:07,1241.60,357.62,33.18
2019-10-07 19:35:06,1241.63,361.20,33.21
2019-10-07 19:40:10,1241.69,710.53,33.27
2019-10-07 19:45:05,1241.75,732.20,33.33
2019-10-07 19:50:05,1241.81,720.00,33.39
2019-10-07 19:55:12,1241.84,350.65,33.42
2019-10-07 20:00:05,1241.90,734.69,33.48
2019-10-07 20:05:04,1241.93,361.20,33.51
2019-10-07 20:10:08,1241.96,355.26,33.54
2019-10-07 20:15:06,1241.99,362.42,33.57
2019-10-07 20:20:06,1242.02,360.00,33.6
2019-10-07 20:25:10,1242.05,354.10,33.63
2019-10-07 20:30:07,1242.08,363.64,33.66
2019-10-07 20:35:05,1242.10,241.61,33.68
2019-10-07 20:40:15,1242.11,116.13,33.69
2019-10-07 20:45:09,1242.13,244.07,33.71
2019-10-07 20:50:04,1242.15,244.07,33.73
2019-10-07 20:55:18,1242.18,343.95,33.76
2019-10-07 21:00:05,1242.20,250.87,33.78
2019-10-07 21:05:11,1242.23,352.94,33.81
2019-10-07 21:10:07,1242.25,243.24,33.83
2019-10-07 21:15:07,1242.29,478.41,33.87
2019-10-07 21:20:13,1242.37,938.11,33.95
2019-10-07 21:25:04,1242.43,742.27,34.01
2019-10-07 21:30:07,1242.47,475.25,34.05
2019-10-07 21:35:05,1242.51,483.22,34.09
2019-10-07 21:40:04,1242.54,360.00,34.12
2019-10-07 21:45:09,1242.56,236.07,34.14
2019-10-07 21:50:06,1242.59,363.64,34.17
2019-10-07 21:55:08,1242.62,357.62,34.2
2019-10-07 22:00:06,1242.64,240.80,34.22
2019-10-07 22:05:20,1242.67,343.95,34.25
2019-10-07 22:10:04,1242.70,378.95,34.28
2019-10-07 22:15:07,1242.73,356.44,34.31
2019-10-07 22:20:06,1242.76,361.20,34.34
2019-10-07 22:25:05,1242.78,240.80,34.36
2019-10-07 22:30:12,1242.81,351.79,34.39
2019-10-07 22:35:06,1242.83,244.90,34.41
2019-10-07 22:40:05,1242.86,361.20,34.44
2019-10-07 22:45:14,1242.89,349.51,34.47
2019-10-07 22:50:08,1242.92,367.35,34.5
2019-10-07 22:55:08,1242.95,360.00,34.53
2019-10-07 23:00:06,1242.97,241.61,34.55
2019-10-07 23:05:05,1243.01,481.61,34.59
2019-10-07 23:10:10,1243.04,354.10,34.62
2019-10-07 23:15:05,1243.07,366.10,34.65
2019-10-07 23:20:06,1243.10,358.80,34.68
2019-10-07 23:25:19,1243.12,230.03,34.7
2019-10-07 23:30:09,1243.15,372.41,34.73
2019-10-07 23:35:06,1243.17,242.42,34.75
2019-10-07 23:40:22,1243.20,341.77,34.78
2019-10-07 23:45:05,1243.22,254.42,34.8
2019-10-07 23:50:06,1243.26,478.41,34.84
2019-10-07 23:55:17,1243.29,347.27,34.87
2019-10-08 00:00:08,1243.31,247.42,34.89
2019-10-08 00:05:05,1243.34,363.64,34.92
2019-10-08 00:10:20,1243.36,228.57,34.94
2019-10-08 00:15:09,1243.39,373.70,34.97
2019-10-08 00:20:08,1243.41,240.80,34.99
2019-10-08 00:25:07,1243.44,361.20,35.02
2019-10-08 00:30:05,1243.48,483.22,35.06
2019-10-08 00:35:11,1243.50,235.29,35.08
2019-10-08 00:40:06,1243.52,244.07,35.1
2019-10-08 00:45:04,1243.55,362.42,35.13
2019-10-08 00:50:20,1243.59,455.70,35.17
2019-10-08 00:55:07,1243.62,375.00,35.2
2019-10-08 01:00:07,1243.65,360.00,35.23
2019-10-08 01:05:08,1243.67,239.20,35.25
2019-10-08 01:10:06,1243.69,241.61,35.27
2019-10-08 01:15:16,1243.72,348.39,35.3
2019-10-08 01:20:05,1243.74,249.13,35.32
2019-10-08 01:25:06,1243.77,358.80,35.35
2019-10-08 01:30:18,1243.80,346.15,35.38
2019-10-08 01:35:11,1243.83,368.60,35.41
2019-10-08 01:40:04,1243.87,489.80,35.45
2019-10-08 01:45:14,1243.91,464.52,35.49
2019-10-08 01:50:05,1243.95,494.85,35.53
2019-10-08 01:55:05,1243.97,240.00,35.55
2019-10-08 02:00:16,1243.98,115.76,35.56
2019-10-08 02:05:06,1244.00,248.28,35.58
2019-10-08 02:10:05,1244.03,361.20,35.61
2019-10-08 02:15:20,1244.07,457.14,35.65
2019-10-08 02:20:07,1244.09,250.87,35.67
2019-10-08 02:25:07,1244.11,240.00,35.69
2019-10-08 02:30:07,1244.14,360.00,35.72
2019-10-08 02:35:07,1244.17,360.00,35.75
2019-10-08 02:40:16,1244.20,348.39,35.78
2019-10-08 02:45:04,1244.24,500.00,35.82
2019-10-08 02:50:06,1244.26,238.41,35.84
2019-10-08 02:55:05,1244.29,361.20,35.87
2019-10-08 03:00:08,1244.31,237.62,35.89
2019-10-08 03:05:12,1244.34,354.10,35.92
2019-10-08 03:10:07,1244.36,244.07,35.94
2019-10-08 03:15:05,1244.39,362.42,35.97
2019-10-08 03:20:15,1244.42,348.39,36.0
2019-10-08 03:25:08,1244.44,245.73,36.02
2019-10-08 03:30:07,1244.46,240.80,36.04
2019-10-08 03:35:10,1244.47,118.81,36.05
2019-10-08 03:40:06,1244.49,243.24,36.07
2019-10-08 03:45:05,1244.50,120.40,36.08
2019-10-08 03:50:13,1244.51,116.88,36.09
2019-10-08 03:55:09,1244.54,364.86,36.12
2019-10-08 04:00:05,1244.56,243.24,36.14
2019-10-08 04:05:18,1244.58,230.03,36.16
2019-10-08 04:10:12,1244.59,122.45,36.17
2019-10-08 04:15:05,1244.60,122.87,36.18
2019-10-08 04:20:06,1244.62,239.20,36.2
2019-10-08 04:25:06,1244.64,240.00,36.22
2019-10-08 04:30:13,1244.67,351.79,36.25
2019-10-08 04:35:09,1244.68,121.62,36.26
2019-10-08 04:40:07,1244.70,241.61,36.28
2019-10-08 04:45:16,1244.71,116.50,36.29
2019-10-08 04:50:05,1244.73,249.13,36.31
2019-10-08 04:55:09,1244.74,118.42,36.32
2019-10-08 05:00:07,1244.76,240.80,36.34
2019-10-08 05:05:04,1244.78,242.42,36.36
2019-10-08 05:10:12,1244.80,233.77,36.38
2019-10-08 05:15:04,1244.82,246.58,36.4
2019-10-08 05:20:04,1244.83,119.60,36.41
2019-10-08 05:25:07,1244.88,594.06,36.46
2019-10-08 05:30:05,1244.90,241.61,36.48
2019-10-08 05:35:07,1244.91,119.21,36.49
2019-10-08 05:40:09,1244.95,476.82,36.53
2019-10-08 05:45:05,1244.97,242.42,36.55
2019-10-08 05:50:05,1244.99,240.00,36.57
2019-10-08 05:55:14,1245.01,233.01,36.59
2019-10-08 06:00:09,1245.02,122.03,36.6
2019-10-08 06:05:05,1245.03,121.62,36.61
2019-10-08 06:10:17,1245.06,346.15,36.64
2019-10-08 06:15:04,1245.08,250.87,36.66
2019-10-08 06:20:10,1245.10,235.29,36.68
2019-10-08 06:25:06,1245.12,243.24,36.7
2019-10-08 06:30:06,1245.13,120.00,36.71
2019-10-08 06:35:12,1245.15,234.53,36.73
2019-10-08 06:40:08,1245.16,121.62,36.74
2019-10-08 06:45:06,1245.17,120.81,36.75
2019-10-08 06:50:21,1245.19,228.57,36.77
2019-10-08 06:55:11,1245.21,248.28,36.79
2019-10-08 07:00:08,1245.27,727.27,36.85
2019-10-08 07:05:05,1245.32,606.06,36.9
2019-10-08 07:10:07,1245.39,834.44,36.97
2019-10-08 07:15:05,1245.43,483.22,37.01
2019-10-08 07:20:20,1245.47,457.14,37.05
2019-10-08 07:25:06,1245.50,377.62,37.08
2019-10-08 07:30:06,1245.59,1080.00,37.17
2019-10-08 07:35:05,1245.70,1324.41,37.28
2019-10-08 07:40:05,1245.82,1435.22,37.4
2019-10-08 07:45:11,1245.88,705.88,37.46
2019-10-08 07:50:05,1245.99,1346.94,37.57
2019-10-08 07:55:06,1246.03,478.41,37.61
2019-10-08 08:00:13,1246.07,469.06,37.65
2019-10-08 08:05:06,1246.11,489.80,37.69
2019-10-08 08:10:07,1246.16,598.01,37.74
2019-10-08 08:15:05,1246.21,604.03,37.79
2019-10-08 08:20:05,1246.25,480.00,37.83
2019-10-08 08:25:09,1246.28,355.26,37.86
2019-10-08 08:30:05,1246.30,243.24,37.88
2019-10-08 08:35:05,1246.33,360.00,37.91
2019-10-08 08:40:18,1246.34,115.02,37.92
2019-10-08 08:45:07,1246.36,249.13,37.94
2019-10-08 08:50:05,1246.37,120.81,37.95
2019-10-08 08:55:21,1246.39,227.85,37.97
2019-10-08 09:00:06,1246.42,378.95,38.0
2019-10-08 09:05:07,1246.57,1794.02,38.15
2019-10-08 09:10:16,1246.65,932.04,38.23
2019-10-08 09:15:07,1246.65,0.00,38.23
2019-10-08 09:20:05,1246.66,120.81,38.24
2019-10-08 09:25:19,1246.66,0.00,38.24
2019-10-08 09:30:08,1246.70,498.27,38.28
2019-10-08 09:35:07,1246.74,481.61,38.32
2019-10-08 09:40:05,1246.75,120.40,38.33
2019-10-08 09:45:04,1246.74,-120.40,38.32
2019-10-08 09:50:09,1246.73,-117.65,38.31
2019-10-08 09:55:05,1246.72,-121.62,38.3
2019-10-08 10:00:05,1246.71,-120.00,38.29
2019-10-08 10:05:19,1246.70,-114.65,38.28
2019-10-08 10:10:06,1246.69,-125.44,38.27
2019-10-08 10:15:06,1246.69,0.00,38.27
2019-10-08 10:20:06,1246.69,0.00,38.27
2019-10-08 10:25:05,1246.65,-481.61,38.23
2019-10-08 10:30:14,1246.60,-580.65,38.18
2019-10-08 10:35:04,1246.54,-744.83,38.12
2019-10-08 10:40:05,1246.47,-837.21,38.05
2019-10-08 10:45:17,1246.40,-807.69,37.98
2019-10-08 10:50:10,1246.33,-860.07,37.91
2019-10-08 10:55:05,1246.28,-610.17,37.86
2019-10-08 11:00:13,1246.23,-584.42,37.81
2019-10-08 11:05:05,1246.16,-863.01,37.74
2019-10-08 11:10:06,1246.09,-837.21,37.67
2019-10-08 11:15:15,1246.01,-932.04,37.59
2019-10-08 11:20:04,1245.97,-496.55,37.55
2019-10-08 11:25:05,1245.94,-358.80,37.52
2019-10-08 11:30:06,1245.94,0.00,37.52
2019-10-08 11:35:05,1245.94,0.00,37.52
2019-10-08 11:40:06,1245.90,-478.41,37.48
2019-10-08 11:45:06,1245.86,-480.00,37.44
2019-10-08 11:50:06,1245.90,480.00,37.48
2019-10-08 11:55:16,1245.86,-464.52,37.44
2019-10-08 12:00:05,1245.85,-124.57,37.43
2019-10-08 12:05:05,1245.83,-240.00,37.41
2019-10-08 12:10:18,1245.80,-345.05,37.38
2019-10-08 12:15:07,1245.78,-249.13,37.36
2019-10-08 12:20:11,1245.76,-236.07,37.34
2019-10-08 12:25:06,1245.71,-610.17,37.29
2019-10-08 12:30:05,1245.67,-481.61,37.25
2019-10-08 12:35:14,1245.60,-815.53,37.18
2019-10-08 12:40:07,1245.52,-982.94,37.1
2019-10-08 12:45:05,1245.43,-1083.61,37.01
2019-10-08 12:50:09,1245.34,-1065.79,36.92
2019-10-08 12:55:07,1245.26,-963.21,36.84
2019-10-08 13:00:07,1245.17,-1080.00,36.75
2019-10-08 13:05:12,1245.06,-1298.36,36.64
2019-10-08 13:10:08,1244.95,-1337.84,36.53
2019-10-08 13:15:05,1244.85,-1212.12,36.43
2019-10-08 13:20:16,1244.73,-1389.07,36.31
2019-10-08 13:25:11,1244.63,-1220.34,36.21
2019-10-08 13:30:06,1244.53,-1220.34,36.11
2019-10-08 13:35:05,1244.43,-1204.01,36.01
2019-10-08 13:40:05,1244.34,-1080.00,35.92
2019-10-08 13:45:12,1244.24,-1172.64,35.82
2019-10-08 13:50:08,1244.15,-1094.59,35.73
2019-10-08 13:55:05,1244.09,-724.83,35.67
2019-10-08 14:00:05,1244.00,-1080.00,35.58
2019-10-08 14:05:06,1243.92,-956.81,35.5
2019-10-08 14:10:08,1243.85,-834.44,35.43
2019-10-08 14:15:06,1243.78,-845.64,35.36
2019-10-08 14:20:05,1243.71,-842.81,35.29
2019-10-08 14:25:11,1243.63,-941.18,35.21
2019-10-08 14:30:08,1243.55,-969.70,35.13
2019-10-08 14:35:09,1243.47,-956.81,35.05
2019-10-08 14:40:06,1243.39,-969.70,34.97
2019-10-08 14:45:21,1243.31,-914.29,34.89
2019-10-08 14:50:06,1243.23,-1010.53,34.81
2019-10-08 14:55:08,1243.16,-834.44,34.74
2019-10-08 15:00:07,1243.09,-840.00,34.67
2019-10-08 15:05:05,1243.02,-845.64,34.6
2019-10-08 15:10:13,1242.95,-818.18,34.53
2019-10-08 15:15:07,1242.89,-734.69,34.47
2019-10-08 15:20:04,1242.82,-845.64,34.4
2019-10-08 15:25:15,1242.76,-694.53,34.34
2019-10-08 15:30:09,1242.70,-734.69,34.28
2019-10-08 15:35:09,1242.65,-600.00,34.23
2019-10-08 15:40:07,1242.70,604.03,34.28
2019-10-08 15:45:05,1242.75,604.03,34.33
2019-10-08 15:50:11,1242.79,470.59,34.37
2019-10-08 15:55:06,1242.87,972.97,34.45
2019-10-08 16:00:05,1242.93,722.41,34.51
2019-10-08 16:05:21,1243.05,1367.09,34.63
2019-10-08 16:10:10,1243.05,0.00,34.63
2019-10-08 16:15:07,1243.06,121.21,34.64
2019-10-08 16:20:04,1243.07,121.21,34.65
2019-10-08 16:25:06,1243.08,119.21,34.66
2019-10-08 16:30:07,1243.09,119.60,34.67
2019-10-08 16:35:18,1243.10,115.76,34.68
2019-10-08 16:40:05,1243.11,125.44,34.69
2019-10-08 16:45:05,1243.13,240.00,34.71
2019-10-08 16:50:20,1243.14,114.29,34.72
2019-10-08 16:55:10,1243.16,248.28,34.74
2019-10-08 17:00:10,1243.18,240.00,34.76
2019-10-08 17:05:08,1243.21,362.42,34.79
2019-10-08 17:10:06,1243.24,361.20,34.82
2019-10-08 17:15:12,1243.27,352.94,34.85
2019-10-08 17:20:05,1243.30,367.35,34.88
2019-10-08 17:25:06,1243.34,478.41,34.92
2019-10-08 17:30:21,1243.38,457.14,34.96
2019-10-08 17:35:09,1243.42,500.00,35.0
2019-10-08 17:40:08,1243.47,602.01,35.05
2019-10-08 17:45:09,1243.53,717.61,35.11
2019-10-08 17:50:05,1243.61,972.97,35.19
2019-10-08 17:55:17,1243.75,1615.38,35.33
2019-10-08 18:00:06,1243.94,2366.78,35.52
2019-10-08 18:05:06,1244.14,2400.00,35.72
2019-10-08 18:10:19,1244.44,3450.48,36.02
2019-10-08 18:15:05,1244.63,2391.61,36.21
2019-10-08 18:20:06,1244.75,1435.22,36.33
2019-10-08 18:25:15,1244.84,1048.54,36.42
2019-10-08 18:30:06,1244.91,865.98,36.49
2019-10-08 18:35:06,1245.05,1680.00,36.63
2019-10-08 18:40:17,1245.12,810.29,36.7
2019-10-08 18:45:07,1245.18,744.83,36.76
2019-10-08 18:50:06,1245.26,963.21,36.84
2019-10-08 18:55:22,1245.36,1139.24,36.94
2019-10-08 19:00:08,1245.43,881.12,37.01
2019-10-08 19:05:08,1245.51,956.81,37.09
2019-10-08 19:10:08,1245.60,1080.00,37.18
2019-10-08 19:15:05,1245.68,969.70,37.26
2019-10-08 19:20:18,1245.78,1150.16,37.36
2019-10-08 19:25:05,1245.85,878.05,37.43
2019-10-08 19:30:05,1245.90,600.00,37.48
2019-10-08 19:35:05,1245.93,360.00,37.51
2019-10-08 19:40:06,1245.96,358.80,37.54
2019-10-08 19:45:14,1246.00,467.53,37.58
2019-10-08 19:50:05,1246.05,618.56,37.63
2019-10-08 19:55:06,1246.09,476.82,37.67
2019-10-08 20:00:16,1246.13,464.52,37.71
2019-10-08 20:05:09,1246.16,368.60,37.74
2019-10-08 20:10:05,1246.20,486.49,37.78
2019-10-08 20:15:11,1246.23,351.79,37.81
2019-10-08 20:20:07,1246.27,486.49,37.85
2019-10-08 20:25:05,1246.34,845.64,37.92
2019-10-08 20:30:14,1246.38,466.02,37.96
2019-10-08 20:35:05,1246.40,247.42,37.98
2019-10-08 20:40:06,1246.42,239.20,38.0
2019-10-08 20:45:19,1246.45,345.05,38.03
2019-10-08 20:50:04,1246.48,378.95,38.06
2019-10-08 20:55:05,1246.58,1196.01,38.16
2019-10-08 21:00:05,1246.68,1200.00,38.26
2019-10-08 21:05:04,1246.82,1680.00,38.4
2019-10-08 21:10:14,1246.97,1741.94,38.55
2019-10-08 21:15:10,1247.01,486.49,38.59
2019-10-08 21:20:05,1247.07,729.73,38.65
2019-10-08 21:25:17,1247.10,346.15,38.68
2019-10-08 21:30:06,1247.18,996.54,38.76
2019-10-08 21:35:10,1247.27,1065.79,38.85
2019-10-08 21:40:05,1247.34,854.24,38.92
2019-10-08 21:45:05,1247.42,960.00,39.0
2019-10-08 21:50:13,1247.48,701.30,39.06
2019-10-08 21:55:05,1247.53,614.33,39.11
2019-10-08 22:00:04,1247.58,602.01,39.16
2019-10-08 22:05:08,1247.64,710.53,39.22
2019-10-08 22:10:06,1247.68,483.22,39.26
2019-10-08 22:15:06,1247.70,240.00,39.28
2019-10-08 22:20:10,1247.72,236.07,39.3
2019-10-08 22:25:07,1247.74,242.42,39.32
2019-10-08 22:30:05,1247.75,120.81,39.33
2019-10-08 22:35:15,1247.77,232.26,39.35
2019-10-08 22:40:13,1247.79,241.61,39.37
2019-10-08 22:45:04,1247.82,369.86,39.4
2019-10-08 22:50:18,1247.84,229.30,39.42
2019-10-08 22:55:05,1247.86,250.87,39.44
2019-10-08 23:00:11,1247.87,117.65,39.45
2019-10-08 23:05:09,1247.89,241.61,39.47
2019-10-08 23:10:04,1247.90,122.03,39.48
2019-10-08 23:15:14,1247.92,232.26,39.5
2019-10-08 23:20:04,1247.95,371.13,39.53
2019-10-08 23:25:07,1247.97,237.62,39.55
2019-10-08 23:30:05,1248.00,362.42,39.58
2019-10-08 23:35:05,1248.02,240.00,39.6
2019-10-08 23:40:09,1248.03,118.42,39.61
2019-10-08 23:45:06,1248.05,241.61,39.63
2019-10-08 23:50:09,1248.06,118.81,39.64
2019-10-08 23:55:05,1248.08,243.24,39.66
2019-10-09 00:00:20,1248.09,114.29,39.67
2019-10-09 00:05:07,1248.11,250.87,39.69
2019-10-09 00:10:07,1248.13,240.00,39.71
2019-10-09 00:15:06,1248.15,240.80,39.73
2019-10-09 00:20:05,1248.17,240.80,39.75
2019-10-09 00:25:12,1248.18,117.26,39.76
2019-10-09 00:30:10,1248.20,241.61,39.78
2019-10-09 00:35:05,1248.21,121.62,39.79
2019-10-09 00:40:14,1248.24,349.51,39.82
2019-10-09 00:45:08,1248.28,489.80,39.86
2019-10-09 00:50:08,1248.31,360.00,39.89
2019-10-09 00:55:06,1248.34,362.42,39.92
2019-10-09 01:00:05,1248.36,240.80,39.94
2019-10-09 01:05:10,1248.39,354.10,39.97
2019-10-09 01:10:05,1248.41,243.24,39.99
2019-10-09 01:15:06,1248.44,358.80,40.02
2019-10-09 01:20:19,1248.48,460.06,40.06
2019-10-09 01:25:08,1248.51,372.41,40.09
2019-10-09 01:30:06,1248.54,362.42,40.12
2019-10-09 01:35:22,1248.56,227.85,40.14
2019-10-09 01:40:05,1248.59,381.63,40.17
2019-10-09 01:45:06,1248.61,239.20,40.19
2019-10-09 01:50:17,1248.64,347.27,40.22
2019-10-09 01:55:08,1248.66,247.42,40.24
2019-10-09 02:00:05,1248.69,363.64,40.27
2019-10-09 02:05:20,1248.73,457.14,40.31
2019-10-09 02:10:09,1248.76,373.70,40.34
2019-10-09 02:15:09,1248.78,240.00,40.36
2019-10-09 02:20:07,1248.80,241.61,40.38
2019-10-09 02:25:05,1248.83,362.42,40.41
2019-10-09 02:30:11,1248.85,235.29,40.43
2019-10-09 02:35:06,1248.88,366.10,40.46
2019-10-09 02:40:05,1248.92,481.61,40.5
2019-10-09 02:45:20,1248.95,342.86,40.53
2019-10-09 02:50:07,1248.97,250.00,40.55
2019-10-09 02:55:07,1248.99,240.00,40.57
2019-10-09 03:00:08,1249.02,358.80,40.6
2019-10-09 03:05:06,1249.05,362.42,40.63
2019-10-09 03:10:16,1249.08,348.39,40.66
2019-10-09 03:15:05,1249.11,373.70,40.69
2019-10-09 03:20:05,1249.14,360.00,40.72
2019-10-09 03:25:18,1249.17,345.05,40.75
2019-10-09 03:30:15,1249.19,242.42,40.77
2019-10-09 03:35:06,1249.22,371.13,40.8
2019-10-09 03:40:14,1249.24,233.77,40.82
2019-10-09 03:45:05,1249.25,123.71,40.83
2019-10-09 03:50:05,1249.27,240.00,40.85
2019-10-09 03:55:16,1249.29,231.51,40.87
2019-10-09 04:00:06,1249.31,248.28,40.89
2019-10-09 04:05:05,1249.33,240.80,40.91
2019-10-09 04:10:20,1249.34,113.92,40.92
2019-10-09 04:15:07,1249.35,125.44,40.93
2019-10-09 04:20:07,1249.37,240.00,40.95
2019-10-09 04:25:09,1249.38,119.21,40.96
2019-10-09 04:30:07,1249.41,362.42,40.99
2019-10-09 04:35:17,1249.43,232.26,41.01
2019-10-09 04:40:04,1249.44,125.44,41.02
2019-10-09 04:45:06,1249.46,238.41,41.04
2019-10-09 04:50:05,1249.47,120.40,41.05
2019-10-09 04:55:08,1249.48,118.81,41.06
2019-10-09 05:00:12,1249.50,236.07,41.08
2019-10-09 05:05:11,1249.53,361.20,41.11
2019-10-09 05:10:05,1249.55,244.90,41.13
2019-10-09 05:15:15,1249.62,812.90,41.2
2019-10-09 05:20:12,1249.65,363.64,41.23
2019-10-09 05:25:06,1249.68,366.10,41.26
2019-10-09 05:30:10,1249.71,355.26,41.29
2019-10-09 05:35:09,1249.72,120.40,41.3
2019-10-09 05:40:05,1249.73,121.62,41.31
2019-10-09 05:45:13,1249.75,233.77,41.33
2019-10-09 05:50:12,1249.78,361.20,41.36
2019-10-09 05:55:05,1249.79,122.87,41.37
2019-10-09 06:00:18,1249.81,230.03,41.39
2019-10-09 06:05:12,1249.82,122.45,41.4
2019-10-09 06:10:04,1249.84,246.58,41.42
2019-10-09 06:15:06,1249.85,119.21,41.43
2019-10-09 06:20:06,1249.87,240.00,41.45
2019-10-09 06:25:13,1249.89,234.53,41.47
2019-10-09 06:30:09,1249.91,243.24,41.49
2019-10-09 06:35:07,1249.92,120.81,41.5
2019-10-09 06:40:15,1249.94,233.01,41.52
2019-10-09 06:45:05,1249.95,124.14,41.53
2019-10-09 06:50:09,1249.97,236.84,41.55
2019-10-09 06:55:07,1250.00,362.42,41.58
2019-10-09 07:00:04,1250.06,727.27,41.64
2019-10-09 07:05:12,1250.10,467.53,41.68
2019-10-09 07:10:09,1250.12,242.42,41.7
2019-10-09 07:15:04,1250.14,243.24,41.72
2019-10-09 07:20:07,1250.24,1188.12,41.82
2019-10-09 07:25:05,1250.43,2295.30,42.01
2019-10-09 07:30:07,1250.49,715.23,42.07
