2020-12-01 00:00:14,2612.52
2020-12-01 00:00:14,2612.52
2020-12-01 00:05:08,2612.53,122.45,0.010000000000218279
2020-12-01 00:10:08,2612.55,181.82,0.03000000000020009
2020-12-01 00:15:06,2612.56,180.60,0.03999999999996362
2020-12-01 00:20:05,2612.58,180.60,0.05999999999994543
2020-12-01 00:25:10,2612.59,178.51,0.07000000000016371
2020-12-01 00:30:06,2612.61,179.70,0.09000000000014552
2020-12-01 00:35:06,2612.62,180.90,0.09999999999990905
2020-12-01 00:40:07,2612.64,179.70,0.11999999999989086
2020-12-01 00:45:09,2612.65,179.10,0.13000000000010914
2020-12-01 00:50:06,2612.67,180.00,0.15000000000009095
2020-12-01 00:55:22,2612.68,176.18,0.15999999999985448
2020-12-01 01:00:05,2612.69,120.20,0.17000000000007276
2020-12-01 01:05:06,2612.71,184.93,0.19000000000005457
2020-12-01 01:10:17,2612.72,176.18,0.1999999999998181
2020-12-01 01:15:08,2612.74,179.10,0.2199999999997999
2020-12-01 01:20:06,2612.75,183.36,0.2300000000000182
2020-12-01 01:25:07,2612.77,180.30,0.25
2020-12-01 01:30:09,2612.78,179.10,0.2600000000002183
2020-12-01 01:35:09,2612.80,179.40,0.2800000000002001
2020-12-01 01:40:07,2612.81,180.60,0.2899999999999636
2020-12-01 01:45:06,2612.83,180.90,0.30999999999994543
2020-12-01 01:50:11,2612.84,178.81,0.3200000000001637
2020-12-01 01:55:06,2612.85,120.00,0.32999999999992724
2020-12-01 02:00:05,2612.88,242.42,0.36000000000012733
2020-12-01 02:05:07,2612.90,299.50,0.38000000000010914
2020-12-01 02:10:08,2612.93,298.51,0.4099999999998545
2020-12-01 02:15:07,2612.96,360.00,0.44000000000005457
2020-12-01 02:20:08,2612.98,300.00,0.4600000000000364
2020-12-01 02:25:06,2613.01,300.50,0.49000000000023647
2020-12-01 02:30:16,2613.03,295.57,0.5100000000002183
2020-12-01 02:35:05,2613.06,300.00,0.5399999999999636
2020-12-01 02:40:05,2613.08,305.60,0.5599999999999454
2020-12-01 02:45:18,2613.11,293.16,0.5900000000001455
2020-12-01 02:50:04,2613.13,300.50,0.6100000000001273
2020-12-01 02:55:05,2613.16,306.64,0.6399999999998727
2020-12-01 03:00:14,2613.18,295.08,0.6599999999998545
2020-12-01 03:05:05,2613.21,300.00,0.6900000000000546
2020-12-01 03:10:05,2613.23,304.57,0.7100000000000364
2020-12-01 03:15:16,2613.26,294.60,0.7400000000002365
2020-12-01 03:20:06,2613.28,299.50,0.7600000000002183
2020-12-01 03:25:05,2613.31,305.08,0.7899999999999636
2020-12-01 03:30:07,2613.33,299.50,0.8099999999999454
2020-12-01 03:35:07,2613.36,299.00,0.8400000000001455
2020-12-01 03:40:08,2613.38,299.50,0.8600000000001273
2020-12-01 03:45:07,2613.41,299.50,0.8899999999998727
2020-12-01 03:50:04,2613.43,302.01,0.9099999999998545
2020-12-01 03:55:17,2613.46,295.08,0.9400000000000546
2020-12-01 04:00:07,2613.48,298.51,0.9600000000000364
2020-12-01 04:05:06,2613.51,305.60,0.9900000000002365
2020-12-01 04:10:05,2613.53,301.00,1.0100000000002183
2020-12-01 04:15:05,2613.55,240.40,1.0300000000002
2020-12-01 04:20:13,2613.57,236.84,1.050000000000182
2020-12-01 04:25:07,2613.58,179.10,1.0599999999999454
2020-12-01 04:30:06,2613.60,182.12,1.0799999999999272
2020-12-01 04:35:15,2613.61,177.34,1.0900000000001455
2020-12-01 04:40:08,2613.63,179.40,1.1100000000001273
2020-12-01 04:45:07,2613.64,182.43,1.1199999999998909
2020-12-01 04:50:11,2613.66,179.10,1.1399999999998727
2020-12-01 04:55:06,2613.67,180.00,1.150000000000091
2020-12-01 05:00:04,2613.68,121.42,1.1599999999998545
2020-12-01 05:05:13,2613.70,177.92,1.1799999999998363
2020-12-01 05:10:09,2613.71,178.51,1.1900000000000546
2020-12-01 05:15:05,2613.73,182.43,1.2100000000000364
2020-12-01 05:20:18,2613.74,177.34,1.2199999999998
2020-12-01 05:25:12,2613.76,177.92,1.2400000000002365
2020-12-01 05:30:05,2613.77,183.99,1.25
2020-12-01 05:35:06,2613.79,181.82,1.2699999999999818
2020-12-01 05:40:06,2613.80,179.40,1.2800000000002
2020-12-01 05:45:14,2613.82,177.63,1.300000000000182
2020-12-01 05:50:09,2613.83,178.81,1.3099999999999454
2020-12-01 05:55:05,2613.84,121.83,1.3200000000001637
2020-12-01 06:00:06,2613.86,180.60,1.3400000000001455
2020-12-01 06:05:05,2613.87,180.00,1.349999999999909
2020-12-01 06:10:10,2613.89,178.81,1.3699999999998909
2020-12-01 06:15:08,2613.90,179.10,1.3800000000001091
2020-12-01 06:20:07,2613.92,180.90,1.400000000000091
2020-12-01 06:25:12,2613.93,178.81,1.4099999999998545
2020-12-01 06:30:09,2613.95,179.40,1.4299999999998363
2020-12-01 06:35:05,2613.96,182.12,1.4400000000000546
2020-12-01 06:40:07,2613.98,180.30,1.4600000000000364
2020-12-01 06:45:06,2613.99,179.70,1.4699999999998
2020-12-01 06:50:05,2614.00,120.40,1.4800000000000182
2020-12-01 06:55:10,2614.02,178.81,1.5
2020-12-01 07:00:06,2614.04,239.60,1.5199999999999818
2020-12-01 07:05:05,2614.06,242.02,1.5399999999999636
2020-12-01 07:10:15,2614.12,472.91,1.599999999999909
2020-12-01 07:15:09,2614.22,953.64,1.699999999999818
2020-12-01 07:20:05,2614.30,1096.45,1.7800000000002
2020-12-01 07:25:17,2614.36,828.95,1.8400000000001455
2020-12-01 07:30:10,2614.45,891.09,1.9299999999998363
2020-12-01 07:35:10,2614.51,910.62,1.9900000000002365
2020-12-01 07:40:06,2614.56,664.43,2.0399999999999636
2020-12-01 07:45:07,2614.67,964.82,2.150000000000091
2020-12-01 07:50:13,2614.77,1245.47,2.25
2020-12-01 07:55:05,2614.82,903.01,2.300000000000182
2020-12-01 08:00:06,2614.88,666.67,2.3600000000001273
2020-12-01 08:05:04,2615.05,1380.00,2.5300000000002
2020-12-01 08:10:04,2615.13,1502.50,2.6100000000001273
2020-12-01 08:15:09,2615.19,833.06,2.6700000000000728
2020-12-01 08:20:06,2615.20,418.60,2.6799999999998363
2020-12-01 08:25:07,2615.21,120.20,2.6900000000000546
2020-12-01 08:30:06,2615.24,240.00,2.7199999999998
2020-12-01 08:35:20,2615.27,352.37,2.75
2020-12-01 08:40:06,2615.31,420.00,2.7899999999999636
2020-12-01 08:45:06,2615.34,430.03,2.8200000000001637
2020-12-01 08:50:06,2615.38,420.00,2.8600000000001273
2020-12-01 08:55:06,2615.43,540.00,2.9099999999998545
2020-12-01 09:00:11,2615.49,654.55,2.9699999999998
2020-12-01 09:05:05,2615.69,1560.00,3.1700000000000728
2020-12-01 09:10:05,2616.00,3090.91,3.480000000000018
2020-12-01 09:15:13,2616.31,3665.02,3.7899999999999636
2020-12-01 09:20:07,2616.56,3348.84,4.039999999999964
2020-12-01 09:25:07,2616.84,3212.12,4.320000000000164
2020-12-01 09:30:05,2617.10,3250.84,4.579999999999927
2020-12-01 09:35:06,2617.34,3005.01,4.820000000000164
2020-12-01 09:40:09,2617.61,3034.71,5.0900000000001455
2020-12-01 09:45:05,2617.81,2824.71,5.289999999999964
2020-12-01 09:50:05,2618.03,2536.91,5.510000000000218
2020-12-01 09:55:06,2618.27,2755.41,5.75
2020-12-01 10:00:08,2618.52,2925.37,6.0
2020-12-01 10:05:05,2618.77,3005.01,6.25
2020-12-01 10:10:05,2619.05,3195.98,6.5300000000002
2020-12-01 10:15:06,2619.31,3229.24,6.789999999999964
2020-12-01 10:20:05,2619.56,3060.00,7.039999999999964
2020-12-01 10:25:16,2619.83,3063.83,7.309999999999945
2020-12-01 10:30:07,2619.98,2507.46,7.460000000000036
2020-12-01 10:35:04,2620.03,1222.41,7.510000000000218
2020-12-01 10:40:06,2620.27,1742.90,7.75
2020-12-01 10:45:08,2620.33,1788.08,7.809999999999945
2020-12-01 10:50:08,2620.35,478.41,7.829999999999927
2020-12-01 10:55:06,2620.35,120.40,7.829999999999927
2020-12-01 11:00:05,2620.35,0.00,7.829999999999927
2020-12-01 11:05:10,2620.39,238.41,7.869999999999891
2020-12-01 11:10:05,2620.40,300.00,7.880000000000109
2020-12-01 11:15:05,2620.42,181.21,7.900000000000091
2020-12-01 11:20:06,2620.42,119.80,7.900000000000091
2020-12-01 11:25:07,2620.42,0.00,7.900000000000091
2020-12-01 11:30:06,2620.45,180.00,7.929999999999836
2020-12-01 11:35:07,2620.50,480.00,7.980000000000018
2020-12-01 11:40:05,2620.56,661.10,8.039999999999964
2020-12-01 11:45:15,2620.69,1125.00,8.170000000000073
2020-12-01 11:50:06,2620.81,1497.50,8.289999999999964
2020-12-01 11:55:05,2620.88,1157.36,8.360000000000127
2020-12-01 12:00:18,2620.94,764.71,8.420000000000073
2020-12-01 12:05:10,2620.99,654.55,8.4699999999998
2020-12-01 12:10:05,2621.05,674.62,8.5300000000002
2020-12-01 12:15:13,2621.11,716.42,8.590000000000146
2020-12-01 12:20:05,2621.17,720.00,8.650000000000091
2020-12-01 12:25:06,2621.23,727.27,8.710000000000036
2020-12-01 12:30:15,2621.28,648.12,8.760000000000218
2020-12-01 12:35:05,2621.33,601.00,8.809999999999945
2020-12-01 12:40:05,2621.36,487.31,8.840000000000146
2020-12-01 12:45:06,2621.37,239.60,8.849999999999909
2020-12-01 12:50:06,2621.38,119.80,8.860000000000127
2020-12-01 12:55:07,2621.39,119.80,8.86999999999989
2020-12-01 13:00:06,2621.39,59.90,8.86999999999989
2020-12-01 13:05:06,2621.41,120.20,8.889999999999873
2020-12-01 13:10:16,2621.42,177.05,8.900000000000091
2020-12-01 13:15:06,2621.44,179.70,8.920000000000073
2020-12-01 13:20:05,2621.45,183.36,8.929999999999836
2020-12-01 13:25:09,2621.46,119.40,8.940000000000055
2020-12-01 13:30:07,2621.48,179.10,8.960000000000036
2020-12-01 13:35:12,2621.48,119.40,8.960000000000036
2020-12-01 13:40:06,2621.46,-120.00,8.940000000000055
2020-12-01 13:45:04,2621.45,-182.12,8.929999999999836
2020-12-01 13:50:14,2621.44,-118.23,8.920000000000073
2020-12-01 13:55:07,2621.45,0.00,8.929999999999836
2020-12-01 14:00:06,2621.45,60.81,8.929999999999836
2020-12-01 14:05:10,2621.45,0.00,8.929999999999836
2020-12-01 14:10:05,2621.45,0.00,8.929999999999836
2020-12-01 14:15:04,2621.44,-60.61,8.920000000000073
2020-12-01 14:20:12,2621.43,-118.62,8.909999999999854
2020-12-01 14:25:08,2621.44,0.00,8.920000000000073
2020-12-01 14:30:05,2621.47,242.42,8.949999999999818
2020-12-01 14:35:17,2621.50,354.68,8.980000000000018
2020-12-01 14:40:11,2621.55,475.25,9.0300000000002
2020-12-01 14:45:06,2621.60,611.21,9.079999999999927
2020-12-01 14:50:05,2621.63,484.85,9.110000000000127
2020-12-01 14:55:05,2621.62,120.20,9.099999999999909
2020-12-01 15:00:13,2621.62,-59.21,9.099999999999909
2020-12-01 15:05:08,2621.62,0.00,9.099999999999909
2020-12-01 15:10:06,2621.61,-60.71,9.090000000000146
2020-12-01 15:15:05,2621.61,-60.30,9.090000000000146
2020-12-01 15:20:04,2621.62,60.20,9.099999999999909
2020-12-01 15:25:08,2621.63,119.21,9.110000000000127
2020-12-01 15:30:07,2621.63,59.70,9.110000000000127
2020-12-01 15:35:05,2621.65,120.40,9.13000000000011
2020-12-01 15:40:11,2621.68,298.01,9.159999999999854
2020-12-01 15:45:08,2621.74,537.31,9.2199999999998
2020-12-01 15:50:10,2621.80,721.20,9.2800000000002
2020-12-01 15:55:06,2621.87,782.61,9.349999999999909
2020-12-01 16:00:04,2621.93,786.55,9.409999999999854
2020-12-01 16:05:06,2621.99,720.00,9.4699999999998
2020-12-01 16:10:09,2622.05,714.05,9.5300000000002
2020-12-01 16:15:05,2622.12,781.30,9.599999999999909
2020-12-01 16:20:05,2622.19,844.22,9.670000000000073
2020-12-01 16:25:13,2622.29,1006.58,9.769999999999982
2020-12-01 16:30:08,2622.43,1432.84,9.909999999999854
2020-12-01 16:35:05,2622.59,1824.32,10.070000000000164
2020-12-01 16:40:15,2622.78,2072.37,10.260000000000218
2020-12-01 16:45:09,2622.96,2205.30,10.440000000000055
2020-12-01 16:50:09,2623.13,2121.21,10.610000000000127
2020-12-01 16:55:05,2623.30,2053.69,10.7800000000002
2020-12-01 17:00:06,2623.48,2110.55,10.960000000000036
2020-12-01 17:05:12,2623.65,2075.78,11.13000000000011
2020-12-01 17:10:07,2623.84,2156.41,11.320000000000164
2020-12-01 17:15:05,2624.08,2610.46,11.559999999999945
2020-12-01 17:20:21,2624.33,2872.96,11.809999999999945
2020-12-01 17:25:10,2624.57,2915.70,12.050000000000182
2020-12-01 17:30:07,2624.86,3250.43,12.340000000000146
2020-12-01 17:35:04,2625.31,4477.31,12.789999999999964
2020-12-01 17:40:06,2625.77,5460.00,13.25
2020-12-01 17:45:05,2626.21,5391.01,13.690000000000055
2020-12-01 17:50:19,2626.56,4639.48,14.039999999999964
2020-12-01 17:55:05,2626.83,3720.00,14.309999999999945
2020-12-01 18:00:05,2626.99,2641.64,14.4699999999998
2020-12-01 18:05:05,2627.14,1860.00,14.61999999999989
2020-12-01 18:10:05,2627.28,1740.00,14.760000000000218
2020-12-01 18:15:10,2627.43,1725.62,14.909999999999854
2020-12-01 18:20:08,2627.58,1791.04,15.059999999999945
2020-12-01 18:25:05,2627.74,1875.63,15.2199999999998
2020-12-01 18:30:12,2627.90,1907.28,15.38000000000011
2020-12-01 18:35:06,2628.06,1916.81,15.539999999999964
2020-12-01 18:40:06,2628.24,2060.61,15.7199999999998
2020-12-01 18:45:21,2628.47,2396.10,15.949999999999818
2020-12-01 18:50:04,2628.67,2584.31,16.15000000000009
2020-12-01 18:55:08,2628.89,2571.43,16.36999999999989
2020-12-01 19:00:04,2629.10,2580.00,16.579999999999927
2020-12-01 19:05:04,2629.30,2476.51,16.7800000000002
2020-12-01 19:10:18,2629.51,2403.91,16.990000000000236
2020-12-01 19:15:07,2629.73,2567.16,17.210000000000036
2020-12-01 19:20:06,2629.90,2387.76,17.38000000000011
2020-12-01 19:25:20,2630.11,2231.65,17.590000000000146
2020-12-01 19:30:05,2630.27,2220.00,17.75
2020-12-01 19:35:06,2630.49,2334.47,17.9699999999998
2020-12-01 19:40:15,2630.71,2596.72,18.190000000000055
2020-12-01 19:45:06,2630.90,2460.00,18.38000000000011
2020-12-01 19:50:06,2631.09,2314.72,18.570000000000164
2020-12-01 19:55:18,2631.28,2235.29,18.76000000000022
2020-12-01 20:00:07,2631.46,2216.31,18.940000000000055
2020-12-01 20:05:07,2631.64,2200.34,19.11999999999989
2020-12-01 20:10:05,2631.88,2528.43,19.360000000000127
2020-12-01 20:15:08,2632.07,2575.71,19.550000000000182
2020-12-01 20:20:09,2632.20,1907.28,19.679999999999836
2020-12-01 20:25:09,2632.33,1557.40,19.809999999999945
2020-12-01 20:30:04,2632.46,1570.47,19.940000000000055
2020-12-01 20:35:18,2632.61,1652.46,20.090000000000146
2020-12-01 20:40:06,2632.74,1674.42,20.2199999999998
2020-12-01 20:45:05,2632.88,1655.88,20.360000000000127
2020-12-01 20:50:06,2633.03,1740.00,20.51000000000022
2020-12-01 20:55:06,2633.17,1731.34,20.65000000000009
2020-12-01 21:00:14,2633.31,1655.17,20.789999999999964
2020-12-01 21:05:05,2633.45,1682.80,20.929999999999836
2020-12-01 21:10:07,2633.59,1699.83,21.070000000000164
2020-12-01 21:15:17,2633.73,1647.06,21.210000000000036
2020-12-01 21:20:13,2633.86,1596.06,21.340000000000146
2020-12-01 21:25:05,2633.99,1589.13,21.4699999999998
2020-12-01 21:30:12,2634.15,1742.90,21.63000000000011
2020-12-01 21:35:07,2634.28,1731.34,21.76000000000022
2020-12-01 21:40:05,2634.42,1639.12,21.90000000000009
2020-12-01 21:45:14,2634.57,1717.11,22.050000000000182
2020-12-01 21:50:06,2634.70,1677.20,22.179999999999836
2020-12-01 21:55:04,2634.84,1644.67,22.320000000000164
2020-12-01 22:00:19,2634.98,1644.37,22.460000000000036
2020-12-01 22:05:05,2635.11,1617.30,22.590000000000146
2020-12-01 22:10:05,2635.24,1594.55,22.7199999999998
2020-12-01 22:15:05,2635.38,1620.00,22.860000000000127
2020-12-01 22:20:05,2635.51,1620.00,22.990000000000236
2020-12-01 22:25:15,2635.63,1475.41,23.110000000000127
2020-12-01 22:30:04,2635.69,1080.00,23.170000000000073
2020-12-01 22:35:05,2635.75,732.20,23.230000000000018
2020-12-01 22:40:17,2635.80,644.95,23.2800000000002
2020-12-01 22:45:06,2635.82,418.60,23.300000000000182
2020-12-01 22:50:11,2635.84,242.42,23.320000000000164
2020-12-01 22:55:05,2635.85,180.30,23.329999999999927
2020-12-01 23:00:04,2635.87,182.12,23.34999999999991
2020-12-01 23:05:13,2635.88,177.63,23.360000000000127
2020-12-01 23:10:06,2635.90,179.40,23.38000000000011
2020-12-01 23:15:05,2635.91,182.43,23.389999999999873
2020-12-01 23:20:08,2635.93,179.10,23.409999999999854
2020-12-01 23:25:04,2635.94,180.30,23.420000000000073
2020-12-01 23:30:06,2635.97,240.80,23.449999999999818
2020-12-01 23:35:11,2635.99,296.54,23.4699999999998
2020-12-01 23:40:07,2636.01,239.60,23.490000000000236
2020-12-01 23:45:05,2636.02,181.82,23.5
2020-12-01 23:50:16,2636.04,177.34,23.519999999999982
2020-12-01 23:55:10,2636.05,178.51,23.5300000000002
2020-12-02 00:00:05,2636.07,183.36,23.550000000000182
2020-12-02 00:05:18,2636.08,177.63,23.559999999999945
2020-12-02 00:10:06,2636.10,179.70,23.579999999999927
2020-12-02 00:15:11,2636.11,181.82,23.590000000000146
2020-12-02 00:20:07,2636.13,179.70,23.610000000000127
2020-12-02 00:25:08,2636.16,301.51,23.639999999999873
2020-12-02 00:30:14,2636.18,296.54,23.659999999999854
2020-12-02 00:35:05,2636.19,180.90,23.670000000000073
2020-12-02 00:40:07,2636.20,121.21,23.679999999999836
2020-12-02 00:45:06,2636.22,179.70,23.699999999999818
2020-12-02 00:50:04,2636.23,180.60,23.710000000000036
2020-12-02 00:55:10,2636.25,178.81,23.730000000000018
2020-12-02 01:00:07,2636.26,179.10,23.740000000000236
2020-12-02 01:05:09,2636.28,180.30,23.76000000000022
2020-12-02 01:10:05,2636.30,240.80,23.7800000000002
2020-12-02 01:15:21,2636.33,294.12,23.809999999999945
2020-12-02 01:20:05,2636.34,240.00,23.820000000000164
2020-12-02 01:25:07,2636.36,183.99,23.840000000000146
2020-12-02 01:30:07,2636.37,179.40,23.84999999999991
2020-12-02 01:35:05,2636.39,180.60,23.86999999999989
2020-12-02 01:40:12,2636.40,178.51,23.88000000000011
2020-12-02 01:45:07,2636.42,179.40,23.90000000000009
2020-12-02 01:50:06,2636.43,181.82,23.909999999999854
2020-12-02 01:55:14,2636.45,177.63,23.929999999999836
2020-12-02 02:00:08,2636.47,239.20,23.949999999999818
2020-12-02 02:05:08,2636.49,242.42,23.9699999999998
2020-12-02 02:10:06,2636.51,240.80,23.990000000000236
2020-12-02 02:15:05,2636.52,180.60,24.0
2020-12-02 02:20:10,2636.54,178.51,24.019999999999982
2020-12-02 02:25:06,2636.55,179.70,24.0300000000002
2020-12-02 02:30:06,2636.57,180.90,24.050000000000182
2020-12-02 02:35:20,2636.58,175.90,24.059999999999945
2020-12-02 02:40:09,2636.60,179.10,24.079999999999927
2020-12-02 02:45:06,2636.61,183.99,24.090000000000146
2020-12-02 02:50:22,2636.63,176.18,24.110000000000127
2020-12-02 02:55:05,2636.65,240.40,24.13000000000011
2020-12-02 03:00:06,2636.67,246.58,24.15000000000009
2020-12-02 03:05:18,2636.69,234.91,24.170000000000073
2020-12-02 03:10:08,2636.70,179.10,24.179999999999836
2020-12-02 03:15:04,2636.72,184.30,24.199999999999818
2020-12-02 03:20:20,2636.73,176.47,24.210000000000036
2020-12-02 03:25:09,2636.75,178.22,24.230000000000018
2020-12-02 03:30:09,2636.76,183.36,24.240000000000236
2020-12-02 03:35:07,2636.78,180.60,24.26000000000022
2020-12-02 03:40:06,2636.80,241.21,24.2800000000002
2020-12-02 03:45:11,2636.84,357.02,24.320000000000164
2020-12-02 03:50:05,2636.88,480.80,24.360000000000127
2020-12-02 03:55:05,2636.91,424.24,24.389999999999873
2020-12-02 04:00:20,2636.94,350.65,24.420000000000073
2020-12-02 04:05:08,2636.96,298.51,24.440000000000055
2020-12-02 04:10:07,2636.99,306.64,24.4699999999998
2020-12-02 04:15:09,2637.01,299.50,24.490000000000236
2020-12-02 04:20:06,2637.04,300.50,24.519999999999982
2020-12-02 04:25:16,2637.06,296.54,24.539999999999964
2020-12-02 04:30:06,2637.09,300.00,24.570000000000164
2020-12-02 04:35:05,2637.11,305.60,24.590000000000146
2020-12-02 04:40:18,2637.15,352.37,24.63000000000011
2020-12-02 04:45:04,2637.18,420.70,24.659999999999854
2020-12-02 04:50:05,2637.21,367.97,24.690000000000055
2020-12-02 04:55:14,2637.24,354.10,24.7199999999998
2020-12-02 05:00:05,2637.27,360.00,24.75
2020-12-02 05:05:05,2637.29,304.57,24.769999999999982
2020-12-02 05:10:16,2637.32,294.12,24.800000000000182
2020-12-02 05:15:06,2637.34,299.50,24.820000000000164
2020-12-02 05:20:05,2637.37,305.08,24.84999999999991
2020-12-02 05:25:21,2637.39,292.21,24.86999999999989
2020-12-02 05:30:07,2637.42,299.00,24.90000000000009
2020-12-02 05:35:08,2637.46,429.30,24.940000000000055
2020-12-02 05:40:09,2637.51,537.31,24.990000000000236
2020-12-02 05:45:04,2637.54,483.22,25.019999999999982
2020-12-02 05:50:17,2637.58,414.47,25.059999999999945
2020-12-02 05:55:07,2637.60,358.21,25.079999999999927
2020-12-02 06:00:06,2637.63,305.60,25.110000000000127
2020-12-02 06:05:05,2637.66,361.20,25.139999999999873
2020-12-02 06:10:05,2637.68,300.50,25.159999999999854
2020-12-02 06:15:13,2637.71,296.05,25.190000000000055
2020-12-02 06:20:11,2637.74,356.44,25.2199999999998
2020-12-02 06:25:06,2637.78,424.96,25.26000000000022
2020-12-02 06:30:15,2637.81,416.53,25.289999999999964
2020-12-02 06:35:12,2637.85,415.84,25.329999999999927
2020-12-02 06:40:04,2637.87,366.72,25.34999999999991
2020-12-02 06:45:11,2637.90,300.50,25.38000000000011
2020-12-02 06:50:09,2637.93,357.02,25.409999999999854
2020-12-02 06:55:05,2637.95,303.03,25.429999999999836
2020-12-02 07:00:13,2637.98,298.01,25.460000000000036
2020-12-02 07:05:12,2638.01,355.26,25.490000000000236
2020-12-02 07:10:05,2638.03,304.05,25.51000000000022
2020-12-02 07:15:18,2638.05,237.62,25.5300000000002
2020-12-02 07:20:16,2638.07,235.68,25.550000000000182
2020-12-02 07:25:05,2638.09,245.32,25.570000000000164
2020-12-02 07:30:06,2638.13,366.10,25.610000000000127
2020-12-02 07:35:06,2638.21,718.80,25.690000000000055
2020-12-02 07:40:14,2638.26,769.74,25.740000000000236
2020-12-02 07:45:12,2638.32,653.47,25.800000000000182
2020-12-02 07:50:05,2638.41,913.71,25.889999999999873
2020-12-02 07:55:16,2638.54,1311.26,26.019999999999982
2020-12-02 08:00:05,2638.64,1380.00,26.11999999999989
2020-12-02 08:05:09,2638.81,1636.36,26.289999999999964
2020-12-02 08:10:08,2638.91,1611.94,26.389999999999873
2020-12-02 08:15:07,2638.91,602.01,26.389999999999873
2020-12-02 08:20:12,2638.89,-119.21,26.36999999999989
2020-12-02 08:25:09,2638.88,-179.40,26.360000000000127
2020-12-02 08:30:05,2638.84,-303.54,26.320000000000164
2020-12-02 08:35:07,2638.78,-602.01,26.26000000000022
2020-12-02 08:40:06,2638.68,-958.40,26.159999999999854
2020-12-02 08:45:05,2638.57,-1264.21,26.050000000000182
2020-12-02 08:50:10,2638.44,-1430.46,25.920000000000073
2020-12-02 08:55:09,2638.30,-1609.27,25.7800000000002
2020-12-02 09:00:05,2638.14,-1815.13,25.61999999999989
2020-12-02 09:05:14,2637.97,-1963.64,25.449999999999818
2020-12-02 09:10:09,2637.78,-2145.70,25.26000000000022
2020-12-02 09:15:05,2637.58,-2371.62,25.059999999999945
2020-12-02 09:20:17,2637.35,-2546.05,24.829999999999927
2020-12-02 09:25:04,2637.13,-2700.00,24.610000000000127
2020-12-02 09:30:10,2636.90,-2727.27,24.38000000000011
2020-12-02 09:35:06,2636.64,-2930.23,24.11999999999989
2020-12-02 09:40:07,2636.37,-3195.98,23.84999999999991
2020-12-02 09:45:13,2636.15,-2906.10,23.63000000000011
2020-12-02 09:50:04,2635.90,-2829.43,23.38000000000011
2020-12-02 09:55:06,2635.61,-3278.25,23.090000000000146
2020-12-02 10:00:04,2635.32,-3474.21,22.800000000000182
2020-12-02 10:05:04,2635.02,-3545.91,22.5
2020-12-02 10:10:09,2634.71,-3629.75,22.190000000000055
2020-12-02 10:15:06,2634.44,-3468.44,21.920000000000073
2020-12-02 10:20:07,2634.09,-3726.21,21.570000000000164
2020-12-02 10:25:06,2633.78,-3960.00,21.26000000000022
2020-12-02 10:30:20,2633.42,-3934.75,20.90000000000009
2020-12-02 10:35:06,2633.08,-4200.00,20.559999999999945
2020-12-02 10:40:06,2632.81,-3747.44,20.289999999999964
2020-12-02 10:45:06,2632.47,-3660.00,19.949999999999818
2020-12-02 10:50:06,2632.25,-3360.00,19.730000000000018
2020-12-02 10:55:11,2632.02,-2677.69,19.5
2020-12-02 11:00:05,2631.79,-2760.00,19.269999999999982
2020-12-02 11:05:05,2631.42,-3636.36,18.90000000000009
2020-12-02 11:10:13,2631.09,-4137.93,18.570000000000164
2020-12-02 11:15:07,2630.79,-3767.44,18.269999999999982
2020-12-02 11:20:07,2630.60,-2969.70,18.079999999999927
2020-12-02 11:25:05,2630.48,-1866.22,17.960000000000036
2020-12-02 11:30:05,2630.42,-1081.80,17.90000000000009
2020-12-02 11:35:09,2630.37,-655.63,17.84999999999991
2020-12-02 11:40:05,2630.35,-420.00,17.829999999999927
2020-12-02 11:45:05,2630.33,-241.61,17.809999999999945
2020-12-02 11:50:19,2630.32,-175.90,17.800000000000182
2020-12-02 11:55:08,2630.40,417.91,17.88000000000011
2020-12-02 12:00:05,2630.49,1044.37,17.9699999999998
2020-12-02 12:05:21,2630.48,469.82,17.960000000000036
2020-12-02 12:10:06,2630.46,-179.40,17.940000000000055
2020-12-02 12:15:05,2630.44,-246.58,17.920000000000073
2020-12-02 12:20:16,2630.41,-295.08,17.889999999999873
2020-12-02 12:25:07,2630.38,-358.80,17.860000000000127
2020-12-02 12:30:05,2630.33,-488.14,17.809999999999945
2020-12-02 12:35:18,2630.23,-882.35,17.710000000000036
2020-12-02 12:40:08,2630.18,-895.52,17.659999999999854
2020-12-02 12:45:08,2630.17,-366.10,17.65000000000009
2020-12-02 12:50:06,2630.19,60.20,17.670000000000073
2020-12-02 12:55:09,2630.20,179.70,17.679999999999836
2020-12-02 13:00:10,2630.16,-178.81,17.639999999999873
2020-12-02 13:05:05,2630.13,-422.82,17.610000000000127
2020-12-02 13:10:05,2630.13,-181.21,17.610000000000127
2020-12-02 13:15:19,2630.13,0.00,17.610000000000127
2020-12-02 13:20:07,2630.10,-179.40,17.579999999999927
2020-12-02 13:25:06,2630.11,-122.66,17.590000000000146
2020-12-02 13:30:07,2630.11,60.00,17.590000000000146
2020-12-02 13:35:05,2630.10,-60.10,17.579999999999927
2020-12-02 13:40:15,2630.11,0.00,17.590000000000146
2020-12-02 13:45:06,2630.17,419.30,17.65000000000009
2020-12-02 13:50:05,2630.24,791.88,17.7199999999998
2020-12-02 13:55:18,2630.32,882.35,17.800000000000182
2020-12-02 14:00:10,2630.36,712.87,17.840000000000146
2020-12-02 14:05:05,2630.43,674.62,17.909999999999854
2020-12-02 14:10:13,2630.44,477.61,17.920000000000073
2020-12-02 14:15:05,2630.44,60.00,17.920000000000073
2020-12-02 14:20:06,2630.45,60.71,17.929999999999836
2020-12-02 14:25:16,2630.47,176.76,17.949999999999818
2020-12-02 14:30:05,2630.47,120.20,17.949999999999818
2020-12-02 14:35:05,2630.52,305.08,18.0
2020-12-02 14:40:20,2630.61,819.51,18.090000000000146
2020-12-02 14:45:06,2630.69,1018.30,18.170000000000073
2020-12-02 14:50:06,2630.74,797.27,18.2199999999998
2020-12-02 14:55:06,2630.80,660.00,18.2800000000002
2020-12-02 15:00:06,2630.86,720.00,18.340000000000146
2020-12-02 15:05:16,2630.90,590.16,18.38000000000011
2020-12-02 15:10:05,2630.93,420.00,18.409999999999854
2020-12-02 15:15:05,2630.98,488.96,18.460000000000036
2020-12-02 15:20:18,2631.02,528.55,18.5
2020-12-02 15:25:07,2631.05,418.60,18.5300000000002
2020-12-02 15:30:12,2631.10,484.85,18.579999999999927
2020-12-02 15:35:06,2631.14,540.00,18.61999999999989
2020-12-02 15:40:05,2631.19,546.37,18.670000000000073
2020-12-02 15:45:14,2631.25,651.32,18.730000000000018
2020-12-02 15:50:07,2631.32,777.41,18.800000000000182
2020-12-02 15:55:06,2631.39,851.35,18.86999999999989
2020-12-02 16:00:10,2631.46,835.82,18.940000000000055
2020-12-02 16:05:05,2631.59,1202.00,19.070000000000164
2020-12-02 16:10:04,2631.73,1636.36,19.210000000000036
2020-12-02 16:15:12,2631.86,1601.32,19.340000000000146
2020-12-02 16:20:08,2631.98,1487.60,19.460000000000036
2020-12-02 16:25:05,2632.11,1515.15,19.590000000000146
2020-12-02 16:30:17,2632.24,1536.95,19.7199999999998
2020-12-02 16:35:11,2632.39,1663.37,19.86999999999989
2020-12-02 16:40:05,2632.61,2265.31,20.090000000000146
2020-12-02 16:45:05,2632.80,2484.85,20.2800000000002
2020-12-02 16:50:05,2632.99,2280.00,20.4699999999998
2020-12-02 16:55:12,2633.21,2427.63,20.690000000000055
2020-12-02 17:00:08,2633.49,2985.07,20.9699999999998
2020-12-02 17:05:06,2633.84,3818.18,21.320000000000164
2020-12-02 17:10:15,2634.19,4151.57,21.670000000000073
2020-12-02 17:15:04,2634.41,3431.44,21.889999999999873
2020-12-02 17:20:08,2634.61,2545.45,22.090000000000146
2020-12-02 17:25:07,2634.78,2208.96,22.26000000000022
2020-12-02 17:30:05,2634.95,2046.82,22.429999999999836
2020-12-02 17:35:11,2635.11,1966.89,22.590000000000146
2020-12-02 17:40:08,2635.27,1910.45,22.75
2020-12-02 17:45:10,2635.45,2043.41,22.929999999999836
2020-12-02 17:50:06,2635.62,2107.02,23.09999999999991
2020-12-02 17:55:22,2635.80,2058.82,23.2800000000002
2020-12-02 18:00:06,2635.96,2040.00,23.440000000000055
2020-12-02 18:05:08,2636.13,2023.85,23.610000000000127
2020-12-02 18:10:08,2636.30,2033.22,23.7800000000002
2020-12-02 18:15:05,2636.45,1929.65,23.929999999999836
2020-12-02 18:20:13,2636.62,1904.13,24.09999999999991
2020-12-02 18:25:11,2636.78,1957.17,24.26000000000022
2020-12-02 18:30:04,2637.00,2314.72,24.480000000000018
2020-12-02 18:35:15,2637.22,2618.18,24.699999999999818
2020-12-02 18:40:09,2637.40,2380.17,24.88000000000011
2020-12-02 18:45:09,2637.58,2181.82,25.059999999999945
2020-12-02 18:50:07,2637.75,2107.02,25.230000000000018
2020-12-02 18:55:06,2637.92,2050.25,25.40000000000009
2020-12-02 19:00:11,2638.09,2023.14,25.570000000000164
2020-12-02 19:05:07,2638.26,2036.61,25.740000000000236
2020-12-02 19:10:05,2638.42,2000.00,25.90000000000009
2020-12-02 19:15:21,2638.59,1934.85,26.070000000000164
2020-12-02 19:20:10,2638.74,1904.13,26.2199999999998
2020-12-02 19:25:07,2638.89,1839.86,26.36999999999989
2020-12-02 19:30:04,2639.04,1815.13,26.519999999999982
2020-12-02 19:35:06,2639.18,1740.00,26.659999999999854
2020-12-02 19:40:05,2639.33,1737.10,26.809999999999945
2020-12-02 19:45:18,2639.48,1761.83,26.960000000000036
2020-12-02 19:50:05,2639.62,1740.00,27.09999999999991
2020-12-02 19:55:05,2639.79,1901.19,27.269999999999982
2020-12-02 20:00:21,2639.96,1987.01,27.440000000000055
2020-12-02 20:05:05,2640.09,1800.00,27.570000000000164
2020-12-02 20:10:10,2640.24,1711.38,27.7199999999998
2020-12-02 20:15:08,2640.39,1791.04,27.86999999999989
2020-12-02 20:20:05,2640.56,1936.13,28.039999999999964
2020-12-02 20:25:12,2640.71,1907.28,28.190000000000055
2020-12-02 20:30:06,2640.85,1737.10,28.329999999999927
2020-12-02 20:35:06,2641.02,1878.79,28.5
2020-12-02 20:40:21,2641.18,1931.71,28.659999999999854
2020-12-02 20:45:09,2641.33,1850.75,28.809999999999945
2020-12-02 20:50:08,2641.48,1839.86,28.960000000000036
2020-12-02 20:55:10,2641.64,1856.91,29.11999999999989
2020-12-02 21:00:05,2641.80,1929.65,29.2800000000002
2020-12-02 21:05:17,2641.97,1953.95,29.449999999999818
2020-12-02 21:10:07,2642.23,2571.43,29.710000000000036
2020-12-02 21:15:06,2642.40,2628.18,29.88000000000011
2020-12-02 21:20:20,2642.58,2055.46,30.059999999999945
2020-12-02 21:25:05,2642.75,2103.51,30.230000000000018
2020-12-02 21:30:06,2642.91,2027.30,30.389999999999873
2020-12-02 21:35:15,2643.07,1888.52,30.550000000000182
2020-12-02 21:40:06,2643.22,1860.00,30.699999999999818
2020-12-02 21:45:06,2643.37,1827.41,30.84999999999991
2020-12-02 21:50:17,2643.53,1823.53,31.01000000000022
2020-12-02 21:55:07,2643.67,1797.00,31.15000000000009
2020-12-02 22:00:06,2643.81,1708.47,31.289999999999964
2020-12-02 22:05:05,2643.96,1745.82,31.440000000000055
2020-12-02 22:10:08,2644.11,1794.02,31.590000000000146
2020-12-02 22:15:09,2644.25,1728.48,31.730000000000018
2020-12-02 22:20:10,2644.38,1611.94,31.860000000000127
2020-12-02 22:25:04,2644.51,1570.47,31.990000000000236
2020-12-02 22:30:18,2644.65,1596.06,32.13000000000011
2020-12-02 22:35:06,2644.75,1435.22,32.23000000000002
2020-12-02 22:40:05,2644.78,797.27,32.26000000000022
2020-12-02 22:45:06,2644.82,419.30,32.30000000000018
2020-12-02 22:50:06,2644.84,359.40,32.320000000000164
2020-12-02 22:55:14,2644.86,236.84,32.340000000000146
2020-12-02 23:00:05,2644.89,300.50,32.36999999999989
2020-12-02 23:05:07,2644.91,303.54,32.38999999999987
2020-12-02 23:10:16,2644.92,176.76,32.40000000000009
2020-12-02 23:15:13,2644.94,177.92,32.42000000000007
2020-12-02 23:20:05,2644.95,183.36,32.429999999999836
2020-12-02 23:25:12,2644.97,180.30,32.44999999999982
2020-12-02 23:30:10,2644.98,178.51,32.460000000000036
2020-12-02 23:35:05,2644.99,121.42,32.4699999999998
2020-12-02 23:40:14,2645.01,178.81,32.49000000000024
2020-12-02 23:45:05,2645.03,239.60,32.51000000000022
2020-12-02 23:50:04,2645.05,244.07,32.5300000000002
2020-12-02 23:55:19,2645.07,234.53,32.55000000000018
2020-12-03 00:00:04,2645.08,179.70,32.559999999999945
2020-12-03 00:05:05,2645.10,183.99,32.57999999999993
2020-12-03 00:10:07,2645.11,179.10,32.590000000000146
2020-12-03 00:15:07,2645.13,179.40,32.61000000000013
2020-12-03 00:20:15,2645.14,177.63,32.61999999999989
2020-12-03 00:25:04,2645.16,180.60,32.63999999999987
2020-12-03 00:30:04,2645.18,244.07,32.659999999999854
2020-12-03 00:35:17,2645.20,234.91,32.679999999999836
2020-12-03 00:40:06,2645.21,179.40,32.690000000000055
2020-12-03 00:45:11,2645.23,181.82,32.710000000000036
2020-12-03 00:50:09,2645.24,179.10,32.7199999999998
2020-12-03 00:55:06,2645.26,181.51,32.74000000000024
2020-12-03 01:00:13,2645.27,178.81,32.75
2020-12-03 01:05:10,2645.29,178.81,32.76999999999998
2020-12-03 01:10:06,2645.32,303.54,32.80000000000018
2020-12-03 01:15:08,2645.34,300.50,32.820000000000164
2020-12-03 01:20:06,2645.36,239.60,32.840000000000146
2020-12-03 01:25:06,2645.37,180.60,32.84999999999991
2020-12-03 01:30:11,2645.39,178.51,32.86999999999989
2020-12-03 01:35:10,2645.40,178.81,32.88000000000011
2020-12-03 01:40:05,2645.41,121.21,32.88999999999987
2020-12-03 01:45:15,2645.43,178.22,32.909999999999854
2020-12-03 01:50:13,2645.44,177.34,32.92000000000007
2020-12-03 01:55:05,2645.47,244.07,32.94999999999982
2020-12-03 02:00:18,2645.49,297.52,32.9699999999998
2020-12-03 02:05:04,2645.51,240.40,32.99000000000024
2020-12-03 02:10:11,2645.53,242.42,33.01000000000022
2020-12-03 02:15:09,2645.54,178.22,33.01999999999998
2020-12-03 02:20:04,2645.55,121.21,33.0300000000002
2020-12-03 02:25:14,2645.57,178.51,33.05000000000018
2020-12-03 02:30:05,2645.58,179.70,33.059999999999945
2020-12-03 02:35:07,2645.61,242.83,33.090000000000146
2020-12-03 02:40:05,2645.62,239.60,33.09999999999991
2020-12-03 02:45:04,2645.64,180.60,33.11999999999989
2020-12-03 02:50:10,2645.66,238.02,33.13999999999987
2020-12-03 02:55:07,2645.68,238.81,33.159999999999854
2020-12-03 03:00:08,2645.70,240.40,33.179999999999836
2020-12-03 03:05:05,2645.71,180.60,33.190000000000055
2020-12-03 03:10:21,2645.73,176.18,33.210000000000036
2020-12-03 03:15:05,2645.75,240.00,33.23000000000002
2020-12-03 03:20:07,2645.76,183.99,33.24000000000024
2020-12-03 03:25:07,2645.78,179.40,33.26000000000022
2020-12-03 03:30:05,2645.80,240.80,33.2800000000002
2020-12-03 03:35:12,2645.82,238.02,33.30000000000018
2020-12-03 03:40:10,2645.84,238.02,33.320000000000164
2020-12-03 03:45:05,2645.86,242.42,33.340000000000146
2020-12-03 03:50:14,2645.88,238.02,33.36000000000013
2020-12-03 03:55:08,2645.89,179.10,33.36999999999989
2020-12-03 04:00:08,2645.91,181.82,33.38999999999987
2020-12-03 04:05:06,2645.92,180.60,33.40000000000009
2020-12-03 04:10:05,2645.94,180.90,33.42000000000007
2020-12-03 04:15:10,2645.96,238.02,33.440000000000055
2020-12-03 04:20:06,2645.99,299.50,33.4699999999998
2020-12-03 04:25:06,2646.01,302.01,33.49000000000024
2020-12-03 04:30:19,2646.02,175.90,33.5
2020-12-03 04:35:09,2646.04,179.10,33.51999999999998
2020-12-03 04:40:06,2646.05,183.99,33.5300000000002
2020-12-03 04:45:22,2646.07,176.18,33.55000000000018
2020-12-03 04:50:05,2646.09,240.40,33.570000000000164
2020-12-03 04:55:06,2646.11,246.58,33.590000000000146
2020-12-03 05:00:17,2646.12,176.18,33.59999999999991
2020-12-03 05:05:08,2646.14,179.10,33.61999999999989
2020-12-03 05:10:05,2646.18,366.72,33.659999999999854
2020-12-03 05:15:20,2646.21,411.76,33.690000000000055
2020-12-03 05:20:09,2646.25,417.22,33.73000000000002
2020-12-03 05:25:09,2646.27,366.72,33.75
2020-12-03 05:30:07,2646.30,301.00,33.7800000000002
2020-12-03 05:35:06,2646.32,301.51,33.80000000000018
2020-12-03 05:40:11,2646.36,357.62,33.840000000000146
2020-12-03 05:45:06,2646.39,420.00,33.86999999999989
2020-12-03 05:50:04,2646.42,363.64,33.90000000000009
2020-12-03 05:55:20,2646.47,469.06,33.94999999999982
2020-12-03 06:00:08,2646.51,536.42,33.99000000000024
2020-12-03 06:05:07,2646.55,490.63,34.0300000000002
2020-12-03 06:10:08,2646.58,419.30,34.059999999999945
2020-12-03 06:15:06,2646.63,480.80,34.11000000000013
2020-12-03 06:20:16,2646.67,532.89,34.15000000000009
2020-12-03 06:25:05,2646.71,480.00,34.190000000000055
2020-12-03 06:30:05,2646.75,488.96,34.23000000000002
2020-12-03 06:35:18,2646.79,469.06,34.26999999999998
2020-12-03 06:40:15,2646.83,471.36,34.309999999999945
2020-12-03 06:45:05,2646.88,551.96,34.36000000000013
2020-12-03 06:50:14,2646.92,540.90,34.40000000000009
2020-12-03 06:55:05,2646.97,540.00,34.44999999999982
2020-12-03 07:00:05,2647.02,609.14,34.5
2020-12-03 07:05:16,2647.05,470.59,34.5300000000002
2020-12-03 07:10:06,2647.08,359.40,34.559999999999945
2020-12-03 07:15:05,2647.12,427.84,34.59999999999991
2020-12-03 07:20:21,2647.19,643.90,34.67000000000007
2020-12-03 07:25:07,2647.27,897.01,34.75
2020-12-03 07:30:08,2647.36,1042.59,34.840000000000146
2020-12-03 07:35:09,2647.41,837.21,34.88999999999987
2020-12-03 07:40:04,2647.46,604.03,34.940000000000055
2020-12-03 07:45:17,2647.57,947.37,35.05000000000018
2020-12-03 07:50:07,2647.67,1253.73,35.15000000000009
2020-12-03 07:55:06,2647.71,855.69,35.190000000000055
2020-12-03 08:00:05,2647.76,541.81,35.24000000000024
2020-12-03 08:05:08,2647.85,835.82,35.32999999999993
2020-12-03 08:10:13,2647.94,1065.79,35.42000000000007
2020-12-03 08:15:11,2647.99,835.82,35.4699999999998
2020-12-03 08:20:05,2647.97,182.12,35.44999999999982
2020-12-03 08:25:15,2647.92,-417.22,35.40000000000009
2020-12-03 08:30:12,2647.84,-771.00,35.320000000000164
2020-12-03 08:35:04,2647.74,-1100.17,35.2199999999998
2020-12-03 08:40:11,2647.61,-1382.30,35.090000000000146
2020-12-03 08:45:09,2647.49,-1487.60,34.9699999999998
2020-12-03 08:50:05,2647.34,-1636.36,34.820000000000164
2020-12-03 08:55:13,2647.19,-1788.08,34.67000000000007
2020-12-03 09:00:12,2647.02,-1897.86,34.5
2020-12-03 09:05:05,2646.84,-2128.38,34.320000000000164
2020-12-03 09:10:18,2646.64,-2257.43,34.11999999999989
2020-12-03 09:15:16,2646.42,-2474.63,33.90000000000009
2020-12-03 09:20:05,2646.22,-2575.81,33.69999999999982
2020-12-03 09:25:06,2646.05,-2257.63,33.5300000000002
2020-12-03 09:30:06,2645.85,-2216.31,33.32999999999993
2020-12-03 09:35:14,2645.62,-2546.05,33.09999999999991
2020-12-03 09:40:09,2645.36,-2920.53,32.840000000000146
2020-12-03 09:45:05,2645.11,-3106.60,32.590000000000146
2020-12-03 09:50:16,2644.84,-3084.02,32.320000000000164
2020-12-03 09:55:05,2644.58,-3180.00,32.059999999999945
2020-12-03 10:00:10,2644.26,-3515.15,31.740000000000236
2020-12-03 10:05:08,2643.94,-3820.90,31.420000000000073
2020-12-03 10:10:04,2643.73,-3206.72,31.210000000000036
2020-12-03 10:15:12,2643.77,-1013.25,31.25
2020-12-03 10:20:09,2643.75,119.01,31.230000000000018
2020-12-03 10:25:05,2643.72,-303.54,31.199999999999818
2020-12-03 10:30:07,2643.68,-421.40,31.159999999999854
2020-12-03 10:35:05,2643.67,-299.50,31.15000000000009
2020-12-03 10:40:05,2643.68,0.00,31.159999999999854
2020-12-03 10:45:09,2643.67,0.00,31.15000000000009
2020-12-03 10:50:06,2643.66,-119.80,31.139999999999873
2020-12-03 10:55:05,2643.63,-241.61,31.110000000000127
2020-12-03 11:00:14,2643.58,-472.91,31.059999999999945
2020-12-03 11:05:09,2643.53,-596.03,31.01000000000022
2020-12-03 11:10:05,2643.47,-670.05,30.949999999999818
2020-12-03 11:15:17,2643.46,-414.47,30.940000000000055
2020-12-03 11:20:04,2643.46,-60.00,30.940000000000055
2020-12-03 11:25:10,2643.43,-182.12,30.909999999999854
2020-12-03 11:30:06,2643.41,-299.00,30.889999999999873
2020-12-03 11:35:07,2643.39,-241.21,30.86999999999989
2020-12-03 11:40:12,2643.20,-1245.47,30.679999999999836
2020-12-03 11:45:04,2643.02,-2227.42,30.5
2020-12-03 11:50:06,2643.21,60.61,30.690000000000055
2020-12-03 11:55:22,2643.16,815.53,30.639999999999873
2020-12-03 12:00:11,2643.00,-1249.59,30.480000000000018
2020-12-03 12:05:08,2642.80,-2207.84,30.2800000000002
2020-12-03 12:10:05,2642.61,-2359.66,30.090000000000146
2020-12-03 12:15:07,2642.44,-2160.00,29.920000000000073
2020-12-03 12:20:06,2642.30,-1856.91,29.7800000000002
2020-12-03 12:25:20,2642.17,-1585.64,29.65000000000009
2020-12-03 12:30:06,2642.06,-1440.00,29.539999999999964
2020-12-03 12:35:06,2641.98,-1167.24,29.460000000000036
2020-12-03 12:40:05,2641.94,-720.00,29.420000000000073
2020-12-03 12:45:06,2642.22,1440.00,29.699999999999818
2020-12-03 12:50:11,2642.45,3029.70,29.929999999999836
2020-12-03 12:55:05,2642.68,2760.00,30.159999999999854
2020-12-03 13:00:04,2642.89,2666.67,30.36999999999989
2020-12-03 13:05:13,2643.15,2782.89,30.63000000000011
2020-12-03 13:10:07,2643.39,2985.07,30.86999999999989
2020-12-03 13:15:07,2643.65,3030.30,31.13000000000011
2020-12-03 13:20:05,2643.94,3311.04,31.420000000000073
2020-12-03 13:25:05,2644.23,3485.81,31.710000000000036
2020-12-03 13:30:09,2644.56,3695.36,32.039999999999964
2020-12-03 13:35:05,2644.83,3600.00,32.309999999999945
2020-12-03 13:40:05,2645.06,3020.13,32.539999999999964
2020-12-03 13:45:18,2645.30,2755.70,32.7800000000002
2020-12-03 13:50:08,2645.55,2925.37,33.0300000000002
2020-12-03 13:55:05,2645.79,3005.11,33.26999999999998
2020-12-03 14:00:21,2646.06,2995.11,33.539999999999964
2020-12-03 14:05:06,2646.34,3289.04,33.820000000000164
2020-12-03 14:10:05,2646.63,3513.70,34.11000000000013
2020-12-03 14:15:16,2646.84,2945.99,34.320000000000164
2020-12-03 14:20:07,2646.91,1674.42,34.38999999999987
2020-12-03 14:25:05,2647.08,1466.89,34.559999999999945
2020-12-03 14:30:19,2647.31,2352.94,34.789999999999964
2020-12-03 14:35:08,2647.36,1671.64,34.840000000000146
2020-12-03 14:40:07,2647.42,672.33,34.90000000000009
2020-12-03 14:45:06,2647.44,481.61,34.92000000000007
2020-12-03 14:50:04,2647.46,240.80,34.940000000000055
2020-12-03 14:55:10,2647.48,238.41,34.960000000000036
2020-12-03 15:00:05,2647.50,239.60,34.98000000000002
2020-12-03 15:05:05,2647.52,241.61,35.0
2020-12-03 15:10:19,2647.55,293.16,35.0300000000002
2020-12-03 15:15:07,2647.57,299.00,35.05000000000018
2020-12-03 15:20:06,2647.60,306.64,35.07999999999993
2020-12-03 15:25:07,2647.63,360.00,35.11000000000013
2020-12-03 15:30:05,2647.65,300.50,35.13000000000011
2020-12-03 15:35:15,2647.68,296.05,35.159999999999854
2020-12-03 15:40:04,2647.76,660.00,35.24000000000024
2020-12-03 15:45:05,2647.82,852.79,35.30000000000018
2020-12-03 15:50:17,2647.88,703.58,35.36000000000013
2020-12-03 15:55:10,2647.93,654.55,35.409999999999854
2020-12-03 16:00:05,2647.99,673.47,35.4699999999998
2020-12-03 16:05:13,2648.07,835.82,35.55000000000018
2020-12-03 16:10:05,2648.12,780.00,35.59999999999991
2020-12-03 16:15:06,2648.18,667.79,35.659999999999854
2020-12-03 16:20:15,2648.23,649.18,35.710000000000036
2020-12-03 16:25:07,2648.32,838.60,35.80000000000018
2020-12-03 16:30:05,2648.47,1461.93,35.94999999999982
2020-12-03 16:35:20,2648.65,1938.01,36.13000000000011
2020-12-03 16:40:06,2648.91,2635.61,36.38999999999987
2020-12-03 16:45:06,2649.29,3925.04,36.76999999999998
2020-12-03 16:50:06,2649.66,4500.00,37.13999999999987
2020-12-03 16:55:06,2650.01,4320.00,37.49000000000024
2020-12-03 17:00:16,2650.53,5134.43,38.01000000000022
2020-12-03 17:05:05,2651.07,6360.00,38.55000000000018
2020-12-03 17:10:05,2651.57,6356.54,39.05000000000018
2020-12-03 17:15:18,2652.08,5931.48,39.559999999999945
2020-12-03 17:20:07,2652.41,5014.93,39.88999999999987
2020-12-03 17:25:12,2652.60,3151.52,40.07999999999993
2020-12-03 17:30:10,2652.77,2149.25,40.25
2020-12-03 17:35:05,2652.94,2064.08,40.42000000000007
2020-12-03 17:40:14,2653.11,2026.49,40.590000000000146
2020-12-03 17:45:11,2653.30,2138.61,40.7800000000002
2020-12-03 17:50:06,2653.49,2310.81,40.9699999999998
2020-12-03 17:55:09,2653.67,2223.71,41.15000000000009
2020-12-03 18:00:08,2653.84,2093.02,41.320000000000164
2020-12-03 18:05:07,2654.01,2046.82,41.49000000000024
2020-12-03 18:10:12,2654.18,2026.49,41.659999999999854
2020-12-03 18:15:11,2654.35,2026.49,41.82999999999993
2020-12-03 18:20:04,2654.51,2006.76,41.99000000000024
2020-12-03 18:25:17,2654.69,2019.80,42.17000000000007
2020-12-03 18:30:15,2654.87,2121.11,42.34999999999991
2020-12-03 18:35:04,2655.04,2142.86,42.51999999999998
2020-12-03 18:40:05,2655.23,2196.61,42.710000000000036
2020-12-03 18:45:05,2655.40,2156.41,42.88000000000011
2020-12-03 18:50:12,2655.60,2190.79,43.07999999999993
2020-12-03 18:55:11,2655.78,2257.43,43.26000000000022
2020-12-03 19:00:06,2655.98,2303.03,43.460000000000036
2020-12-03 19:05:15,2656.22,2622.52,43.69999999999982
2020-12-03 19:10:06,2656.40,2520.00,43.88000000000011
2020-12-03 19:15:08,2656.58,2181.82,44.059999999999945
2020-12-03 19:20:07,2656.76,2156.41,44.24000000000024
2020-12-03 19:25:05,2656.93,2107.02,44.409999999999854
2020-12-03 19:30:11,2657.09,1966.89,44.570000000000164
2020-12-03 19:35:08,2657.24,1850.75,44.7199999999998
2020-12-03 19:40:10,2657.40,1863.11,44.88000000000011
2020-12-03 19:45:06,2657.56,1926.42,45.039999999999964
2020-12-03 19:50:22,2657.72,1882.35,45.19999999999982
2020-12-03 19:55:06,2657.87,1860.00,45.34999999999991
2020-12-03 20:00:09,2658.02,1839.86,45.5
2020-12-03 20:05:08,2658.19,1913.62,45.67000000000007
2020-12-03 20:10:05,2658.34,1932.89,45.820000000000164
2020-12-03 20:15:13,2658.49,1785.12,45.9699999999998
2020-12-03 20:20:11,2658.64,1779.24,46.11999999999989
2020-12-03 20:25:04,2658.80,1888.32,46.2800000000002
2020-12-03 20:30:16,2658.98,2023.14,46.460000000000036
2020-12-03 20:35:09,2659.14,2023.14,46.61999999999989
2020-12-03 20:40:09,2659.36,2306.91,46.840000000000146
2020-12-03 20:45:07,2659.58,2648.83,47.059999999999945
2020-12-03 20:50:05,2659.79,2592.96,47.26999999999998
2020-12-03 20:55:11,2660.01,2558.68,47.49000000000024
2020-12-03 21:00:07,2660.16,2212.62,47.63999999999987
2020-12-03 21:05:05,2660.31,1818.18,47.789999999999964
2020-12-03 21:10:21,2660.46,1758.96,47.940000000000055
2020-12-03 21:15:10,2660.63,1904.13,48.11000000000013
2020-12-03 21:20:07,2660.77,1901.19,48.25
2020-12-03 21:25:04,2660.97,2057.14,48.44999999999982
2020-12-03 21:30:06,2661.18,2460.00,48.659999999999854
2020-12-03 21:35:05,2661.37,2396.01,48.84999999999991
2020-12-03 21:40:18,2661.56,2231.65,49.039999999999964
2020-12-03 21:45:05,2661.73,2160.00,49.210000000000036
2020-12-03 21:50:05,2661.90,2085.18,49.38000000000011
2020-12-03 21:55:21,2662.06,1928.57,49.539999999999964
2020-12-03 22:00:05,2662.21,1860.00,49.690000000000055
2020-12-03 22:05:10,2662.35,1772.50,49.82999999999993
2020-12-03 22:10:08,2662.49,1671.64,49.9699999999998
2020-12-03 22:15:05,2662.61,1573.11,50.090000000000146
2020-12-03 22:20:12,2662.75,1549.67,50.23000000000002
2020-12-03 22:25:06,2662.84,1377.70,50.320000000000164
2020-12-03 22:30:06,2662.90,909.09,50.38000000000011
2020-12-03 22:35:21,2662.96,701.30,50.440000000000055
2020-12-03 22:40:04,2662.99,540.90,50.4699999999998
2020-12-03 22:45:08,2663.04,490.63,50.51999999999998
2020-12-03 22:50:10,2663.06,415.84,50.539999999999964
2020-12-03 22:55:05,2663.08,241.21,50.559999999999945
2020-12-03 23:00:17,2663.10,236.84,50.57999999999993
2020-12-03 23:05:07,2663.11,179.40,50.590000000000146
2020-12-03 23:10:06,2663.13,183.36,50.61000000000013
2020-12-03 23:15:20,2663.15,234.91,50.63000000000011
2020-12-03 23:20:05,2663.17,240.00,50.65000000000009
2020-12-03 23:25:06,2663.19,245.73,50.67000000000007
2020-12-03 23:30:15,2663.21,236.07,50.690000000000055
2020-12-03 23:35:06,2663.23,240.00,50.710000000000036
2020-12-03 23:40:06,2663.24,182.74,50.7199999999998
2020-12-03 23:45:17,2663.26,176.76,50.74000000000024
2020-12-03 23:50:07,2663.28,239.60,50.76000000000022
2020-12-03 23:55:06,2663.29,183.05,50.76999999999998
2020-12-04 00:00:05,2663.31,180.60,50.789999999999964
2020-12-04 00:05:08,2663.33,239.20,50.809999999999945
2020-12-04 00:10:09,2663.35,238.41,50.82999999999993
2020-12-04 00:15:10,2663.38,298.51,50.86000000000013
2020-12-04 00:20:04,2663.39,241.61,50.86999999999989
2020-12-04 00:25:18,2663.41,177.63,50.88999999999987
2020-12-04 00:30:05,2663.42,179.40,50.90000000000009
2020-12-04 00:35:05,2663.44,183.99,50.92000000000007
2020-12-04 00:40:06,2663.46,239.20,50.940000000000055
2020-12-04 00:45:06,2663.47,179.70,50.94999999999982
2020-12-04 00:50:14,2663.50,236.84,50.98000000000002
2020-12-04 00:55:05,2663.52,300.50,51.0
2020-12-04 01:00:07,2663.54,242.83,51.01999999999998
2020-12-04 01:05:16,2663.56,235.29,51.039999999999964
2020-12-04 01:10:13,2663.58,237.23,51.059999999999945
2020-12-04 01:15:05,2663.60,244.07,51.07999999999993
2020-12-04 01:20:12,2663.63,300.50,51.11000000000013
2020-12-04 01:25:10,2663.66,357.02,51.13999999999987
2020-12-04 01:30:05,2663.70,424.96,51.179999999999836
2020-12-04 01:35:14,2663.73,417.22,51.210000000000036
2020-12-04 01:40:05,2663.76,359.40,51.24000000000024
2020-12-04 01:45:04,2663.78,304.57,51.26000000000022
2020-12-04 01:50:19,2663.81,293.16,51.289999999999964
2020-12-04 01:55:05,2663.84,359.40,51.320000000000164
2020-12-04 02:00:05,2663.86,306.64,51.340000000000146
2020-12-04 02:05:07,2663.89,299.00,51.36999999999989
2020-12-04 02:10:07,2663.92,358.21,51.40000000000009
2020-12-04 02:15:15,2663.95,355.26,51.429999999999836
2020-12-04 02:20:13,2663.99,415.84,51.4699999999998
2020-12-04 02:25:04,2664.01,366.10,51.49000000000024
2020-12-04 02:30:17,2664.04,298.01,51.51999999999998
2020-12-04 02:35:06,2664.07,358.80,51.55000000000018
2020-12-04 02:40:11,2664.10,363.64,51.57999999999993
2020-12-04 02:45:09,2664.12,298.51,51.59999999999991
2020-12-04 02:50:06,2664.15,302.52,51.63000000000011
2020-12-04 02:55:13,2664.17,298.01,51.65000000000009
2020-12-04 03:00:10,2664.19,238.41,51.67000000000007
2020-12-04 03:05:06,2664.21,242.83,51.690000000000055
2020-12-04 03:10:08,2664.23,240.40,51.710000000000036
2020-12-04 03:15:07,2664.24,179.70,51.7199999999998
2020-12-04 03:20:06,2664.26,180.60,51.74000000000024
2020-12-04 03:25:11,2664.28,238.41,51.76000000000022
2020-12-04 03:30:10,2664.29,178.81,51.76999999999998
2020-12-04 03:35:05,2664.31,181.82,51.789999999999964
2020-12-04 03:40:16,2664.34,297.03,51.820000000000164
2020-12-04 03:45:14,2664.36,295.57,51.840000000000146
2020-12-04 03:50:05,2664.38,244.48,51.86000000000013
2020-12-04 03:55:18,2664.39,178.81,51.86999999999989
2020-12-04 04:00:06,2664.41,179.70,51.88999999999987
2020-12-04 04:05:11,2664.43,242.42,51.909999999999854
2020-12-04 04:10:10,2664.44,178.81,51.92000000000007
2020-12-04 04:15:05,2664.46,181.82,51.940000000000055
2020-12-04 04:20:14,2664.48,238.41,51.960000000000036
2020-12-04 04:25:05,2664.50,240.00,51.98000000000002
2020-12-04 04:30:07,2664.52,242.42,52.0
2020-12-04 04:35:05,2664.54,239.60,52.01999999999998
2020-12-04 04:40:04,2664.56,240.80,52.039999999999964
2020-12-04 04:45:10,2664.57,178.51,52.05000000000018
2020-12-04 04:50:07,2664.59,179.10,52.070000000000164
2020-12-04 04:55:09,2664.61,240.40,52.090000000000146
2020-12-04 05:00:05,2664.62,180.60,52.09999999999991
2020-12-04 05:05:21,2664.64,176.47,52.11999999999989
2020-12-04 05:10:05,2664.66,240.00,52.13999999999987
2020-12-04 05:15:07,2664.68,245.32,52.159999999999854
2020-12-04 05:20:07,2664.71,299.00,52.190000000000055
2020-12-04 05:25:05,2664.74,361.20,52.2199999999998
2020-12-04 05:30:12,2664.78,416.53,52.26000000000022
2020-12-04 05:35:10,2664.80,357.02,52.2800000000002
2020-12-04 05:40:06,2664.84,363.64,52.320000000000164
2020-12-04 05:45:14,2664.88,476.03,52.36000000000013
2020-12-04 05:50:08,2664.91,418.60,52.38999999999987
2020-12-04 05:55:08,2664.94,363.64,52.42000000000007
2020-12-04 06:00:06,2664.97,361.20,52.44999999999982
2020-12-04 06:05:05,2665.00,361.20,52.48000000000002
2020-12-04 06:10:10,2665.02,297.52,52.5
2020-12-04 06:15:06,2665.06,359.40,52.539999999999964
2020-12-04 06:20:06,2665.09,422.82,52.570000000000164
2020-12-04 06:25:20,2665.11,293.16,52.590000000000146
2020-12-04 06:30:09,2665.15,358.21,52.63000000000011
2020-12-04 06:35:06,2665.19,491.47,52.67000000000007
2020-12-04 06:40:22,2665.21,352.37,52.690000000000055
2020-12-04 06:45:05,2665.25,360.60,52.73000000000002
2020-12-04 06:50:06,2665.27,369.86,52.75
2020-12-04 06:55:17,2665.30,293.64,52.7800000000002
2020-12-04 07:00:08,2665.33,358.21,52.809999999999945
2020-12-04 07:05:05,2665.36,366.72,52.840000000000146
2020-12-04 07:10:20,2665.38,294.12,52.86000000000013
2020-12-04 07:15:09,2665.41,297.52,52.88999999999987
2020-12-04 07:20:09,2665.46,488.96,52.940000000000055
2020-12-04 07:25:07,2665.54,782.61,53.01999999999998
2020-12-04 07:30:06,2665.66,1206.03,53.13999999999987
2020-12-04 07:35:11,2665.82,1668.87,53.30000000000018
2020-12-04 07:40:06,2665.87,1260.00,53.34999999999991
2020-12-04 07:45:05,2666.05,1393.94,53.5300000000002
2020-12-04 07:50:20,2666.12,1463.41,53.59999999999991
2020-12-04 07:55:08,2666.16,656.72,53.63999999999987
2020-12-04 08:00:07,2666.31,1165.25,53.789999999999964
2020-12-04 08:05:08,2666.37,1260.00,53.84999999999991
2020-12-04 08:10:06,2666.41,601.00,53.88999999999987
2020-12-04 08:15:16,2666.46,532.89,53.940000000000055
2020-12-04 08:20:06,2666.51,600.00,53.99000000000024
2020-12-04 08:25:05,2666.54,488.96,54.01999999999998
2020-12-04 08:30:19,2666.56,293.64,54.039999999999964
2020-12-04 08:35:11,2666.58,237.23,54.059999999999945
2020-12-04 08:40:05,2666.61,307.17,54.090000000000146
2020-12-04 08:45:14,2666.68,597.01,54.159999999999854
2020-12-04 08:50:05,2666.80,1140.00,54.2800000000002
2020-12-04 08:55:05,2666.88,1218.27,54.36000000000013
2020-12-04 09:00:16,2666.91,647.06,54.38999999999987
2020-12-04 09:05:06,2666.93,299.50,54.409999999999854
2020-12-04 09:10:05,2666.91,0.00,54.38999999999987
2020-12-04 09:15:21,2666.86,-409.09,54.340000000000146
2020-12-04 09:20:07,2666.65,-1554.82,54.13000000000011
2020-12-04 09:25:08,2666.51,-2146.51,53.99000000000024
2020-12-04 09:30:07,2666.41,-1440.00,53.88999999999987
2020-12-04 09:35:04,2666.40,-664.43,53.88000000000011
2020-12-04 09:40:17,2666.36,-295.08,53.840000000000146
2020-12-04 09:45:04,2666.33,-419.30,53.809999999999945
2020-12-04 09:50:06,2666.30,-366.72,53.7800000000002
2020-12-04 09:55:05,2666.30,-179.70,53.7800000000002
2020-12-04 10:00:08,2666.27,-179.10,53.75
2020-12-04 10:05:13,2666.18,-710.53,53.659999999999854
2020-12-04 10:10:07,2666.02,-1500.00,53.5
2020-12-04 10:15:06,2665.91,-1639.12,53.38999999999987
2020-12-04 10:20:15,2665.86,-947.37,53.340000000000146
2020-12-04 10:25:08,2665.78,-777.41,53.26000000000022
2020-12-04 10:30:07,2665.73,-790.54,53.210000000000036
2020-12-04 10:35:11,2665.66,-716.42,53.13999999999987
2020-12-04 10:40:06,2665.56,-1021.70,53.039999999999964
2020-12-04 10:45:04,2665.50,-971.33,52.98000000000002
2020-12-04 10:50:13,2665.44,-711.70,52.92000000000007
2020-12-04 10:55:09,2665.33,-1009.90,52.809999999999945
2020-12-04 11:00:05,2665.30,-851.35,52.7800000000002
2020-12-04 11:05:18,2665.27,-354.68,52.75
2020-12-04 11:10:12,2665.17,-771.00,52.65000000000009
2020-12-04 11:15:05,2665.11,-981.26,52.590000000000146
2020-12-04 11:20:04,2665.04,-790.54,52.51999999999998
2020-12-04 11:25:06,2664.96,-898.50,52.440000000000055
2020-12-04 11:30:14,2664.89,-885.25,52.36999999999989
2020-12-04 11:35:09,2664.81,-894.04,52.289999999999964
2020-12-04 11:40:05,2664.75,-852.79,52.23000000000002
2020-12-04 11:45:16,2664.66,-889.62,52.13999999999987
2020-12-04 11:50:05,2664.57,-1080.00,52.05000000000018
2020-12-04 11:55:10,2664.53,-787.88,52.01000000000022
2020-12-04 12:00:08,2664.37,-1194.03,51.84999999999991
2020-12-04 12:05:04,2664.19,-2057.14,51.67000000000007
2020-12-04 12:10:12,2664.02,-2086.09,51.5
2020-12-04 12:15:05,2663.82,-2216.31,51.30000000000018
2020-12-04 12:20:05,2663.68,-2064.08,51.159999999999854
2020-12-04 12:25:07,2663.56,-1552.24,51.039999999999964
2020-12-04 12:30:05,2663.42,-1557.40,50.90000000000009
2020-12-04 12:35:05,2663.56,0.00,51.039999999999964
2020-12-04 12:40:10,2663.67,1487.60,51.15000000000009
2020-12-04 12:45:06,2663.56,0.00,51.039999999999964
2020-12-04 12:50:05,2663.48,-1149.58,50.960000000000036
2020-12-04 12:55:14,2663.39,-1006.58,50.86999999999989
2020-12-04 13:00:09,2663.27,-1251.66,50.75
2020-12-04 13:05:06,2663.20,-1155.41,50.679999999999836
2020-12-04 13:10:09,2663.19,-480.00,50.67000000000007
2020-12-04 13:15:05,2663.19,-60.10,50.67000000000007
2020-12-04 13:20:10,2663.20,59.80,50.679999999999836
2020-12-04 13:25:08,2663.20,59.70,50.679999999999836
2020-12-04 13:30:07,2663.21,60.20,50.690000000000055
2020-12-04 13:35:13,2663.22,118.81,50.69999999999982
2020-12-04 13:40:05,2663.23,120.40,50.710000000000036
2020-12-04 13:45:06,2663.25,182.12,50.73000000000002
2020-12-04 13:55:11,2663.22,-39.74,50.69999999999982
2020-12-04 14:21:45,2663.02,-376.36,50.5
2020-12-04 14:21:52,2663.02,-449.72,50.5
2020-12-04 15:05:07,2663.05,41.51,50.5300000000002
2020-12-04 15:10:07,2663.07,62.18,50.55000000000018
2020-12-04 15:15:05,2663.10,301.00,50.57999999999993
2020-12-04 15:20:06,2663.13,360.60,50.61000000000013
2020-12-04 15:25:09,2663.15,298.01,50.63000000000011
2020-12-04 15:30:05,2663.18,300.50,50.659999999999854
2020-12-04 15:35:05,2663.25,604.03,50.73000000000002
2020-12-04 15:40:19,2663.30,703.58,50.7800000000002
2020-12-04 15:45:08,2663.35,597.01,50.82999999999993
2020-12-04 15:50:05,2663.40,614.33,50.88000000000011
2020-12-04 15:55:21,2663.44,528.55,50.92000000000007
2020-12-04 16:00:06,2663.48,478.41,50.960000000000036
2020-12-04 16:05:05,2663.53,554.79,51.01000000000022
2020-12-04 16:10:16,2663.57,530.28,51.05000000000018
2020-12-04 16:15:07,2663.62,537.31,51.09999999999991
2020-12-04 16:20:04,2663.67,611.21,51.15000000000009
2020-12-04 16:25:19,2663.78,941.18,51.26000000000022
2020-12-04 16:30:08,2663.89,1311.26,51.36999999999989
2020-12-04 16:35:08,2664.02,1466.89,51.5
2020-12-04 16:40:06,2664.16,1625.42,51.63999999999987
2020-12-04 16:45:04,2664.33,1869.35,51.809999999999945
2020-12-04 16:50:10,2664.48,1907.28,51.960000000000036
2020-12-04 16:55:05,2664.62,1737.10,52.09999999999991
2020-12-04 17:00:05,2664.78,1812.08,52.26000000000022
2020-12-04 17:05:19,2665.15,3107.49,52.63000000000011
2020-12-04 17:10:07,2665.59,4843.85,53.070000000000164
2020-12-04 17:15:06,2665.97,5028.96,53.44999999999982
2020-12-04 17:20:07,2666.26,4020.00,53.74000000000024
2020-12-04 17:25:05,2666.51,3245.41,53.99000000000024
2020-12-04 17:30:15,2666.90,3789.47,54.38000000000011
2020-12-04 17:35:06,2667.21,4193.01,54.690000000000055
2020-12-04 17:40:05,2667.50,3654.82,54.98000000000002
2020-12-04 17:45:18,2667.68,2764.71,55.159999999999854
2020-12-04 17:50:10,2667.84,2019.80,55.320000000000164
2020-12-04 17:55:05,2668.00,1962.52,55.48000000000002
2020-12-04 18:00:13,2668.19,2089.55,55.67000000000007
2020-12-04 18:05:05,2668.38,2280.00,55.86000000000013
2020-12-04 18:10:06,2668.55,2185.50,56.0300000000002
2020-12-04 18:15:16,2668.71,1944.35,56.190000000000055
2020-12-04 18:20:05,2668.86,1863.11,56.340000000000146
2020-12-04 18:25:05,2669.01,1830.51,56.49000000000024
2020-12-04 18:30:20,2669.18,1873.17,56.659999999999854
2020-12-04 18:35:06,2669.34,1976.71,56.820000000000164
2020-12-04 18:40:07,2669.50,1962.52,56.98000000000002
2020-12-04 18:45:06,2669.69,2096.51,57.17000000000007
2020-12-04 18:50:06,2669.88,2283.81,57.36000000000013
2020-12-04 18:55:16,2670.12,2537.70,57.59999999999991
2020-12-04 19:00:05,2670.35,2820.00,57.82999999999993
2020-12-04 19:05:05,2670.58,2811.54,58.059999999999945
2020-12-04 19:10:18,2670.81,2701.47,58.289999999999964
2020-12-04 19:15:07,2671.03,2686.57,58.51000000000022
2020-12-04 19:20:12,2671.23,2545.45,58.710000000000036
2020-12-04 19:25:06,2671.41,2280.00,58.88999999999987
2020-12-04 19:30:05,2671.59,2185.50,59.070000000000164
2020-12-04 19:35:14,2671.75,2013.16,59.23000000000002
2020-12-04 19:40:07,2671.94,2093.02,59.42000000000007
2020-12-04 19:45:06,2672.10,2128.38,59.57999999999993
2020-12-04 19:50:09,2672.33,2328.36,59.809999999999945
2020-12-04 19:55:05,2672.54,2640.00,60.01999999999998
2020-12-04 20:00:04,2672.73,2420.17,60.210000000000036
2020-12-04 20:05:12,2672.94,2372.32,60.42000000000007
2020-12-04 20:10:08,2673.14,2443.71,60.61999999999989
2020-12-04 20:15:04,2673.32,2310.81,60.80000000000018
2020-12-04 20:20:17,2673.50,2128.08,60.98000000000002
2020-12-04 20:25:11,2673.68,2135.09,61.159999999999854
2020-12-04 20:30:06,2673.83,2016.98,61.309999999999945
2020-12-04 20:35:05,2673.98,1818.18,61.460000000000036
2020-12-04 20:40:05,2674.13,1803.01,61.61000000000013
2020-12-04 20:45:12,2674.31,1953.95,61.789999999999964
2020-12-04 20:50:08,2674.46,1970.15,61.940000000000055
2020-12-04 20:55:06,2674.61,1818.18,62.090000000000146
2020-12-04 21:00:15,2674.77,1838.55,62.25
2020-12-04 21:05:06,2674.91,1800.00,62.38999999999987
2020-12-04 21:10:08,2675.06,1757.58,62.539999999999964
2020-12-04 21:15:07,2675.20,1737.10,62.679999999999836
2020-12-04 21:20:06,2675.35,1745.82,62.82999999999993
2020-12-04 21:25:11,2675.49,1728.48,62.9699999999998
2020-12-04 21:30:08,2675.64,1734.22,63.11999999999989
2020-12-04 21:35:10,2675.80,1863.11,63.2800000000002
2020-12-04 21:40:06,2675.94,1806.02,63.42000000000007
2020-12-04 21:45:04,2676.08,1694.12,63.559999999999945
2020-12-04 21:50:06,2676.22,1680.00,63.69999999999982
2020-12-04 21:55:09,2676.37,1725.62,63.84999999999991
2020-12-04 22:00:05,2676.51,1742.90,63.99000000000024
2020-12-04 22:05:05,2676.66,1748.74,64.13999999999987
2020-12-04 22:10:13,2676.81,1776.32,64.28999999999996
2020-12-04 22:15:08,2676.96,1791.04,64.44000000000005
2020-12-04 22:20:05,2677.10,1763.51,64.57999999999993
2020-12-04 22:25:16,2677.19,1361.84,64.67000000000007
2020-12-04 22:30:09,2677.26,953.64,64.74000000000024
2020-12-04 22:35:09,2677.33,849.92,64.80999999999995
2020-12-04 22:40:07,2677.38,722.41,64.86000000000013
2020-12-04 22:45:06,2677.42,542.71,64.90000000000009
2020-12-04 22:50:11,2677.47,535.54,64.94999999999982
2020-12-04 22:55:07,2677.52,599.00,65.0
2020-12-04 23:00:05,2677.56,545.45,65.03999999999996
2020-12-04 23:05:21,2677.60,469.06,65.07999999999993
2020-12-04 23:10:10,2677.64,476.03,65.11999999999989
2020-12-04 23:15:07,2677.67,429.30,65.15000000000009
2020-12-04 23:20:04,2677.70,363.03,65.17999999999984
2020-12-04 23:25:06,2677.73,360.00,65.21000000000004
2020-12-04 23:30:05,2677.75,299.50,65.23000000000002
2020-12-04 23:35:19,2677.77,234.91,65.25
2020-12-04 23:40:05,2677.79,240.00,65.26999999999998
2020-12-04 23:45:05,2677.81,245.73,65.28999999999996
2020-12-04 23:50:21,2677.83,233.77,65.30999999999995
2020-12-04 23:55:05,2677.84,180.00,65.32000000000016
2020-12-05 00:00:10,2677.86,183.36,65.34000000000015
2020-12-05 00:05:08,2677.87,179.10,65.34999999999991
2020-12-05 00:10:05,2677.89,181.51,65.36999999999989
2020-12-05 00:15:12,2677.91,238.02,65.38999999999987
2020-12-05 00:20:06,2677.93,239.60,65.40999999999985
2020-12-05 00:25:06,2677.95,242.42,65.42999999999984
2020-12-05 00:30:22,2677.97,233.77,65.44999999999982
2020-12-05 00:35:04,2677.98,180.30,65.46000000000004
2020-12-05 00:40:08,2678.00,183.99,65.48000000000002
2020-12-05 00:45:04,2678.01,180.00,65.49000000000024
2020-12-05 00:50:05,2678.03,180.90,65.51000000000022
2020-12-05 00:55:17,2678.05,234.53,65.5300000000002
2020-12-05 01:00:07,2678.07,239.20,65.55000000000018
2020-12-05 01:05:06,2678.09,244.48,65.57000000000016
2020-12-05 01:10:20,2678.11,234.91,65.59000000000015
2020-12-05 01:15:05,2678.12,180.00,65.59999999999991
2020-12-05 01:20:06,2678.14,184.30,65.61999999999989
2020-12-05 01:25:15,2678.15,177.05,65.63000000000011
2020-12-05 01:30:06,2678.17,180.00,65.65000000000009
2020-12-05 01:35:06,2678.18,182.74,65.65999999999985
2020-12-05 01:40:17,2678.21,235.29,65.69000000000005
2020-12-05 01:45:07,2678.23,299.50,65.71000000000004
2020-12-05 01:50:06,2678.25,244.07,65.73000000000002
2020-12-05 01:55:05,2678.26,180.60,65.74000000000024
2020-12-05 02:00:08,2678.28,179.40,65.76000000000022
2020-12-05 02:05:09,2678.29,178.81,65.76999999999998
2020-12-05 02:10:09,2678.31,179.70,65.78999999999996
2020-12-05 02:15:04,2678.33,241.61,65.80999999999995
2020-12-05 02:20:18,2678.35,236.45,65.82999999999993
2020-12-05 02:25:06,2678.37,239.20,65.84999999999991
2020-12-05 02:30:05,2678.39,245.32,65.86999999999989
2020-12-05 02:35:06,2678.41,240.00,65.88999999999987
2020-12-05 02:40:06,2678.42,179.70,65.90000000000009
2020-12-05 02:45:14,2678.44,177.63,65.92000000000007
2020-12-05 02:50:05,2678.46,240.40,65.94000000000005
2020-12-05 02:55:07,2678.47,182.12,65.94999999999982
2020-12-05 03:00:16,2678.49,176.76,65.9699999999998
2020-12-05 03:05:09,2678.52,299.00,66.0
2020-12-05 03:10:05,2678.54,305.60,66.01999999999998
2020-12-05 03:15:12,2678.55,179.10,66.0300000000002
2020-12-05 03:20:07,2678.57,179.10,66.05000000000018
2020-12-05 03:25:05,2678.58,182.12,66.05999999999995
2020-12-05 03:30:14,2678.60,177.63,66.07999999999993
2020-12-05 03:35:06,2678.62,239.60,66.09999999999991
2020-12-05 03:40:04,2678.63,182.74,66.11000000000013
2020-12-05 03:45:19,2678.66,234.91,66.13999999999987
2020-12-05 03:50:05,2678.68,299.50,66.15999999999985
2020-12-05 03:55:05,2678.69,183.99,66.17000000000007
2020-12-05 04:00:05,2678.71,180.00,66.19000000000005
2020-12-05 04:05:05,2678.73,240.00,66.21000000000004
2020-12-05 04:10:15,2678.74,177.05,66.2199999999998
2020-12-05 04:15:04,2678.76,180.00,66.24000000000024
2020-12-05 04:20:05,2678.77,183.05,66.25
2020-12-05 04:25:17,2678.79,176.18,66.26999999999998
2020-12-05 04:30:06,2678.82,299.50,66.30000000000018
2020-12-05 04:35:11,2678.84,303.03,66.32000000000016
2020-12-05 04:40:05,2678.85,180.30,66.32999999999993
2020-12-05 04:45:04,2678.87,182.12,66.34999999999991
2020-12-05 04:50:13,2678.89,236.84,66.36999999999989
2020-12-05 04:55:06,2678.90,179.40,66.38000000000011
2020-12-05 05:00:05,2678.92,182.43,66.40000000000009
2020-12-05 05:05:08,2678.94,238.81,66.42000000000007
2020-12-05 05:10:07,2678.96,239.20,66.44000000000005
2020-12-05 05:15:06,2678.98,240.80,66.46000000000004
2020-12-05 05:20:11,2679.00,238.41,66.48000000000002
2020-12-05 05:25:07,2679.01,179.70,66.49000000000024
2020-12-05 05:30:05,2679.03,181.82,66.51000000000022
2020-12-05 05:35:16,2679.04,177.34,66.51999999999998
2020-12-05 05:40:10,2679.06,178.51,66.53999999999996
2020-12-05 05:45:05,2679.08,244.48,66.55999999999995
2020-12-05 05:50:18,2679.10,236.84,66.57999999999993
2020-12-05 05:55:06,2679.12,239.60,66.59999999999991
2020-12-05 06:00:11,2679.14,242.42,66.61999999999989
2020-12-05 06:05:09,2679.16,238.41,66.63999999999987
2020-12-05 06:10:05,2679.20,363.64,66.67999999999984
2020-12-05 06:15:14,2679.23,416.53,66.71000000000004
2020-12-05 06:20:05,2679.26,360.00,66.74000000000024
2020-12-05 06:25:07,2679.29,363.64,66.76999999999998
2020-12-05 06:30:06,2679.32,359.40,66.80000000000018
2020-12-05 06:35:04,2679.36,421.40,66.84000000000015
2020-12-05 06:40:10,2679.40,476.82,66.88000000000011
2020-12-05 06:45:07,2679.43,417.91,66.90999999999985
2020-12-05 06:50:08,2679.48,480.80,66.96000000000004
2020-12-05 06:55:05,2679.53,602.01,67.01000000000022
2020-12-05 07:00:21,2679.57,528.55,67.05000000000018
2020-12-05 07:05:05,2679.62,540.00,67.09999999999991
2020-12-05 07:10:07,2679.66,551.96,67.13999999999987
2020-12-05 07:15:07,2679.73,657.81,67.21000000000004
2020-12-05 07:20:05,2679.76,602.01,67.24000000000024
2020-12-05 07:25:12,2679.80,416.53,67.2800000000002
2020-12-05 07:30:10,2679.84,476.03,67.32000000000016
2020-12-05 07:35:06,2679.90,606.06,67.38000000000011
2020-12-05 07:40:14,2679.95,654.55,67.42999999999984
2020-12-05 07:45:08,2680.01,657.81,67.49000000000024
2020-12-05 07:50:08,2680.07,727.27,67.55000000000018
2020-12-05 07:55:06,2680.13,722.41,67.61000000000013
2020-12-05 08:00:05,2680.18,662.21,67.65999999999985
2020-12-05 08:05:10,2680.23,595.04,67.71000000000004
2020-12-05 08:10:06,2680.36,1078.20,67.84000000000015
2020-12-05 08:15:06,2680.48,1510.07,67.96000000000004
2020-12-05 08:20:20,2680.61,1465.80,68.09000000000015
2020-12-05 08:25:09,2680.77,1731.34,68.25
2020-12-05 08:30:06,2680.92,1904.44,68.40000000000009
2020-12-05 08:35:22,2681.06,1703.10,68.53999999999996
2020-12-05 08:40:05,2681.17,1502.50,68.65000000000009
2020-12-05 08:45:06,2681.39,2034.25,68.86999999999989
2020-12-05 08:50:17,2681.64,2764.71,69.11999999999989
2020-12-05 08:55:08,2681.97,3462.69,69.44999999999982
2020-12-05 09:00:06,2682.30,4033.96,69.7800000000002
2020-12-05 09:05:20,2682.66,4058.82,70.13999999999987
2020-12-05 09:10:09,2682.97,4000.00,70.44999999999982
2020-12-05 09:15:09,2683.30,3911.71,70.7800000000002
2020-12-05 09:20:07,2683.60,3792.64,71.07999999999993
2020-12-05 09:25:06,2683.94,3859.30,71.42000000000007
2020-12-05 09:30:11,2684.24,3814.57,71.7199999999998
2020-12-05 09:35:06,2684.54,3600.00,72.01999999999998
2020-12-05 09:40:05,2684.83,3575.76,72.30999999999995
2020-12-05 09:45:21,2685.22,3980.49,72.69999999999982
2020-12-05 09:50:08,2685.50,4000.00,72.98000000000002
2020-12-05 09:55:07,2685.78,3440.27,73.26000000000022
2020-12-05 10:00:09,2686.09,3534.11,73.57000000000016
2020-12-05 10:05:06,2686.38,3606.01,73.86000000000013
2020-12-05 10:10:16,2686.67,3439.87,74.15000000000009
2020-12-05 10:15:06,2686.94,3360.00,74.42000000000007
2020-12-05 10:20:05,2687.21,3300.51,74.69000000000005
2020-12-05 10:25:19,2687.49,3230.02,74.9699999999998
2020-12-05 10:30:15,2687.77,3299.51,75.25
2020-12-05 10:35:05,2687.94,2764.51,75.42000000000007
2020-12-05 10:40:14,2688.02,1502.50,75.5
2020-12-05 10:45:05,2688.14,1200.00,75.61999999999989
2020-12-05 10:50:05,2688.46,2680.20,75.94000000000005
2020-12-05 10:55:16,2688.59,2651.39,76.07000000000016
2020-12-05 11:00:06,2688.73,1617.30,76.21000000000004
2020-12-05 11:05:05,2688.78,1159.32,76.26000000000022
2020-12-05 11:10:21,2688.84,643.90,76.32000000000016
2020-12-05 11:15:07,2688.88,598.01,76.36000000000013
2020-12-05 11:20:08,2688.92,490.63,76.40000000000009
2020-12-05 11:25:09,2688.97,537.31,76.44999999999982
2020-12-05 11:30:04,2689.02,604.03,76.5
2020-12-05 11:35:17,2689.07,592.11,76.55000000000018
2020-12-05 11:40:04,2689.20,1078.20,76.67999999999984
2020-12-05 11:45:06,2689.51,2689.30,76.99000000000024
2020-12-05 11:50:05,2689.85,3893.51,77.32999999999993
2020-12-05 11:55:08,2690.24,4358.21,77.7199999999998
2020-12-05 12:00:13,2690.53,4026.32,78.01000000000022
2020-12-05 12:05:11,2690.88,3820.90,78.36000000000013
2020-12-05 12:10:06,2691.25,4370.99,78.73000000000002
2020-12-05 12:15:15,2691.52,3808.26,79.0
2020-12-05 12:20:12,2691.75,2965.40,79.23000000000002
2020-12-05 12:25:04,2691.83,1894.74,79.30999999999995
2020-12-05 12:30:11,2691.93,1081.80,79.40999999999985
2020-12-05 12:35:09,2692.02,1130.58,79.5
2020-12-05 12:40:05,2692.08,909.09,79.55999999999995
2020-12-05 12:45:13,2692.17,894.04,79.65000000000009
2020-12-05 12:50:12,2692.23,889.62,79.71000000000004
2020-12-05 12:55:05,2692.31,851.35,79.78999999999996
2020-12-05 13:00:18,2692.39,950.50,79.86999999999989
2020-12-05 13:05:16,2692.55,1414.08,80.0300000000002
2020-12-05 13:10:05,2692.66,1655.88,80.13999999999987
2020-12-05 13:15:06,2692.74,1159.32,80.2199999999998
2020-12-05 13:20:06,2692.83,1018.30,80.30999999999995
2020-12-05 13:25:13,2693.00,1539.47,80.48000000000002
2020-12-05 13:30:12,2693.20,2198.02,80.67999999999984
2020-12-05 13:35:05,2693.34,2067.57,80.82000000000016
2020-12-05 13:40:16,2693.48,1668.87,80.96000000000004
2020-12-05 13:45:05,2693.61,1620.00,81.09000000000015
2020-12-05 13:50:10,2693.70,1333.33,81.17999999999984
2020-12-05 13:55:08,2693.79,1074.63,81.26999999999998
2020-12-05 14:00:04,2693.86,968.07,81.34000000000015
2020-12-05 14:05:12,2694.01,1311.26,81.49000000000024
2020-12-05 14:10:09,2694.14,1666.12,81.61999999999989
2020-12-05 14:15:05,2694.24,1396.29,81.7199999999998
2020-12-05 14:20:07,2694.36,1324.41,81.84000000000015
2020-12-05 14:25:05,2694.48,1437.60,81.96000000000004
2020-12-05 14:30:05,2694.58,1324.41,82.05999999999995
2020-12-05 14:35:10,2694.67,1130.58,82.15000000000009
2020-12-05 14:40:09,2694.97,2324.50,82.44999999999982
2020-12-05 14:45:05,2695.24,3448.74,82.7199999999998
2020-12-05 14:50:14,2695.36,2316.83,82.84000000000015
2020-12-05 14:55:12,2695.55,1835.53,83.0300000000002
2020-12-05 15:00:05,2695.74,2310.81,83.2199999999998
2020-12-05 15:05:17,2695.92,2201.65,83.40000000000009
2020-12-05 15:10:04,2696.02,1680.00,83.5
2020-12-05 15:15:10,2696.21,1757.58,83.69000000000005
2020-12-05 15:20:08,2696.44,2499.17,83.92000000000007
2020-12-05 15:25:07,2696.65,2653.27,84.13000000000011
2020-12-05 15:30:12,2696.80,2142.15,84.2800000000002
2020-12-05 15:35:04,2697.03,2287.63,84.51000000000022
2020-12-05 15:40:06,2697.25,2727.27,84.73000000000002
2020-12-05 15:45:22,2697.40,2155.34,84.88000000000011
2020-12-05 15:50:11,2697.63,2261.16,85.11000000000013
2020-12-05 15:55:08,2697.89,3005.11,85.36999999999989
2020-12-05 16:00:06,2698.10,2843.70,85.57999999999993
2020-12-05 16:05:07,2698.27,2280.00,85.75
2020-12-05 16:10:06,2698.48,2280.00,85.96000000000004
2020-12-05 16:15:20,2698.68,2407.83,86.15999999999985
2020-12-05 16:20:06,2698.92,2640.00,86.40000000000009
2020-12-05 16:25:06,2699.16,2948.81,86.63999999999987
2020-12-05 16:30:22,2699.37,2629.87,86.84999999999991
2020-12-05 16:35:06,2699.59,2580.00,87.07000000000016
2020-12-05 16:40:11,2699.91,3300.51,87.38999999999987
2020-12-05 16:45:27,2700.41,4753.62,87.88999999999987
2020-12-05 16:50:04,2700.88,5878.79,88.36000000000013
2020-12-05 16:55:13,2701.33,5651.88,88.80999999999995
2020-12-05 17:00:07,2701.79,5432.84,89.26999999999998
2020-12-05 17:05:07,2702.10,4666.67,89.57999999999993
2020-12-05 17:10:23,2702.43,3740.26,89.90999999999985
2020-12-05 17:15:05,2702.91,4868.11,90.38999999999987
2020-12-05 17:20:09,2703.22,4853.24,90.69999999999982
2020-12-05 17:25:05,2703.49,3480.00,90.9699999999998
2020-12-05 17:30:05,2703.75,3201.34,91.23000000000002
2020-12-05 17:35:19,2704.07,3400.65,91.55000000000018
2020-12-05 17:40:08,2704.38,3761.19,91.86000000000013
2020-12-05 17:45:05,2704.71,3931.74,92.19000000000005
2020-12-05 17:50:21,2704.93,3230.02,92.40999999999985
2020-12-05 17:55:06,2705.17,2750.83,92.65000000000009
2020-12-05 18:00:05,2705.32,2404.11,92.80000000000018
2020-12-05 18:05:16,2705.48,1826.51,92.96000000000004
2020-12-05 18:10:07,2705.63,1853.82,93.11000000000013
2020-12-05 18:15:04,2705.78,1833.62,93.26000000000022
2020-12-05 18:20:19,2705.94,1823.53,93.42000000000007
2020-12-05 18:25:08,2706.10,1907.28,93.57999999999993
2020-12-05 18:30:08,2706.28,2078.10,93.76000000000022
2020-12-05 18:35:06,2706.42,1926.42,93.90000000000009
2020-12-05 18:40:09,2706.58,1797.00,94.05999999999995
2020-12-05 18:45:10,2707.03,3635.76,94.51000000000022
2020-12-05 18:50:05,2707.39,4892.62,94.86999999999989
2020-12-05 18:55:05,2707.76,4409.40,95.24000000000024
2020-12-05 19:00:19,2707.98,3459.28,95.46000000000004
2020-12-05 19:05:07,2708.31,3289.04,95.78999999999996
2020-12-05 19:10:06,2708.48,3066.44,95.96000000000004
2020-12-05 19:15:07,2708.81,2995.01,96.28999999999996
2020-12-05 19:20:05,2708.99,3065.11,96.4699999999998
2020-12-05 19:25:15,2709.20,2309.21,96.67999999999984
2020-12-05 19:30:06,2709.35,2156.41,96.82999999999993
2020-12-05 19:35:05,2709.48,1705.58,96.96000000000004
2020-12-05 19:40:18,2709.79,2588.24,97.26999999999998
2020-12-05 19:45:14,2710.19,4190.16,97.67000000000007
2020-12-05 19:50:05,2710.37,3557.07,97.84999999999991
2020-12-05 19:55:13,2710.62,2584.31,98.09999999999991
2020-12-05 20:00:05,2710.80,2580.00,98.2800000000002
2020-12-05 20:05:06,2711.02,2428.33,98.5
2020-12-05 20:10:15,2711.28,2832.79,98.76000000000022
2020-12-05 20:15:06,2711.53,3054.91,99.01000000000022
2020-12-05 20:20:05,2711.75,2862.94,99.23000000000002
2020-12-05 20:25:20,2711.97,2579.80,99.44999999999982
2020-12-05 20:30:06,2712.09,2036.61,99.57000000000016
2020-12-05 20:35:06,2712.22,1533.22,99.69999999999982
2020-12-05 20:40:08,2712.34,1495.02,99.82000000000016
2020-12-05 20:45:06,2712.46,1440.00,99.94000000000005
2020-12-05 20:50:16,2712.59,1480.26,100.07000000000016
2020-12-05 20:55:05,2712.71,1500.00,100.19000000000005
2020-12-05 21:00:05,2712.82,1405.77,100.30000000000018
2020-12-05 21:05:18,2712.96,1468.19,100.44000000000005
2020-12-05 21:10:07,2713.06,1435.22,100.53999999999996
2020-12-05 21:15:12,2713.17,1272.73,100.65000000000009
2020-12-05 21:20:10,2713.28,1313.43,100.76000000000022
2020-12-05 21:25:05,2713.39,1335.58,100.86999999999989
2020-12-05 21:30:14,2713.52,1430.46,101.0
2020-12-05 21:35:11,2713.64,1485.15,101.11999999999989
2020-12-05 21:40:06,2713.76,1459.46,101.24000000000024
2020-12-05 21:45:09,2713.88,1442.40,101.36000000000013
2020-12-05 21:50:08,2713.99,1375.42,101.4699999999998
2020-12-05 21:55:07,2714.10,1324.41,101.57999999999993
2020-12-05 22:00:12,2714.21,1311.26,101.69000000000005
2020-12-05 22:05:11,2714.31,1251.66,101.78999999999996
2020-12-05 22:10:05,2714.42,1272.73,101.90000000000009
2020-12-05 22:15:17,2714.53,1306.93,102.01000000000022
2020-12-05 22:20:14,2714.58,944.26,102.05999999999995
2020-12-05 22:25:04,2714.60,428.57,102.07999999999993
2020-12-05 22:30:05,2714.62,243.65,102.09999999999991
2020-12-05 22:35:05,2714.64,239.60,102.11999999999989
2020-12-05 22:40:12,2714.65,177.92,102.13000000000011
2020-12-05 22:45:11,2714.67,178.22,102.15000000000009
2020-12-05 22:50:06,2714.68,181.82,102.15999999999985
2020-12-05 22:55:15,2714.70,178.81,102.17999999999984
2020-12-05 23:00:06,2714.73,300.00,102.21000000000004
2020-12-05 23:05:08,2714.75,303.03,102.23000000000002
2020-12-05 23:10:07,2714.76,179.70,102.24000000000024
2020-12-05 23:15:05,2714.78,180.60,102.26000000000022
2020-12-05 23:20:11,2714.79,178.81,102.26999999999998
2020-12-05 23:25:08,2714.81,179.10,102.28999999999996
2020-12-05 23:30:10,2714.83,240.40,102.30999999999995
2020-12-05 23:35:06,2714.84,180.60,102.32000000000016
2020-12-05 23:40:22,2714.87,235.29,102.34999999999991
2020-12-05 23:45:06,2714.89,300.00,102.36999999999989
2020-12-05 23:50:08,2714.91,245.32,102.38999999999987
2020-12-05 23:55:08,2714.95,358.80,102.42999999999984
2020-12-06 00:00:05,2715.00,541.81,102.48000000000002
2020-12-06 00:05:13,2715.02,416.53,102.5
2020-12-06 00:10:11,2715.04,237.62,102.51999999999998
2020-12-06 00:15:04,2715.06,243.65,102.53999999999996
2020-12-06 00:20:15,2715.09,297.52,102.57000000000016
2020-12-06 00:25:09,2715.11,297.52,102.59000000000015
2020-12-06 00:30:09,2715.12,181.82,102.59999999999991
2020-12-06 00:35:07,2715.14,180.60,102.61999999999989
2020-12-06 00:40:05,2715.15,180.90,102.63000000000011
2020-12-06 00:45:11,2715.17,178.51,102.65000000000009
2020-12-06 00:50:07,2715.18,179.40,102.65999999999985
2020-12-06 00:55:05,2715.20,181.82,102.67999999999984
2020-12-06 01:00:20,2715.22,234.53,102.69999999999982
2020-12-06 01:05:10,2715.24,238.02,102.7199999999998
2020-12-06 01:10:07,2715.25,183.99,102.73000000000002
2020-12-06 01:15:04,2715.27,181.51,102.75
2020-12-06 01:20:06,2715.28,180.30,102.76000000000022
2020-12-06 01:25:07,2715.29,119.40,102.76999999999998
2020-12-06 01:30:18,2715.31,176.18,102.78999999999996
2020-12-06 01:35:05,2715.33,240.80,102.80999999999995
2020-12-06 01:40:05,2715.35,245.32,102.82999999999993
2020-12-06 01:45:21,2715.37,233.77,102.84999999999991
2020-12-06 01:50:10,2715.38,178.22,102.86000000000013
2020-12-06 01:55:10,2715.39,122.24,102.86999999999989
2020-12-06 02:00:08,2715.41,180.60,102.88999999999987
2020-12-06 02:05:05,2715.42,181.51,102.90000000000009
2020-12-06 02:10:12,2715.44,178.81,102.92000000000007
2020-12-06 02:15:06,2715.45,179.70,102.92999999999984
2020-12-06 02:20:06,2715.47,181.82,102.94999999999982
2020-12-06 02:25:21,2715.49,234.15,102.9699999999998
2020-12-06 02:30:09,2715.51,238.81,102.99000000000024
2020-12-06 02:35:08,2715.52,183.99,103.0
2020-12-06 02:40:10,2715.53,119.80,103.01000000000022
2020-12-06 02:45:05,2715.55,180.90,103.0300000000002
2020-12-06 02:50:17,2715.56,177.63,103.03999999999996
2020-12-06 02:55:07,2715.58,179.40,103.05999999999995
2020-12-06 03:00:06,2715.60,244.48,103.07999999999993
2020-12-06 03:05:20,2715.62,234.91,103.09999999999991
2020-12-06 03:10:05,2715.63,180.30,103.11000000000013
2020-12-06 03:15:06,2715.65,184.30,103.13000000000011
2020-12-06 03:20:15,2715.66,177.05,103.13999999999987
2020-12-06 03:25:06,2715.67,120.00,103.15000000000009
2020-12-06 03:30:06,2715.69,182.74,103.17000000000007
2020-12-06 03:35:17,2715.71,235.68,103.19000000000005
2020-12-06 03:40:07,2715.73,239.60,103.21000000000004
2020-12-06 03:45:06,2715.75,244.07,103.23000000000002
2020-12-06 03:50:04,2715.76,180.60,103.24000000000024
2020-12-06 03:55:08,2715.78,179.40,103.26000000000022
2020-12-06 04:00:09,2715.79,178.51,103.26999999999998
2020-12-06 04:05:10,2715.80,119.40,103.2800000000002
2020-12-06 04:10:04,2715.82,181.51,103.30000000000018
2020-12-06 04:15:18,2715.83,177.63,103.30999999999995
2020-12-06 04:20:05,2715.85,179.40,103.32999999999993
2020-12-06 04:25:05,2715.87,245.32,103.34999999999991
2020-12-06 04:30:06,2715.89,239.60,103.36999999999989
2020-12-06 04:35:06,2715.90,179.70,103.38000000000011
2020-12-06 04:40:14,2715.92,177.63,103.40000000000009
2020-12-06 04:45:05,2715.93,180.30,103.40999999999985
2020-12-06 04:50:07,2715.95,182.12,103.42999999999984
2020-12-06 04:55:16,2715.96,176.76,103.44000000000005
2020-12-06 05:00:13,2715.98,178.22,103.46000000000004
2020-12-06 05:05:05,2716.00,244.48,103.48000000000002
2020-12-06 05:10:12,2716.02,240.40,103.5
2020-12-06 05:15:10,2716.03,178.51,103.51000000000022
2020-12-06 05:20:05,2716.04,121.42,103.51999999999998
2020-12-06 05:25:14,2716.06,178.81,103.53999999999996
2020-12-06 05:30:05,2716.07,179.70,103.55000000000018
2020-12-06 05:35:04,2716.09,183.05,103.57000000000016
2020-12-06 05:40:19,2716.11,234.53,103.59000000000015
2020-12-06 05:45:05,2716.13,239.60,103.61000000000013
2020-12-06 05:50:05,2716.16,306.64,103.63999999999987
2020-12-06 05:55:07,2716.19,358.80,103.67000000000007
2020-12-06 06:00:07,2716.22,358.80,103.69999999999982
2020-12-06 06:05:15,2716.24,296.05,103.7199999999998
2020-12-06 06:10:13,2716.28,356.44,103.76000000000022
2020-12-06 06:15:06,2716.31,426.40,103.78999999999996
2020-12-06 06:20:17,2716.35,417.22,103.82999999999993
2020-12-06 06:25:06,2716.38,420.00,103.86000000000013
2020-12-06 06:30:10,2716.41,363.64,103.88999999999987
2020-12-06 06:35:09,2716.44,358.21,103.92000000000007
2020-12-06 06:40:05,2716.46,302.01,103.94000000000005
2020-12-06 06:45:13,2716.49,298.01,103.9699999999998
2020-12-06 06:50:10,2716.52,357.02,104.0
2020-12-06 06:55:06,2716.54,303.54,104.01999999999998
2020-12-06 07:00:08,2716.57,301.00,104.05000000000018
2020-12-06 07:05:06,2716.61,419.30,104.09000000000015
2020-12-06 07:10:06,2716.63,361.20,104.11000000000013
2020-12-06 07:15:11,2716.66,297.52,104.13999999999987
2020-12-06 07:20:10,2716.70,417.22,104.17999999999984
2020-12-06 07:25:05,2716.74,484.85,104.2199999999998
2020-12-06 07:30:15,2716.78,476.03,104.26000000000022
2020-12-06 07:35:13,2716.82,472.91,104.30000000000018
2020-12-06 07:40:04,2716.87,549.15,104.34999999999991
2020-12-06 07:45:18,2716.92,595.04,104.40000000000009
2020-12-06 07:50:05,2716.95,478.41,104.42999999999984
2020-12-06 07:55:11,2716.99,424.24,104.4699999999998
2020-12-06 08:00:09,2717.03,476.03,104.51000000000022
2020-12-06 08:05:04,2717.06,424.24,104.53999999999996
2020-12-06 08:10:14,2717.10,416.53,104.57999999999993
2020-12-06 08:15:04,2717.13,419.30,104.61000000000013
2020-12-06 08:20:07,2717.17,424.96,104.65000000000009
2020-12-06 08:25:05,2717.20,419.30,104.67999999999984
2020-12-06 08:30:04,2717.23,361.81,104.71000000000004
2020-12-06 08:35:09,2717.27,416.53,104.75
2020-12-06 08:40:06,2717.30,417.91,104.7800000000002
2020-12-06 08:45:08,2717.31,240.00,104.78999999999996
2020-12-06 08:50:05,2717.35,300.50,104.82999999999993
2020-12-06 08:55:21,2717.36,293.64,104.84000000000015
2020-12-06 09:00:05,2717.36,60.00,104.84000000000015
2020-12-06 09:05:07,2717.37,61.43,104.84999999999991
2020-12-06 09:10:07,2717.39,179.40,104.86999999999989
2020-12-06 09:15:05,2717.41,240.80,104.88999999999987
2020-12-06 09:20:12,2717.40,59.50,104.88000000000011
2020-12-06 09:25:10,2717.38,-178.51,104.86000000000013
2020-12-06 09:30:05,2717.45,303.03,104.92999999999984
2020-12-06 09:35:14,2717.53,892.56,105.01000000000022
2020-12-06 09:40:08,2717.59,835.82,105.07000000000016
2020-12-06 09:45:08,2717.70,1030.30,105.17999999999984
2020-12-06 09:50:06,2717.75,963.21,105.23000000000002
2020-12-06 09:55:05,2717.71,60.30,105.19000000000005
2020-12-06 10:00:10,2717.66,-535.54,105.13999999999987
2020-12-06 10:05:05,2717.61,-599.00,105.09000000000015
2020-12-06 10:10:06,2717.57,-543.62,105.05000000000018
2020-12-06 10:15:20,2717.52,-526.83,105.0
2020-12-06 10:20:09,2717.55,-119.40,105.0300000000002
2020-12-06 10:25:06,2717.58,368.60,105.05999999999995
2020-12-06 10:30:22,2717.94,2290.38,105.42000000000007
2020-12-06 10:35:05,2718.12,3245.41,105.59999999999991
2020-12-06 10:40:06,2718.29,2157.53,105.76999999999998
2020-12-06 10:45:17,2718.46,2000.00,105.94000000000005
2020-12-06 10:50:08,2718.62,1973.42,106.09999999999991
2020-12-06 10:55:05,2718.67,1285.71,106.15000000000009
2020-12-06 11:00:20,2718.75,764.71,106.23000000000002
2020-12-06 11:05:09,2718.87,1192.05,106.34999999999991
2020-12-06 11:10:08,2718.89,855.69,106.36999999999989
2020-12-06 11:15:07,2718.82,-301.00,106.30000000000018
2020-12-06 11:20:05,2718.80,-541.81,106.2800000000002
2020-12-06 11:25:11,2718.86,238.41,106.34000000000015
2020-12-06 11:30:06,2718.87,419.30,106.34999999999991
2020-12-06 11:35:04,2718.88,121.21,106.36000000000013
2020-12-06 11:40:20,2718.92,293.16,106.40000000000009
2020-12-06 11:45:08,2718.95,417.22,106.42999999999984
2020-12-06 11:50:07,2718.95,183.99,106.42999999999984
2020-12-06 11:55:08,2718.95,0.00,106.42999999999984
2020-12-06 12:00:06,2719.34,2343.91,106.82000000000016
2020-12-06 12:05:16,2719.64,4085.53,107.11999999999989
2020-12-06 12:10:05,2719.95,3660.00,107.42999999999984
2020-12-06 12:15:05,2720.22,3544.99,107.69999999999982
2020-12-06 12:20:19,2720.50,3224.76,107.98000000000002
2020-12-06 12:25:15,2720.78,3304.92,108.26000000000022
2020-12-06 12:30:05,2720.84,2088.74,108.32000000000016
2020-12-06 12:35:14,2721.25,2824.71,108.73000000000002
2020-12-06 12:40:05,2721.38,3240.00,108.86000000000013
2020-12-06 12:45:05,2721.44,1157.36,108.92000000000007
2020-12-06 12:50:16,2721.47,530.28,108.94999999999982
2020-12-06 12:55:06,2721.61,1018.30,109.09000000000015
2020-12-06 13:00:05,2721.88,2505.94,109.36000000000013
2020-12-06 13:05:21,2721.96,2048.78,109.44000000000005
2020-12-06 13:10:07,2722.18,1794.02,109.65999999999985
2020-12-06 13:15:07,2722.29,2023.85,109.76999999999998
2020-12-06 13:20:09,2722.34,956.81,109.82000000000016
2020-12-06 13:25:07,2722.37,480.00,109.84999999999991
2020-12-06 13:30:17,2722.39,296.05,109.86999999999989
2020-12-06 13:35:06,2722.44,420.00,109.92000000000007
2020-12-06 13:40:06,2722.46,427.84,109.94000000000005
2020-12-06 13:45:05,2722.49,300.50,109.9699999999998
2020-12-06 13:50:08,2722.51,299.00,109.99000000000024
2020-12-06 13:55:13,2722.53,236.84,110.01000000000022
2020-12-06 14:00:11,2722.55,238.81,110.0300000000002
2020-12-06 14:05:05,2722.58,303.54,110.05999999999995
2020-12-06 14:10:15,2722.91,2145.70,110.38999999999987
2020-12-06 14:15:12,2723.21,3736.41,110.69000000000005
2020-12-06 14:20:06,2723.49,3527.03,110.9699999999998
2020-12-06 14:25:11,2723.78,3425.71,111.26000000000022
2020-12-06 14:30:09,2724.06,3402.99,111.53999999999996
2020-12-06 14:35:05,2724.31,3212.12,111.78999999999996
2020-12-06 14:40:13,2724.60,3218.54,112.07999999999993
2020-12-06 14:45:12,2724.87,3315.79,112.34999999999991
2020-12-06 14:50:05,2725.12,3162.16,112.59999999999991
2020-12-06 14:55:17,2725.39,3089.11,112.86999999999989
2020-12-06 15:00:16,2725.65,3122.75,113.13000000000011
2020-12-06 15:05:05,2725.92,3244.90,113.40000000000009
2020-12-06 15:10:06,2726.19,3294.92,113.67000000000007
2020-12-06 15:15:06,2726.45,3174.71,113.92999999999984
2020-12-06 15:20:13,2726.74,3261.94,114.2199999999998
2020-12-06 15:25:12,2727.02,3386.14,114.5
2020-12-06 15:30:04,2727.30,3405.41,114.7800000000002
2020-12-06 15:35:16,2727.60,3456.95,115.07999999999993
2020-12-06 15:40:05,2727.89,3534.11,115.36999999999989
2020-12-06 15:45:09,2728.22,3763.91,115.69999999999982
2020-12-06 15:50:07,2728.42,3164.18,115.90000000000009
2020-12-06 15:55:04,2728.57,2114.09,116.05000000000018
2020-12-06 16:00:12,2728.69,1606.61,116.17000000000007
2020-12-06 16:05:09,2728.96,2320.66,116.44000000000005
2020-12-06 16:10:04,2729.13,2671.16,116.61000000000013
2020-12-06 16:15:07,2729.21,1505.02,116.69000000000005
2020-12-06 16:20:05,2729.28,898.50,116.76000000000022
2020-12-06 16:25:05,2729.35,842.81,116.82999999999993
2020-12-06 16:30:09,2729.43,892.56,116.90999999999985
2020-12-06 16:35:09,2729.49,834.44,116.9699999999998
2020-12-06 16:40:05,2729.56,785.23,117.03999999999996
2020-12-06 16:45:14,2729.70,1247.52,117.17999999999984
2020-12-06 16:50:12,2730.00,2605.26,117.48000000000002
2020-12-06 16:55:05,2730.29,3593.91,117.76999999999998
2020-12-06 17:00:16,2730.46,2737.19,117.94000000000005
2020-12-06 17:05:04,2730.68,2340.00,118.15999999999985
2020-12-06 17:10:10,2730.82,2181.82,118.30000000000018
2020-12-06 17:15:08,2731.16,2860.93,118.63999999999987
2020-12-06 17:20:06,2731.46,3859.30,118.94000000000005
2020-12-06 17:25:12,2731.77,3629.75,119.25
2020-12-06 17:30:04,2732.04,3485.81,119.51999999999998
2020-12-06 17:35:06,2732.33,3393.94,119.80999999999995
2020-12-06 17:40:21,2732.57,3087.38,120.05000000000018
2020-12-06 17:45:11,2732.73,2380.17,120.21000000000004
2020-12-06 17:50:08,2732.89,1962.52,120.36999999999989
2020-12-06 17:55:05,2733.05,1939.39,120.5300000000002
2020-12-06 18:00:07,2733.21,1923.21,120.69000000000005
2020-12-06 18:05:05,2733.35,1797.00,120.82999999999993
2020-12-06 18:10:19,2733.49,1644.37,120.9699999999998
2020-12-06 18:15:06,2733.62,1617.30,121.09999999999991
2020-12-06 18:20:06,2733.74,1533.22,121.2199999999998
2020-12-06 18:25:05,2733.88,1560.00,121.36000000000013
2020-12-06 18:30:06,2734.04,1800.00,121.51999999999998
2020-12-06 18:35:11,2734.19,1841.58,121.67000000000007
2020-12-06 18:40:09,2734.32,1671.64,121.80000000000018
2020-12-06 18:45:06,2734.45,1573.11,121.92999999999984
2020-12-07 15:55:26,2749.52,715.14,137.0
2020-12-07 16:00:05,2749.88,726.13,137.36000000000013
2020-12-07 16:05:15,2750.29,4706.28,137.76999999999998
2020-12-07 16:10:12,2750.68,4744.65,138.15999999999985
2020-12-07 16:15:06,2751.07,4743.24,138.55000000000018
2020-12-07 16:20:10,2751.46,4695.65,138.94000000000005
2020-12-07 16:25:08,2751.88,4835.82,139.36000000000013
2020-12-07 16:30:05,2752.32,5203.36,139.80000000000018
2020-12-07 16:35:13,2752.78,5355.37,140.26000000000022
2020-12-07 16:40:12,2753.20,5219.11,140.67999999999984
2020-12-07 16:45:05,2753.61,5047.30,141.09000000000015
2020-12-07 16:50:18,2754.05,5049.50,141.5300000000002
2020-12-07 16:55:15,2754.31,4124.39,141.78999999999996
2020-12-07 17:00:05,2754.60,3373.08,142.07999999999993
2020-12-07 17:05:06,2755.12,4934.01,142.5999999999999
2020-12-07 17:10:06,2755.63,6169.72,143.11000000000013
2020-12-07 17:15:13,2756.15,6108.73,143.6300000000001
2020-12-07 17:20:11,2756.50,5168.32,143.98000000000002
2020-12-07 17:25:04,2756.80,3952.70,144.2800000000002
2020-12-07 17:30:16,2757.15,3867.77,144.6300000000001
2020-12-07 17:35:05,2757.55,4492.51,145.0300000000002
2020-12-07 17:40:09,2757.84,4188.87,145.32000000000016
2020-12-07 17:45:07,2758.18,3761.19,145.65999999999985
2020-12-07 17:50:04,2758.49,3932.77,145.9699999999998
2020-12-07 17:55:11,2758.86,4046.28,146.34000000000015
2020-12-07 18:00:09,2759.16,3986.78,146.63999999999987
2020-12-07 18:05:04,2759.33,2848.48,146.80999999999995
2020-12-07 18:10:07,2759.52,2167.22,147.0
2020-12-07 18:15:05,2759.69,2156.41,147.17000000000007
2020-12-07 18:20:07,2759.86,2040.00,147.34000000000015
2020-12-07 18:25:09,2760.02,1966.89,147.5
2020-12-07 18:30:09,2760.20,2033.22,147.67999999999984
2020-12-07 18:35:05,2760.42,2416.11,147.9000000000001
2020-12-07 18:40:14,2760.61,2439.67,148.09000000000015
2020-12-07 18:45:12,2760.82,2372.32,148.30000000000018
2020-12-07 18:50:05,2761.02,2497.46,148.5
2020-12-07 18:55:17,2761.29,2796.69,148.76999999999998
2020-12-07 19:00:10,2761.53,3034.71,149.01000000000022
2020-12-07 19:05:10,2761.77,2914.00,149.25
2020-12-07 19:10:08,2762.00,2829.43,149.48000000000002
2020-12-07 19:15:06,2762.24,2834.17,149.7199999999998
2020-12-07 19:20:12,2762.46,2737.19,149.94000000000005
2020-12-07 19:25:04,2762.65,2468.23,150.1300000000001
2020-12-07 19:30:06,2762.82,2181.82,150.30000000000018
2020-12-07 19:35:21,2763.01,2097.09,150.49000000000024
2020-12-07 19:40:11,2763.22,2380.17,150.69999999999982
2020-12-07 19:45:08,2763.45,2698.47,150.92999999999984
2020-12-07 19:50:05,2763.64,2545.45,151.1199999999999
2020-12-07 19:55:07,2763.85,2404.01,151.32999999999993
2020-12-07 20:00:05,2764.05,2455.91,151.5300000000002
2020-12-07 20:05:19,2764.26,2411.76,151.74000000000024
2020-12-07 20:10:06,2764.45,2396.01,151.92999999999984
2020-12-07 20:15:06,2764.64,2330.49,152.1199999999999
2020-12-07 20:20:05,2764.80,2103.51,152.2800000000002
2020-12-07 20:25:05,2764.96,1920.00,152.44000000000005
2020-12-07 20:30:11,2765.12,1900.99,152.5999999999999
2020-12-07 20:35:09,2765.28,1907.28,152.76000000000022
2020-12-07 20:40:06,2765.43,1875.63,152.90999999999985
2020-12-07 20:45:13,2765.59,1847.68,153.07000000000016
2020-12-07 20:50:06,2765.74,1856.91,153.2199999999998
2020-12-07 20:55:07,2765.90,1878.79,153.3800000000001
2020-12-07 21:00:05,2766.06,1923.21,153.53999999999996
2020-12-07 21:05:05,2766.22,1926.42,153.69999999999982
2020-12-07 21:10:09,2766.37,1847.68,153.8499999999999
2020-12-07 21:15:05,2766.53,1860.00,154.01000000000022
2020-12-07 21:20:05,2766.67,1812.08,154.1500000000001
2020-12-07 21:25:18,2766.82,1700.33,154.30000000000018
2020-12-07 21:30:07,2766.97,1791.04,154.44999999999982
2020-12-07 21:35:05,2767.11,1778.53,154.59000000000015
2020-12-07 21:40:20,2767.24,1583.06,154.7199999999998
2020-12-07 21:45:06,2767.36,1497.50,154.84000000000015
2020-12-07 21:50:06,2767.48,1471.89,154.96000000000004
2020-12-07 21:55:16,2767.60,1416.39,155.07999999999993
2020-12-07 22:00:07,2767.72,1437.60,155.19999999999982
2020-12-07 22:05:05,2767.83,1405.77,155.30999999999995
2020-12-07 22:10:18,2767.97,1473.00,155.44999999999982
2020-12-07 22:15:08,2768.10,1611.94,155.57999999999993
2020-12-07 22:20:07,2768.22,1528.01,155.69999999999982
2020-12-07 22:25:05,2768.33,1384.62,155.80999999999995
2020-12-07 22:30:04,2768.45,1386.93,155.92999999999984
2020-12-07 22:35:10,2768.56,1368.60,156.03999999999996
2020-12-07 22:40:04,2768.65,1198.00,156.1300000000001
2020-12-07 22:45:05,2768.75,1149.58,156.23000000000002
2020-12-07 22:50:19,2768.84,1112.20,156.32000000000016
2020-12-07 22:55:06,2768.93,1076.41,156.40999999999985
2020-12-07 23:00:05,2769.03,1165.25,156.51000000000022
2020-12-07 23:05:07,2769.13,1198.00,156.61000000000013
2020-12-07 23:10:05,2769.23,1200.00,156.71000000000004
2020-12-07 23:15:15,2769.32,1125.00,156.80000000000018
2020-12-07 23:20:06,2769.40,1018.30,156.8800000000001
2020-12-07 23:25:05,2769.41,549.15,156.88999999999987
2020-12-07 23:30:17,2769.43,176.76,156.90999999999985
2020-12-07 23:35:14,2769.44,177.34,156.92000000000007
2020-12-07 23:40:05,2769.47,244.90,156.94999999999982
2020-12-07 23:45:12,2769.49,300.50,156.9699999999998
2020-12-07 23:50:05,2769.51,240.00,156.99000000000024
2020-12-07 23:55:06,2769.53,242.42,157.01000000000022
2020-12-08 00:00:15,2769.54,177.05,157.01999999999998
2020-12-08 00:05:06,2769.56,180.00,157.03999999999996
2020-12-08 00:10:05,2769.58,244.07,157.05999999999995
2020-12-08 00:15:19,2769.60,234.53,157.07999999999993
2020-12-08 00:20:05,2769.61,179.70,157.09000000000015
2020-12-08 00:25:06,2769.63,183.99,157.11000000000013
2020-12-08 00:30:08,2769.65,238.81,157.1300000000001
2020-12-08 00:35:06,2769.68,300.00,157.15999999999985
2020-12-08 00:40:16,2769.70,296.05,157.17999999999984
2020-12-08 00:45:05,2769.71,180.30,157.19000000000005
2020-12-08 00:50:05,2769.73,183.36,157.21000000000004
2020-12-08 00:55:18,2769.74,176.18,157.2199999999998
2020-12-08 01:00:07,2769.76,179.40,157.24000000000024
2020-12-08 01:05:11,2769.80,363.64,157.2800000000002
2020-12-08 01:10:10,2769.84,477.61,157.32000000000016
2020-12-08 01:15:05,2769.86,363.64,157.34000000000015
2020-12-08 01:20:14,2769.88,238.41,157.36000000000013
2020-12-08 01:25:11,2769.89,178.22,157.3699999999999
2020-12-08 01:30:05,2769.92,243.24,157.4000000000001
2020-12-08 01:35:09,2769.94,300.50,157.42000000000007
2020-12-08 01:40:07,2769.95,179.10,157.42999999999984
2020-12-08 01:45:07,2769.96,120.40,157.44000000000005
2020-12-08 01:50:12,2769.98,178.51,157.46000000000004
2020-12-08 01:55:11,2770.00,238.41,157.48000000000002
2020-12-08 02:00:05,2770.03,303.54,157.51000000000022
2020-12-08 02:05:16,2770.05,297.52,157.5300000000002
2020-12-08 02:10:14,2770.06,177.05,157.53999999999996
2020-12-08 02:15:04,2770.08,183.67,157.55999999999995
2020-12-08 02:20:04,2770.09,182.74,157.57000000000016
2020-12-08 02:25:05,2770.11,179.70,157.59000000000015
2020-12-08 02:30:12,2770.14,296.05,157.6199999999999
2020-12-08 02:35:10,2770.16,297.03,157.63999999999987
2020-12-08 02:40:05,2770.18,242.42,157.65999999999985
2020-12-08 02:45:14,2770.19,178.51,157.67000000000007
2020-12-08 02:50:05,2770.21,179.70,157.69000000000005
2020-12-08 02:55:08,2770.23,242.42,157.71000000000004
2020-12-08 03:00:06,2770.25,239.60,157.73000000000002
2020-12-08 03:05:05,2770.26,180.90,157.74000000000024
2020-12-08 03:10:11,2770.28,178.51,157.76000000000022
2020-12-08 03:15:07,2770.30,238.81,157.7800000000002
2020-12-08 03:20:09,2770.33,300.50,157.80999999999995
2020-12-08 03:25:06,2770.35,300.50,157.82999999999993
2020-12-08 03:30:21,2770.37,234.91,157.8499999999999
2020-12-08 03:35:06,2770.38,180.00,157.86000000000013
2020-12-08 03:40:08,2770.39,122.66,157.8699999999999
2020-12-08 03:45:07,2770.41,179.40,157.88999999999987
2020-12-08 03:50:05,2770.44,301.51,157.92000000000007
2020-12-08 03:55:13,2770.45,237.62,157.92999999999984
2020-12-08 04:00:11,2770.47,178.22,157.94999999999982
2020-12-08 04:05:06,2770.49,242.42,157.9699999999998
2020-12-08 04:10:15,2770.51,238.02,157.99000000000024
2020-12-08 04:15:09,2770.54,298.51,158.01999999999998
2020-12-08 04:20:09,2770.55,242.42,158.0300000000002
2020-12-08 04:25:07,2770.57,180.60,158.05000000000018
2020-12-08 04:30:05,2770.58,181.21,158.05999999999995
2020-12-08 04:35:11,2770.60,178.81,158.07999999999993
2020-12-08 04:40:06,2770.62,239.20,158.0999999999999
2020-12-08 04:45:05,2770.64,242.42,158.1199999999999
2020-12-08 04:50:20,2770.66,234.15,158.13999999999987
2020-12-08 04:55:10,2770.68,238.02,158.15999999999985
2020-12-08 05:00:07,2770.69,183.99,158.17000000000007
2020-12-08 05:05:23,2770.73,293.64,158.21000000000004
2020-12-08 05:10:06,2770.77,480.80,158.25
2020-12-08 05:15:07,2770.80,431.51,158.2800000000002
2020-12-08 05:20:19,2770.82,293.64,158.30000000000018
2020-12-08 05:25:05,2770.84,240.80,158.32000000000016
2020-12-08 05:30:05,2770.88,368.60,158.36000000000013
2020-12-08 05:35:20,2770.92,467.53,158.4000000000001
2020-12-08 05:40:04,2770.96,480.00,158.44000000000005
2020-12-08 05:45:09,2770.99,427.12,158.4699999999998
2020-12-08 05:50:08,2771.03,417.22,158.51000000000022
2020-12-08 05:55:05,2771.05,362.42,158.5300000000002
2020-12-08 06:00:12,2771.09,357.62,158.57000000000016
2020-12-08 06:05:05,2771.13,479.20,158.61000000000013
2020-12-08 06:10:05,2771.15,363.64,158.6300000000001
2020-12-08 06:15:21,2771.18,291.73,158.65999999999985
2020-12-08 06:20:09,2771.22,417.22,158.69999999999982
2020-12-08 06:25:08,2771.26,490.63,158.74000000000024
2020-12-08 06:30:09,2771.29,419.30,158.76999999999998
2020-12-08 06:35:04,2771.32,361.81,158.80000000000018
2020-12-08 06:40:17,2771.38,532.89,158.86000000000013
2020-12-08 06:45:06,2771.42,598.01,158.9000000000001
2020-12-08 06:50:06,2771.47,550.08,158.94999999999982
2020-12-08 06:55:19,2771.53,644.95,159.01000000000022
2020-12-08 07:00:05,2771.58,661.10,159.05999999999995
2020-12-08 07:05:05,2771.63,613.29,159.11000000000013
2020-12-08 07:10:15,2771.69,649.18,159.17000000000007
2020-12-08 07:15:06,2771.74,658.90,159.2199999999998
2020-12-08 07:20:06,2771.79,609.14,159.26999999999998
2020-12-08 07:25:17,2771.85,648.12,159.32999999999993
2020-12-08 07:30:07,2771.89,599.00,159.3699999999999
