2016-11-01 00:00:27,98525.54
2016-11-01 00:05:05,98525.57,388.49,0.0300000000134
2016-11-01 00:10:14,98525.60,349.51,0.0600000000122
2016-11-01 00:15:05,98525.62,246.58,0.0800000000017
2016-11-01 00:20:04,98525.65,361.20,0.110000000001
2016-11-01 00:25:18,98525.67,228.57,0.130000000005
2016-11-01 00:30:05,98525.68,125.44,0.139999999999
2016-11-01 00:35:05,98525.70,239.20,0.160000000003
2016-11-01 00:40:21,98525.71,113.92,0.170000000013
2016-11-01 00:45:05,98525.73,253.52,0.190000000002
2016-11-01 00:50:15,98525.74,116.13,0.200000000012
2016-11-01 00:55:04,98525.76,248.28,0.220000000001
2016-11-01 01:00:06,98525.77,119.21,0.23000000001
2016-11-01 01:05:17,98525.78,115.76,0.240000000005
2016-11-01 01:10:06,98525.80,249.13,0.260000000009
2016-11-01 01:15:11,98525.81,118.03,0.270000000004
2016-11-01 01:20:27,98525.83,227.85,0.290000000008
2016-11-01 01:25:06,98525.84,129.03,0.300000000003
2016-11-01 01:30:13,98525.86,234.53,0.320000000007
2016-11-01 01:35:28,98525.87,113.92,0.330000000002
2016-11-01 01:40:06,98525.89,258.99,0.350000000006
2016-11-01 01:45:08,98525.90,118.81,0.360000000001
2016-11-01 01:50:24,98525.92,227.85,0.380000000005
2016-11-01 01:55:10,98525.93,125.44,0.389999999999
2016-11-01 02:00:11,98525.94,119.60,0.400000000009
2016-11-01 02:05:26,98525.96,228.57,0.420000000013
2016-11-01 02:10:05,98525.97,129.03,0.430000000008
2016-11-01 02:15:15,98525.99,232.26,0.450000000012
2016-11-01 02:20:30,98526.00,113.92,0.460000000006
2016-11-01 02:25:06,98526.02,259.93,0.48000000001
2016-11-01 02:30:17,98526.03,115.38,0.490000000005
2016-11-01 02:35:06,98526.05,249.13,0.510000000009
2016-11-01 02:40:11,98526.07,236.07,0.530000000013
2016-11-01 02:45:27,98526.10,341.77,0.560000000012
2016-11-01 02:50:05,98526.12,258.99,0.580000000002
2016-11-01 02:55:14,98526.15,349.51,0.610000000001
2016-11-01 03:00:06,98526.18,369.86,0.639999999999
2016-11-01 03:05:07,98526.19,119.60,0.650000000009
2016-11-01 03:10:23,98526.21,227.85,0.670000000013
2016-11-01 03:15:05,98526.22,127.66,0.680000000008
2016-11-01 03:20:10,98526.24,236.07,0.700000000012
2016-11-01 03:25:25,98526.25,114.29,0.710000000006
2016-11-01 03:30:08,98526.27,254.42,0.73000000001
2016-11-01 03:35:05,98526.28,121.21,0.740000000005
2016-11-01 03:40:21,98526.30,227.85,0.760000000009
2016-11-01 03:45:07,98526.31,125.87,0.770000000004
2016-11-01 03:50:07,98526.32,120.00,0.780000000013
2016-11-01 03:55:23,98526.34,227.85,0.800000000003
2016-11-01 04:00:07,98526.35,126.76,0.810000000012
2016-11-01 04:05:12,98526.37,236.07,0.830000000002
2016-11-01 04:10:28,98526.38,113.92,0.840000000011
2016-11-01 04:15:09,98526.40,256.23,0.860000000001
2016-11-01 04:20:14,98526.41,118.03,0.87000000001
2016-11-01 04:25:08,98526.43,244.90,0.889999999999
2016-11-01 04:30:08,98526.44,120.00,0.900000000009
2016-11-01 04:35:23,98526.47,342.86,0.930000000008
2016-11-01 04:40:07,98526.51,507.04,0.970000000001
2016-11-01 04:45:10,98526.55,475.25,1.01000000001
2016-11-01 04:50:06,98526.59,486.49,1.05
2016-11-01 04:55:06,98526.62,360.00,1.08
2016-11-01 05:00:20,98526.64,229.30,1.10000000001
2016-11-01 05:05:09,98526.66,249.13,1.12000000001
2016-11-01 05:10:06,98526.68,242.42,1.14
2016-11-01 05:15:22,98526.70,227.85,1.16
2016-11-01 05:20:05,98526.74,508.83,1.20000000001
2016-11-01 05:25:06,98526.78,478.41,1.24000000001
2016-11-01 05:30:17,98526.80,231.51,1.26000000001
2016-11-01 05:35:08,98526.81,123.71,1.27
2016-11-01 05:40:05,98526.83,241.61,1.29000000001
2016-11-01 05:45:20,98526.84,114.29,1.3
2016-11-01 05:50:09,98526.85,124.57,1.31000000001
2016-11-01 05:55:09,98526.87,240.00,1.33
2016-11-01 06:00:24,98526.88,114.29,1.34000000001
2016-11-01 06:05:05,98526.89,127.66,1.35000000001
2016-11-01 06:10:11,98526.91,235.29,1.37000000001
2016-11-01 06:15:06,98526.92,122.03,1.38
2016-11-01 06:20:40,98526.93,107.78,1.39
2016-11-01 06:25:20,98526.95,256.23,1.41
2016-11-01 06:30:08,98526.96,125.00,1.42000000001
2016-11-01 06:35:07,98526.98,240.80,1.44
2016-11-01 06:40:23,98527.00,227.85,1.46000000001
2016-11-01 06:45:06,98527.03,381.63,1.49000000001
2016-11-01 06:50:16,98527.05,232.26,1.51000000001
2016-11-01 06:55:05,98527.07,248.28,1.53000000001
2016-11-01 07:00:05,98527.10,360.00,1.56000000001
2016-11-01 07:05:19,98527.13,343.95,1.59000000001
2016-11-01 07:10:34,98527.17,457.14,1.63
2016-11-01 07:15:06,98527.21,529.41,1.67000000001
2016-11-01 07:20:14,98527.26,584.42,1.72
2016-11-01 07:25:05,98527.42,1979.38,1.88
2016-11-01 07:30:07,98527.50,953.64,1.96000000001
2016-11-01 07:35:16,98527.60,1165.05,2.06000000001
2016-11-01 07:40:06,98527.66,744.83,2.12000000001
2016-11-01 07:45:05,98527.73,842.81,2.19
2016-11-01 07:50:21,98527.78,569.62,2.24000000001
2016-11-01 07:55:07,98527.83,629.37,2.29000000001
2016-11-01 08:00:08,98527.89,717.61,2.35000000001
2016-11-01 08:05:23,98527.93,455.70,2.39
2016-11-01 08:10:04,98527.96,382.98,2.42000000001
2016-11-01 08:15:17,98528.01,575.08,2.47
2016-11-01 08:20:07,98528.04,372.41,2.5
2016-11-01 08:25:06,98528.07,361.20,2.53000000001
2016-11-01 08:30:19,98528.11,460.06,2.57000000001
2016-11-01 08:35:05,98528.13,251.75,2.59000000001
2016-11-01 08:40:13,98528.15,233.77,2.61
2016-11-01 08:45:29,98528.17,227.85,2.63
2016-11-01 08:50:06,98528.19,259.93,2.65000000001
2016-11-01 08:55:15,98528.23,466.02,2.69
2016-11-01 09:00:31,98528.27,455.70,2.73000000001
2016-11-01 09:05:07,98528.29,260.87,2.75
2016-11-01 09:10:11,98528.32,355.26,2.78000000001
2016-11-01 09:15:27,98528.37,569.62,2.83
2016-11-01 09:20:05,98528.44,906.47,2.90000000001
2016-11-01 09:25:13,98528.51,818.18,2.97
2016-11-01 09:30:29,98528.56,569.62,3.02
2016-11-01 09:35:05,98528.57,130.43,3.03000000001
2016-11-01 09:40:18,98528.59,230.03,3.05
2016-11-01 09:45:34,98528.44,-1708.86,2.90000000001
2016-11-01 09:50:04,98528.29,-2000.00,2.75
2016-11-01 09:55:20,98528.10,-2164.56,2.56000000001
2016-11-01 10:00:06,98527.93,-2139.86,2.39
2016-11-01 10:05:14,98527.73,-2337.66,2.19
2016-11-01 10:10:29,98527.49,-2742.86,1.95000000001
2016-11-01 10:15:05,98527.29,-2608.70,1.75
2016-11-01 10:20:16,98527.05,-2778.14,1.51000000001
2016-11-01 10:25:05,98526.79,-3238.75,1.25
2016-11-01 10:30:09,98526.45,-4013.11,0.910000000003
2016-11-01 10:35:25,98526.07,-4329.11,0.530000000013
2016-11-01 10:40:04,98525.74,-4242.86,0.200000000012
2016-11-01 10:45:12,98525.37,-4324.68,-0.169999999998
2016-11-01 10:50:28,98524.98,-4443.04,-0.559999999998
2016-11-01 10:55:05,98524.63,-4548.74,-0.909999999989
2016-11-01 11:00:07,98524.24,-4649.01,-1.29999999999
2016-11-01 11:05:23,98523.84,-4556.96,-1.7
2016-11-01 11:10:05,98523.46,-4851.06,-2.07999999999
2016-11-01 11:15:10,98523.08,-4485.25,-2.45999999999
2016-11-01 11:20:26,98522.64,-5012.66,-2.89999999999
2016-11-01 11:25:05,98522.39,-3225.81,-3.14999999999
2016-11-01 11:30:14,98522.17,-2563.11,-3.37
2016-11-01 11:35:30,98521.75,-4784.81,-3.78999999999
2016-11-01 11:40:05,98521.48,-3534.55,-4.06
2016-11-01 11:45:17,98521.20,-3230.77,-4.34
2016-11-01 11:50:04,98521.06,-1750.00,-4.48
2016-11-01 11:55:10,98520.82,-2823.53,-4.71999999999
2016-11-01 12:00:26,98520.62,-2278.48,-4.92
2016-11-01 12:05:07,98520.32,-3843.42,-5.21999999999
2016-11-01 12:10:13,98520.14,-2117.65,-5.39999999999
2016-11-01 12:15:04,98520.04,-1232.88,-5.5
2016-11-01 12:20:06,98519.86,-2145.70,-5.67999999999
2016-11-01 12:25:22,98519.43,-4898.73,-6.11
2016-11-01 12:30:11,98519.07,-4484.43,-6.46999999999
2016-11-01 12:35:09,98518.72,-4228.19,-6.81999999999
2016-11-01 12:40:05,98518.63,-1090.91,-6.90999999999
2016-11-01 12:45:07,98518.27,-4277.23,-7.26999999999
2016-11-01 12:50:06,98517.94,-3973.24,-7.59999999999
2016-11-01 12:55:20,98517.66,-3210.19,-7.87999999999
2016-11-01 13:00:06,98517.36,-3776.22,-8.17999999999
2016-11-01 13:05:06,98517.08,-3360.00,-8.45999999999
2016-11-01 13:10:06,98516.87,-2520.00,-8.67
2016-11-01 13:15:06,98516.86,-120.00,-8.67999999999
2016-11-01 13:20:11,98516.72,-1652.46,-8.81999999999
2016-11-01 13:25:27,98516.51,-2392.41,-9.03
2016-11-01 13:30:08,98516.38,-1665.48,-9.15999999999
2016-11-01 13:35:13,98516.22,-1888.52,-9.31999999999
2016-11-01 13:40:07,98516.08,-1714.29,-9.45999999999
2016-11-01 13:45:07,98515.98,-1200.00,-9.56
2016-11-01 13:50:22,98515.81,-1942.86,-9.73
2016-11-01 13:55:05,98515.65,-2028.17,-9.89
2016-11-01 14:00:09,98515.53,-1421.05,-10.01
2016-11-01 14:05:05,98515.39,-1702.70,-10.15
2016-11-01 14:10:05,98515.30,-1080.00,-10.24
2016-11-01 14:15:18,98515.21,-1035.14,-10.33
2016-11-01 14:20:08,98515.14,-868.97,-10.4
2016-11-01 14:25:05,98515.06,-969.70,-10.48
2016-11-01 14:30:21,98515.02,-455.70,-10.52
2016-11-01 14:35:06,98514.99,-377.62,-10.55
2016-11-01 14:40:05,98514.97,-240.80,-10.57
2016-11-01 14:45:16,98514.96,-115.76,-10.58
2016-11-01 14:50:07,98514.95,-123.71,-10.59
2016-11-01 14:55:05,98514.94,-120.81,-10.6
2016-11-01 15:00:19,98514.94,0.00,-10.6
2016-11-01 15:05:08,98514.95,124.57,-10.59
2016-11-01 15:10:08,98514.95,0.00,-10.59
2016-11-01 15:15:06,98514.97,241.61,-10.57
2016-11-01 15:20:04,98514.97,0.00,-10.57
2016-11-01 15:25:10,98514.96,-117.65,-10.58
2016-11-01 15:30:05,98514.95,-122.03,-10.59
2016-11-01 15:35:05,98514.94,-119.60,-10.6
2016-11-01 15:40:19,98514.93,-114.65,-10.61
2016-11-01 15:45:07,98514.93,0.00,-10.61
2016-11-01 15:50:06,98514.93,0.00,-10.61
2016-11-01 15:55:22,98514.93,0.00,-10.61
2016-11-01 16:00:05,98514.94,127.21,-10.6
2016-11-01 16:05:15,98515.12,2090.32,-10.42
2016-11-01 16:10:04,98515.39,3363.32,-10.15
2016-11-01 16:15:05,98515.59,2384.11,-9.95
2016-11-01 16:20:17,98515.78,2192.31,-9.75999999999
2016-11-01 16:25:33,98515.92,1589.91,-9.62
2016-11-01 16:30:05,98516.03,1455.88,-9.50999999999
2016-11-01 16:35:13,98516.14,1285.71,-9.39999999999
2016-11-01 16:40:05,98516.25,1356.16,-9.28999999999
2016-11-01 16:45:06,98516.37,1435.22,-9.17
2016-11-01 16:50:15,98516.54,1980.58,-9.0
2016-11-01 16:55:07,98516.60,739.73,-8.93999999999
2016-11-01 17:00:04,98516.76,1939.39,-8.78
2016-11-01 17:05:19,98517.01,2848.10,-8.53
2016-11-01 17:10:06,98517.31,3763.07,-8.23
2016-11-01 17:15:06,98517.61,3588.04,-7.92999999999
2016-11-01 17:20:23,98517.82,2384.86,-7.71999999999
2016-11-01 17:25:06,98517.86,508.83,-7.67999999999
2016-11-01 17:30:16,98517.90,464.52,-7.64
2016-11-01 17:35:05,98517.94,496.55,-7.59999999999
2016-11-01 17:40:05,98517.96,240.00,-7.57999999999
2016-11-01 17:45:18,98517.99,345.05,-7.54999999999
2016-11-01 17:50:07,98518.01,249.13,-7.53
2016-11-01 17:55:12,98518.04,354.10,-7.5
2016-11-01 18:00:28,98518.08,455.70,-7.45999999999
2016-11-01 18:05:04,98518.17,1169.68,-7.37
2016-11-01 18:10:14,98518.27,1161.29,-7.26999999999
2016-11-01 18:15:30,98518.34,797.47,-7.2
2016-11-01 18:20:06,98518.40,782.61,-7.14
2016-11-01 18:25:10,98518.44,473.68,-7.09999999999
2016-11-01 18:30:26,98518.48,455.70,-7.06
2016-11-01 18:35:07,98518.53,640.57,-7.00999999999
2016-11-01 18:40:12,98518.57,472.13,-6.96999999999
2016-11-01 18:45:28,98518.62,569.62,-6.92
2016-11-01 18:50:05,98518.66,517.99,-6.87999999999
2016-11-01 18:55:17,98518.70,461.54,-6.84
2016-11-01 19:00:32,98518.74,457.14,-6.79999999999
2016-11-01 19:05:06,98518.77,394.16,-6.76999999999
2016-11-01 19:10:19,98518.80,345.05,-6.73999999999
2016-11-01 19:15:05,98518.83,377.62,-6.70999999999
2016-11-01 19:20:12,98518.86,351.79,-6.67999999999
2016-11-01 19:25:28,98518.89,341.77,-6.64999999999
2016-11-01 19:30:06,98518.92,388.49,-6.62
2016-11-01 19:35:15,98518.94,233.01,-6.59999999999
2016-11-01 19:40:07,98518.96,246.58,-6.57999999999
2016-11-01 19:45:08,98518.98,239.20,-6.56
2016-11-01 19:50:24,98518.99,113.92,-6.54999999999
2016-11-01 19:55:05,98519.01,255.32,-6.53
2016-11-01 20:00:11,98519.03,235.29,-6.50999999999
2016-11-01 20:05:27,98519.05,227.85,-6.48999999999
2016-11-01 20:10:10,98519.07,254.42,-6.46999999999
2016-11-01 20:15:06,98519.11,486.49,-6.42999999999
2016-11-01 20:20:21,98519.15,457.14,-6.39
2016-11-01 20:25:08,98519.17,250.87,-6.37
2016-11-01 20:30:08,98519.20,360.00,-6.34
2016-11-01 20:35:24,98519.22,227.85,-6.31999999999
2016-11-01 20:40:05,98519.26,512.46,-6.28
2016-11-01 20:45:13,98519.29,350.65,-6.25
2016-11-01 20:50:28,98519.32,341.77,-6.21999999999
2016-11-01 20:55:04,98519.35,391.30,-6.18999999999
2016-11-01 21:00:16,98519.39,461.54,-6.14999999999
2016-11-01 21:05:09,98519.42,368.60,-6.12
2016-11-01 21:10:09,98519.45,360.00,-6.09
2016-11-01 21:15:25,98519.48,341.77,-6.06
2016-11-01 21:20:06,98519.49,128.11,-6.04999999999
2016-11-01 21:25:12,98519.53,470.59,-6.00999999999
2016-11-01 21:30:07,98519.56,366.10,-5.98
2016-11-01 21:35:05,98519.58,241.61,-5.95999999999
2016-11-01 21:40:20,98519.61,341.77,-5.92999999999
2016-11-01 21:45:10,98519.64,372.41,-5.89999999999
2016-11-01 21:50:07,98519.67,363.64,-5.87
2016-11-01 21:55:23,98519.71,455.70,-5.82999999999
2016-11-01 22:00:06,98519.74,381.63,-5.79999999999
2016-11-01 22:05:07,98519.77,358.80,-5.76999999999
2016-11-01 22:10:19,98519.81,461.54,-5.73
2016-11-01 22:15:05,98519.84,377.62,-5.7
2016-11-01 22:20:05,98519.87,360.00,-5.67
2016-11-01 22:25:21,98519.91,455.70,-5.62999999999
2016-11-01 22:30:05,98519.95,507.04,-5.59
2016-11-01 22:35:10,98519.97,236.07,-5.56999999999
2016-11-01 22:40:26,98519.99,227.85,-5.54999999999
2016-11-01 22:45:07,98520.01,256.23,-5.53
2016-11-01 22:50:12,98520.04,354.10,-5.5
2016-11-01 22:55:06,98520.06,244.90,-5.48
2016-11-01 23:00:06,98520.07,120.00,-5.46999999999
2016-11-01 23:05:22,98520.09,227.85,-5.45
2016-11-01 23:10:09,98520.10,125.44,-5.43999999999
2016-11-01 23:15:08,98520.12,240.80,-5.42
2016-11-01 23:20:23,98520.15,342.86,-5.39
2016-11-01 23:25:04,98520.17,256.23,-5.37
2016-11-01 23:30:17,98520.20,345.05,-5.34
2016-11-01 23:35:07,98520.22,248.28,-5.31999999999
2016-11-01 23:40:06,98520.23,120.40,-5.31
2016-11-01 23:45:20,98520.25,229.30,-5.28999999999
2016-11-01 23:50:05,98520.26,126.32,-5.28
2016-11-01 23:55:06,98520.28,239.20,-5.25999999999
2016-11-02 00:00:15,98520.29,116.50,-5.25
2016-11-02 00:05:06,98520.30,123.71,-5.23999999999
2016-11-02 00:10:04,98520.32,241.61,-5.21999999999
2016-11-02 00:15:17,98520.33,114.65,-5.20999999999
2016-11-02 00:20:07,98520.35,248.28,-5.18999999999
2016-11-02 00:25:06,98520.36,120.00,-5.17999999999
2016-11-02 00:30:23,98520.38,227.13,-5.15999999999
2016-11-02 00:35:08,98520.39,126.32,-5.14999999999
2016-11-02 00:40:09,98520.40,119.60,-5.14
2016-11-02 00:45:25,98520.42,227.85,-5.12
2016-11-02 00:50:04,98520.43,129.03,-5.11
2016-11-02 00:55:18,98520.44,114.65,-5.09999999999
2016-11-02 01:00:06,98520.47,375.00,-5.06999999999
2016-11-02 01:05:05,98520.49,240.80,-5.04999999999
2016-11-02 01:10:20,98520.52,342.86,-5.01999999999
2016-11-02 01:15:04,98520.54,253.52,-5.0
2016-11-02 01:20:14,98520.56,232.26,-4.98
2016-11-02 01:25:05,98520.57,123.71,-4.96999999999
2016-11-02 01:30:04,98520.58,120.40,-4.95999999999
2016-11-02 01:35:16,98520.60,230.77,-4.93999999999
2016-11-02 01:40:32,98520.61,113.56,-4.92999999999
2016-11-02 01:45:05,98520.62,131.87,-4.92
2016-11-02 01:50:12,98520.64,234.53,-4.89999999999
2016-11-02 01:55:28,98520.65,113.92,-4.89
2016-11-02 02:00:05,98520.66,129.96,-4.87999999999
2016-11-02 02:05:14,98520.68,233.01,-4.86
2016-11-02 02:10:06,98520.69,123.29,-4.84999999999
2016-11-02 02:15:04,98520.70,120.81,-4.84
2016-11-02 02:20:19,98520.72,228.57,-4.81999999999
2016-11-02 02:25:05,98520.73,125.87,-4.81
2016-11-02 02:30:06,98520.75,239.20,-4.78999999999
2016-11-02 02:35:21,98520.76,113.92,-4.78
2016-11-02 02:40:05,98520.77,126.76,-4.76999999999
2016-11-02 02:45:15,98520.79,232.26,-4.75
2016-11-02 02:50:04,98520.80,124.57,-4.73999999999
2016-11-02 02:55:04,98520.83,360.00,-4.70999999999
2016-11-02 03:00:17,98520.85,230.03,-4.68999999999
2016-11-02 03:05:06,98520.88,373.70,-4.65999999999
2016-11-02 03:10:11,98520.90,236.07,-4.64
2016-11-02 03:15:27,98520.93,341.77,-4.61
2016-11-02 03:20:06,98520.94,129.03,-4.59999999999
2016-11-02 03:25:13,98520.95,117.26,-4.59
2016-11-02 03:30:29,98520.97,227.85,-4.56999999999
2016-11-02 03:35:05,98520.98,130.43,-4.56
2016-11-02 03:40:08,98520.99,118.42,-4.54999999999
2016-11-02 03:45:24,98521.01,227.85,-4.53
2016-11-02 03:50:06,98521.02,127.66,-4.51999999999
2016-11-02 03:55:11,98521.04,236.07,-4.5
2016-11-02 04:00:26,98521.05,114.29,-4.48999999999
2016-11-02 04:05:05,98521.06,129.03,-4.48
2016-11-02 04:10:15,98521.08,231.51,-4.45999999999
2016-11-02 04:15:31,98521.09,113.92,-4.45
2016-11-02 04:20:06,98521.10,130.43,-4.43999999999
2016-11-02 04:25:18,98521.12,230.77,-4.42
2016-11-02 04:30:04,98521.13,125.87,-4.40999999999
2016-11-02 04:35:11,98521.14,117.26,-4.39999999999
2016-11-02 04:40:27,98521.16,227.13,-4.37999999999
2016-11-02 04:45:05,98521.17,129.50,-4.37
2016-11-02 04:50:14,98521.18,116.50,-4.36
2016-11-02 04:55:06,98521.20,246.58,-4.34
2016-11-02 05:00:07,98521.21,119.60,-4.32999999999
2016-11-02 05:05:23,98521.23,227.85,-4.31
2016-11-02 05:10:04,98521.24,128.11,-4.29999999999
2016-11-02 05:15:10,98521.29,588.24,-4.25
2016-11-02 05:20:25,98521.32,342.86,-4.21999999999
2016-11-02 05:25:09,98521.35,380.28,-4.18999999999
2016-11-02 05:30:05,98521.38,364.86,-4.15999999999
2016-11-02 05:35:21,98521.40,227.85,-4.14
2016-11-02 05:40:07,98521.42,251.75,-4.12
2016-11-02 05:45:07,98521.44,239.20,-4.09999999999
2016-11-02 05:50:24,98521.46,227.13,-4.07999999999
2016-11-02 05:55:07,98521.47,127.21,-4.06999999999
2016-11-02 06:00:12,98521.48,118.03,-4.06
2016-11-02 06:05:28,98521.49,113.92,-4.04999999999
2016-11-02 06:10:06,98521.50,129.50,-4.03999999999
2016-11-02 06:15:14,98521.52,233.77,-4.01999999999
2016-11-02 06:20:08,98521.53,122.45,-4.00999999999
2016-11-02 06:25:08,98521.54,120.00,-4.0
2016-11-02 06:30:24,98521.55,113.92,-3.98999999999
2016-11-02 06:35:07,98521.56,127.21,-3.98
2016-11-02 06:40:11,98521.57,118.42,-3.96999999999
2016-11-02 06:45:06,98521.58,122.03,-3.95999999999
2016-11-02 06:50:06,98521.59,120.00,-3.95
2016-11-02 06:55:19,98521.62,343.95,-3.92
2016-11-02 07:00:09,98521.64,248.28,-3.89999999999
2016-11-02 07:05:06,98521.68,484.85,-3.86
2016-11-02 07:10:22,98521.72,455.70,-3.81999999999
2016-11-02 07:15:05,98521.75,381.63,-3.78999999999
2016-11-02 07:20:06,98521.77,239.20,-3.76999999999
2016-11-02 07:25:17,98521.85,926.05,-3.68999999999
2016-11-02 07:30:04,98521.89,501.74,-3.64999999999
2016-11-02 07:35:06,98521.93,476.82,-3.61
2016-11-02 07:40:20,98521.99,687.90,-3.54999999999
2016-11-02 07:45:09,98522.03,498.27,-3.50999999999
2016-11-02 07:50:09,98522.07,480.00,-3.46999999999
2016-11-02 07:55:24,98522.10,341.77,-3.43999999999
2016-11-02 08:00:06,98522.12,255.32,-3.42
2016-11-02 08:05:11,98522.13,118.03,-3.40999999999
2016-11-02 08:10:05,98522.13,0.00,-3.40999999999
2016-11-02 08:15:05,98522.13,0.00,-3.40999999999
2016-11-02 08:20:20,98522.13,0.00,-3.40999999999
2016-11-02 08:25:08,98522.12,-125.00,-3.42
2016-11-02 08:30:07,98522.12,0.00,-3.42
2016-11-02 08:35:23,98522.12,0.00,-3.42
2016-11-02 08:40:04,98522.11,-128.11,-3.42999999999
2016-11-02 08:45:16,98522.09,-230.77,-3.45
2016-11-02 08:50:06,98522.05,-496.55,-3.48999999999
2016-11-02 08:55:05,98521.99,-722.41,-3.54999999999
2016-11-02 09:00:19,98521.93,-687.90,-3.61
2016-11-02 09:05:04,98521.89,-505.26,-3.64999999999
2016-11-02 09:10:05,98521.85,-478.41,-3.68999999999
2016-11-02 09:15:14,98521.80,-582.52,-3.73999999999
2016-11-02 09:20:05,98521.74,-742.27,-3.79999999999
2016-11-02 09:25:05,98521.68,-720.00,-3.86
2016-11-02 09:30:16,98521.61,-807.69,-3.92999999999
2016-11-02 09:35:06,98521.52,-1117.24,-4.01999999999
2016-11-02 09:40:05,98521.40,-1440.00,-4.14
2016-11-02 09:45:21,98521.35,-569.62,-4.18999999999
2016-11-02 09:50:07,98521.26,-1132.87,-4.28
2016-11-02 09:55:08,98521.10,-1913.62,-4.43999999999
2016-11-02 10:00:09,98520.91,-2264.90,-4.62999999999
2016-11-02 10:05:04,98520.71,-2440.68,-4.82999999999
2016-11-02 10:10:17,98520.48,-2645.37,-5.06
2016-11-02 10:15:07,98520.24,-2979.31,-5.29999999999
2016-11-02 10:20:06,98519.98,-3130.43,-5.56
2016-11-02 10:25:05,98519.70,-3371.24,-5.84
2016-11-02 10:30:08,98519.40,-3564.36,-6.14
2016-11-02 10:35:13,98519.11,-3422.95,-6.42999999999
2016-11-02 10:40:11,98518.80,-3744.97,-6.73999999999
2016-11-02 10:45:06,98518.49,-3783.05,-7.04999999999
2016-11-02 10:50:15,98518.15,-3961.17,-7.39
2016-11-02 10:55:12,98517.82,-4000.00,-7.71999999999
2016-11-02 11:00:07,98517.49,-4027.12,-8.04999999999
2016-11-02 11:05:11,98517.15,-4026.32,-8.39
2016-11-02 11:10:09,98516.81,-4107.38,-8.73
2016-11-02 11:15:05,98516.48,-4013.51,-9.06
2016-11-02 11:20:13,98516.12,-4207.79,-9.42
2016-11-02 11:25:12,98515.78,-4093.65,-9.75999999999
2016-11-02 11:30:05,98515.44,-4177.47,-10.1
2016-11-02 11:35:18,98515.08,-4140.58,-10.46
2016-11-02 11:40:16,98514.74,-4107.38,-10.8
2016-11-02 11:45:04,98514.40,-4235.29,-11.14
2016-11-02 11:50:06,98514.04,-4291.39,-11.5
2016-11-02 11:55:06,98513.70,-4080.00,-11.84
2016-11-02 12:00:13,98513.34,-4207.79,-12.2
2016-11-02 12:05:12,98512.97,-4454.85,-12.57
2016-11-02 12:10:07,98512.61,-4393.22,-12.93
2016-11-02 12:15:16,98512.45,-1864.08,-13.09
2016-11-02 12:20:05,98512.12,-4110.73,-13.42
2016-11-02 12:25:10,98511.79,-3895.08,-13.75
2016-11-02 12:30:08,98511.50,-3503.36,-14.04
2016-11-02 12:35:05,98511.18,-3878.79,-14.36
2016-11-02 12:40:12,98510.86,-3752.44,-14.68
2016-11-02 12:45:05,98510.57,-3563.14,-14.97
2016-11-02 12:50:05,98510.29,-3360.00,-15.25
2016-11-02 12:55:07,98510.04,-2970.30,-15.5
2016-11-02 13:00:06,98509.81,-2769.23,-15.73
2016-11-02 13:05:05,98509.58,-2769.23,-15.96
2016-11-02 13:10:10,98509.36,-2596.72,-16.18
2016-11-02 13:15:09,98509.13,-2769.23,-16.41
2016-11-02 13:20:05,98508.91,-2675.68,-16.63
2016-11-02 13:25:14,98508.75,-1864.08,-16.79
2016-11-02 13:30:09,98508.61,-1708.47,-16.93
2016-11-02 13:35:05,98508.49,-1459.46,-17.05
2016-11-02 13:40:17,98508.32,-1961.54,-17.22
2016-11-02 13:45:05,98508.17,-1875.00,-17.37
2016-11-02 13:50:10,98507.99,-2124.59,-17.55
2016-11-02 13:55:06,98507.82,-2067.57,-17.72
2016-11-02 14:00:07,98507.71,-1315.61,-17.83
2016-11-02 14:05:13,98507.60,-1294.12,-17.94
2016-11-02 14:10:08,98507.51,-1098.31,-18.03
2016-11-02 14:15:06,98507.39,-1449.66,-18.15
2016-11-02 14:20:04,98507.29,-1204.01,-18.25
2016-11-02 14:25:04,98507.20,-1080.00,-18.34
2016-11-02 14:30:09,98507.10,-1180.33,-18.44
2016-11-02 14:35:06,98507.02,-969.70,-18.52
2016-11-02 14:40:07,98506.94,-953.64,-18.6
2016-11-02 14:45:04,98506.87,-848.48,-18.67
2016-11-02 14:50:20,98506.82,-569.62,-18.72
2016-11-02 14:55:06,98506.78,-503.50,-18.76
2016-11-02 15:00:06,98506.74,-478.41,-18.8
2016-11-02 15:05:06,98506.71,-360.00,-18.83
2016-11-02 15:10:06,98506.67,-480.00,-18.87
2016-11-02 15:15:11,98506.63,-472.13,-18.91
2016-11-02 15:20:09,98506.59,-483.22,-18.95
2016-11-02 15:25:06,98506.56,-363.64,-18.98
2016-11-02 15:30:13,98506.53,-351.79,-19.01
2016-11-02 15:35:07,98506.50,-367.35,-19.04
2016-11-02 15:40:07,98506.48,-240.00,-19.06
2016-11-02 15:45:05,98506.46,-241.61,-19.08
2016-11-02 15:50:06,98506.45,-119.60,-19.09
2016-11-02 15:55:09,98506.44,-118.42,-19.1
2016-11-02 16:00:05,98506.43,-121.62,-19.11
2016-11-02 16:05:05,98506.43,0.00,-19.11
2016-11-02 16:10:18,98506.43,0.00,-19.11
2016-11-02 16:15:08,98506.43,0.00,-19.11
2016-11-02 16:20:05,98506.45,242.42,-19.09
2016-11-02 16:25:21,98506.46,113.92,-19.08
2016-11-02 16:30:07,98506.48,251.75,-19.06
2016-11-02 16:35:05,98506.50,241.61,-19.04
2016-11-02 16:40:16,98506.54,463.02,-19.0
2016-11-02 16:45:07,98506.58,493.15,-18.96
2016-11-02 16:50:05,98506.61,362.42,-18.93
2016-11-02 16:55:19,98506.64,343.95,-18.9
2016-11-02 17:00:08,98506.67,373.70,-18.87
2016-11-02 17:05:08,98506.70,360.00,-18.84
2016-11-02 17:10:06,98506.71,120.81,-18.83
2016-11-02 17:15:05,98506.73,240.80,-18.81
2016-11-02 17:20:10,98506.74,118.03,-18.8
2016-11-02 17:25:05,98506.75,122.03,-18.79
2016-11-02 17:30:06,98506.77,239.20,-18.77
2016-11-02 17:35:20,98506.78,114.65,-18.76
2016-11-02 17:40:07,98506.80,250.87,-18.74
2016-11-02 17:45:06,98506.83,361.20,-18.71
2016-11-02 17:50:08,98506.86,357.62,-18.68
2016-11-02 17:55:05,98506.89,363.64,-18.65
2016-11-02 18:00:15,98506.93,464.52,-18.61
2016-11-02 18:05:05,98506.96,372.41,-18.58
2016-11-02 18:10:06,98507.00,478.41,-18.54
2016-11-02 18:15:17,98507.03,347.27,-18.51
2016-11-02 18:20:14,98507.06,362.42,-18.48
2016-11-02 18:25:05,98507.08,247.42,-18.46
2016-11-02 18:30:13,98507.13,584.42,-18.41
2016-11-02 18:35:05,98507.16,369.86,-18.38
2016-11-02 18:40:06,98507.19,358.80,-18.35
2016-11-02 18:45:16,98507.21,232.26,-18.33
2016-11-02 18:50:05,98507.24,373.70,-18.3
2016-11-02 18:55:06,98507.28,478.41,-18.26
2016-11-02 19:00:20,98507.31,343.95,-18.23
2016-11-02 19:05:06,98507.34,377.62,-18.2
2016-11-02 19:10:07,98507.38,478.41,-18.16
2016-11-02 19:15:08,98507.41,358.80,-18.13
2016-11-02 19:20:06,98507.44,362.42,-18.1
2016-11-02 19:25:16,98507.47,348.39,-18.07
2016-11-02 19:30:06,98507.50,372.41,-18.04
2016-11-02 19:35:05,98507.54,481.61,-18.0
2016-11-02 19:40:04,98507.57,361.20,-17.97
2016-11-02 19:45:07,98507.64,831.68,-17.9
2016-11-02 19:50:12,98507.76,1416.39,-17.78
2016-11-02 19:55:25,98507.87,1261.15,-17.67
2016-11-02 20:00:05,98507.96,1157.14,-17.58
2016-11-02 20:05:14,98508.02,699.03,-17.52
2016-11-02 20:10:11,98508.09,848.48,-17.45
2016-11-02 20:15:06,98508.17,976.27,-17.37
2016-11-02 20:20:10,98508.23,710.53,-17.31
2016-11-02 20:25:08,98508.26,362.42,-17.28
2016-11-02 20:30:07,98508.28,240.80,-17.26
2016-11-02 20:35:12,98508.67,4603.28,-16.87
2016-11-02 20:40:11,98508.95,3371.24,-16.59
2016-11-02 20:45:04,98509.25,3686.01,-16.29
2016-11-02 20:50:16,98509.53,3230.77,-16.01
2016-11-02 20:55:32,98509.81,3189.87,-15.73
2016-11-02 21:00:05,98510.06,3296.70,-15.48
2016-11-02 21:05:19,98510.34,3210.19,-15.2
2016-11-02 21:10:05,98510.60,3272.73,-14.94
2016-11-02 21:15:13,98510.87,3155.84,-14.67
2016-11-02 21:20:28,98511.15,3200.00,-14.39
2016-11-02 21:25:06,98511.40,3237.41,-14.14
2016-11-02 21:30:15,98511.68,3262.14,-13.86
2016-11-02 21:35:07,98511.94,3205.48,-13.6
2016-11-02 21:40:09,98512.22,3337.75,-13.32
2016-11-02 21:45:24,98512.51,3314.29,-13.03
2016-11-02 21:50:06,98512.78,3446.81,-12.76
2016-11-02 21:55:11,98513.06,3304.92,-12.48
2016-11-02 22:00:26,98513.34,3200.00,-12.2
2016-11-02 22:05:10,98513.49,1901.41,-12.05
2016-11-02 22:10:06,98513.55,729.73,-11.99
2016-11-02 22:15:22,98513.82,3075.95,-11.72
2016-11-02 22:20:08,98513.90,1003.48,-11.64
2016-11-02 22:25:09,98513.94,478.41,-11.6
2016-11-02 22:30:25,98513.96,227.85,-11.58
2016-11-02 22:35:05,98513.99,384.34,-11.55
2016-11-02 22:40:13,98514.01,233.01,-11.53
2016-11-02 22:45:30,98514.03,227.13,-11.51
2016-11-02 22:50:04,98514.06,394.16,-11.48
2016-11-02 22:55:16,98514.08,230.77,-11.46
2016-11-02 23:00:09,98514.09,122.87,-11.45
2016-11-02 23:05:09,98514.10,120.00,-11.44
2016-11-02 23:10:24,98514.12,227.85,-11.42
2016-11-02 23:15:06,98514.13,127.66,-11.41
2016-11-02 23:20:12,98514.14,117.65,-11.4
2016-11-02 23:25:07,98514.15,122.03,-11.39
2016-11-02 23:30:05,98514.17,241.61,-11.37
2016-11-02 23:35:21,98514.18,113.92,-11.36
2016-11-02 23:40:10,98514.20,249.13,-11.34
2016-11-02 23:45:08,98514.22,241.61,-11.32
2016-11-02 23:50:23,98514.25,342.86,-11.29
2016-11-02 23:55:06,98514.27,253.52,-11.27
2016-11-03 00:00:05,98514.29,240.80,-11.25
2016-11-03 00:05:18,98514.32,343.95,-11.22
2016-11-03 00:10:05,98514.33,125.44,-11.21
2016-11-03 00:15:05,98514.35,240.00,-11.19
2016-11-03 00:20:21,98514.36,113.92,-11.18
2016-11-03 00:25:05,98514.37,126.76,-11.17
2016-11-03 00:30:10,98514.38,118.03,-11.16
2016-11-03 00:35:25,98514.40,228.57,-11.14
2016-11-03 00:40:07,98514.41,127.66,-11.13
2016-11-03 00:45:12,98514.42,118.03,-11.12
2016-11-03 00:50:06,98514.44,244.90,-11.1
2016-11-03 00:55:06,98514.45,120.00,-11.09
2016-11-03 01:00:21,98514.46,113.92,-11.08
2016-11-03 01:05:05,98514.47,126.76,-11.07
2016-11-03 01:10:08,98514.49,237.62,-11.05
2016-11-03 01:15:24,98514.50,113.92,-11.04
2016-11-03 01:20:05,98514.51,128.11,-11.03
2016-11-03 01:25:18,98514.52,115.02,-11.02
2016-11-03 01:30:07,98514.54,249.13,-11.0
2016-11-03 01:35:06,98514.55,120.40,-10.99
2016-11-03 01:40:20,98514.58,343.95,-10.96
2016-11-03 01:45:05,98514.60,251.75,-10.94
2016-11-03 01:50:06,98514.62,239.20,-10.92
2016-11-03 01:55:15,98514.65,348.39,-10.89
2016-11-03 02:00:06,98514.67,247.42,-10.87
2016-11-03 02:05:06,98514.68,120.00,-10.86
2016-11-03 02:10:18,98514.69,115.38,-10.85
2016-11-03 02:15:07,98514.71,249.13,-10.83
2016-11-03 02:20:07,98514.72,120.00,-10.82
2016-11-03 02:25:22,98514.73,114.29,-10.81
2016-11-03 02:30:08,98514.75,251.75,-10.79
2016-11-03 02:35:09,98514.76,119.60,-10.78
2016-11-03 02:40:25,98514.77,113.92,-10.77
2016-11-03 02:45:04,98514.78,128.57,-10.76
2016-11-03 02:50:18,98514.80,228.57,-10.74
2016-11-03 02:55:06,98514.81,125.00,-10.73
2016-11-03 03:00:05,98514.82,120.40,-10.72
2016-11-03 03:05:21,98514.84,227.85,-10.7
2016-11-03 03:10:04,98514.85,127.21,-10.69
2016-11-03 03:15:14,98514.86,116.13,-10.68
2016-11-03 03:20:05,98514.87,123.71,-10.67
2016-11-03 03:25:07,98514.89,238.41,-10.65
2016-11-03 03:30:16,98514.90,116.50,-10.64
2016-11-03 03:35:33,98514.91,113.56,-10.63
2016-11-03 03:40:05,98514.92,131.87,-10.62
2016-11-03 03:45:12,98514.94,234.53,-10.6
2016-11-03 03:50:28,98514.95,113.92,-10.59
2016-11-03 03:55:05,98514.96,129.96,-10.58
2016-11-03 04:00:14,98514.98,233.01,-10.56
2016-11-03 04:05:06,98514.99,123.29,-10.55
2016-11-03 04:10:06,98515.00,120.00,-10.54
2016-11-03 04:15:19,98515.01,115.02,-10.53
2016-11-03 04:20:05,98515.03,251.75,-10.51
2016-11-03 04:25:06,98515.04,119.60,-10.5
2016-11-03 04:30:21,98515.05,113.92,-10.49
2016-11-03 04:35:05,98515.06,126.76,-10.48
2016-11-03 04:40:15,98515.08,232.26,-10.46
2016-11-03 04:45:04,98515.09,124.14,-10.45
2016-11-03 04:50:04,98515.10,120.00,-10.44
2016-11-03 04:55:17,98515.12,230.03,-10.42
2016-11-03 05:00:06,98515.13,124.57,-10.41
2016-11-03 05:05:11,98515.14,118.03,-10.4
2016-11-03 05:10:27,98515.15,113.92,-10.39
2016-11-03 05:15:06,98515.18,387.10,-10.36
2016-11-03 05:20:13,98515.20,234.53,-10.34
2016-11-03 05:25:29,98515.21,113.92,-10.33
2016-11-03 05:30:06,98515.22,129.96,-10.32
2016-11-03 05:35:09,98515.23,118.81,-10.31
2016-11-03 05:40:24,98515.25,228.57,-10.29
2016-11-03 05:45:06,98515.26,127.66,-10.28
2016-11-03 05:50:11,98515.28,236.07,-10.26
2016-11-03 05:55:27,98515.31,341.77,-10.23
2016-11-03 06:00:04,98515.33,258.99,-10.21
2016-11-03 06:05:16,98515.35,230.77,-10.19
2016-11-03 06:10:31,98515.37,228.57,-10.17
2016-11-03 06:15:07,98515.40,391.30,-10.14
2016-11-03 06:20:18,98515.42,231.51,-10.12
2016-11-03 06:25:06,98515.44,250.00,-10.1
2016-11-03 06:30:12,98515.45,117.65,-10.09
2016-11-03 06:35:28,98515.46,113.92,-10.08
2016-11-03 06:40:05,98515.47,129.96,-10.07
2016-11-03 06:45:14,98515.48,116.50,-10.06
2016-11-03 06:50:06,98515.49,123.29,-10.05
2016-11-03 06:55:08,98515.51,238.41,-10.03
2016-11-03 07:00:23,98515.52,113.92,-10.02
2016-11-03 07:05:05,98515.54,255.32,-10.0
2016-11-03 07:10:10,98515.56,236.07,-9.98
2016-11-03 07:15:25,98515.64,911.39,-9.89999999999
2016-11-03 07:20:09,98515.71,887.32,-9.82999999999
2016-11-03 07:25:05,98515.81,1216.22,-9.73
2016-11-03 07:30:21,98515.85,455.70,-9.68999999999
2016-11-03 07:35:07,98515.90,629.37,-9.64
2016-11-03 07:40:08,98515.96,717.61,-9.57999999999
2016-11-03 07:45:23,98516.03,800.00,-9.50999999999
2016-11-03 07:50:07,98516.10,887.32,-9.43999999999
2016-11-03 07:55:12,98516.15,590.16,-9.39
2016-11-03 08:00:28,98516.21,683.54,-9.32999999999
2016-11-03 08:05:06,98516.26,647.48,-9.28
2016-11-03 08:10:15,98516.30,466.02,-9.23999999999
2016-11-03 08:15:08,98516.34,491.47,-9.2
2016-11-03 08:20:08,98516.37,360.00,-9.17
2016-11-03 08:25:24,98516.40,341.77,-9.14
2016-11-03 08:30:07,98516.43,381.63,-9.11
2016-11-03 08:35:10,98516.45,237.62,-9.09
2016-11-03 08:40:06,98516.53,972.97,-9.00999999999
2016-11-03 08:45:06,98516.62,1080.00,-8.92
2016-11-03 08:50:20,98516.72,1146.50,-8.81999999999
2016-11-03 08:55:09,98516.80,996.54,-8.73999999999
2016-11-03 09:00:06,98516.88,966.44,-8.65999999999
2016-11-03 09:05:22,98516.99,1253.16,-8.54999999999
2016-11-03 09:10:05,98517.03,508.83,-8.50999999999
2016-11-03 09:15:06,98517.04,119.60,-8.5
2016-11-03 09:20:17,98517.04,0.00,-8.5
2016-11-03 09:25:08,98517.08,494.85,-8.45999999999
2016-11-03 09:30:04,98517.13,608.11,-8.40999999999
2016-11-03 09:35:20,98517.16,341.77,-8.37999999999
2016-11-03 09:40:09,98517.24,996.54,-8.29999999999
2016-11-03 09:45:09,98517.32,960.00,-8.21999999999
2016-11-03 09:50:07,98517.35,362.42,-8.18999999999
2016-11-03 09:55:06,98517.33,-240.80,-8.20999999999
2016-11-03 10:00:11,98517.29,-472.13,-8.25
2016-11-03 10:05:06,98517.25,-488.14,-8.28999999999
2016-11-03 10:10:05,98517.22,-361.20,-8.31999999999
2016-11-03 10:15:20,98517.21,-114.29,-8.32999999999
2016-11-03 10:20:08,98517.20,-125.00,-8.34
2016-11-03 10:25:07,98517.18,-240.80,-8.36
2016-11-03 10:30:09,98517.16,-238.41,-8.37999999999
2016-11-03 10:35:06,98517.14,-242.42,-8.39999999999
2016-11-03 10:40:16,98517.12,-232.26,-8.42
2016-11-03 10:45:06,98517.12,0.00,-8.42
2016-11-03 10:50:05,98517.14,240.80,-8.39999999999
2016-11-03 10:55:19,98517.12,-229.30,-8.42
2016-11-03 11:00:16,98517.09,-363.64,-8.45
2016-11-03 11:05:05,98517.04,-622.84,-8.5
2016-11-03 11:10:14,98516.99,-582.52,-8.54999999999
2016-11-03 11:15:05,98516.95,-494.85,-8.59
2016-11-03 11:20:05,98516.92,-360.00,-8.62
2016-11-03 11:25:16,98516.91,-115.38,-8.62999999999
2016-11-03 11:30:06,98516.91,0.00,-8.62999999999
2016-11-03 11:35:05,98517.01,1200.00,-8.53
2016-11-03 11:40:21,98517.21,2278.48,-8.32999999999
2016-11-03 11:45:07,98517.38,2139.86,-8.15999999999
2016-11-03 11:50:08,98517.39,119.60,-8.14999999999
2016-11-03 11:55:09,98517.39,0.00,-8.14999999999
2016-11-03 12:00:04,98517.40,122.03,-8.14
2016-11-03 12:05:17,98517.41,115.02,-8.12999999999
2016-11-03 12:10:05,98517.42,125.00,-8.12
2016-11-03 12:15:06,98517.43,119.60,-8.11
2016-11-03 12:20:05,98517.43,0.00,-8.11
2016-11-03 12:25:05,98517.44,120.00,-8.09999999999
2016-11-03 12:30:13,98517.44,0.00,-8.09999999999
2016-11-03 12:35:11,98517.44,0.00,-8.09999999999
2016-11-03 12:40:06,98517.44,0.00,-8.09999999999
2016-11-03 12:45:16,98517.43,-116.13,-8.11
2016-11-03 12:50:12,98517.43,0.00,-8.11
2016-11-03 12:55:04,98517.43,0.00,-8.11
2016-11-03 13:00:11,98517.43,0.00,-8.11
2016-11-03 13:05:09,98517.43,0.00,-8.11
2016-11-03 13:10:04,98517.44,122.03,-8.09999999999
2016-11-03 13:15:13,98517.44,0.00,-8.09999999999
2016-11-03 13:20:12,98517.44,0.00,-8.09999999999
2016-11-03 13:25:05,98517.46,245.73,-8.07999999999
2016-11-03 13:30:18,98517.48,230.03,-8.06
2016-11-03 13:35:16,98517.51,362.42,-8.03
2016-11-03 13:40:05,98517.53,249.13,-8.00999999999
2016-11-03 13:45:06,98517.53,0.00,-8.00999999999
2016-11-03 13:50:06,98517.53,0.00,-8.00999999999
2016-11-03 13:55:14,98517.52,-116.88,-8.01999999999
2016-11-03 14:00:12,98517.53,120.81,-8.00999999999
2016-11-03 14:05:05,98517.54,122.87,-8.0
2016-11-03 14:10:16,98517.55,115.76,-7.98999999999
2016-11-03 14:15:05,98517.56,124.57,-7.98
2016-11-03 14:20:10,98517.58,236.07,-7.95999999999
2016-11-03 14:25:08,98517.60,241.61,-7.93999999999
2016-11-03 14:30:05,98517.60,0.00,-7.93999999999
2016-11-03 14:35:12,98517.61,117.26,-7.92999999999
2016-11-03 14:40:09,98517.62,121.21,-7.92
2016-11-03 14:45:05,98517.63,121.62,-7.90999999999
2016-11-03 14:50:07,98517.63,0.00,-7.90999999999
2016-11-03 14:55:06,98517.64,120.40,-7.89999999999
2016-11-03 15:00:05,98517.62,-240.80,-7.92
2016-11-03 15:05:10,98517.59,-354.10,-7.95
2016-11-03 15:10:09,98517.57,-240.80,-7.96999999999
2016-11-03 15:15:05,98517.57,0.00,-7.96999999999
2016-11-03 15:20:14,98517.56,-116.50,-7.98
2016-11-03 15:25:12,98517.58,241.61,-7.95999999999
2016-11-03 15:30:06,98517.59,122.45,-7.95
2016-11-03 15:35:17,98517.59,0.00,-7.95
2016-11-03 15:40:05,98517.59,0.00,-7.95
2016-11-03 15:45:10,98517.61,235.29,-7.92999999999
2016-11-03 15:50:08,98517.64,361.20,-7.89999999999
2016-11-03 15:55:07,98517.67,361.20,-7.87
2016-11-03 16:00:13,98517.70,352.94,-7.84
2016-11-03 16:05:05,98517.72,246.58,-7.81999999999
2016-11-03 16:10:06,98517.76,478.41,-7.78
2016-11-03 16:15:22,98517.80,455.70,-7.73999999999
2016-11-03 16:20:11,98517.84,498.27,-7.7
2016-11-03 16:25:09,98517.88,483.22,-7.65999999999
2016-11-03 16:30:06,98517.93,606.06,-7.61
2016-11-03 16:35:08,98518.14,2503.31,-7.39999999999
2016-11-03 16:40:06,98518.44,3624.16,-7.09999999999
2016-11-03 16:45:20,98518.66,2522.29,-6.87999999999
2016-11-03 16:50:06,98518.86,2517.48,-6.67999999999
2016-11-03 16:55:06,98519.12,3109.63,-6.42
2016-11-03 17:00:06,98519.32,2400.00,-6.21999999999
2016-11-03 17:05:06,98519.55,2760.00,-5.98999999999
2016-11-03 17:10:11,98519.76,2478.69,-5.78
2016-11-03 17:15:09,98519.93,2053.69,-5.61
2016-11-03 17:20:06,98519.99,727.27,-5.54999999999
2016-11-03 17:25:13,98520.03,469.06,-5.50999999999
2016-11-03 17:30:07,98520.06,367.35,-5.48
2016-11-03 17:35:07,98520.10,480.00,-5.43999999999
2016-11-03 17:40:05,98520.13,362.42,-5.40999999999
2016-11-03 17:45:06,98520.15,239.20,-5.39
2016-11-03 17:50:09,98520.17,237.62,-5.37
2016-11-03 17:55:05,98520.19,243.24,-5.34999999999
2016-11-03 18:00:05,98520.22,360.00,-5.31999999999
2016-11-03 18:05:18,98520.27,575.08,-5.26999999999
2016-11-03 18:10:08,98520.33,744.83,-5.20999999999
2016-11-03 18:15:05,98520.38,606.06,-5.15999999999
2016-11-03 18:20:21,98520.43,569.62,-5.11
2016-11-03 18:25:07,98520.48,629.37,-5.06
2016-11-03 18:30:05,98520.57,1087.25,-4.96999999999
2016-11-03 18:35:17,98520.63,692.31,-4.90999999999
2016-11-03 18:40:07,98520.68,620.69,-4.86
2016-11-03 18:45:05,98520.72,481.61,-4.81999999999
2016-11-03 18:50:18,98520.81,1035.14,-4.73
2016-11-03 18:55:08,98520.84,372.41,-4.7
2016-11-03 19:00:08,98520.92,960.00,-4.62
2016-11-03 19:05:24,98520.95,341.77,-4.59
2016-11-03 19:10:09,98520.97,252.63,-4.56999999999
2016-11-03 19:15:10,98521.01,478.41,-4.53
2016-11-03 19:20:05,98521.03,244.07,-4.50999999999
2016-11-03 19:25:06,98521.05,239.20,-4.48999999999
2016-11-03 19:30:20,98521.08,343.95,-4.45999999999
2016-11-03 19:35:07,98521.10,250.87,-4.43999999999
2016-11-03 19:40:06,98521.12,240.80,-4.42
2016-11-03 19:45:22,98521.14,227.85,-4.39999999999
2016-11-03 19:50:05,98521.17,381.63,-4.37
2016-11-03 19:55:15,98521.21,464.52,-4.32999999999
2016-11-03 20:00:06,98521.24,371.13,-4.29999999999
2016-11-03 20:05:06,98521.28,480.00,-4.25999999999
2016-11-03 20:10:17,98521.32,463.02,-4.21999999999
2016-11-03 20:15:34,98521.36,454.26,-4.17999999999
2016-11-03 20:20:05,98521.38,265.68,-4.15999999999
2016-11-03 20:25:13,98521.41,350.65,-4.12999999999
2016-11-03 20:30:05,98521.44,369.86,-4.09999999999
2016-11-03 20:35:06,98521.46,239.20,-4.07999999999
2016-11-03 20:40:15,98521.49,349.51,-4.04999999999
2016-11-03 20:45:05,98521.52,372.41,-4.01999999999
2016-11-03 20:50:05,98521.54,239.20,-4.0
2016-11-03 20:55:20,98521.57,342.86,-3.96999999999
2016-11-03 21:00:06,98521.59,251.75,-3.95
2016-11-03 21:05:07,98521.66,837.21,-3.87999999999
2016-11-03 21:10:22,98521.84,2057.14,-3.7
2016-11-03 21:15:06,98521.88,507.04,-3.65999999999
2016-11-03 21:20:16,98521.93,580.65,-3.61
2016-11-03 21:25:06,98521.97,496.55,-3.56999999999
2016-11-03 21:30:05,98522.01,481.61,-3.53
2016-11-03 21:35:18,98522.05,460.06,-3.48999999999
2016-11-03 21:40:07,98522.08,372.41,-3.45999999999
2016-11-03 21:45:12,98522.11,354.10,-3.42999999999
2016-11-03 21:50:10,98522.15,483.22,-3.39
2016-11-03 21:55:05,98522.18,366.10,-3.36
2016-11-03 22:00:14,98522.21,349.51,-3.32999999999
2016-11-03 22:05:30,98522.24,341.77,-3.29999999999
2016-11-03 22:10:06,98522.28,521.74,-3.25999999999
2016-11-03 22:15:09,98522.32,473.68,-3.21999999999
2016-11-03 22:20:25,98522.37,569.62,-3.17
2016-11-03 22:25:04,98522.41,516.13,-3.12999999999
2016-11-03 22:30:12,98522.45,467.53,-3.09
2016-11-03 22:35:28,98522.49,455.70,-3.04999999999
2016-11-03 22:40:04,98522.51,260.87,-3.03
2016-11-03 22:45:17,98522.53,230.03,-3.00999999999
2016-11-03 22:50:33,98522.56,341.77,-2.98
2016-11-03 22:55:05,98522.57,132.35,-2.96999999999
2016-11-03 23:00:19,98522.59,229.30,-2.95
2016-11-03 23:05:05,98522.60,125.87,-2.93999999999
2016-11-03 23:10:13,98522.61,116.88,-2.92999999999
2016-11-03 23:15:28,98522.63,227.85,-2.90999999999
2016-11-03 23:20:06,98522.64,129.50,-2.89999999999
2016-11-03 23:25:15,98522.65,116.50,-2.89
2016-11-03 23:30:07,98522.67,246.58,-2.87
2016-11-03 23:35:09,98522.68,119.21,-2.86
2016-11-03 23:40:24,98522.70,228.57,-2.84
2016-11-03 23:45:06,98522.71,127.66,-2.82999999999
2016-11-03 23:50:11,98522.73,236.07,-2.81
2016-11-03 23:55:27,98522.76,341.77,-2.78
2016-11-04 00:00:10,98522.78,254.42,-2.75999999999
2016-11-04 00:05:06,98522.81,364.86,-2.73
2016-11-04 00:10:22,98522.83,227.85,-2.70999999999
2016-11-04 00:15:08,98522.84,125.87,-2.7
2016-11-04 00:20:09,98522.85,119.60,-2.68999999999
2016-11-04 00:25:24,98522.87,228.57,-2.67
2016-11-04 00:30:05,98522.88,128.11,-2.65999999999
2016-11-04 00:35:13,98522.89,116.88,-2.64999999999
2016-11-04 00:40:29,98522.91,227.85,-2.62999999999
2016-11-04 00:45:04,98522.92,130.91,-2.62
2016-11-04 00:50:15,98522.93,115.76,-2.61
2016-11-04 00:55:09,98522.95,244.90,-2.59
2016-11-04 01:00:09,98522.96,120.00,-2.57999999999
2016-11-04 01:05:24,98522.97,114.29,-2.56999999999
2016-11-04 01:10:06,98522.99,255.32,-2.54999999999
2016-11-04 01:15:12,98523.00,117.65,-2.53999999999
2016-11-04 01:20:07,98523.01,122.03,-2.53
2016-11-04 01:25:05,98523.02,120.81,-2.51999999999
2016-11-04 01:30:20,98523.04,227.85,-2.5
2016-11-04 01:35:10,98523.05,124.14,-2.48999999999
2016-11-04 01:40:08,98523.06,120.81,-2.48
2016-11-04 01:45:23,98523.08,228.57,-2.45999999999
2016-11-04 01:50:06,98523.09,126.76,-2.45
2016-11-04 01:55:05,98523.10,120.40,-2.43999999999
2016-11-04 02:00:18,98523.12,229.30,-2.42
2016-11-04 02:05:05,98523.15,376.31,-2.39
2016-11-04 02:10:05,98523.17,240.00,-2.37
2016-11-04 02:15:21,98523.19,227.85,-2.34999999999
2016-11-04 02:20:05,98523.22,380.28,-2.31999999999
2016-11-04 02:25:10,98523.23,118.03,-2.31
2016-11-04 02:30:25,98523.24,114.29,-2.29999999999
2016-11-04 02:35:07,98523.26,255.32,-2.28
2016-11-04 02:40:12,98523.27,118.03,-2.26999999999
2016-11-04 02:45:06,98523.28,122.45,-2.25999999999
2016-11-04 02:50:06,98523.29,120.00,-2.25
2016-11-04 02:55:21,98523.31,228.57,-2.23
2016-11-04 03:00:09,98523.32,125.00,-2.21999999999
2016-11-04 03:05:08,98523.33,120.40,-2.20999999999
2016-11-04 03:10:24,98523.35,227.85,-2.18999999999
2016-11-04 03:15:04,98523.36,128.57,-2.17999999999
2016-11-04 03:20:18,98523.37,114.65,-2.17
2016-11-04 03:25:07,98523.39,249.13,-2.14999999999
2016-11-04 03:30:06,98523.40,120.40,-2.14
2016-11-04 03:35:20,98523.41,114.65,-2.12999999999
2016-11-04 03:40:05,98523.43,251.75,-2.11
2016-11-04 03:45:06,98523.44,119.60,-2.09999999999
2016-11-04 03:50:15,98523.45,116.50,-2.09
2016-11-04 03:55:06,98523.46,123.71,-2.07999999999
2016-11-04 04:00:06,98523.48,240.00,-2.06
2016-11-04 04:05:17,98523.49,115.38,-2.04999999999
2016-11-04 04:10:07,98523.50,124.14,-2.03999999999
2016-11-04 04:15:06,98523.52,240.00,-2.01999999999
2016-11-04 04:20:22,98523.55,341.77,-1.98999999999
2016-11-04 04:25:08,98523.57,251.75,-1.96999999999
2016-11-04 04:30:09,98523.60,358.80,-1.93999999999
2016-11-04 04:35:24,98523.62,228.57,-1.92
2016-11-04 04:40:04,98523.63,128.11,-1.90999999999
2016-11-04 04:45:18,98523.65,229.30,-1.89
2016-11-04 04:50:06,98523.66,125.00,-1.87999999999
2016-11-04 04:55:05,98523.67,120.40,-1.87
2016-11-04 05:00:20,98523.69,227.85,-1.84999999999
2016-11-04 05:05:04,98523.70,126.76,-1.84
2016-11-04 05:10:14,98523.71,116.13,-1.82999999999
2016-11-04 05:15:05,98523.72,123.71,-1.81999999999
2016-11-04 05:20:07,98523.74,238.41,-1.79999999999
2016-11-04 05:25:16,98523.75,116.50,-1.78999999999
2016-11-04 05:30:32,98523.76,113.56,-1.78
2016-11-04 05:35:04,98523.78,264.71,-1.75999999999
2016-11-04 05:40:12,98523.81,350.65,-1.73
2016-11-04 05:45:27,98523.83,227.85,-1.70999999999
2016-11-04 05:50:05,98523.85,258.99,-1.68999999999
2016-11-04 05:55:14,98523.86,116.50,-1.67999999999
2016-11-04 06:00:06,98523.87,123.29,-1.67
2016-11-04 06:05:04,98523.88,120.81,-1.65999999999
2016-11-04 06:10:19,98523.89,114.29,-1.64999999999
2016-11-04 06:15:05,98523.90,125.87,-1.64
2016-11-04 06:20:06,98523.92,239.20,-1.62
2016-11-04 06:25:22,98523.93,113.92,-1.61
2016-11-04 06:30:05,98523.95,254.42,-1.59
2016-11-04 06:35:15,98523.98,348.39,-1.56
2016-11-04 06:40:04,98524.00,248.28,-1.53999999999
2016-11-04 06:45:05,98524.02,239.20,-1.51999999999
2016-11-04 06:50:17,98524.05,346.15,-1.48999999999
2016-11-04 06:55:06,98524.08,373.70,-1.45999999999
2016-11-04 07:00:11,98524.14,708.20,-1.39999999999
2016-11-04 07:05:26,98524.20,685.71,-1.34
