2016-10-01 00:00:07,98520.26
2016-10-01 00:00:07,98520.26
2016-10-01 07:50:05,98524.28,508.47,4.02
2016-10-01 07:55:09,98524.33,592.11,4.07000000001
2016-10-01 08:00:23,98524.38,573.25,4.12000000001
2016-10-01 08:05:05,98524.42,510.64,4.16
2016-10-01 08:10:09,98524.48,708.20,4.22
2016-10-01 08:15:25,98524.66,2050.63,4.40000000001
2016-10-01 08:20:04,98524.79,1677.42,4.53
2016-10-01 08:25:14,98524.92,1509.68,4.66
2016-10-01 08:30:30,98524.99,797.47,4.73000000001
2016-10-01 08:35:05,98525.04,654.55,4.78
2016-10-01 08:40:16,98525.09,576.92,4.83
2016-10-01 08:45:10,98525.14,612.24,4.88
2016-10-01 08:50:10,98525.20,720.00,4.94
2016-10-01 08:55:26,98525.27,797.47,5.01000000001
2016-10-01 09:00:07,98525.33,768.68,5.07000000001
2016-10-01 09:05:12,98525.40,826.23,5.14
2016-10-01 09:10:04,98525.48,986.30,5.22
2016-10-01 09:15:06,98525.53,596.03,5.27
2016-10-01 09:20:22,98525.58,567.82,5.32000000001
2016-10-01 09:25:04,98525.64,765.96,5.38
2016-10-01 09:30:08,98525.69,590.16,5.43000000001
2016-10-01 09:35:24,98525.73,455.70,5.47
2016-10-01 09:40:07,98525.78,636.04,5.52
2016-10-01 09:45:06,98525.83,602.01,5.57000000001
2016-10-01 09:50:20,98525.87,458.60,5.61
2016-10-01 09:55:06,98525.92,629.37,5.66
2016-10-01 10:00:06,98525.97,600.00,5.71000000001
2016-10-01 10:05:22,98526.04,797.47,5.78
2016-10-01 10:10:06,98526.08,507.04,5.82000000001
2016-10-01 10:15:11,98526.15,826.23,5.89
2016-10-01 10:20:26,98526.22,800.00,5.96000000001
2016-10-01 10:25:08,98526.27,638.30,6.01000000001
2016-10-01 10:30:13,98526.32,590.16,6.06000000001
2016-10-01 10:35:07,98526.43,1346.94,6.17
2016-10-01 10:40:07,98526.53,1200.00,6.27
2016-10-01 10:45:22,98526.62,1028.57,6.36
2016-10-01 10:50:05,98526.64,254.42,6.38
2016-10-01 10:55:09,98526.72,947.37,6.46000000001
2016-10-01 11:00:05,98526.82,1216.22,6.56000000001
2016-10-01 11:05:05,98526.91,1080.00,6.65000000001
2016-10-01 11:10:19,98526.99,917.20,6.73000000001
2016-10-01 11:15:08,98527.10,1370.24,6.84000000001
2016-10-01 11:20:05,98527.18,969.70,6.92
2016-10-01 11:25:20,98527.23,569.62,6.97
2016-10-01 11:30:06,98527.28,627.18,7.02
2016-10-01 11:35:05,98527.37,1083.61,7.11
2016-10-01 11:40:16,98527.48,1273.31,7.22
2016-10-01 11:45:07,98527.53,618.56,7.27
2016-10-01 11:50:05,98527.67,1691.28,7.41
2016-10-01 11:55:18,98527.83,1840.26,7.57000000001
2016-10-01 12:00:08,98527.93,1237.11,7.67
2016-10-01 12:05:07,98528.01,960.00,7.75
2016-10-01 12:10:23,98528.16,1708.86,7.90000000001
2016-10-01 12:15:04,98528.34,2306.05,8.08
2016-10-01 12:20:10,98528.49,1764.71,8.23000000001
2016-10-01 12:25:05,98528.53,488.14,8.27
2016-10-01 12:30:05,98528.50,-360.00,8.24000000001
2016-10-01 12:35:19,98528.45,-573.25,8.19
2016-10-01 12:40:07,98528.41,-500.00,8.15000000001
2016-10-01 12:45:06,98528.39,-240.80,8.13
2016-10-01 12:50:07,98528.42,358.80,8.16
2016-10-01 12:55:05,98528.42,0.00,8.16
2016-10-01 13:00:15,98528.45,348.39,8.19
2016-10-01 13:05:06,98528.47,247.42,8.21000000001
2016-10-01 13:10:05,98528.48,120.40,8.22
2016-10-01 13:15:18,98528.48,0.00,8.22
2016-10-01 13:20:14,98528.51,364.86,8.25
2016-10-01 13:25:05,98528.54,371.13,8.28
2016-10-01 13:30:13,98528.54,0.00,8.28
2016-10-01 13:35:11,98528.57,362.42,8.31000000001
2016-10-01 13:40:06,98528.62,610.17,8.36
2016-10-01 13:45:15,98528.67,582.52,8.41
2016-10-01 13:50:05,98528.69,248.28,8.43000000001
2016-10-01 13:55:05,98528.67,-240.00,8.41
2016-10-01 14:00:20,98528.69,228.57,8.43000000001
2016-10-01 14:05:06,98528.77,1006.99,8.51000000001
2016-10-01 14:10:06,98528.80,358.80,8.54000000001
2016-10-01 14:15:08,98528.83,357.62,8.57000000001
2016-10-01 14:20:06,98528.85,241.61,8.59000000001
2016-10-01 14:25:16,98528.88,348.39,8.62000000001
2016-10-01 14:30:05,98528.89,124.14,8.63
2016-10-01 14:35:05,98528.92,360.00,8.66
2016-10-01 14:40:04,98528.96,481.61,8.70000000001
2016-10-01 14:45:07,98528.93,-356.44,8.67
2016-10-01 14:50:11,98528.94,118.03,8.68000000001
2016-10-01 14:55:10,98528.98,481.61,8.72
2016-10-01 15:00:05,98529.01,366.10,8.75
2016-10-01 15:05:14,98529.03,233.01,8.77
2016-10-01 15:10:11,98529.05,242.42,8.79000000001
2016-10-01 15:15:05,98529.07,244.07,8.81000000001
2016-10-01 15:20:10,98529.09,236.07,8.83
2016-10-01 15:25:08,98529.11,241.61,8.85000000001
2016-10-01 15:30:07,98529.15,481.61,8.89
2016-10-01 15:35:12,98529.18,354.10,8.92
2016-10-01 15:40:11,98529.19,120.40,8.93000000001
2016-10-01 15:45:05,98529.26,857.14,9.0
2016-10-01 15:50:16,98529.32,694.53,9.06000000001
2016-10-01 15:55:15,98529.36,481.61,9.10000000001
2016-10-01 16:00:04,98529.39,372.41,9.13
2016-10-01 16:05:19,98529.44,571.43,9.18000000001
2016-10-01 16:10:05,98529.48,503.50,9.22
2016-10-01 16:15:12,98529.51,350.65,9.25
2016-10-01 16:20:28,98529.57,683.54,9.31000000001
2016-10-01 16:25:06,98529.64,906.47,9.38
2016-10-01 16:30:15,98529.70,699.03,9.44
2016-10-01 16:35:06,98529.74,494.85,9.48000000001
2016-10-01 16:40:08,98529.81,834.44,9.55
2016-10-01 16:45:06,98529.90,1083.61,9.64
2016-10-01 16:50:05,98530.02,1444.82,9.76000000001
2016-10-01 16:55:11,98530.17,1764.71,9.91
2016-10-01 17:00:27,98530.36,2164.56,10.1
2016-10-01 17:05:10,98530.57,2671.38,10.31
2016-10-01 17:10:06,98530.80,2797.30,10.54
2016-10-01 17:15:22,98530.94,1594.94,10.68
2016-10-01 17:20:08,98530.98,503.50,10.72
2016-10-01 17:25:08,98531.03,600.00,10.77
2016-10-01 17:30:08,98531.10,840.00,10.84
2016-10-01 17:35:05,98531.16,727.27,10.9
2016-10-01 17:40:13,98531.20,467.53,10.94
2016-10-01 17:45:29,98531.25,569.62,10.99
2016-10-01 17:50:07,98531.30,647.48,11.04
2016-10-01 17:55:15,98531.35,584.42,11.09
2016-10-01 18:00:09,98531.39,489.80,11.13
2016-10-01 18:05:09,98531.46,840.00,11.2
2016-10-01 18:10:24,98531.54,914.29,11.28
2016-10-01 18:15:05,98531.60,765.96,11.34
2016-10-01 18:20:11,98531.67,823.53,11.41
2016-10-01 18:25:07,98531.75,972.97,11.49
2016-10-01 18:30:05,98531.82,845.64,11.56
2016-10-01 18:35:21,98531.88,683.54,11.62
2016-10-01 18:40:10,98531.97,1121.11,11.71
2016-10-01 18:45:07,98532.05,969.70,11.79
2016-10-01 18:50:23,98532.11,683.54,11.85
2016-10-01 18:55:06,98532.19,1017.67,11.93
2016-10-01 19:00:04,98532.26,842.81,12.0
2016-10-01 19:05:18,98532.33,802.55,12.07
2016-10-01 19:10:05,98532.39,752.61,12.13
2016-10-01 19:15:05,98532.46,840.00,12.2
2016-10-01 19:20:21,98532.54,911.39,12.28
2016-10-01 19:25:05,98532.60,760.56,12.34
2016-10-01 19:30:10,98532.67,826.23,12.41
2016-10-01 19:35:26,98532.76,1025.32,12.5
2016-10-01 19:40:07,98532.83,896.80,12.57
2016-10-01 19:45:12,98532.90,826.23,12.64
2016-10-01 19:50:06,98532.97,857.14,12.71
2016-10-01 19:55:06,98533.05,960.00,12.79
2016-10-01 20:00:21,98533.13,914.29,12.87
2016-10-01 20:05:09,98533.22,1125.00,12.96
2016-10-01 20:10:08,98533.29,842.81,13.03
2016-10-01 20:15:23,98533.37,914.29,13.11
2016-10-01 20:20:05,98533.42,638.30,13.16
2016-10-01 20:25:17,98533.51,1038.46,13.25
2016-10-01 20:30:06,98533.58,868.97,13.32
2016-10-01 20:35:06,98533.64,720.00,13.38
2016-10-01 20:40:20,98533.72,917.20,13.46
2016-10-01 20:45:05,98533.80,1010.53,13.54
2016-10-01 20:50:06,98533.87,837.21,13.61
2016-10-01 20:55:15,98533.95,932.04,13.69
2016-10-01 21:00:06,98534.04,1113.40,13.78
2016-10-01 21:05:06,98534.14,1200.00,13.88
2016-10-01 21:10:17,98534.21,810.29,13.95
2016-10-01 21:15:07,98534.29,993.10,14.03
2016-10-01 21:20:06,98534.37,960.00,14.11
2016-10-01 21:25:22,98534.45,911.39,14.19
2016-10-01 21:30:08,98534.50,629.37,14.24
2016-10-01 21:35:09,98534.58,956.81,14.32
2016-10-01 21:40:25,98534.64,683.54,14.38
2016-10-01 21:45:04,98534.67,387.10,14.41
2016-10-01 21:50:18,98534.73,687.90,14.47
2016-10-01 21:55:05,98534.78,625.00,14.52
2016-10-01 22:00:05,98534.82,480.00,14.56
2016-10-01 22:05:21,98534.87,569.62,14.61
2016-10-01 22:10:06,98534.93,757.89,14.67
2016-10-01 22:15:14,98535.00,818.18,14.74
2016-10-01 22:20:05,98535.05,618.56,14.79
2016-10-01 22:25:04,98535.11,722.41,14.85
2016-10-01 22:30:16,98535.18,807.69,14.92
2016-10-01 22:35:32,98535.24,681.39,14.98
2016-10-01 22:40:05,98535.28,527.47,15.02
2016-10-01 22:45:12,98535.33,586.32,15.07
2016-10-01 22:50:28,98535.39,683.54,15.13
2016-10-01 22:55:05,98535.43,519.86,15.17
2016-10-01 23:00:14,98535.48,582.52,15.22
2016-10-01 23:05:05,98535.54,742.27,15.28
2016-10-01 23:10:06,98535.58,478.41,15.32
2016-10-01 23:15:19,98535.62,460.06,15.36
2016-10-01 23:20:05,98535.68,755.24,15.42
2016-10-01 23:25:05,98535.73,600.00,15.47
2016-10-01 23:30:21,98535.77,455.70,15.51
2016-10-01 23:35:05,98535.82,633.80,15.56
2016-10-01 23:40:14,98535.88,696.77,15.62
2016-10-01 23:45:04,98535.92,496.55,15.66
2016-10-01 23:50:06,98535.96,476.82,15.7
2016-10-01 23:55:17,98536.01,578.78,15.75
2016-10-02 00:00:06,98536.05,498.27,15.79
2016-10-02 00:05:11,98536.08,354.10,15.82
2016-10-02 00:10:26,98536.12,457.14,15.86
2016-10-02 00:15:05,98536.17,642.86,15.91
2016-10-02 00:20:13,98536.20,350.65,15.94
2016-10-02 00:25:29,98536.24,455.70,15.98
2016-10-02 00:30:04,98536.28,521.74,16.02
2016-10-02 00:35:08,98536.32,473.68,16.06
2016-10-02 00:40:23,98536.35,341.77,16.09
2016-10-02 00:45:06,98536.39,508.83,16.13
2016-10-02 00:50:11,98536.44,590.16,16.18
2016-10-02 00:55:26,98536.48,455.70,16.22
2016-10-02 01:00:04,98536.51,388.49,16.25
2016-10-02 01:05:15,98536.55,463.02,16.29
2016-10-02 01:10:31,98536.60,569.62,16.34
2016-10-02 01:15:05,98536.62,262.77,16.36
2016-10-02 01:20:18,98536.67,575.08,16.41
2016-10-02 01:25:06,98536.71,500.00,16.45
2016-10-02 01:30:11,98536.74,354.10,16.48
2016-10-02 01:35:27,98536.78,455.70,16.52
2016-10-02 01:40:04,98536.83,647.48,16.57
2016-10-02 01:45:14,98536.87,464.52,16.61
2016-10-02 01:50:06,98536.89,246.58,16.63
2016-10-02 01:55:07,98536.94,598.01,16.68
2016-10-02 02:00:23,98536.99,569.62,16.73
2016-10-02 02:05:04,98537.03,512.46,16.77
2016-10-02 02:10:09,98537.08,588.24,16.82
2016-10-02 02:15:26,98537.14,681.39,16.88
2016-10-02 02:20:08,98537.19,638.30,16.93
2016-10-02 02:25:05,98537.23,484.85,16.97
2016-10-02 02:30:21,98537.29,683.54,17.03
2016-10-02 02:35:07,98537.34,629.37,17.08
2016-10-02 02:40:07,98537.38,480.00,17.12
2016-10-02 02:45:23,98537.42,455.70,17.16
2016-10-02 02:50:07,98537.47,633.80,17.21
2016-10-02 02:55:12,98537.50,354.10,17.24
2016-10-02 03:00:27,98537.53,342.86,17.27
2016-10-02 03:05:05,98537.58,645.16,17.32
2016-10-02 03:10:14,98537.62,466.02,17.36
2016-10-02 03:15:08,98537.64,244.90,17.38
2016-10-02 03:20:08,98537.69,598.01,17.43
2016-10-02 03:25:23,98537.74,569.62,17.48
2016-10-02 03:30:04,98537.77,384.34,17.51
2016-10-02 03:35:10,98537.80,352.94,17.54
2016-10-02 03:40:06,98537.85,608.11,17.59
2016-10-02 03:45:06,98537.89,480.00,17.63
2016-10-02 03:50:19,98537.91,230.03,17.65
2016-10-02 03:55:09,98537.96,620.69,17.7
2016-10-02 04:00:06,98538.01,606.06,17.75
2016-10-02 04:05:22,98538.05,455.70,17.79
2016-10-02 04:10:05,98538.10,636.04,17.84
2016-10-02 04:15:06,98538.16,717.61,17.9
2016-10-02 04:20:17,98538.21,578.78,17.95
2016-10-02 04:25:08,98538.24,371.13,17.98
2016-10-02 04:30:05,98538.30,727.27,18.04
2016-10-02 04:35:20,98538.34,457.14,18.08
2016-10-02 04:40:09,98538.37,373.70,18.11
2016-10-02 04:45:09,98538.41,480.00,18.15
2016-10-02 04:50:25,98538.45,455.70,18.19
2016-10-02 04:55:06,98538.49,512.46,18.23
2016-10-02 05:00:11,98538.52,354.10,18.26
2016-10-02 05:05:06,98538.56,488.14,18.3
2016-10-02 05:10:05,98538.61,602.01,18.35
2016-10-02 05:15:20,98538.64,342.86,18.38
2016-10-02 05:20:08,98538.68,500.00,18.42
2016-10-02 05:25:07,98538.72,481.61,18.46
2016-10-02 05:30:22,98538.76,457.14,18.5
2016-10-02 05:35:06,98538.79,380.28,18.53
2016-10-02 05:40:16,98538.83,464.52,18.57
2016-10-02 05:45:05,98538.87,498.27,18.61
2016-10-02 05:50:05,98538.90,360.00,18.64
2016-10-02 05:55:18,98538.94,458.60,18.68
2016-10-02 06:00:04,98538.99,629.37,18.73
2016-10-02 06:05:06,98539.02,357.62,18.76
2016-10-02 06:10:14,98539.06,467.53,18.8
2016-10-02 06:15:05,98539.12,742.27,18.86
2016-10-02 06:20:05,98539.17,600.00,18.91
2016-10-02 06:25:16,98539.21,463.02,18.95
2016-10-02 06:30:06,98539.27,744.83,19.01
2016-10-02 06:35:05,98539.32,602.01,19.06
2016-10-02 06:40:21,98539.36,454.26,19.1
2016-10-02 06:45:07,98539.39,377.62,19.13
2016-10-02 06:50:08,98539.44,598.01,19.18
2016-10-02 06:55:23,98539.48,457.14,19.22
2016-10-02 07:00:07,98539.50,253.52,19.24
2016-10-02 07:05:17,98539.55,580.65,19.29
2016-10-02 07:10:06,98539.59,496.55,19.33
2016-10-02 07:15:06,98539.62,360.00,19.36
2016-10-02 07:20:19,98539.66,460.06,19.4
2016-10-02 07:25:08,98539.71,622.84,19.45
2016-10-02 07:30:13,98539.74,354.10,19.48
2016-10-02 07:35:28,98539.77,342.86,19.51
2016-10-02 07:40:05,98539.82,647.48,19.56
2016-10-02 07:45:15,98539.87,580.65,19.61
2016-10-02 07:50:31,98539.91,454.26,19.65
2016-10-02 07:55:04,98539.95,527.47,19.69
2016-10-02 08:00:10,98539.98,351.79,19.72
2016-10-02 08:05:27,98540.01,340.69,19.75
2016-10-02 08:10:05,98540.03,258.99,19.77
2016-10-02 08:15:13,98540.07,467.53,19.81
2016-10-02 08:20:29,98540.12,569.62,19.86
2016-10-02 08:25:05,98540.15,391.30,19.89
2016-10-02 08:30:17,98540.22,807.69,19.96
2016-10-02 08:35:33,98540.33,1253.16,20.07
2016-10-02 08:40:05,98540.43,1323.53,20.17
2016-10-02 08:45:20,98540.63,2285.71,20.37
2016-10-02 08:50:06,98540.74,1384.62,20.48
2016-10-02 08:55:13,98540.78,469.06,20.52
2016-10-02 09:00:29,98540.80,227.85,20.54
2016-10-02 09:05:05,98540.85,652.17,20.59
2016-10-02 09:10:16,98540.89,463.02,20.63
2016-10-02 09:15:05,98540.94,622.84,20.68
2016-10-02 09:20:09,98540.99,592.11,20.73
2016-10-02 09:25:25,98541.04,569.62,20.78
2016-10-02 09:30:06,98541.08,510.64,20.82
2016-10-02 09:35:12,98541.12,470.59,20.86
2016-10-02 09:40:27,98541.16,457.14,20.9
2016-10-02 09:45:05,98541.32,2071.94,21.06
2016-10-02 09:50:07,98541.43,1311.26,21.17
2016-10-02 09:55:23,98541.56,1481.01,21.3
2016-10-02 10:00:05,98541.64,1021.28,21.38
2016-10-02 10:05:09,98541.71,826.23,21.45
2016-10-02 10:10:25,98541.78,797.47,21.52
2016-10-02 10:15:05,98541.86,1028.57,21.6
2016-10-02 10:20:14,98541.85,-116.50,21.59
2016-10-02 10:25:30,98541.85,0.00,21.59
2016-10-02 10:30:05,98541.87,261.82,21.61
2016-10-02 10:35:17,98541.90,346.15,21.64
2016-10-02 10:40:10,98541.93,368.60,21.67
2016-10-02 10:45:10,98541.99,720.00,21.73
2016-10-02 10:50:25,98542.07,911.39,21.81
2016-10-02 10:55:07,98542.12,638.30,21.86
2016-10-02 11:00:12,98542.15,354.10,21.89
2016-10-02 11:05:08,98542.16,121.62,21.9
2016-10-02 11:10:06,98542.15,-120.81,21.89
2016-10-02 11:15:22,98542.12,-341.77,21.86
2016-10-02 11:20:11,98542.11,-124.57,21.85
2016-10-02 11:25:08,98542.07,-483.22,21.81
2016-10-02 11:30:05,98542.03,-483.22,21.77
2016-10-02 11:35:07,98542.00,-356.44,21.74
2016-10-02 11:40:06,98541.98,-240.80,21.72
2016-10-02 11:45:20,98541.94,-458.60,21.68
2016-10-02 11:50:06,98541.94,0.00,21.68
2016-10-02 11:55:06,98541.93,-120.00,21.67
2016-10-02 12:00:05,98541.90,-360.00,21.64
2016-10-02 12:05:06,98541.90,0.00,21.64
2016-10-02 12:10:11,98541.90,0.00,21.64
2016-10-02 12:15:09,98541.87,-362.42,21.61
2016-10-02 12:20:06,98541.78,-1090.91,21.52
2016-10-02 12:25:13,98541.69,-1055.37,21.43
2016-10-02 12:30:07,98541.67,-244.90,21.41
2016-10-02 12:35:07,98541.62,-600.00,21.36
2016-10-02 12:40:05,98541.61,-120.81,21.35
2016-10-02 12:45:05,98541.60,-119.60,21.34
2016-10-02 12:50:09,98541.56,-473.68,21.3
2016-10-02 12:55:05,98541.49,-851.35,21.23
2016-10-02 13:00:05,98541.49,0.00,21.23
2016-10-02 13:05:19,98541.46,-343.95,21.2
2016-10-02 13:10:08,98541.45,-124.57,21.19
2016-10-02 13:15:05,98541.46,121.21,21.2
2016-10-02 13:20:21,98541.48,227.85,21.22
2016-10-02 13:25:06,98541.80,4027.97,21.54
2016-10-02 13:30:05,98542.11,3732.44,21.85
2016-10-02 13:35:16,98542.49,4398.71,22.23
2016-10-02 13:40:07,98542.83,4206.19,22.57
2016-10-02 13:45:05,98543.09,3140.94,22.83
2016-10-02 13:50:18,98543.40,3554.14,23.14
2016-10-02 13:55:08,98543.67,3351.72,23.41
2016-10-02 14:00:07,98543.92,3000.00,23.66
2016-10-02 14:05:06,98544.16,2889.63,23.9
2016-10-02 14:10:09,98544.53,4396.04,24.27
2016-10-02 14:15:10,98544.82,3468.44,24.56
2016-10-02 14:20:05,98545.06,2928.81,24.8
2016-10-02 14:25:05,98545.30,2880.00,25.04
2016-10-02 14:30:19,98545.54,2742.86,25.28
2016-10-02 14:35:07,98545.78,3000.00,25.52
2016-10-02 14:40:06,98545.99,2528.43,25.73
2016-10-02 14:45:22,98546.03,455.70,25.77
2016-10-02 14:50:05,98546.07,508.83,25.81
2016-10-02 14:55:15,98546.13,696.77,25.87
2016-10-02 15:00:06,98546.15,247.42,25.89
2016-10-02 15:05:05,98546.16,120.00,25.9
2016-10-02 15:10:18,98546.16,0.00,25.9
2016-10-02 15:15:33,98546.17,113.92,25.91
2016-10-02 15:20:05,98546.19,264.71,25.93
2016-10-02 15:25:13,98546.36,1987.01,26.1
2016-10-02 15:30:05,98546.64,3452.05,26.38
2016-10-02 15:35:06,98546.84,2392.03,26.58
2016-10-02 15:40:15,98547.02,2097.09,26.76
2016-10-02 15:45:05,98547.20,2234.48,26.94
2016-10-02 15:50:05,98547.30,1200.00,27.04
2016-10-02 15:55:19,98547.37,800.00,27.11
2016-10-02 16:00:06,98547.41,501.74,27.15
2016-10-02 16:05:07,98547.44,358.80,27.18
2016-10-02 16:10:22,98547.46,228.57,27.2
2016-10-02 16:15:06,98547.59,1647.89,27.33
2016-10-02 16:20:16,98547.78,2206.45,27.52
2016-10-02 16:25:05,98547.93,1862.07,27.67
2016-10-02 16:30:05,98548.39,5520.00,28.13
2016-10-02 16:35:18,98548.84,5175.72,28.58
2016-10-02 16:40:07,98549.20,4484.43,28.94
2016-10-02 16:45:12,98549.59,4603.28,29.33
2016-10-02 16:50:28,98550.04,5126.58,29.78
2016-10-02 16:55:05,98550.38,4418.77,30.12
2016-10-02 17:00:14,98550.78,4660.19,30.52
2016-10-02 17:05:30,98551.21,4898.73,30.95
2016-10-02 17:10:06,98551.54,4304.35,31.28
2016-10-02 17:15:10,98552.08,6394.74,31.82
2016-10-02 17:20:26,98552.56,5468.35,32.3
2016-10-02 17:25:07,98552.88,4099.64,32.62
2016-10-02 17:30:12,98553.14,3068.85,32.88
2016-10-02 17:35:28,98553.43,3303.80,33.17
2016-10-02 17:40:04,98553.71,3652.17,33.45
2016-10-02 17:45:17,98554.01,3450.48,33.75
2016-10-02 17:50:32,98554.33,3657.14,34.07
2016-10-02 17:55:06,98554.61,3678.83,34.35
2016-10-02 18:00:19,98554.91,3450.48,34.65
2016-10-02 18:05:05,98555.05,1762.24,34.79
2016-10-02 18:10:12,98555.34,3400.65,35.08
2016-10-02 18:15:28,98555.45,1249.21,35.19
2016-10-02 18:20:06,98555.51,776.98,35.25
2016-10-02 18:25:15,98555.59,932.04,35.33
2016-10-02 18:30:07,98555.69,1232.88,35.43
2016-10-02 18:35:08,98555.81,1435.22,35.55
2016-10-02 18:40:24,98555.94,1476.34,35.68
2016-10-02 18:45:05,98556.07,1659.57,35.81
2016-10-02 18:50:11,98556.19,1411.76,35.93
2016-10-02 18:55:27,98556.30,1253.16,36.04
2016-10-02 19:00:10,98556.39,1144.88,36.13
2016-10-02 19:05:06,98556.48,1094.59,36.22
2016-10-02 19:10:22,98556.60,1362.78,36.34
2016-10-02 19:15:08,98556.74,1762.24,36.48
2016-10-02 19:20:09,98556.88,1674.42,36.62
2016-10-02 19:25:24,98557.02,1600.00,36.76
2016-10-02 19:30:05,98557.15,1665.48,36.89
2016-10-02 19:35:13,98557.20,584.42,36.94
2016-10-02 19:40:29,98557.24,455.70,36.98
2016-10-02 19:45:04,98557.29,654.55,37.03
2016-10-02 19:50:16,98557.38,1038.46,37.12
2016-10-02 19:55:09,98557.47,1105.80,37.21
2016-10-02 20:00:09,98557.57,1200.00,37.31
2016-10-02 20:05:24,98557.66,1025.32,37.4
2016-10-02 20:10:06,98557.72,765.96,37.46
2016-10-02 20:15:12,98557.82,1176.47,37.56
2016-10-02 20:20:07,98557.91,1098.31,37.65
2016-10-02 20:25:05,98557.98,845.64,37.72
2016-10-02 20:30:20,98558.04,685.71,37.78
2016-10-02 20:35:10,98558.09,620.69,37.83
2016-10-02 20:40:08,98558.12,362.42,37.86
2016-10-02 20:45:23,98558.18,683.54,37.92
2016-10-02 20:50:06,98558.24,763.25,37.98
2016-10-02 20:55:05,98558.29,602.01,38.03
2016-10-02 21:00:18,98558.35,687.90,38.09
2016-10-02 21:05:05,98558.41,752.61,38.15
2016-10-02 21:10:05,98558.53,1440.00,38.27
2016-10-02 21:15:21,98558.67,1594.94,38.41
2016-10-02 21:20:05,98558.73,760.56,38.47
2016-10-02 21:25:10,98558.79,708.20,38.53
2016-10-02 21:30:25,98558.84,571.43,38.58
2016-10-02 21:35:07,98558.89,638.30,38.63
2016-10-02 21:40:12,98558.94,588.24,38.68
2016-10-02 21:45:06,98558.97,367.35,38.71
2016-10-02 21:50:06,98559.02,600.00,38.76
2016-10-02 21:55:22,98559.08,683.54,38.82
2016-10-02 22:00:04,98559.11,381.63,38.85
2016-10-02 22:05:08,98559.16,592.11,38.9
2016-10-02 22:10:04,98559.22,729.73,38.96
2016-10-02 22:15:05,98559.26,478.41,39.0
2016-10-02 22:20:18,98559.52,2990.42,39.26
2016-10-02 22:25:07,98559.84,3986.16,39.58
2016-10-02 22:30:06,98560.14,3600.00,39.88
2016-10-02 22:35:20,98560.43,3324.84,40.17
2016-10-02 22:40:05,98560.74,3915.79,40.48
2016-10-02 22:45:06,98561.05,3707.64,40.79
2016-10-02 22:50:15,98561.35,3483.87,41.09
2016-10-02 22:55:06,98561.63,3463.92,41.37
2016-10-02 23:00:06,98561.94,3720.00,41.68
2016-10-02 23:05:17,98562.22,3230.77,41.96
2016-10-02 23:10:07,98562.49,3351.72,42.23
2016-10-02 23:15:06,98562.77,3360.00,42.51
2016-10-02 23:20:22,98563.06,3303.80,42.8
2016-10-02 23:25:08,98563.31,3146.85,43.05
2016-10-02 23:30:09,98563.60,3468.44,43.34
2016-10-02 23:35:25,98563.89,3303.80,43.63
2016-10-02 23:40:05,98564.14,3214.29,43.88
2016-10-02 23:45:18,98564.24,1150.16,43.98
2016-10-02 23:50:06,98564.41,2125.00,44.15
2016-10-02 23:55:05,98564.62,2528.43,44.36
2016-10-03 00:00:21,98564.69,797.47,44.43
2016-10-03 00:05:06,98564.74,631.58,44.48
2016-10-03 00:10:14,98564.78,467.53,44.52
2016-10-03 00:15:05,98564.81,371.13,44.55
2016-10-03 00:20:07,98564.86,596.03,44.6
2016-10-03 00:25:16,98564.90,466.02,44.64
2016-10-03 00:30:32,98564.93,341.77,44.67
2016-10-03 00:35:05,98564.97,527.47,44.71
2016-10-03 00:40:12,98565.02,586.32,44.76
2016-10-03 00:45:28,98565.06,455.70,44.8
2016-10-03 00:50:05,98565.10,519.86,44.84
2016-10-03 00:55:14,98565.16,699.03,44.9
2016-10-03 01:00:06,98565.21,616.44,44.95
2016-10-03 01:05:04,98565.25,481.61,44.99
2016-10-03 01:10:19,98565.31,685.71,45.05
2016-10-03 01:15:05,98565.36,629.37,45.1
2016-10-03 01:20:05,98565.39,358.80,45.13
2016-10-03 01:25:21,98565.44,569.62,45.18
2016-10-03 01:30:05,98565.49,633.80,45.23
2016-10-03 01:35:15,98565.51,232.26,45.25
2016-10-03 01:40:05,98565.55,496.55,45.29
2016-10-03 01:45:05,98565.60,600.00,45.34
2016-10-03 01:50:17,98565.63,346.15,45.37
2016-10-03 01:55:06,98565.66,373.70,45.4
2016-10-03 02:00:11,98565.71,590.16,45.45
2016-10-03 02:05:09,98565.75,483.22,45.49
2016-10-03 02:10:04,98565.77,244.07,45.51
2016-10-03 02:15:13,98565.82,582.52,45.56
2016-10-03 02:20:29,98565.87,569.62,45.61
2016-10-03 02:25:05,98565.89,260.87,45.63
2016-10-03 02:30:08,98565.93,473.68,45.67
2016-10-03 02:35:07,98565.98,602.01,45.72
2016-10-03 02:40:06,98566.01,361.20,45.75
2016-10-03 02:45:11,98566.05,472.13,45.79
2016-10-03 02:50:10,98566.09,481.61,45.83
2016-10-03 02:55:05,98566.12,366.10,45.86
2016-10-03 03:00:16,98566.16,463.02,45.9
2016-10-03 03:05:13,98566.20,483.22,45.94
2016-10-03 03:10:07,98566.24,489.80,45.98
2016-10-03 03:15:18,98566.28,463.02,46.02
2016-10-03 03:20:06,98566.34,750.00,46.08
2016-10-03 03:25:11,98566.40,708.20,46.14
2016-10-03 03:30:10,98566.43,361.20,46.17
2016-10-03 03:35:05,98566.48,610.17,46.22
2016-10-03 03:40:14,98566.54,699.03,46.28
2016-10-03 03:45:06,98566.58,493.15,46.32
2016-10-03 03:50:08,98566.62,476.82,46.36
2016-10-03 03:55:23,98566.67,569.62,46.41
2016-10-03 04:00:05,98566.70,382.98,46.44
2016-10-03 04:05:10,98566.73,354.10,46.47
2016-10-03 04:10:25,98566.78,571.43,46.52
2016-10-03 04:15:08,98566.82,507.04,46.56
2016-10-03 04:20:05,98566.85,363.64,46.59
2016-10-03 04:25:20,98566.89,455.70,46.63
2016-10-03 04:30:07,98566.93,501.74,46.67
2016-10-03 04:35:07,98566.96,358.80,46.7
2016-10-03 04:40:23,98567.00,455.70,46.74
2016-10-03 04:45:07,98567.04,507.04,46.78
2016-10-03 04:50:12,98567.08,472.13,46.82
2016-10-03 04:55:27,98567.11,341.77,46.85
2016-10-03 05:00:06,98567.16,645.16,46.9
2016-10-03 05:05:14,98567.22,699.03,46.96
2016-10-03 05:10:08,98567.27,612.24,47.01
2016-10-03 05:15:08,98567.32,600.00,47.06
2016-10-03 05:20:24,98567.37,569.62,47.11
2016-10-03 05:25:07,98567.39,254.42,47.13
2016-10-03 05:30:10,98567.40,118.42,47.14
2016-10-03 05:35:06,98567.41,121.62,47.15
2016-10-03 05:40:06,98567.42,119.60,47.16
2016-10-03 05:45:20,98567.43,114.65,47.17
2016-10-03 05:50:09,98567.44,124.57,47.18
2016-10-03 05:55:06,98567.47,362.42,47.21
2016-10-03 06:00:22,98567.49,227.85,47.23
2016-10-03 06:05:05,98567.51,254.42,47.25
2016-10-03 06:10:06,98567.53,239.20,47.27
2016-10-03 06:15:18,98567.56,346.15,47.3
2016-10-03 06:20:08,98567.58,247.42,47.32
2016-10-03 06:25:04,98567.60,243.24,47.34
2016-10-03 06:30:20,98567.61,113.92,47.35
2016-10-03 07:40:06,98568.15,449.48,47.89
2016-10-03 07:40:06,98568.15,0.00,47.89
2016-10-03 07:45:05,98568.17,240.80,47.91
2016-10-03 07:50:18,98568.19,216.87,47.93
2016-10-03 07:50:18,98568.19,0.00,47.93
2016-10-03 07:50:18,98568.19,0.00,47.93
2016-10-03 07:50:18,98568.19,0.00,47.93
2016-10-03 07:50:18,98568.19,0.00,47.93
2016-10-03 07:55:04,98568.20,125.44,47.94
2016-10-03 08:00:05,98568.22,239.20,47.96
2016-10-03 08:05:14,98568.23,116.50,47.97
2016-10-03 08:10:05,98568.24,123.71,47.98
2016-10-03 08:15:05,98568.23,-120.00,47.97
2016-10-03 08:20:17,98568.22,-115.38,47.96
2016-10-03 08:25:06,98568.21,-124.57,47.95
2016-10-03 08:30:06,98568.20,-120.00,47.94
2016-10-03 08:35:21,98568.18,-228.57,47.92
2016-10-03 08:40:07,98568.16,-251.75,47.9
2016-10-03 08:45:08,98568.13,-358.80,47.87
2016-10-03 08:50:23,98568.09,-457.14,47.83
2016-10-03 08:55:07,98568.05,-507.04,47.79
