2021-01-29 16:25:20,3678.95
2021-01-29 16:25:20,3678.95
2021-01-29 16:25:20,3678.95,0.00,0.0
2021-01-29 16:30:10,3679.05,1241.38,0.1000000000003638
2021-01-29 16:35:09,3679.15,1222.41,0.20000000000027285
2021-01-29 16:40:25,3679.24,1112.20,0.2899999999999636
2021-01-29 16:45:06,3679.49,2050.25,0.5399999999999636
2021-01-29 16:50:11,3679.76,3189.10,0.8100000000004002
2021-01-29 16:55:05,3679.90,2464.11,0.9500000000002728
2021-01-29 17:00:05,3679.96,1212.12,1.0100000000002183
2021-01-29 17:05:21,3680.02,701.30,1.0700000000001637
2021-01-29 17:10:08,3680.09,776.12,1.1400000000003274
2021-01-29 17:15:07,3680.15,797.27,1.2000000000002728
2021-01-29 17:20:23,3680.21,702.44,1.2600000000002183
2021-01-29 17:25:06,3680.28,780.00,1.330000000000382
2021-01-29 17:30:17,3680.36,909.09,1.4100000000003092
2021-01-29 17:35:06,3680.42,840.00,1.4700000000002547
2021-01-29 17:40:05,3680.47,672.33,1.5199999999999818
2021-01-29 17:45:19,3680.53,646.00,1.580000000000382
2021-01-29 17:50:35,3680.60,742.86,1.650000000000091
2021-01-29 17:55:05,3680.66,798.63,1.7100000000000364
2021-01-29 18:00:15,3680.73,806.90,1.7800000000002
2021-01-29 18:05:05,3680.81,898.50,1.8600000000001273
2021-01-29 18:10:05,3680.89,974.62,1.9400000000000546
2021-01-29 18:15:17,3680.96,882.35,2.0100000000002183
2021-01-29 18:20:06,3681.08,1136.21,2.130000000000109
2021-01-29 18:25:06,3681.22,1589.13,2.269999999999982
2021-01-29 18:30:21,3681.36,1636.36,2.4100000000003092
2021-01-29 18:35:07,3681.48,1557.40,2.5300000000002
2021-01-29 18:40:08,3681.60,1471.89,2.650000000000091
2021-01-29 18:45:24,3681.71,1341.98,2.7600000000002183
2021-01-29 18:50:05,3681.77,1025.13,2.8200000000001637
2021-01-29 18:55:17,3681.86,909.09,2.9100000000003092
2021-01-29 19:00:05,3681.94,1020.00,2.9900000000002365
2021-01-29 19:05:06,3682.34,2928.81,3.3900000000003274
2021-01-29 19:10:20,3682.69,4390.24,3.7400000000002365
2021-01-29 19:15:05,3683.09,4507.51,4.140000000000327
2021-01-29 19:20:13,3683.48,4795.95,4.5300000000002
2021-01-29 19:25:29,3683.90,4673.08,4.950000000000273
2021-01-29 19:30:06,3684.20,4370.99,5.25
2021-01-29 19:35:16,3684.57,4109.03,5.620000000000346
2021-01-29 19:40:31,3684.96,4370.61,6.010000000000218
2021-01-29 19:45:05,3685.27,4278.44,6.320000000000164
2021-01-29 19:50:11,3685.60,3972.41,6.650000000000091
2021-01-29 19:55:27,3685.93,3819.94,6.980000000000018
2021-01-29 20:00:04,3686.21,3696.97,7.260000000000218
2021-01-29 20:05:13,3686.50,3501.71,7.550000000000182
2021-01-29 20:10:05,3686.78,3414.31,7.830000000000382
2021-01-29 20:15:05,3687.08,3521.08,8.13000000000011
2021-01-29 20:20:18,3687.19,2407.83,8.240000000000236
2021-01-29 20:25:34,3687.43,2003.18,8.480000000000018
2021-01-29 20:30:05,3687.58,2391.82,8.63000000000011
2021-01-29 20:35:20,3687.65,1351.54,8.700000000000273
2021-01-29 20:40:04,3687.72,841.40,8.769999999999982
2021-01-29 20:45:14,3687.78,787.88,8.830000000000382
2021-01-29 20:50:30,3687.83,632.59,8.88000000000011
2021-01-29 20:55:05,3687.87,548.22,8.920000000000073
2021-01-29 21:00:16,3687.93,614.33,8.980000000000018
2021-01-29 21:05:05,3687.97,599.00,9.019999999999982
2021-01-29 21:10:10,3688.02,545.45,9.070000000000164
2021-01-29 21:15:25,3688.06,521.74,9.110000000000127
2021-01-29 21:20:05,3688.11,544.54,9.16000000000031
2021-01-29 21:25:12,3688.15,551.96,9.200000000000273
2021-01-29 21:30:28,3688.19,461.54,9.240000000000236
2021-01-29 21:35:05,3688.22,424.24,9.269999999999982
2021-01-29 21:40:08,3688.26,434.48,9.3100000000004
2021-01-29 21:45:23,3688.29,407.77,9.340000000000146
2021-01-29 21:50:05,3688.32,361.20,9.370000000000346
2021-01-29 21:55:10,3688.36,429.30,9.41000000000031
2021-01-29 22:00:26,3688.40,463.77,9.450000000000273
2021-01-29 22:05:05,3688.42,363.03,9.470000000000255
2021-01-29 22:10:15,3688.46,366.72,9.510000000000218
2021-01-29 22:15:30,3688.51,517.57,9.5600000000004
2021-01-29 22:20:06,3688.54,487.31,9.590000000000146
2021-01-29 22:25:17,3688.57,367.97,9.620000000000346
2021-01-29 22:30:05,3688.60,360.60,9.650000000000091
2021-01-29 22:35:10,3688.64,424.24,9.690000000000055
2021-01-29 22:40:26,3688.67,405.80,9.720000000000255
2021-01-29 22:45:07,3688.70,361.81,9.75
2021-01-29 22:50:13,3688.74,429.30,9.789999999999964
2021-01-29 22:55:05,3688.78,481.61,9.830000000000382
2021-01-29 23:00:07,3688.81,424.24,9.860000000000127
2021-01-29 23:05:22,3688.85,408.43,9.900000000000091
2021-01-29 23:10:11,3688.88,416.53,9.930000000000291
2021-01-29 23:15:09,3688.92,429.30,9.970000000000255
2021-01-29 23:20:24,3688.95,410.42,10.0
2021-01-29 23:25:08,3688.98,360.60,10.0300000000002
2021-01-29 23:30:06,3689.02,432.99,10.070000000000164
2021-01-29 23:35:20,3689.05,411.76,10.100000000000364
2021-01-29 23:40:06,3689.07,299.50,10.120000000000346
2021-01-29 23:45:07,3689.09,245.32,10.140000000000327
2021-01-29 23:50:22,3689.13,350.65,10.180000000000291
2021-01-29 23:55:06,3689.15,360.60,10.200000000000273
2021-01-30 00:00:11,3689.16,183.36,10.210000000000036
2021-01-30 00:05:27,3689.19,231.88,10.240000000000236
2021-01-30 00:10:05,3689.21,303.03,10.260000000000218
2021-01-30 00:15:14,3689.23,245.32,10.2800000000002
2021-01-30 00:20:07,3689.24,179.40,10.289999999999964
2021-01-30 00:25:07,3689.27,242.42,10.320000000000164
2021-01-30 00:30:23,3689.29,292.21,10.340000000000146
2021-01-30 00:35:06,3689.31,240.40,10.360000000000127
2021-01-30 00:40:10,3689.33,245.32,10.38000000000011
2021-01-30 00:45:05,3689.36,300.50,10.41000000000031
2021-01-30 00:50:05,3689.38,302.01,10.430000000000291
2021-01-30 00:55:19,3689.40,234.53,10.450000000000273
2021-01-30 01:00:08,3689.42,238.81,10.470000000000255
2021-01-30 01:05:05,3689.44,245.32,10.490000000000236
2021-01-30 01:10:21,3689.46,234.91,10.510000000000218
2021-01-30 01:15:04,3689.48,240.00,10.5300000000002
2021-01-30 01:20:05,3689.50,246.58,10.550000000000182
2021-01-30 01:25:16,3689.52,234.91,10.570000000000164
2021-01-30 01:30:08,3689.54,238.81,10.590000000000146
2021-01-30 01:35:05,3689.58,366.72,10.63000000000011
2021-01-30 01:40:19,3689.62,471.36,10.670000000000073
2021-01-30 01:45:08,3689.66,476.82,10.710000000000036
2021-01-30 01:50:08,3689.68,366.72,10.730000000000018
2021-01-30 01:55:23,3689.71,292.21,10.760000000000218
2021-01-30 02:00:05,3689.74,361.81,10.789999999999964
2021-01-30 02:05:10,3689.77,367.97,10.820000000000164
2021-01-30 02:10:05,3689.78,240.00,10.830000000000382
2021-01-30 02:15:06,3689.80,181.21,10.850000000000364
2021-01-30 02:20:20,3689.84,351.22,10.890000000000327
2021-01-30 02:25:07,3689.86,359.40,10.91000000000031
2021-01-30 02:30:06,3689.87,184.30,10.920000000000073
2021-01-30 02:35:22,3689.89,175.61,10.940000000000055
2021-01-30 02:40:05,3689.92,300.50,10.970000000000255
2021-01-30 02:45:15,3689.93,242.42,10.980000000000018
2021-01-30 02:50:05,3689.95,180.00,11.0
2021-01-30 02:55:06,3689.97,243.65,11.019999999999982
2021-01-30 03:00:18,3690.00,293.64,11.050000000000182
2021-01-30 03:05:33,3690.02,286.62,11.070000000000164
2021-01-30 03:10:05,3690.06,367.35,11.110000000000127
2021-01-30 03:15:13,3690.10,495.70,11.150000000000091
2021-01-30 03:20:05,3690.13,420.00,11.180000000000291
2021-01-30 03:25:06,3690.15,303.03,11.200000000000273
2021-01-30 03:30:15,3690.18,294.60,11.230000000000018
2021-01-30 03:35:05,3690.21,360.60,11.260000000000218
2021-01-30 03:40:06,3690.23,304.57,11.2800000000002
2021-01-30 03:45:20,3690.25,233.77,11.300000000000182
2021-01-30 03:50:06,3690.27,240.00,11.320000000000164
2021-01-30 03:55:07,3690.30,306.64,11.350000000000364
2021-01-30 04:00:23,3690.33,350.08,11.38000000000011
2021-01-30 04:05:06,3690.34,240.40,11.390000000000327
2021-01-30 04:10:16,3690.36,182.12,11.41000000000031
2021-01-30 04:15:06,3690.39,300.00,11.440000000000055
2021-01-30 04:20:05,3690.41,305.60,11.460000000000036
2021-01-30 04:25:18,3690.42,176.18,11.470000000000255
2021-01-30 04:30:10,3690.46,297.03,11.510000000000218
2021-01-30 04:35:12,3690.51,545.45,11.5600000000004
2021-01-30 04:40:28,3690.54,466.02,11.590000000000146
2021-01-30 04:45:05,3690.57,363.64,11.620000000000346
2021-01-30 04:50:14,3690.62,490.63,11.670000000000073
2021-01-30 04:55:30,3690.65,460.80,11.700000000000273
2021-01-30 05:00:08,3690.67,303.03,11.720000000000255
2021-01-30 05:05:10,3690.71,372.41,11.760000000000218
2021-01-30 05:10:26,3690.75,466.02,11.800000000000182
2021-01-30 05:15:12,3690.78,418.60,11.830000000000382
2021-01-30 05:20:12,3690.80,307.17,11.850000000000364
2021-01-30 05:25:28,3690.83,292.21,11.88000000000011
2021-01-30 05:30:07,3690.86,363.03,11.91000000000031
2021-01-30 05:35:17,3690.88,305.60,11.930000000000291
2021-01-30 05:40:32,3690.90,230.40,11.950000000000273
2021-01-30 05:45:08,3690.93,304.57,11.980000000000018
2021-01-30 05:50:19,3690.97,429.30,12.019999999999982
2021-01-30 05:55:07,3691.00,420.70,12.050000000000182
2021-01-30 06:00:13,3691.03,363.64,12.080000000000382
2021-01-30 06:05:29,3691.08,463.02,12.13000000000011
2021-01-30 06:10:06,3691.11,485.67,12.16000000000031
2021-01-30 06:15:15,3691.15,430.03,12.200000000000273
2021-01-30 06:20:07,3691.18,419.30,12.230000000000018
2021-01-30 06:25:09,3691.22,424.24,12.269999999999982
2021-01-30 06:30:24,3691.27,525.12,12.320000000000164
2021-01-30 06:35:07,3691.30,481.61,12.350000000000364
2021-01-30 06:40:11,3691.34,429.30,12.390000000000327
2021-01-30 06:45:26,3691.37,406.45,12.420000000000073
2021-01-30 06:50:04,3691.41,424.96,12.460000000000036
2021-01-30 06:55:06,3691.44,433.73,12.490000000000236
2021-01-30 07:00:23,3691.48,407.11,12.5300000000002
2021-01-30 07:05:09,3691.51,417.91,12.5600000000004
2021-01-30 07:10:09,3691.55,430.03,12.600000000000364
2021-01-30 07:15:24,3691.59,467.53,12.640000000000327
2021-01-30 07:20:08,3691.63,480.00,12.680000000000291
2021-01-30 07:25:13,3691.69,611.21,12.740000000000236
2021-01-30 07:30:29,3691.74,637.68,12.789999999999964
2021-01-30 07:35:05,3691.79,608.11,12.840000000000146
2021-01-30 07:40:16,3691.85,674.62,12.900000000000091
2021-01-30 07:45:09,3691.90,654.55,12.950000000000273
2021-01-30 07:50:09,3691.96,667.79,13.010000000000218
2021-01-30 07:55:25,3692.02,701.30,13.070000000000164
2021-01-30 08:00:08,3692.08,721.20,13.13000000000011
2021-01-30 08:05:12,3692.13,674.62,13.180000000000291
2021-01-30 08:10:07,3692.18,601.00,13.230000000000018
2021-01-30 08:15:05,3692.23,606.06,13.2800000000002
2021-01-30 08:20:21,3692.29,644.95,13.340000000000146
2021-01-30 08:25:10,3692.33,595.04,13.38000000000011
2021-01-30 08:30:08,3692.37,490.63,13.420000000000073
2021-01-30 08:35:23,3692.40,411.09,13.450000000000273
2021-01-30 08:40:06,3692.43,360.60,13.480000000000018
2021-01-30 08:45:05,3692.47,432.99,13.519999999999982
2021-01-30 08:50:19,3692.60,998.37,13.650000000000091
2021-01-30 08:55:05,3692.78,1860.00,13.830000000000382
2021-01-30 09:00:05,3692.89,1778.53,13.940000000000055
2021-01-30 09:05:21,3692.99,1227.27,14.039999999999964
2021-01-30 09:10:11,3693.13,1425.74,14.180000000000291
2021-01-30 09:15:10,3693.26,1650.25,14.3100000000004
2021-01-30 09:20:26,3693.29,936.59,14.340000000000146
2021-01-30 09:25:07,3693.36,603.02,14.41000000000031
2021-01-30 09:30:12,3693.37,490.63,14.420000000000073
2021-01-30 09:35:06,3693.42,360.60,14.470000000000255
2021-01-30 09:40:06,3693.45,484.85,14.5
2021-01-30 09:45:22,3693.43,58.44,14.480000000000018
2021-01-30 09:50:05,3693.41,-240.40,14.460000000000036
2021-01-30 09:55:08,3693.40,-183.99,14.450000000000273
2021-01-30 10:00:04,3693.39,-120.00,14.440000000000055
2021-01-30 10:05:04,3693.35,-302.01,14.400000000000091
2021-01-30 10:10:18,3693.30,-527.69,14.350000000000364
2021-01-30 10:15:07,3693.25,-597.01,14.300000000000182
2021-01-30 10:20:06,3693.21,-551.02,14.260000000000218
2021-01-30 10:25:20,3693.17,-469.82,14.220000000000255
2021-01-30 10:30:05,3693.12,-540.00,14.170000000000073
2021-01-30 10:35:06,3693.07,-614.33,14.120000000000346
2021-01-30 10:40:15,3693.04,-471.36,14.090000000000146
2021-01-30 10:45:06,3693.02,-299.50,14.070000000000164
2021-01-30 10:50:05,3692.97,-427.12,14.019999999999982
2021-01-30 10:55:18,3692.89,-764.71,13.940000000000055
2021-01-30 11:00:07,3692.81,-956.81,13.860000000000127
2021-01-30 11:05:07,3692.72,-1039.05,13.769999999999982
2021-01-30 11:10:22,3692.63,-1053.66,13.680000000000291
2021-01-30 11:15:08,3692.53,-1138.10,13.580000000000382
2021-01-30 11:20:09,3692.43,-1226.58,13.480000000000018
2021-01-30 11:25:25,3692.33,-1166.94,13.38000000000011
2021-01-30 11:30:05,3692.29,-845.64,13.340000000000146
2021-01-30 11:35:18,3692.18,-909.09,13.230000000000018
2021-01-30 11:40:06,3692.09,-1198.00,13.140000000000327
2021-01-30 11:45:05,3692.05,-797.27,13.100000000000364
2021-01-30 11:50:21,3691.98,-643.90,13.0300000000002
2021-01-30 11:55:06,3691.89,-958.40,12.940000000000055
2021-01-30 12:00:14,3691.79,-1153.46,12.840000000000146
2021-01-30 12:05:05,3691.70,-1141.90,12.75
2021-01-30 12:10:07,3691.70,-546.37,12.75
2021-01-30 12:15:16,3691.69,-58.82,12.740000000000236
2021-01-30 12:20:32,3691.63,-402.56,12.680000000000291
2021-01-30 12:25:04,3691.70,61.22,12.75
2021-01-30 12:30:12,3691.65,124.14,12.700000000000273
2021-01-30 12:35:28,3691.59,-633.60,12.640000000000327
2021-01-30 12:40:05,3691.56,-545.45,12.610000000000127
2021-01-30 12:45:14,3691.51,-490.63,12.5600000000004
2021-01-30 12:50:06,3691.47,-539.10,12.519999999999982
2021-01-30 12:55:04,3691.44,-426.40,12.490000000000236
2021-01-30 13:00:19,3691.41,-351.79,12.460000000000036
2021-01-30 13:05:05,3691.41,-179.70,12.460000000000036
2021-01-30 13:10:06,3691.38,-183.99,12.430000000000291
2021-01-30 13:15:21,3691.37,-233.39,12.420000000000073
2021-01-30 13:20:05,3691.37,-60.10,12.420000000000073
2021-01-30 13:25:15,3691.40,181.82,12.450000000000273
2021-01-30 13:30:05,3691.42,300.00,12.470000000000255
2021-01-30 13:35:05,3691.44,244.07,12.490000000000236
2021-01-30 13:40:17,3691.52,588.24,12.570000000000164
2021-01-30 13:45:06,3691.61,1016.61,12.66000000000031
2021-01-30 13:50:11,3691.71,1151.52,12.760000000000218
2021-01-30 13:55:26,3691.83,1275.36,12.88000000000011
2021-01-30 14:00:04,3691.92,1274.87,12.970000000000255
2021-01-30 14:05:13,3691.96,797.27,13.010000000000218
2021-01-30 14:10:29,3692.02,576.00,13.070000000000164
2021-01-30 14:15:05,3692.04,486.49,13.090000000000146
2021-01-30 14:20:09,3692.08,372.41,13.13000000000011
2021-01-30 14:25:24,3692.13,523.42,13.180000000000291
2021-01-30 14:30:06,3692.21,782.61,13.260000000000218
2021-01-30 14:35:11,3692.34,1287.90,13.390000000000327
2021-01-30 14:40:27,3692.41,1159.42,13.460000000000036
2021-01-30 14:45:05,3692.50,968.07,13.550000000000182
2021-01-30 14:50:16,3692.58,1039.05,13.63000000000011
2021-01-30 14:55:32,3692.64,803.83,13.690000000000055
2021-01-30 15:00:05,3692.70,733.45,13.75
2021-01-30 15:05:18,3692.74,613.29,13.789999999999964
2021-01-30 15:10:04,3692.76,360.60,13.8100000000004
2021-01-30 15:15:11,3692.78,242.42,13.830000000000382
2021-01-30 15:20:27,3692.79,173.35,13.840000000000146
2021-01-30 15:25:08,3692.80,120.60,13.850000000000364
2021-01-30 15:30:14,3692.82,183.99,13.870000000000346
2021-01-30 15:35:06,3692.85,301.00,13.900000000000091
2021-01-30 15:40:07,3692.89,424.24,13.940000000000055
2021-01-30 15:45:24,3692.91,349.51,13.960000000000036
2021-01-30 15:50:05,3692.93,240.80,13.980000000000018
2021-01-30 15:55:10,3692.96,307.17,14.010000000000218
2021-01-30 16:00:25,3692.98,290.32,14.0300000000002
2021-01-30 16:05:09,3693.00,240.40,14.050000000000182
2021-01-30 16:10:05,3693.01,186.21,14.0600000000004
2021-01-30 16:15:21,3693.03,176.47,14.080000000000382
2021-01-30 16:20:07,3693.05,238.81,14.100000000000364
2021-01-30 16:25:08,3693.09,367.97,14.140000000000327
2021-01-30 16:30:23,3693.14,525.97,14.190000000000055
2021-01-30 16:35:07,3693.18,540.90,14.230000000000018
2021-01-30 16:40:12,3693.25,672.33,14.300000000000182
2021-01-30 16:45:28,3693.30,694.53,14.350000000000364
2021-01-30 16:50:06,3693.41,969.70,14.460000000000036
2021-01-30 16:55:15,3693.53,1410.56,14.580000000000382
2021-01-30 17:00:08,3693.67,1554.82,14.720000000000255
2021-01-30 17:05:08,3693.85,1942.66,14.900000000000091
2021-01-30 17:10:24,3694.21,3155.84,15.260000000000218
2021-01-30 17:15:07,3694.55,4207.01,15.600000000000364
2021-01-30 17:20:11,3694.86,3986.37,15.91000000000031
2021-01-30 17:25:06,3695.16,3666.11,16.210000000000036
2021-01-30 17:30:06,3695.48,3744.97,16.5300000000002
2021-01-30 17:35:20,3695.90,4338.76,16.950000000000273
2021-01-30 17:40:09,3696.03,3283.58,17.080000000000382
2021-01-30 17:45:06,3696.10,1226.58,17.15000000000009
2021-01-30 17:50:22,3696.16,763.46,17.210000000000036
2021-01-30 17:55:05,3696.22,720.00,17.269999999999982
2021-01-30 18:00:06,3696.29,801.37,17.340000000000146
2021-01-30 18:05:17,3696.36,822.19,17.41000000000031
2021-01-30 18:10:09,3696.43,835.82,17.480000000000018
2021-01-30 18:15:06,3696.49,794.57,17.539999999999964
2021-01-30 18:20:20,3696.56,765.96,17.610000000000127
2021-01-30 18:25:09,3696.64,894.04,17.690000000000055
2021-01-30 18:30:09,3696.70,855.69,17.75
2021-01-30 18:35:24,3696.76,701.30,17.8100000000004
2021-01-30 18:40:06,3696.81,663.32,17.860000000000127
2021-01-30 18:45:11,3696.86,613.29,17.91000000000031
2021-01-30 18:50:05,3696.91,601.00,17.960000000000036
2021-01-30 18:55:05,3696.97,666.67,18.019999999999982
2021-01-30 19:00:20,3697.05,818.18,18.100000000000364
2021-01-30 19:05:08,3697.10,776.12,18.15000000000009
2021-01-30 19:10:07,3697.15,613.29,18.200000000000273
2021-01-30 19:15:23,3697.22,702.44,18.269999999999982
2021-01-30 19:20:06,3697.34,1141.90,18.390000000000327
2021-01-30 19:25:16,3697.37,909.09,18.420000000000073
2021-01-30 19:30:06,3697.41,420.00,18.460000000000036
2021-01-30 19:35:05,3697.47,611.21,18.519999999999982
2021-01-30 19:40:19,3697.53,704.73,18.580000000000382
2021-01-30 19:45:35,3697.57,571.43,18.620000000000346
2021-01-30 19:50:05,3697.63,614.33,18.68000000000029
2021-01-30 19:55:14,3697.69,746.11,18.740000000000236
2021-01-30 20:00:05,3697.73,600.00,18.7800000000002
2021-01-30 20:05:05,3697.79,609.14,18.840000000000146
2021-01-30 20:10:17,3697.83,588.24,18.88000000000011
2021-01-30 20:15:06,3697.87,479.20,18.920000000000073
2021-01-30 20:20:05,3697.90,427.84,18.950000000000273
2021-01-30 20:25:21,3697.93,351.22,18.980000000000018
2021-01-30 20:30:07,3697.96,358.80,19.01000000000022
2021-01-30 20:35:08,3698.02,551.96,19.070000000000164
2021-01-30 20:40:24,3698.08,700.16,19.13000000000011
2021-01-30 20:45:05,3698.13,663.32,19.18000000000029
2021-01-30 20:50:17,3698.18,607.08,19.230000000000018
2021-01-30 20:55:07,3698.22,538.21,19.269999999999982
2021-01-30 21:00:06,3698.25,427.84,19.300000000000182
2021-01-30 21:05:20,3698.28,352.37,19.330000000000382
2021-01-30 21:10:05,3698.32,420.70,19.370000000000346
2021-01-30 21:15:13,3698.37,546.37,19.420000000000073
2021-01-30 21:20:29,3698.41,519.23,19.460000000000036
2021-01-30 21:25:06,3698.45,485.67,19.5
2021-01-30 21:30:15,3698.50,552.90,19.550000000000182
2021-01-30 21:35:31,3698.54,517.57,19.590000000000146
2021-01-30 21:40:04,3698.56,366.72,19.610000000000127
2021-01-30 21:45:11,3698.59,310.34,19.640000000000327
2021-01-30 21:50:27,3698.63,404.49,19.68000000000029
2021-01-30 21:55:05,3698.67,484.85,19.720000000000255
2021-01-30 22:00:13,3698.71,491.47,19.76000000000022
2021-01-30 22:05:05,3698.76,540.00,19.8100000000004
2021-01-30 22:10:05,3698.80,547.30,19.850000000000364
2021-01-30 22:15:18,3698.84,469.82,19.890000000000327
2021-01-30 22:20:34,3698.88,457.87,19.93000000000029
2021-01-30 22:25:05,3698.92,489.80,19.970000000000255
2021-01-30 22:30:20,3698.95,429.30,20.0
2021-01-30 22:35:06,3698.98,358.80,20.0300000000002
2021-01-30 22:40:14,3699.01,363.64,20.0600000000004
2021-01-30 22:45:29,3699.04,346.15,20.090000000000146
2021-01-30 22:50:05,3699.07,365.48,20.120000000000346
2021-01-30 22:55:16,3699.10,367.97,20.15000000000009
2021-01-30 23:00:05,3699.13,360.00,20.18000000000029
2021-01-30 23:05:10,3699.17,424.24,20.220000000000255
2021-01-30 23:10:25,3699.20,406.45,20.25
2021-01-30 23:15:05,3699.22,302.52,20.269999999999982
2021-01-30 23:20:12,3699.24,245.32,20.289999999999964
2021-01-30 23:25:28,3699.27,288.92,20.320000000000164
2021-01-30 23:30:05,3699.28,242.83,20.330000000000382
2021-01-30 23:35:07,3699.30,186.21,20.350000000000364
2021-01-30 23:40:23,3699.32,233.01,20.370000000000346
2021-01-30 23:45:05,3699.35,301.00,20.40000000000009
2021-01-30 23:50:10,3699.36,245.32,20.41000000000031
2021-01-30 23:55:25,3699.38,173.91,20.43000000000029
2021-01-31 00:00:04,3699.41,303.03,20.460000000000036
2021-01-31 00:05:14,3699.44,366.10,20.490000000000236
2021-01-31 00:10:30,3699.46,287.08,20.51000000000022
2021-01-31 00:15:05,3699.48,243.24,20.5300000000002
2021-01-31 00:20:17,3699.50,245.32,20.550000000000182
2021-01-31 00:25:10,3699.52,238.02,20.570000000000164
2021-01-31 00:30:10,3699.54,242.83,20.590000000000146
2021-01-31 00:35:26,3699.56,233.77,20.610000000000127
2021-01-31 00:40:07,3699.58,241.21,20.63000000000011
2021-01-31 00:45:13,3699.62,367.97,20.670000000000073
2021-01-31 00:50:08,3699.65,419.30,20.700000000000273
2021-01-31 00:55:06,3699.69,424.24,20.740000000000236
2021-01-31 01:00:22,3699.73,469.06,20.7800000000002
2021-01-31 01:05:04,3699.75,360.60,20.800000000000182
2021-01-31 01:10:09,3699.78,306.64,20.830000000000382
2021-01-31 01:15:25,3699.81,347.83,20.860000000000127
2021-01-31 01:20:07,3699.83,300.50,20.88000000000011
2021-01-31 01:25:06,3699.84,185.89,20.890000000000327
2021-01-31 01:30:20,3699.86,176.18,20.91000000000031
2021-01-31 01:35:06,3699.89,300.00,20.940000000000055
2021-01-31 01:40:06,3699.92,367.97,20.970000000000255
2021-01-31 01:45:22,3699.94,292.21,20.990000000000236
2021-01-31 01:50:06,3699.95,180.00,21.0
2021-01-31 01:55:11,3699.98,244.48,21.0300000000002
2021-01-31 02:00:27,3700.00,289.86,21.050000000000182
2021-01-31 02:05:08,3700.02,241.21,21.070000000000164
2021-01-31 02:10:13,3700.04,245.73,21.090000000000146
2021-01-31 02:15:07,3700.06,240.40,21.110000000000127
2021-01-31 02:20:07,3700.08,242.42,21.13000000000011
2021-01-31 02:25:23,3700.10,233.77,21.15000000000009
2021-01-31 02:30:06,3700.14,360.60,21.190000000000055
2021-01-31 02:35:09,3700.20,613.29,21.25
2021-01-31 02:40:05,3700.23,540.90,21.2800000000002
2021-01-31 02:45:05,3700.27,422.82,21.320000000000164
2021-01-31 02:50:19,3700.31,469.06,21.360000000000127
2021-01-31 02:55:08,3700.35,477.61,21.40000000000009
2021-01-31 03:00:05,3700.38,430.03,21.43000000000029
2021-01-31 03:05:21,3700.41,352.37,21.460000000000036
2021-01-31 03:10:06,3700.45,418.60,21.5
2021-01-31 03:15:05,3700.51,616.44,21.5600000000004
2021-01-31 03:20:16,3700.56,648.12,21.610000000000127
2021-01-31 03:25:07,3700.58,417.91,21.63000000000011
2021-01-31 03:30:04,3700.62,366.72,21.670000000000073
2021-01-31 03:35:19,3700.66,470.59,21.710000000000036
2021-01-31 03:40:08,3700.70,476.82,21.75
2021-01-31 03:45:08,3700.74,488.96,21.789999999999964
2021-01-31 03:50:23,3700.80,584.42,21.850000000000364
2021-01-31 03:55:09,3700.84,599.00,21.890000000000327
2021-01-31 04:00:10,3700.87,429.30,21.920000000000073
2021-01-31 04:05:05,3700.91,422.82,21.960000000000036
2021-01-31 04:10:05,3700.96,543.62,22.01000000000022
2021-01-31 04:15:19,3701.00,526.83,22.050000000000182
2021-01-31 04:20:07,3701.02,358.80,22.070000000000164
2021-01-31 04:25:06,3701.05,306.64,22.100000000000364
2021-01-31 04:30:21,3701.09,409.76,22.140000000000327
2021-01-31 04:35:05,3701.12,420.70,22.170000000000073
2021-01-31 04:40:15,3701.15,363.64,22.200000000000273
2021-01-31 04:45:06,3701.19,419.30,22.240000000000236
2021-01-31 04:50:05,3701.23,487.31,22.2800000000002
2021-01-31 04:55:17,3701.25,352.94,22.300000000000182
2021-01-31 05:00:34,3701.29,343.40,22.340000000000146
2021-01-31 05:05:05,3701.34,551.02,22.390000000000327
2021-01-31 05:10:13,3701.37,497.41,22.420000000000073
2021-01-31 05:15:05,3701.39,300.00,22.440000000000055
2021-01-31 05:20:06,3701.42,303.54,22.470000000000255
2021-01-31 05:25:15,3701.45,353.52,22.5
2021-01-31 05:30:05,3701.47,300.50,22.519999999999982
2021-01-31 05:35:05,3701.49,243.65,22.539999999999964
2021-01-31 05:40:20,3701.53,351.22,22.580000000000382
2021-01-31 05:45:06,3701.56,419.30,22.610000000000127
2021-01-31 05:50:07,3701.61,490.63,22.66000000000031
2021-01-31 05:55:22,3701.64,466.77,22.690000000000055
2021-01-31 06:00:06,3701.67,360.60,22.720000000000255
2021-01-31 06:05:16,3701.71,424.24,22.76000000000022
2021-01-31 06:10:05,3701.75,480.00,22.800000000000182
2021-01-31 06:15:05,3701.78,427.84,22.830000000000382
2021-01-31 06:20:18,3701.83,469.06,22.88000000000011
2021-01-31 06:25:10,3701.86,476.03,22.91000000000031
2021-01-31 06:30:12,3701.89,363.64,22.940000000000055
2021-01-31 06:35:27,3701.93,407.77,22.980000000000018
2021-01-31 06:40:05,3701.97,485.67,23.019999999999982
2021-01-31 06:45:14,3702.01,490.63,23.0600000000004
2021-01-31 06:50:30,3702.05,460.80,23.100000000000364
2021-01-31 06:55:07,3702.08,424.96,23.13000000000011
2021-01-31 07:00:10,3702.12,434.48,23.170000000000073
2021-01-31 07:05:25,3702.15,407.77,23.200000000000273
2021-01-31 07:10:12,3702.19,418.60,23.240000000000236
2021-01-31 07:15:12,3702.22,429.30,23.269999999999982
2021-01-31 07:20:28,3702.26,409.09,23.3100000000004
2021-01-31 07:25:06,3702.29,423.53,23.340000000000146
2021-01-31 07:30:17,3702.33,427.84,23.38000000000011
2021-01-31 07:35:32,3702.36,401.91,23.41000000000031
2021-01-31 07:40:04,3702.42,551.96,23.470000000000255
2021-01-31 07:45:19,3702.47,674.62,23.519999999999982
2021-01-31 07:50:07,3702.50,477.61,23.550000000000182
2021-01-31 07:55:13,3702.52,303.03,23.570000000000164
2021-01-31 08:00:29,3702.57,405.14,23.620000000000346
2021-01-31 08:05:06,3702.60,485.67,23.65000000000009
2021-01-31 08:10:15,3702.70,798.63,23.75
2021-01-31 08:15:07,3702.81,1257.90,23.860000000000127
2021-01-31 08:20:08,3703.04,2060.61,24.090000000000146
2021-01-31 08:25:24,3703.30,2854.37,24.350000000000364
2021-01-31 08:30:07,3703.35,1863.11,24.40000000000009
2021-01-31 08:35:11,3703.46,981.26,24.51000000000022
2021-01-31 08:40:26,3703.53,1045.16,24.580000000000382
2021-01-31 08:45:10,3703.64,1081.80,24.690000000000055
2021-01-31 08:50:06,3703.68,931.03,24.730000000000018
2021-01-31 08:55:22,3703.78,823.53,24.830000000000382
2021-01-31 09:00:08,3703.81,776.12,24.860000000000127
2021-01-31 09:05:09,3703.89,674.62,24.940000000000055
2021-01-31 09:10:24,3703.93,701.30,24.980000000000018
2021-01-31 09:15:05,3703.88,-60.40,24.93000000000029
2021-01-31 09:20:13,3703.82,-672.33,24.870000000000346
2021-01-31 09:25:28,3703.74,-807.69,24.789999999999964
2021-01-31 09:30:04,3703.66,-974.62,24.710000000000036
2021-01-31 09:35:16,3703.55,-1163.27,24.600000000000364
2021-01-31 09:40:09,3703.43,-1368.60,24.480000000000018
2021-01-31 09:45:09,3703.34,-1274.87,24.390000000000327
2021-01-31 09:50:25,3703.28,-876.62,24.330000000000382
2021-01-31 09:55:06,3703.22,-723.62,24.269999999999982
2021-01-31 10:00:11,3703.16,-735.95,24.210000000000036
2021-01-31 10:05:07,3703.11,-658.90,24.16000000000031
2021-01-31 10:10:05,3703.06,-606.06,24.110000000000127
2021-01-31 10:15:21,3702.99,-703.58,24.039999999999964
2021-01-31 10:20:10,3702.88,-1071.07,23.93000000000029
2021-01-31 10:25:07,3702.83,-981.26,23.88000000000011
2021-01-31 10:30:23,3702.68,-1174.55,23.730000000000018
2021-01-31 10:35:06,3702.57,-1560.00,23.620000000000346
2021-01-31 10:40:05,3702.43,-1546.39,23.480000000000018
2021-01-31 10:45:18,3702.34,-1350.73,23.390000000000327
2021-01-31 10:50:05,3702.24,-1140.00,23.289999999999964
2021-01-31 10:55:05,3702.11,-1410.56,23.16000000000031
2021-01-31 11:00:21,3701.98,-1517.02,23.0300000000002
2021-01-31 11:05:05,3701.86,-1500.00,22.91000000000031
2021-01-31 11:10:10,3701.70,-1711.38,22.75
2021-01-31 11:15:08,3701.53,-1970.15,22.580000000000382
2021-01-31 11:20:05,3701.35,-2117.65,22.40000000000009
2021-01-31 11:25:12,3701.16,-2205.30,22.210000000000036
2021-01-31 11:30:06,3700.97,-2276.21,22.019999999999982
2021-01-31 11:35:06,3700.76,-2424.24,21.8100000000004
2021-01-31 11:40:22,3700.55,-2454.55,21.600000000000364
2021-01-31 11:45:09,3700.38,-2268.66,21.43000000000029
2021-01-31 11:50:08,3700.20,-2150.17,21.25
2021-01-31 11:55:10,3700.00,-2276.21,21.050000000000182
2021-01-31 12:00:05,3699.80,-2412.06,20.850000000000364
2021-01-31 12:05:18,3699.62,-2250.00,20.670000000000073
2021-01-31 12:10:07,3699.56,-1435.22,20.610000000000127
2021-01-31 12:15:06,3699.50,-734.69,20.550000000000182
2021-01-31 12:20:20,3699.39,-998.37,20.440000000000055
2021-01-31 12:25:05,3699.24,-1560.00,20.289999999999964
2021-01-31 12:30:06,3699.11,-1720.14,20.16000000000031
2021-01-31 12:35:15,3699.00,-1416.39,20.050000000000182
2021-01-31 12:40:06,3698.92,-1140.00,19.970000000000255
2021-01-31 12:45:06,3698.83,-1035.53,19.88000000000011
2021-01-31 12:50:17,3698.80,-705.88,19.850000000000364
2021-01-31 12:55:07,3698.86,179.70,19.91000000000031
2021-01-31 13:00:06,3698.88,488.14,19.93000000000029
2021-01-31 13:05:22,3698.87,58.54,19.920000000000073
2021-01-31 13:10:08,3698.85,-179.40,19.90000000000009
2021-01-31 13:15:09,3698.78,-551.96,19.830000000000382
2021-01-31 13:20:24,3698.77,-466.77,19.820000000000164
2021-01-31 13:25:04,3698.76,-120.81,19.8100000000004
2021-01-31 13:30:18,3698.69,-484.03,19.740000000000236
2021-01-31 13:35:06,3698.62,-837.21,19.670000000000073
2021-01-31 13:40:05,3698.56,-797.27,19.610000000000127
2021-01-31 13:45:06,3698.51,-658.90,19.5600000000004
2021-01-31 13:50:06,3698.45,-658.90,19.5
2021-01-31 13:55:14,3698.39,-710.53,19.440000000000055
2021-01-31 14:00:05,3698.35,-601.00,19.40000000000009
2021-01-31 14:05:07,3698.32,-424.96,19.370000000000346
2021-01-31 14:10:16,3698.28,-411.76,19.330000000000382
2021-01-31 14:15:13,3698.26,-355.85,19.3100000000004
2021-01-31 14:20:05,3698.24,-244.07,19.289999999999964
2021-01-31 14:25:12,3698.22,-240.40,19.269999999999982
2021-01-31 14:30:10,3698.19,-297.52,19.240000000000236
2021-01-31 14:35:05,3698.19,-182.12,19.240000000000236
2021-01-31 14:40:14,3698.20,59.60,19.25
2021-01-31 14:45:06,3698.19,0.00,19.240000000000236
2021-01-31 14:50:04,3698.37,1035.53,19.420000000000073
2021-01-31 14:55:19,3698.67,2818.92,19.720000000000255
2021-01-31 15:00:05,3698.92,3294.51,19.970000000000255
2021-01-31 15:05:05,3699.17,3066.44,20.220000000000255
2021-01-31 15:10:07,3699.42,2990.03,20.470000000000255
2021-01-31 15:15:05,3699.63,2760.00,20.68000000000029
2021-01-31 15:20:15,3699.88,2723.68,20.93000000000029
2021-01-31 15:25:04,3700.12,2940.00,21.170000000000073
2021-01-31 15:30:05,3700.33,2745.76,21.38000000000011
2021-01-31 15:35:17,3700.57,2642.74,21.620000000000346
2021-01-31 15:40:06,3700.78,2691.03,21.830000000000382
2021-01-31 15:45:11,3701.03,2787.88,22.080000000000382
2021-01-31 15:50:09,3701.28,2985.07,22.330000000000382
2021-01-31 15:55:06,3701.52,2964.71,22.570000000000164
2021-01-31 16:00:13,3701.80,3099.34,22.850000000000364
2021-01-31 16:05:29,3702.09,3293.74,23.140000000000327
2021-01-31 16:10:06,3702.34,3278.25,23.390000000000327
2021-01-31 16:15:08,3702.61,3227.59,23.66000000000031
2021-01-31 16:20:24,3702.91,3315.02,23.960000000000036
2021-01-31 16:25:06,3703.16,3311.04,24.210000000000036
2021-01-31 16:30:11,3703.44,3250.43,24.490000000000236
2021-01-31 16:35:26,3703.73,3304.35,24.7800000000002
2021-01-31 16:40:04,3703.84,2424.24,24.890000000000327
2021-01-31 16:45:15,3704.02,1769.49,25.070000000000164
2021-01-31 16:50:31,3704.43,3387.56,25.480000000000018
2021-01-31 16:55:05,3704.57,3355.93,25.620000000000346
2021-01-31 17:00:18,3704.81,2330.49,25.860000000000127
2021-01-31 17:05:06,3705.01,2635.61,26.0600000000004
2021-01-31 17:10:11,3705.14,2000.00,26.190000000000055
2021-01-31 17:15:27,3705.26,1446.95,26.3100000000004
2021-01-31 17:20:05,3705.37,1393.94,26.420000000000073
2021-01-31 17:25:14,3705.49,1410.56,26.539999999999964
2021-01-31 17:30:06,3705.66,1737.10,26.710000000000036
2021-01-31 17:35:07,3705.82,2000.00,26.870000000000346
2021-01-31 17:40:23,3706.08,2450.57,27.13000000000011
2021-01-31 17:45:05,3706.25,2584.31,27.300000000000182
2021-01-31 17:50:10,3706.30,1349.23,27.350000000000364
2021-01-31 17:55:25,3706.35,579.71,27.40000000000009
2021-01-31 18:00:09,3706.40,601.00,27.450000000000273
2021-01-31 18:05:05,3706.43,496.55,27.480000000000018
2021-01-31 18:10:21,3706.46,352.94,27.51000000000022
2021-01-31 18:15:07,3706.49,358.80,27.539999999999964
2021-01-31 18:20:08,3706.53,429.30,27.580000000000382
2021-01-31 18:25:24,3706.60,641.82,27.65000000000009
2021-01-31 18:30:07,3706.66,781.30,27.710000000000036
2021-01-31 18:35:12,3706.77,1040.82,27.820000000000164
2021-01-31 18:40:28,3706.91,1449.28,27.960000000000036
2021-01-31 18:45:06,3707.02,1515.15,28.070000000000164
2021-01-31 18:50:15,3707.12,1287.90,28.170000000000073
2021-01-31 18:55:08,3707.21,1136.21,28.26000000000022
2021-01-31 19:00:08,3707.29,1032.04,28.340000000000146
2021-01-31 19:05:23,3707.38,993.51,28.43000000000029
2021-01-31 19:10:04,3707.42,783.92,28.470000000000255
2021-01-31 19:15:10,3707.50,734.69,28.550000000000182
2021-01-31 19:20:06,3707.64,1315.61,28.690000000000055
2021-01-31 19:25:06,3707.76,1567.84,28.8100000000004
2021-01-31 19:30:20,3707.84,1172.64,28.890000000000327
2021-01-31 19:35:09,3707.92,955.22,28.970000000000255
2021-01-31 19:40:06,3708.00,981.26,29.050000000000182
2021-01-31 19:45:22,3708.06,822.19,29.110000000000127
2021-01-31 19:50:05,3708.13,781.30,29.18000000000029
2021-01-31 19:55:06,3708.20,863.01,29.25
2021-01-31 20:00:17,3708.25,705.88,29.300000000000182
2021-01-31 20:05:08,3708.30,597.01,29.350000000000364
2021-01-31 20:10:06,3708.35,611.21,29.40000000000009
2021-01-31 20:15:20,3708.40,588.24,29.450000000000273
2021-01-31 20:20:09,3708.43,476.82,29.480000000000018
2021-01-31 20:25:09,3708.48,488.96,29.5300000000002
2021-01-31 20:30:24,3708.52,526.83,29.570000000000164
2021-01-31 20:35:06,3708.58,603.02,29.63000000000011
2021-01-31 20:40:11,3708.63,674.62,29.68000000000029
2021-01-31 20:45:06,3708.69,660.00,29.740000000000236
2021-01-31 20:50:05,3708.73,606.06,29.7800000000002
2021-01-31 20:55:20,3708.77,468.29,29.820000000000164
2021-01-31 21:00:08,3708.82,537.31,29.870000000000346
2021-01-31 21:05:07,3708.87,613.29,29.920000000000073
2021-01-31 21:10:23,3708.90,468.29,29.950000000000273
2021-01-31 21:15:06,3708.92,300.00,29.970000000000255
2021-01-31 21:20:16,3708.95,303.03,30.0
2021-01-31 21:25:06,3708.99,420.00,30.039999999999964
2021-01-31 21:30:06,3709.02,426.40,30.070000000000164
2021-01-31 21:35:19,3709.07,469.82,30.120000000000346
2021-01-31 21:40:34,3709.11,515.10,30.16000000000031
2021-01-31 21:45:05,3709.15,491.47,30.200000000000273
2021-01-31 21:50:14,3709.20,558.62,30.25
2021-01-31 21:55:05,3709.24,540.00,30.289999999999964
2021-01-31 22:00:05,3709.27,426.40,30.320000000000164
2021-01-31 22:05:16,3709.31,411.76,30.360000000000127
2021-01-31 22:10:06,3709.34,419.30,30.390000000000327
2021-01-31 22:15:05,3709.36,305.08,30.41000000000031
2021-01-31 22:20:21,3709.38,234.15,30.43000000000029
2021-01-31 22:25:07,3709.40,239.20,30.450000000000273
2021-01-31 22:30:08,3709.43,306.64,30.480000000000018
2021-01-31 22:35:23,3709.47,408.43,30.519999999999982
2021-01-31 22:40:04,3709.50,422.82,30.550000000000182
2021-01-31 22:45:17,3709.54,424.24,30.590000000000146
2021-01-31 22:50:07,3709.57,417.91,30.620000000000346
2021-01-31 22:55:06,3709.59,305.60,30.640000000000327
2021-01-31 23:00:19,3709.63,352.94,30.68000000000029
2021-01-31 23:05:05,3709.66,420.70,30.710000000000036
2021-01-31 23:10:13,3709.69,363.64,30.740000000000236
2021-01-31 23:15:29,3709.72,346.15,30.769999999999982
2021-01-31 23:20:06,3709.75,364.25,30.800000000000182
2021-01-31 23:25:15,3709.79,430.03,30.840000000000146
2021-01-31 23:30:32,3709.82,402.56,30.870000000000346
2021-01-31 23:35:07,3709.84,304.05,30.890000000000327
2021-01-31 23:40:11,3709.88,373.06,30.93000000000029
2021-01-31 23:45:26,3709.90,348.39,30.950000000000273
2021-01-31 23:50:05,3709.92,242.42,30.970000000000255
2021-01-31 23:55:13,3709.93,183.99,30.980000000000018
