2016-02-20_05:14:22,293.97
2016-02-20_02:03:35,294.30
2016-02-20_02:05:05,294.30
2016-02-20_02:10:04,294.31
2016-02-20_02:15:17,294.33
2016-02-20_02:20:09,294.35
2016-02-20_02:25:14,294.37
2016-02-20_02:30:27,294.38
2016-02-20_02:35:04,294.39
2016-02-20_02:40:13,294.40
2016-02-20_02:45:29,294.42
2016-02-20_02:50:07,294.43
2016-02-20_02:55:09,294.45
2016-02-20_03:00:24,294.47
2016-02-20_03:05:11,294.48
2016-02-20_03:10:11,294.51
2016-02-20_03:15:26,294.53
2016-02-20_03:20:06,294.56
2016-02-20_03:25:16,294.59
2016-02-20_03:30:32,294.62
2016-02-20_03:35:07,294.64
2016-02-20_03:40:18,294.67
2016-02-20_03:45:06,294.69
2016-02-20_03:50:12,294.71
2016-02-20_03:55:27,294.74
2016-02-20_04:00:05,294.78
2016-02-20_04:05:14,294.82
2016-02-20_04:10:06,294.84
2016-02-20_04:15:08,294.86
2016-02-20_04:20:23,294.88
2016-02-20_04:25:06,294.89
2016-02-20_04:30:10,294.91
2016-02-20_04:35:26,294.92
2016-02-20_04:40:11,294.93
2016-02-20_04:45:05,294.96
2016-02-20_04:50:21,294.97
2016-02-20_04:55:08,294.98
2016-02-20_09:45:05,302.06
2016-02-20_09:50:16,302.31
2016-02-20_09:55:32,302.40
2016-02-20_10:00:07,302.56
2016-02-20_10:05:16,302.68
2016-02-20_10:10:32,302.69
2016-02-20_10:15:09,302.68
2016-02-20_10:20:11,302.67
2016-02-20_10:25:27,302.66
2016-02-20_10:32:07,302.56
2016-02-20_10:35:13,302.49
2016-02-20_10:40:29,302.40
2016-02-20_10:45:06,302.09
2016-02-20_10:50:18,301.66
2016-02-20_10:55:33,301.48
2016-02-20_11:00:05,301.08
